2016-11-15 06:41:16,438     INFO  configuration: logging is now fully configured
2016-11-15 06:41:16,438    DEBUG  configuration: setting up output features
2016-11-15 06:41:16,438    DEBUG  configuration:  mgc
2016-11-15 06:41:16,438     INFO  configuration:   in_dimension: 60
2016-11-15 06:41:16,438     INFO  configuration:   out_dimension : 180
2016-11-15 06:41:16,439     INFO  configuration:   in_directory : /home/ashish/Text2Speech/TTSDNNRepo/egs/slt_arctic/s1/experiments/slt_arctic_demo/acoustic_model/data/mgc
2016-11-15 06:41:16,439    DEBUG  configuration:  lf0
2016-11-15 06:41:16,439     INFO  configuration:   in_dimension: 1
2016-11-15 06:41:16,439     INFO  configuration:   out_dimension : 3
2016-11-15 06:41:16,439     INFO  configuration:   in_directory : /home/ashish/Text2Speech/TTSDNNRepo/egs/slt_arctic/s1/experiments/slt_arctic_demo/acoustic_model/data/lf0
2016-11-15 06:41:16,439    DEBUG  configuration:  vuv
2016-11-15 06:41:16,439     INFO  configuration:   in_dimension: 0
2016-11-15 06:41:16,440     INFO  configuration:   out_dimension : 1
2016-11-15 06:41:16,440     INFO  configuration:   in_directory : 
2016-11-15 06:41:16,440    DEBUG  configuration:  bap
2016-11-15 06:41:16,440     INFO  configuration:   in_dimension: 1
2016-11-15 06:41:16,440     INFO  configuration:   out_dimension : 3
2016-11-15 06:41:16,440     INFO  configuration:   in_directory : /home/ashish/Text2Speech/TTSDNNRepo/egs/slt_arctic/s1/experiments/slt_arctic_demo/acoustic_model/data/bap
2016-11-15 06:41:16,441     INFO  configuration: multistream dimensions: [187]
2016-11-15 06:41:16,441     INFO  configuration: use_rprop : 0
2016-11-15 06:41:16,441     INFO  configuration: dropout_rate : 0.0
2016-11-15 06:41:16,441     INFO  configuration: projection_outsize : 10
2016-11-15 06:41:16,441     INFO  configuration: early_stop_epochs : 5
2016-11-15 06:41:16,441     INFO  configuration: warmup_epoch : 10
2016-11-15 06:41:16,441     INFO  configuration: learning_rate : 0.002
2016-11-15 06:41:16,442     INFO  configuration: layers_with_projection_input : [0]
2016-11-15 06:41:16,442     INFO  configuration: batch_size : 256
2016-11-15 06:41:16,442     INFO  configuration: model_type : DNN
2016-11-15 06:41:16,442     INFO  configuration: hidden_layer_size : [512, 512, 512, 512]
2016-11-15 06:41:16,442     INFO  configuration: projection_learning_rate_scaling : 1.0
2016-11-15 06:41:16,442     INFO  configuration: pretraining_epochs : 10
2016-11-15 06:41:16,443     INFO  configuration: initial_projection_distrib : gaussian
2016-11-15 06:41:16,443     INFO  configuration: index_to_project : 0
2016-11-15 06:41:16,443     INFO  configuration: l2_reg : 1e-05
2016-11-15 06:41:16,443     INFO  configuration: warmup_momentum : 0.3
2016-11-15 06:41:16,443     INFO  configuration: training_epochs : 25
2016-11-15 06:41:16,443     INFO  configuration: hidden_activation : tanh
2016-11-15 06:41:16,443     INFO  configuration: hidden_layer_type : ['TANH', 'TANH', 'TANH', 'TANH']
2016-11-15 06:41:16,444     INFO  configuration: sequential_training : False
2016-11-15 06:41:16,444     INFO  configuration: do_pretraining : False
2016-11-15 06:41:16,444     INFO  configuration: projection_insize : 10000
2016-11-15 06:41:16,444     INFO  configuration: l1_reg : 0.0
2016-11-15 06:41:16,444     INFO  configuration: output_activation : linear
2016-11-15 06:41:16,444     INFO  configuration: pretraining_lr : 0.0001
2016-11-15 06:41:16,444     INFO  configuration: momentum : 0.9
2016-11-15 06:41:16,445    DEBUG  configuration: configuration completed
2016-11-15 06:41:16,445     INFO           main: Installation information:
2016-11-15 06:41:16,445     INFO           main:   Merlin directory: /home/ashish/Text2Speech/TTSDNNRepo
2016-11-15 06:41:16,445     INFO           main:   PATH:
2016-11-15 06:41:16,445     INFO           main:       /home/ashish/.rbenv/plugins/ruby-build/bin
2016-11-15 06:41:16,445     INFO           main:       /home/ashish/.rbenv/shims
2016-11-15 06:41:16,446     INFO           main:       /home/ashish/.rbenv/bin
2016-11-15 06:41:16,446     INFO           main:       /usr/local/sbin
2016-11-15 06:41:16,446     INFO           main:       /usr/local/bin
2016-11-15 06:41:16,446     INFO           main:       /usr/sbin
2016-11-15 06:41:16,446     INFO           main:       /usr/bin
2016-11-15 06:41:16,446     INFO           main:       /sbin
2016-11-15 06:41:16,447     INFO           main:       /bin
2016-11-15 06:41:16,447     INFO           main:       /usr/games
2016-11-15 06:41:16,447     INFO           main:       /usr/local/games
2016-11-15 06:41:16,447     INFO           main:       /opt/android-sdk/tools
2016-11-15 06:41:16,447     INFO           main:       /opt/android-sdk/platform-tools
2016-11-15 06:41:16,447     INFO           main:       /opt/node/bin
2016-11-15 06:41:16,447     INFO           main:       /opt/gradle/bin
2016-11-15 06:41:16,448     INFO           main:   LD_LIBRARY_PATH:
2016-11-15 06:41:16,448     INFO           main:   Python version: 2.7.6 (default, Jun 22 2015, 17:58:13) [GCC 4.8.2]
2016-11-15 06:41:16,448     INFO           main:     PYTHONPATH:
2016-11-15 06:41:16,448     INFO           main:   Numpy version: 1.8.2
2016-11-15 06:41:16,448     INFO           main:   Theano version: 0.8.1
2016-11-15 06:41:16,448     INFO           main:     THEANO_FLAGS: cuda.root=/opt/6.5.19,floatX=float32,on_unused_input=ignore
2016-11-15 06:41:16,448     INFO           main:     device: cpu
2016-11-15 06:41:16,472     INFO           main:   Git is available in the working directory:
2016-11-15 06:41:16,481     INFO           main:     Merlin version: 43f4daa
2016-11-15 06:41:16,488     INFO           main:     branch: local
2016-11-15 06:41:16,500     INFO           main:     diff to Merlin version:
2016-11-15 06:41:16,500     INFO           main:       M egs/slt_arctic/s1/mylog.txt
2016-11-15 06:41:16,500     INFO           main:       M egs/slt_arctic/s1/run_demo.sh
2016-11-15 06:41:16,501     INFO           main:       M egs/slt_arctic/s1/scripts/setup.sh
2016-11-15 06:41:16,501     INFO           main:       M misc/scripts/vocoder/world/extract_features_for_merlin.sh
2016-11-15 06:41:16,501     INFO           main:       M src/run_merlin.py
2016-11-15 06:41:16,501     INFO           main:       (all diffs logged in DNN_TANH_TANH_TANH_TANH_LINEAR__mgc_lf0_vuv_bap_50_259_4_512_0.002000_06_41AM_November_15_2016.log.gitdiff)
2016-11-15 06:41:16,534     INFO           main: Execution information:
2016-11-15 06:41:16,535     INFO           main:   HOSTNAME: ashish-HP
2016-11-15 06:41:16,536     INFO           main:   USER: ashish
2016-11-15 06:41:16,536     INFO           main:   PID: 15661
2016-11-15 06:41:16,545    DEBUG           main: Loaded file id list from /home/ashish/Text2Speech/TTSDNNRepo/egs/slt_arctic/s1/experiments/slt_arctic_demo/acoustic_model/data/file_id_list_demo.scp
2016-11-15 06:41:16,581    DEBUG         labels: HTS-derived input feature dimension is 416 + 9 = 425
2016-11-15 06:41:16,581     INFO           main: Input label dimension is 425
2016-11-15 06:41:16,582    DEBUG           main: Loaded file id list from /home/ashish/Text2Speech/TTSDNNRepo/egs/slt_arctic/s1/experiments/slt_arctic_demo/test_synthesis/test_id_list.scp
2016-11-15 06:41:16,582     INFO           main: preparing label data (input) using standard HTS style labels
2016-11-15 06:41:16,582     INFO         labels: loaded /home/ashish/Text2Speech/TTSDNNRepo/egs/slt_arctic/s1/experiments/slt_arctic_demo/test_synthesis/gen-lab/arctic_a0001.lab, 185 labels
2016-11-15 06:41:16,635    DEBUG         labels: made label matrix of 688 frames x 425 labels
2016-11-15 06:41:16,646     INFO         labels: loaded /home/ashish/Text2Speech/TTSDNNRepo/egs/slt_arctic/s1/experiments/slt_arctic_demo/test_synthesis/gen-lab/arctic_a0002.lab, 210 labels
2016-11-15 06:41:16,699    DEBUG         labels: made label matrix of 736 frames x 425 labels
2016-11-15 06:41:16,710     INFO         labels: loaded /home/ashish/Text2Speech/TTSDNNRepo/egs/slt_arctic/s1/experiments/slt_arctic_demo/test_synthesis/gen-lab/arctic_a0003.lab, 205 labels
2016-11-15 06:41:16,759    DEBUG         labels: made label matrix of 596 frames x 425 labels
2016-11-15 06:41:16,763     INFO         labels: loaded /home/ashish/Text2Speech/TTSDNNRepo/egs/slt_arctic/s1/experiments/slt_arctic_demo/test_synthesis/gen-lab/arctic_a0004.lab, 140 labels
2016-11-15 06:41:16,796    DEBUG         labels: made label matrix of 470 frames x 425 labels
2016-11-15 06:41:16,797     INFO         labels: loaded /home/ashish/Text2Speech/TTSDNNRepo/egs/slt_arctic/s1/experiments/slt_arctic_demo/test_synthesis/gen-lab/arctic_a0005.lab,  85 labels
2016-11-15 06:41:16,817    DEBUG         labels: made label matrix of 301 frames x 425 labels
2016-11-15 06:41:16,835     INFO         labels: loaded /home/ashish/Text2Speech/TTSDNNRepo/egs/slt_arctic/s1/experiments/slt_arctic_demo/test_synthesis/gen-lab/arctic_a0056.lab, 165 labels
2016-11-15 06:41:16,901    DEBUG         labels: made label matrix of 560 frames x 425 labels
2016-11-15 06:41:16,918     INFO         labels: loaded /home/ashish/Text2Speech/TTSDNNRepo/egs/slt_arctic/s1/experiments/slt_arctic_demo/test_synthesis/gen-lab/arctic_a0057.lab, 115 labels
2016-11-15 06:41:16,953    DEBUG         labels: made label matrix of 473 frames x 425 labels
2016-11-15 06:41:16,954     INFO         labels: loaded /home/ashish/Text2Speech/TTSDNNRepo/egs/slt_arctic/s1/experiments/slt_arctic_demo/test_synthesis/gen-lab/arctic_a0058.lab, 235 labels
2016-11-15 06:41:17,013    DEBUG         labels: made label matrix of 746 frames x 425 labels
2016-11-15 06:41:17,016     INFO         labels: loaded /home/ashish/Text2Speech/TTSDNNRepo/egs/slt_arctic/s1/experiments/slt_arctic_demo/test_synthesis/gen-lab/arctic_a0059.lab, 140 labels
2016-11-15 06:41:17,049    DEBUG         labels: made label matrix of 472 frames x 425 labels
2016-11-15 06:41:17,050     INFO         labels: loaded /home/ashish/Text2Speech/TTSDNNRepo/egs/slt_arctic/s1/experiments/slt_arctic_demo/test_synthesis/gen-lab/arctic_a0060.lab, 110 labels
2016-11-15 06:41:17,076    DEBUG         labels: made label matrix of 405 frames x 425 labels
2016-11-15 06:41:17,286    DEBUG  acoustic_norm: MinMaxNormalisation created for feature dimension of 425
2016-11-15 06:41:17,325     INFO  acoustic_norm: Loaded min max values from the trained data for feature dimension of 425
2016-11-15 06:41:17,680    DEBUG         labels: HTS-derived input feature dimension is 416 + 9 = 425
2016-11-15 06:41:17,681     INFO           main: label dimension is 425
2016-11-15 06:41:17,681     INFO           main: generating from DNN
2016-11-15 06:41:17,681    DEBUG dnn_generation: Starting dnn_generation
2016-11-15 06:41:18,665     INFO dnn_generation: generating    1 of   10: /home/ashish/Text2Speech/TTSDNNRepo/egs/slt_arctic/s1/experiments/slt_arctic_demo/acoustic_model/data/nn_no_silence_lab_norm_425/arctic_a0001.lab
2016-11-15 06:41:19,720    DEBUG dnn_generation: saved to /home/ashish/Text2Speech/TTSDNNRepo/egs/slt_arctic/s1/experiments/slt_arctic_demo/test_synthesis/wav/arctic_a0001.cmp
2016-11-15 06:41:19,720     INFO dnn_generation: generating    2 of   10: /home/ashish/Text2Speech/TTSDNNRepo/egs/slt_arctic/s1/experiments/slt_arctic_demo/acoustic_model/data/nn_no_silence_lab_norm_425/arctic_a0002.lab
2016-11-15 06:41:20,588    DEBUG dnn_generation: saved to /home/ashish/Text2Speech/TTSDNNRepo/egs/slt_arctic/s1/experiments/slt_arctic_demo/test_synthesis/wav/arctic_a0002.cmp
2016-11-15 06:41:20,589     INFO dnn_generation: generating    3 of   10: /home/ashish/Text2Speech/TTSDNNRepo/egs/slt_arctic/s1/experiments/slt_arctic_demo/acoustic_model/data/nn_no_silence_lab_norm_425/arctic_a0003.lab
2016-11-15 06:41:21,293    DEBUG dnn_generation: saved to /home/ashish/Text2Speech/TTSDNNRepo/egs/slt_arctic/s1/experiments/slt_arctic_demo/test_synthesis/wav/arctic_a0003.cmp
2016-11-15 06:41:21,293     INFO dnn_generation: generating    4 of   10: /home/ashish/Text2Speech/TTSDNNRepo/egs/slt_arctic/s1/experiments/slt_arctic_demo/acoustic_model/data/nn_no_silence_lab_norm_425/arctic_a0004.lab
2016-11-15 06:41:21,871    DEBUG dnn_generation: saved to /home/ashish/Text2Speech/TTSDNNRepo/egs/slt_arctic/s1/experiments/slt_arctic_demo/test_synthesis/wav/arctic_a0004.cmp
2016-11-15 06:41:21,871     INFO dnn_generation: generating    5 of   10: /home/ashish/Text2Speech/TTSDNNRepo/egs/slt_arctic/s1/experiments/slt_arctic_demo/acoustic_model/data/nn_no_silence_lab_norm_425/arctic_a0005.lab
2016-11-15 06:41:22,261    DEBUG dnn_generation: saved to /home/ashish/Text2Speech/TTSDNNRepo/egs/slt_arctic/s1/experiments/slt_arctic_demo/test_synthesis/wav/arctic_a0005.cmp
2016-11-15 06:41:22,261     INFO dnn_generation: generating    6 of   10: /home/ashish/Text2Speech/TTSDNNRepo/egs/slt_arctic/s1/experiments/slt_arctic_demo/acoustic_model/data/nn_no_silence_lab_norm_425/arctic_a0056.lab
2016-11-15 06:41:22,930    DEBUG dnn_generation: saved to /home/ashish/Text2Speech/TTSDNNRepo/egs/slt_arctic/s1/experiments/slt_arctic_demo/test_synthesis/wav/arctic_a0056.cmp
2016-11-15 06:41:22,951     INFO dnn_generation: generating    7 of   10: /home/ashish/Text2Speech/TTSDNNRepo/egs/slt_arctic/s1/experiments/slt_arctic_demo/acoustic_model/data/nn_no_silence_lab_norm_425/arctic_a0057.lab
2016-11-15 06:41:23,562    DEBUG dnn_generation: saved to /home/ashish/Text2Speech/TTSDNNRepo/egs/slt_arctic/s1/experiments/slt_arctic_demo/test_synthesis/wav/arctic_a0057.cmp
2016-11-15 06:41:23,563     INFO dnn_generation: generating    8 of   10: /home/ashish/Text2Speech/TTSDNNRepo/egs/slt_arctic/s1/experiments/slt_arctic_demo/acoustic_model/data/nn_no_silence_lab_norm_425/arctic_a0058.lab
2016-11-15 06:41:24,430    DEBUG dnn_generation: saved to /home/ashish/Text2Speech/TTSDNNRepo/egs/slt_arctic/s1/experiments/slt_arctic_demo/test_synthesis/wav/arctic_a0058.cmp
2016-11-15 06:41:24,430     INFO dnn_generation: generating    9 of   10: /home/ashish/Text2Speech/TTSDNNRepo/egs/slt_arctic/s1/experiments/slt_arctic_demo/acoustic_model/data/nn_no_silence_lab_norm_425/arctic_a0059.lab
2016-11-15 06:41:25,001    DEBUG dnn_generation: saved to /home/ashish/Text2Speech/TTSDNNRepo/egs/slt_arctic/s1/experiments/slt_arctic_demo/test_synthesis/wav/arctic_a0059.cmp
2016-11-15 06:41:25,001     INFO dnn_generation: generating   10 of   10: /home/ashish/Text2Speech/TTSDNNRepo/egs/slt_arctic/s1/experiments/slt_arctic_demo/acoustic_model/data/nn_no_silence_lab_norm_425/arctic_a0060.lab
2016-11-15 06:41:25,501    DEBUG dnn_generation: saved to /home/ashish/Text2Speech/TTSDNNRepo/egs/slt_arctic/s1/experiments/slt_arctic_demo/test_synthesis/wav/arctic_a0060.cmp
2016-11-15 06:41:25,502    DEBUG           main: denormalising generated output using method MVN
2016-11-15 06:41:25,512    DEBUGparam_generation: acoustic_decomposition for 10 files
2016-11-15 06:41:25,512     INFOparam_generation: processing    1 of   10: /home/ashish/Text2Speech/TTSDNNRepo/egs/slt_arctic/s1/experiments/slt_arctic_demo/test_synthesis/wav/arctic_a0001.cmp
2016-11-15 06:41:25,513    DEBUGparam_generation:  feature: mgc
2016-11-15 06:41:25,514    DEBUGparam_generation: starting MLParameterGeneration.generation
2016-11-15 06:41:25,529    DEBUGparam_generation:  feature dimensions: 688 by 60
2016-11-15 06:41:25,532    DEBUGparam_generation:  wrote to file /home/ashish/Text2Speech/TTSDNNRepo/egs/slt_arctic/s1/experiments/slt_arctic_demo/test_synthesis/wav/arctic_a0001.mgc
2016-11-15 06:41:25,532    DEBUGparam_generation:  feature: lf0
2016-11-15 06:41:25,532    DEBUGparam_generation: starting MLParameterGeneration.generation
2016-11-15 06:41:25,533    DEBUGparam_generation:  feature dimensions: 688 by 1
2016-11-15 06:41:25,538    DEBUGparam_generation:  wrote to file /home/ashish/Text2Speech/TTSDNNRepo/egs/slt_arctic/s1/experiments/slt_arctic_demo/test_synthesis/wav/arctic_a0001.lf0
2016-11-15 06:41:25,538    DEBUGparam_generation:  feature: bap
2016-11-15 06:41:25,538    DEBUGparam_generation: starting MLParameterGeneration.generation
2016-11-15 06:41:25,539    DEBUGparam_generation:  feature dimensions: 688 by 1
2016-11-15 06:41:25,541    DEBUGparam_generation:  wrote to file /home/ashish/Text2Speech/TTSDNNRepo/egs/slt_arctic/s1/experiments/slt_arctic_demo/test_synthesis/wav/arctic_a0001.bap
2016-11-15 06:41:25,542     INFOparam_generation: processing    2 of   10: /home/ashish/Text2Speech/TTSDNNRepo/egs/slt_arctic/s1/experiments/slt_arctic_demo/test_synthesis/wav/arctic_a0002.cmp
2016-11-15 06:41:25,542    DEBUGparam_generation:  feature: mgc
2016-11-15 06:41:25,543    DEBUGparam_generation: starting MLParameterGeneration.generation
2016-11-15 06:41:25,558    DEBUGparam_generation:  feature dimensions: 736 by 60
2016-11-15 06:41:25,561    DEBUGparam_generation:  wrote to file /home/ashish/Text2Speech/TTSDNNRepo/egs/slt_arctic/s1/experiments/slt_arctic_demo/test_synthesis/wav/arctic_a0002.mgc
2016-11-15 06:41:25,561    DEBUGparam_generation:  feature: lf0
2016-11-15 06:41:25,562    DEBUGparam_generation: starting MLParameterGeneration.generation
2016-11-15 06:41:25,562    DEBUGparam_generation:  feature dimensions: 736 by 1
2016-11-15 06:41:25,568    DEBUGparam_generation:  wrote to file /home/ashish/Text2Speech/TTSDNNRepo/egs/slt_arctic/s1/experiments/slt_arctic_demo/test_synthesis/wav/arctic_a0002.lf0
2016-11-15 06:41:25,568    DEBUGparam_generation:  feature: bap
2016-11-15 06:41:25,569    DEBUGparam_generation: starting MLParameterGeneration.generation
2016-11-15 06:41:25,569    DEBUGparam_generation:  feature dimensions: 736 by 1
2016-11-15 06:41:25,572    DEBUGparam_generation:  wrote to file /home/ashish/Text2Speech/TTSDNNRepo/egs/slt_arctic/s1/experiments/slt_arctic_demo/test_synthesis/wav/arctic_a0002.bap
2016-11-15 06:41:25,572     INFOparam_generation: processing    3 of   10: /home/ashish/Text2Speech/TTSDNNRepo/egs/slt_arctic/s1/experiments/slt_arctic_demo/test_synthesis/wav/arctic_a0003.cmp
2016-11-15 06:41:25,572    DEBUGparam_generation:  feature: mgc
2016-11-15 06:41:25,573    DEBUGparam_generation: starting MLParameterGeneration.generation
2016-11-15 06:41:25,587    DEBUGparam_generation:  feature dimensions: 596 by 60
2016-11-15 06:41:25,590    DEBUGparam_generation:  wrote to file /home/ashish/Text2Speech/TTSDNNRepo/egs/slt_arctic/s1/experiments/slt_arctic_demo/test_synthesis/wav/arctic_a0003.mgc
2016-11-15 06:41:25,590    DEBUGparam_generation:  feature: lf0
2016-11-15 06:41:25,590    DEBUGparam_generation: starting MLParameterGeneration.generation
2016-11-15 06:41:25,591    DEBUGparam_generation:  feature dimensions: 596 by 1
2016-11-15 06:41:25,596    DEBUGparam_generation:  wrote to file /home/ashish/Text2Speech/TTSDNNRepo/egs/slt_arctic/s1/experiments/slt_arctic_demo/test_synthesis/wav/arctic_a0003.lf0
2016-11-15 06:41:25,596    DEBUGparam_generation:  feature: bap
2016-11-15 06:41:25,596    DEBUGparam_generation: starting MLParameterGeneration.generation
2016-11-15 06:41:25,597    DEBUGparam_generation:  feature dimensions: 596 by 1
2016-11-15 06:41:25,599    DEBUGparam_generation:  wrote to file /home/ashish/Text2Speech/TTSDNNRepo/egs/slt_arctic/s1/experiments/slt_arctic_demo/test_synthesis/wav/arctic_a0003.bap
2016-11-15 06:41:25,600     INFOparam_generation: processing    4 of   10: /home/ashish/Text2Speech/TTSDNNRepo/egs/slt_arctic/s1/experiments/slt_arctic_demo/test_synthesis/wav/arctic_a0004.cmp
2016-11-15 06:41:25,600    DEBUGparam_generation:  feature: mgc
2016-11-15 06:41:25,600    DEBUGparam_generation: starting MLParameterGeneration.generation
2016-11-15 06:41:25,614    DEBUGparam_generation:  feature dimensions: 470 by 60
2016-11-15 06:41:25,616    DEBUGparam_generation:  wrote to file /home/ashish/Text2Speech/TTSDNNRepo/egs/slt_arctic/s1/experiments/slt_arctic_demo/test_synthesis/wav/arctic_a0004.mgc
2016-11-15 06:41:25,617    DEBUGparam_generation:  feature: lf0
2016-11-15 06:41:25,617    DEBUGparam_generation: starting MLParameterGeneration.generation
2016-11-15 06:41:25,617    DEBUGparam_generation:  feature dimensions: 470 by 1
2016-11-15 06:41:25,622    DEBUGparam_generation:  wrote to file /home/ashish/Text2Speech/TTSDNNRepo/egs/slt_arctic/s1/experiments/slt_arctic_demo/test_synthesis/wav/arctic_a0004.lf0
2016-11-15 06:41:25,622    DEBUGparam_generation:  feature: bap
2016-11-15 06:41:25,622    DEBUGparam_generation: starting MLParameterGeneration.generation
2016-11-15 06:41:25,623    DEBUGparam_generation:  feature dimensions: 470 by 1
2016-11-15 06:41:25,625    DEBUGparam_generation:  wrote to file /home/ashish/Text2Speech/TTSDNNRepo/egs/slt_arctic/s1/experiments/slt_arctic_demo/test_synthesis/wav/arctic_a0004.bap
2016-11-15 06:41:25,625     INFOparam_generation: processing    5 of   10: /home/ashish/Text2Speech/TTSDNNRepo/egs/slt_arctic/s1/experiments/slt_arctic_demo/test_synthesis/wav/arctic_a0005.cmp
2016-11-15 06:41:25,625    DEBUGparam_generation:  feature: mgc
2016-11-15 06:41:25,626    DEBUGparam_generation: starting MLParameterGeneration.generation
2016-11-15 06:41:25,637    DEBUGparam_generation:  feature dimensions: 301 by 60
2016-11-15 06:41:25,638    DEBUGparam_generation:  wrote to file /home/ashish/Text2Speech/TTSDNNRepo/egs/slt_arctic/s1/experiments/slt_arctic_demo/test_synthesis/wav/arctic_a0005.mgc
2016-11-15 06:41:25,639    DEBUGparam_generation:  feature: lf0
2016-11-15 06:41:25,639    DEBUGparam_generation: starting MLParameterGeneration.generation
2016-11-15 06:41:25,639    DEBUGparam_generation:  feature dimensions: 301 by 1
2016-11-15 06:41:25,642    DEBUGparam_generation:  wrote to file /home/ashish/Text2Speech/TTSDNNRepo/egs/slt_arctic/s1/experiments/slt_arctic_demo/test_synthesis/wav/arctic_a0005.lf0
2016-11-15 06:41:25,642    DEBUGparam_generation:  feature: bap
2016-11-15 06:41:25,642    DEBUGparam_generation: starting MLParameterGeneration.generation
2016-11-15 06:41:25,643    DEBUGparam_generation:  feature dimensions: 301 by 1
2016-11-15 06:41:25,644    DEBUGparam_generation:  wrote to file /home/ashish/Text2Speech/TTSDNNRepo/egs/slt_arctic/s1/experiments/slt_arctic_demo/test_synthesis/wav/arctic_a0005.bap
2016-11-15 06:41:25,644     INFOparam_generation: processing    6 of   10: /home/ashish/Text2Speech/TTSDNNRepo/egs/slt_arctic/s1/experiments/slt_arctic_demo/test_synthesis/wav/arctic_a0056.cmp
2016-11-15 06:41:25,644    DEBUGparam_generation:  feature: mgc
2016-11-15 06:41:25,645    DEBUGparam_generation: starting MLParameterGeneration.generation
2016-11-15 06:41:25,659    DEBUGparam_generation:  feature dimensions: 560 by 60
2016-11-15 06:41:25,661    DEBUGparam_generation:  wrote to file /home/ashish/Text2Speech/TTSDNNRepo/egs/slt_arctic/s1/experiments/slt_arctic_demo/test_synthesis/wav/arctic_a0056.mgc
2016-11-15 06:41:25,661    DEBUGparam_generation:  feature: lf0
2016-11-15 06:41:25,661    DEBUGparam_generation: starting MLParameterGeneration.generation
2016-11-15 06:41:25,662    DEBUGparam_generation:  feature dimensions: 560 by 1
2016-11-15 06:41:25,667    DEBUGparam_generation:  wrote to file /home/ashish/Text2Speech/TTSDNNRepo/egs/slt_arctic/s1/experiments/slt_arctic_demo/test_synthesis/wav/arctic_a0056.lf0
2016-11-15 06:41:25,667    DEBUGparam_generation:  feature: bap
2016-11-15 06:41:25,667    DEBUGparam_generation: starting MLParameterGeneration.generation
2016-11-15 06:41:25,668    DEBUGparam_generation:  feature dimensions: 560 by 1
2016-11-15 06:41:25,670    DEBUGparam_generation:  wrote to file /home/ashish/Text2Speech/TTSDNNRepo/egs/slt_arctic/s1/experiments/slt_arctic_demo/test_synthesis/wav/arctic_a0056.bap
2016-11-15 06:41:25,670     INFOparam_generation: processing    7 of   10: /home/ashish/Text2Speech/TTSDNNRepo/egs/slt_arctic/s1/experiments/slt_arctic_demo/test_synthesis/wav/arctic_a0057.cmp
2016-11-15 06:41:25,670    DEBUGparam_generation:  feature: mgc
2016-11-15 06:41:25,671    DEBUGparam_generation: starting MLParameterGeneration.generation
2016-11-15 06:41:25,684    DEBUGparam_generation:  feature dimensions: 473 by 60
2016-11-15 06:41:25,685    DEBUGparam_generation:  wrote to file /home/ashish/Text2Speech/TTSDNNRepo/egs/slt_arctic/s1/experiments/slt_arctic_demo/test_synthesis/wav/arctic_a0057.mgc
2016-11-15 06:41:25,685    DEBUGparam_generation:  feature: lf0
2016-11-15 06:41:25,686    DEBUGparam_generation: starting MLParameterGeneration.generation
2016-11-15 06:41:25,686    DEBUGparam_generation:  feature dimensions: 473 by 1
2016-11-15 06:41:25,690    DEBUGparam_generation:  wrote to file /home/ashish/Text2Speech/TTSDNNRepo/egs/slt_arctic/s1/experiments/slt_arctic_demo/test_synthesis/wav/arctic_a0057.lf0
2016-11-15 06:41:25,690    DEBUGparam_generation:  feature: bap
2016-11-15 06:41:25,690    DEBUGparam_generation: starting MLParameterGeneration.generation
2016-11-15 06:41:25,691    DEBUGparam_generation:  feature dimensions: 473 by 1
2016-11-15 06:41:25,692    DEBUGparam_generation:  wrote to file /home/ashish/Text2Speech/TTSDNNRepo/egs/slt_arctic/s1/experiments/slt_arctic_demo/test_synthesis/wav/arctic_a0057.bap
2016-11-15 06:41:25,693     INFOparam_generation: processing    8 of   10: /home/ashish/Text2Speech/TTSDNNRepo/egs/slt_arctic/s1/experiments/slt_arctic_demo/test_synthesis/wav/arctic_a0058.cmp
2016-11-15 06:41:25,693    DEBUGparam_generation:  feature: mgc
2016-11-15 06:41:25,694    DEBUGparam_generation: starting MLParameterGeneration.generation
2016-11-15 06:41:25,710    DEBUGparam_generation:  feature dimensions: 746 by 60
2016-11-15 06:41:25,713    DEBUGparam_generation:  wrote to file /home/ashish/Text2Speech/TTSDNNRepo/egs/slt_arctic/s1/experiments/slt_arctic_demo/test_synthesis/wav/arctic_a0058.mgc
2016-11-15 06:41:25,713    DEBUGparam_generation:  feature: lf0
2016-11-15 06:41:25,713    DEBUGparam_generation: starting MLParameterGeneration.generation
2016-11-15 06:41:25,714    DEBUGparam_generation:  feature dimensions: 746 by 1
2016-11-15 06:41:25,721    DEBUGparam_generation:  wrote to file /home/ashish/Text2Speech/TTSDNNRepo/egs/slt_arctic/s1/experiments/slt_arctic_demo/test_synthesis/wav/arctic_a0058.lf0
2016-11-15 06:41:25,721    DEBUGparam_generation:  feature: bap
2016-11-15 06:41:25,721    DEBUGparam_generation: starting MLParameterGeneration.generation
2016-11-15 06:41:25,722    DEBUGparam_generation:  feature dimensions: 746 by 1
2016-11-15 06:41:25,725    DEBUGparam_generation:  wrote to file /home/ashish/Text2Speech/TTSDNNRepo/egs/slt_arctic/s1/experiments/slt_arctic_demo/test_synthesis/wav/arctic_a0058.bap
2016-11-15 06:41:25,725     INFOparam_generation: processing    9 of   10: /home/ashish/Text2Speech/TTSDNNRepo/egs/slt_arctic/s1/experiments/slt_arctic_demo/test_synthesis/wav/arctic_a0059.cmp
2016-11-15 06:41:25,725    DEBUGparam_generation:  feature: mgc
2016-11-15 06:41:25,726    DEBUGparam_generation: starting MLParameterGeneration.generation
2016-11-15 06:41:25,739    DEBUGparam_generation:  feature dimensions: 472 by 60
2016-11-15 06:41:25,741    DEBUGparam_generation:  wrote to file /home/ashish/Text2Speech/TTSDNNRepo/egs/slt_arctic/s1/experiments/slt_arctic_demo/test_synthesis/wav/arctic_a0059.mgc
2016-11-15 06:41:25,741    DEBUGparam_generation:  feature: lf0
2016-11-15 06:41:25,741    DEBUGparam_generation: starting MLParameterGeneration.generation
2016-11-15 06:41:25,742    DEBUGparam_generation:  feature dimensions: 472 by 1
2016-11-15 06:41:25,746    DEBUGparam_generation:  wrote to file /home/ashish/Text2Speech/TTSDNNRepo/egs/slt_arctic/s1/experiments/slt_arctic_demo/test_synthesis/wav/arctic_a0059.lf0
2016-11-15 06:41:25,746    DEBUGparam_generation:  feature: bap
2016-11-15 06:41:25,746    DEBUGparam_generation: starting MLParameterGeneration.generation
2016-11-15 06:41:25,747    DEBUGparam_generation:  feature dimensions: 472 by 1
2016-11-15 06:41:25,748    DEBUGparam_generation:  wrote to file /home/ashish/Text2Speech/TTSDNNRepo/egs/slt_arctic/s1/experiments/slt_arctic_demo/test_synthesis/wav/arctic_a0059.bap
2016-11-15 06:41:25,749     INFOparam_generation: processing   10 of   10: /home/ashish/Text2Speech/TTSDNNRepo/egs/slt_arctic/s1/experiments/slt_arctic_demo/test_synthesis/wav/arctic_a0060.cmp
2016-11-15 06:41:25,749    DEBUGparam_generation:  feature: mgc
2016-11-15 06:41:25,749    DEBUGparam_generation: starting MLParameterGeneration.generation
2016-11-15 06:41:25,762    DEBUGparam_generation:  feature dimensions: 405 by 60
2016-11-15 06:41:25,763    DEBUGparam_generation:  wrote to file /home/ashish/Text2Speech/TTSDNNRepo/egs/slt_arctic/s1/experiments/slt_arctic_demo/test_synthesis/wav/arctic_a0060.mgc
2016-11-15 06:41:25,763    DEBUGparam_generation:  feature: lf0
2016-11-15 06:41:25,764    DEBUGparam_generation: starting MLParameterGeneration.generation
2016-11-15 06:41:25,764    DEBUGparam_generation:  feature dimensions: 405 by 1
2016-11-15 06:41:25,768    DEBUGparam_generation:  wrote to file /home/ashish/Text2Speech/TTSDNNRepo/egs/slt_arctic/s1/experiments/slt_arctic_demo/test_synthesis/wav/arctic_a0060.lf0
2016-11-15 06:41:25,768    DEBUGparam_generation:  feature: bap
2016-11-15 06:41:25,768    DEBUGparam_generation: starting MLParameterGeneration.generation
2016-11-15 06:41:25,768    DEBUGparam_generation:  feature dimensions: 405 by 1
2016-11-15 06:41:25,770    DEBUGparam_generation:  wrote to file /home/ashish/Text2Speech/TTSDNNRepo/egs/slt_arctic/s1/experiments/slt_arctic_demo/test_synthesis/wav/arctic_a0060.bap
2016-11-15 06:41:25,770     INFO           main: reconstructing waveform(s)
2016-11-15 06:41:25,770     INFO wav_generation: creating waveform for    1 of   10: arctic_a0001
2016-11-15 06:41:27,256     INFO wav_generation: creating waveform for    2 of   10: arctic_a0002
2016-11-15 06:41:28,856     INFO wav_generation: creating waveform for    3 of   10: arctic_a0003
2016-11-15 06:41:30,168     INFO wav_generation: creating waveform for    4 of   10: arctic_a0004
2016-11-15 06:41:31,212     INFO wav_generation: creating waveform for    5 of   10: arctic_a0005
2016-11-15 06:41:31,912     INFO wav_generation: creating waveform for    6 of   10: arctic_a0056
2016-11-15 06:41:33,158     INFO wav_generation: creating waveform for    7 of   10: arctic_a0057
2016-11-15 06:41:34,168     INFO wav_generation: creating waveform for    8 of   10: arctic_a0058
2016-11-15 06:41:35,760     INFO wav_generation: creating waveform for    9 of   10: arctic_a0059
2016-11-15 06:41:36,848     INFO wav_generation: creating waveform for   10 of   10: arctic_a0060
