2016-11-14 19:07:28,322     INFO  configuration: logging is now fully configured
2016-11-14 19:07:28,322    DEBUG  configuration: setting up output features
2016-11-14 19:07:28,322    DEBUG  configuration:  mgc
2016-11-14 19:07:28,322     INFO  configuration:   in_dimension: 60
2016-11-14 19:07:28,323     INFO  configuration:   out_dimension : 180
2016-11-14 19:07:28,323     INFO  configuration:   in_directory : /home/ashish/Text2Speech/TTSDNNRepo/egs/slt_arctic/s1/experiments/slt_arctic_demo/acoustic_model/data/mgc
2016-11-14 19:07:28,323    DEBUG  configuration:  lf0
2016-11-14 19:07:28,323     INFO  configuration:   in_dimension: 1
2016-11-14 19:07:28,323     INFO  configuration:   out_dimension : 3
2016-11-14 19:07:28,323     INFO  configuration:   in_directory : /home/ashish/Text2Speech/TTSDNNRepo/egs/slt_arctic/s1/experiments/slt_arctic_demo/acoustic_model/data/lf0
2016-11-14 19:07:28,323    DEBUG  configuration:  vuv
2016-11-14 19:07:28,323     INFO  configuration:   in_dimension: 0
2016-11-14 19:07:28,323     INFO  configuration:   out_dimension : 1
2016-11-14 19:07:28,323     INFO  configuration:   in_directory : 
2016-11-14 19:07:28,323    DEBUG  configuration:  bap
2016-11-14 19:07:28,324     INFO  configuration:   in_dimension: 1
2016-11-14 19:07:28,324     INFO  configuration:   out_dimension : 3
2016-11-14 19:07:28,324     INFO  configuration:   in_directory : /home/ashish/Text2Speech/TTSDNNRepo/egs/slt_arctic/s1/experiments/slt_arctic_demo/acoustic_model/data/bap
2016-11-14 19:07:28,324     INFO  configuration: multistream dimensions: [187]
2016-11-14 19:07:28,324     INFO  configuration: use_rprop : 0
2016-11-14 19:07:28,324     INFO  configuration: dropout_rate : 0.0
2016-11-14 19:07:28,324     INFO  configuration: projection_outsize : 10
2016-11-14 19:07:28,324     INFO  configuration: early_stop_epochs : 5
2016-11-14 19:07:28,324     INFO  configuration: warmup_epoch : 10
2016-11-14 19:07:28,324     INFO  configuration: learning_rate : 0.002
2016-11-14 19:07:28,325     INFO  configuration: layers_with_projection_input : [0]
2016-11-14 19:07:28,325     INFO  configuration: batch_size : 256
2016-11-14 19:07:28,325     INFO  configuration: model_type : DNN
2016-11-14 19:07:28,325     INFO  configuration: hidden_layer_size : [512, 512, 512, 512]
2016-11-14 19:07:28,325     INFO  configuration: projection_learning_rate_scaling : 1.0
2016-11-14 19:07:28,325     INFO  configuration: pretraining_epochs : 10
2016-11-14 19:07:28,325     INFO  configuration: initial_projection_distrib : gaussian
2016-11-14 19:07:28,325     INFO  configuration: index_to_project : 0
2016-11-14 19:07:28,325     INFO  configuration: l2_reg : 1e-05
2016-11-14 19:07:28,325     INFO  configuration: warmup_momentum : 0.3
2016-11-14 19:07:28,325     INFO  configuration: training_epochs : 25
2016-11-14 19:07:28,326     INFO  configuration: hidden_activation : tanh
2016-11-14 19:07:28,326     INFO  configuration: hidden_layer_type : ['TANH', 'TANH', 'TANH', 'TANH']
2016-11-14 19:07:28,326     INFO  configuration: sequential_training : False
2016-11-14 19:07:28,326     INFO  configuration: do_pretraining : False
2016-11-14 19:07:28,326     INFO  configuration: projection_insize : 10000
2016-11-14 19:07:28,326     INFO  configuration: l1_reg : 0.0
2016-11-14 19:07:28,326     INFO  configuration: output_activation : linear
2016-11-14 19:07:28,326     INFO  configuration: pretraining_lr : 0.0001
2016-11-14 19:07:28,326     INFO  configuration: momentum : 0.9
2016-11-14 19:07:28,326    DEBUG  configuration: configuration completed
2016-11-14 19:07:28,326     INFO           main: Installation information:
2016-11-14 19:07:28,327     INFO           main:   Merlin directory: /home/ashish/Text2Speech/TTSDNNRepo
2016-11-14 19:07:28,327     INFO           main:   PATH:
2016-11-14 19:07:28,327     INFO           main:       /home/ashish/.rbenv/plugins/ruby-build/bin
2016-11-14 19:07:28,327     INFO           main:       /home/ashish/.rbenv/shims
2016-11-14 19:07:28,327     INFO           main:       /home/ashish/.rbenv/bin
2016-11-14 19:07:28,327     INFO           main:       /usr/local/sbin
2016-11-14 19:07:28,327     INFO           main:       /usr/local/bin
2016-11-14 19:07:28,327     INFO           main:       /usr/sbin
2016-11-14 19:07:28,327     INFO           main:       /usr/bin
2016-11-14 19:07:28,327     INFO           main:       /sbin
2016-11-14 19:07:28,328     INFO           main:       /bin
2016-11-14 19:07:28,328     INFO           main:       /usr/games
2016-11-14 19:07:28,328     INFO           main:       /usr/local/games
2016-11-14 19:07:28,328     INFO           main:       /opt/android-sdk/tools
2016-11-14 19:07:28,328     INFO           main:       /opt/android-sdk/platform-tools
2016-11-14 19:07:28,328     INFO           main:       /opt/node/bin
2016-11-14 19:07:28,328     INFO           main:       /opt/gradle/bin
2016-11-14 19:07:28,328     INFO           main:   LD_LIBRARY_PATH:
2016-11-14 19:07:28,328     INFO           main:   Python version: 2.7.6 (default, Jun 22 2015, 17:58:13) [GCC 4.8.2]
2016-11-14 19:07:28,328     INFO           main:     PYTHONPATH:
2016-11-14 19:07:28,328     INFO           main:   Numpy version: 1.8.2
2016-11-14 19:07:28,329     INFO           main:   Theano version: 0.8.1
2016-11-14 19:07:28,329     INFO           main:     THEANO_FLAGS: cuda.root=/opt/6.5.19,floatX=float32,on_unused_input=ignore
2016-11-14 19:07:28,329     INFO           main:     device: cpu
2016-11-14 19:07:28,345     INFO           main:   Git is available in the working directory:
2016-11-14 19:07:28,354     INFO           main:     Merlin version: 75d833a
2016-11-14 19:07:28,361     INFO           main:     branch: master
2016-11-14 19:07:28,368     INFO           main:     diff to Merlin version:
2016-11-14 19:07:28,368     INFO           main:       M test/test_install.sh
2016-11-14 19:07:28,368     INFO           main:       (all diffs logged in DNN_TANH_TANH_TANH_TANH_LINEAR__mgc_lf0_vuv_bap_50_259_4_512_0.002000_07_07PM_November_14_2016.log.gitdiff)
2016-11-14 19:07:28,374     INFO           main: Execution information:
2016-11-14 19:07:28,385     INFO           main:   HOSTNAME: ashish-HP
2016-11-14 19:07:28,386     INFO           main:   USER: ashish
2016-11-14 19:07:28,386     INFO           main:   PID: 15375
2016-11-14 19:07:28,386    DEBUG           main: Loaded file id list from /home/ashish/Text2Speech/TTSDNNRepo/egs/slt_arctic/s1/experiments/slt_arctic_demo/acoustic_model/data/file_id_list_demo.scp
2016-11-14 19:07:28,416    DEBUG         labels: HTS-derived input feature dimension is 416 + 9 = 425
2016-11-14 19:07:28,416     INFO           main: Input label dimension is 425
2016-11-14 19:07:28,417     INFO           main: preparing label data (input) using standard HTS style labels
2016-11-14 19:07:28,417     INFO         labels: loaded /home/ashish/Text2Speech/TTSDNNRepo/egs/slt_arctic/s1/experiments/slt_arctic_demo/acoustic_model/data/label_state_align/arctic_a0001.lab, 185 labels
2016-11-14 19:07:28,463    DEBUG         labels: made label matrix of 667 frames x 425 labels
2016-11-14 19:07:28,465     INFO         labels: loaded /home/ashish/Text2Speech/TTSDNNRepo/egs/slt_arctic/s1/experiments/slt_arctic_demo/acoustic_model/data/label_state_align/arctic_a0002.lab, 210 labels
2016-11-14 19:07:28,515    DEBUG         labels: made label matrix of 747 frames x 425 labels
2016-11-14 19:07:28,517     INFO         labels: loaded /home/ashish/Text2Speech/TTSDNNRepo/egs/slt_arctic/s1/experiments/slt_arctic_demo/acoustic_model/data/label_state_align/arctic_a0003.lab, 205 labels
2016-11-14 19:07:28,566    DEBUG         labels: made label matrix of 637 frames x 425 labels
2016-11-14 19:07:28,568     INFO         labels: loaded /home/ashish/Text2Speech/TTSDNNRepo/egs/slt_arctic/s1/experiments/slt_arctic_demo/acoustic_model/data/label_state_align/arctic_a0004.lab, 140 labels
2016-11-14 19:07:28,602    DEBUG         labels: made label matrix of 497 frames x 425 labels
2016-11-14 19:07:28,603     INFO         labels: loaded /home/ashish/Text2Speech/TTSDNNRepo/egs/slt_arctic/s1/experiments/slt_arctic_demo/acoustic_model/data/label_state_align/arctic_a0005.lab,  85 labels
2016-11-14 19:07:28,624    DEBUG         labels: made label matrix of 293 frames x 425 labels
2016-11-14 19:07:28,625     INFO         labels: loaded /home/ashish/Text2Speech/TTSDNNRepo/egs/slt_arctic/s1/experiments/slt_arctic_demo/acoustic_model/data/label_state_align/arctic_a0006.lab, 165 labels
2016-11-14 19:07:28,665    DEBUG         labels: made label matrix of 589 frames x 425 labels
2016-11-14 19:07:28,666     INFO         labels: loaded /home/ashish/Text2Speech/TTSDNNRepo/egs/slt_arctic/s1/experiments/slt_arctic_demo/acoustic_model/data/label_state_align/arctic_a0007.lab, 200 labels
2016-11-14 19:07:28,713    DEBUG         labels: made label matrix of 597 frames x 425 labels
2016-11-14 19:07:28,714     INFO         labels: loaded /home/ashish/Text2Speech/TTSDNNRepo/egs/slt_arctic/s1/experiments/slt_arctic_demo/acoustic_model/data/label_state_align/arctic_a0008.lab, 120 labels
2016-11-14 19:07:28,744    DEBUG         labels: made label matrix of 453 frames x 425 labels
2016-11-14 19:07:28,746     INFO         labels: loaded /home/ashish/Text2Speech/TTSDNNRepo/egs/slt_arctic/s1/experiments/slt_arctic_demo/acoustic_model/data/label_state_align/arctic_a0009.lab, 200 labels
2016-11-14 19:07:28,792    DEBUG         labels: made label matrix of 615 frames x 425 labels
2016-11-14 19:07:28,794     INFO         labels: loaded /home/ashish/Text2Speech/TTSDNNRepo/egs/slt_arctic/s1/experiments/slt_arctic_demo/acoustic_model/data/label_state_align/arctic_a0010.lab, 205 labels
2016-11-14 19:07:28,842    DEBUG         labels: made label matrix of 599 frames x 425 labels
2016-11-14 19:07:28,843     INFO         labels: loaded /home/ashish/Text2Speech/TTSDNNRepo/egs/slt_arctic/s1/experiments/slt_arctic_demo/acoustic_model/data/label_state_align/arctic_a0011.lab, 170 labels
2016-11-14 19:07:28,885    DEBUG         labels: made label matrix of 607 frames x 425 labels
2016-11-14 19:07:28,886     INFO         labels: loaded /home/ashish/Text2Speech/TTSDNNRepo/egs/slt_arctic/s1/experiments/slt_arctic_demo/acoustic_model/data/label_state_align/arctic_a0012.lab, 180 labels
2016-11-14 19:07:28,928    DEBUG         labels: made label matrix of 563 frames x 425 labels
2016-11-14 19:07:28,930     INFO         labels: loaded /home/ashish/Text2Speech/TTSDNNRepo/egs/slt_arctic/s1/experiments/slt_arctic_demo/acoustic_model/data/label_state_align/arctic_a0013.lab, 260 labels
2016-11-14 19:07:28,990    DEBUG         labels: made label matrix of 701 frames x 425 labels
2016-11-14 19:07:28,992     INFO         labels: loaded /home/ashish/Text2Speech/TTSDNNRepo/egs/slt_arctic/s1/experiments/slt_arctic_demo/acoustic_model/data/label_state_align/arctic_a0014.lab, 180 labels
2016-11-14 19:07:29,034    DEBUG         labels: made label matrix of 575 frames x 425 labels
2016-11-14 19:07:29,036     INFO         labels: loaded /home/ashish/Text2Speech/TTSDNNRepo/egs/slt_arctic/s1/experiments/slt_arctic_demo/acoustic_model/data/label_state_align/arctic_a0015.lab,  95 labels
2016-11-14 19:07:29,059    DEBUG         labels: made label matrix of 371 frames x 425 labels
2016-11-14 19:07:29,060     INFO         labels: loaded /home/ashish/Text2Speech/TTSDNNRepo/egs/slt_arctic/s1/experiments/slt_arctic_demo/acoustic_model/data/label_state_align/arctic_a0016.lab, 205 labels
2016-11-14 19:07:29,109    DEBUG         labels: made label matrix of 711 frames x 425 labels
2016-11-14 19:07:29,111     INFO         labels: loaded /home/ashish/Text2Speech/TTSDNNRepo/egs/slt_arctic/s1/experiments/slt_arctic_demo/acoustic_model/data/label_state_align/arctic_a0017.lab, 275 labels
2016-11-14 19:07:29,175    DEBUG         labels: made label matrix of 801 frames x 425 labels
2016-11-14 19:07:29,177     INFO         labels: loaded /home/ashish/Text2Speech/TTSDNNRepo/egs/slt_arctic/s1/experiments/slt_arctic_demo/acoustic_model/data/label_state_align/arctic_a0018.lab,  75 labels
2016-11-14 19:07:29,195    DEBUG         labels: made label matrix of 317 frames x 425 labels
2016-11-14 19:07:29,196     INFO         labels: loaded /home/ashish/Text2Speech/TTSDNNRepo/egs/slt_arctic/s1/experiments/slt_arctic_demo/acoustic_model/data/label_state_align/arctic_a0019.lab, 220 labels
2016-11-14 19:07:29,248    DEBUG         labels: made label matrix of 691 frames x 425 labels
2016-11-14 19:07:29,250     INFO         labels: loaded /home/ashish/Text2Speech/TTSDNNRepo/egs/slt_arctic/s1/experiments/slt_arctic_demo/acoustic_model/data/label_state_align/arctic_a0020.lab, 195 labels
2016-11-14 19:07:29,296    DEBUG         labels: made label matrix of 619 frames x 425 labels
2016-11-14 19:07:29,298     INFO         labels: loaded /home/ashish/Text2Speech/TTSDNNRepo/egs/slt_arctic/s1/experiments/slt_arctic_demo/acoustic_model/data/label_state_align/arctic_a0021.lab, 160 labels
2016-11-14 19:07:29,335    DEBUG         labels: made label matrix of 497 frames x 425 labels
2016-11-14 19:07:29,337     INFO         labels: loaded /home/ashish/Text2Speech/TTSDNNRepo/egs/slt_arctic/s1/experiments/slt_arctic_demo/acoustic_model/data/label_state_align/arctic_a0022.lab, 270 labels
2016-11-14 19:07:29,401    DEBUG         labels: made label matrix of 857 frames x 425 labels
2016-11-14 19:07:29,403     INFO         labels: loaded /home/ashish/Text2Speech/TTSDNNRepo/egs/slt_arctic/s1/experiments/slt_arctic_demo/acoustic_model/data/label_state_align/arctic_a0023.lab, 360 labels
2016-11-14 19:07:29,486    DEBUG         labels: made label matrix of 955 frames x 425 labels
2016-11-14 19:07:29,488     INFO         labels: loaded /home/ashish/Text2Speech/TTSDNNRepo/egs/slt_arctic/s1/experiments/slt_arctic_demo/acoustic_model/data/label_state_align/arctic_a0024.lab, 245 labels
2016-11-14 19:07:29,547    DEBUG         labels: made label matrix of 787 frames x 425 labels
2016-11-14 19:07:29,549     INFO         labels: loaded /home/ashish/Text2Speech/TTSDNNRepo/egs/slt_arctic/s1/experiments/slt_arctic_demo/acoustic_model/data/label_state_align/arctic_a0025.lab, 190 labels
2016-11-14 19:07:29,594    DEBUG         labels: made label matrix of 615 frames x 425 labels
2016-11-14 19:07:29,595     INFO         labels: loaded /home/ashish/Text2Speech/TTSDNNRepo/egs/slt_arctic/s1/experiments/slt_arctic_demo/acoustic_model/data/label_state_align/arctic_a0026.lab, 185 labels
2016-11-14 19:07:29,638    DEBUG         labels: made label matrix of 573 frames x 425 labels
2016-11-14 19:07:29,640     INFO         labels: loaded /home/ashish/Text2Speech/TTSDNNRepo/egs/slt_arctic/s1/experiments/slt_arctic_demo/acoustic_model/data/label_state_align/arctic_a0027.lab, 240 labels
2016-11-14 19:07:29,698    DEBUG         labels: made label matrix of 815 frames x 425 labels
2016-11-14 19:07:29,699     INFO         labels: loaded /home/ashish/Text2Speech/TTSDNNRepo/egs/slt_arctic/s1/experiments/slt_arctic_demo/acoustic_model/data/label_state_align/arctic_a0028.lab,  85 labels
2016-11-14 19:07:29,722    DEBUG         labels: made label matrix of 475 frames x 425 labels
2016-11-14 19:07:29,723     INFO         labels: loaded /home/ashish/Text2Speech/TTSDNNRepo/egs/slt_arctic/s1/experiments/slt_arctic_demo/acoustic_model/data/label_state_align/arctic_a0029.lab, 200 labels
2016-11-14 19:07:29,770    DEBUG         labels: made label matrix of 613 frames x 425 labels
2016-11-14 19:07:29,771     INFO         labels: loaded /home/ashish/Text2Speech/TTSDNNRepo/egs/slt_arctic/s1/experiments/slt_arctic_demo/acoustic_model/data/label_state_align/arctic_a0030.lab,  70 labels
2016-11-14 19:07:29,789    DEBUG         labels: made label matrix of 291 frames x 425 labels
2016-11-14 19:07:29,789     INFO         labels: loaded /home/ashish/Text2Speech/TTSDNNRepo/egs/slt_arctic/s1/experiments/slt_arctic_demo/acoustic_model/data/label_state_align/arctic_a0031.lab, 130 labels
2016-11-14 19:07:29,821    DEBUG         labels: made label matrix of 399 frames x 425 labels
2016-11-14 19:07:29,822     INFO         labels: loaded /home/ashish/Text2Speech/TTSDNNRepo/egs/slt_arctic/s1/experiments/slt_arctic_demo/acoustic_model/data/label_state_align/arctic_a0032.lab, 240 labels
2016-11-14 19:07:29,878    DEBUG         labels: made label matrix of 743 frames x 425 labels
2016-11-14 19:07:29,880     INFO         labels: loaded /home/ashish/Text2Speech/TTSDNNRepo/egs/slt_arctic/s1/experiments/slt_arctic_demo/acoustic_model/data/label_state_align/arctic_a0033.lab, 240 labels
2016-11-14 19:07:29,936    DEBUG         labels: made label matrix of 731 frames x 425 labels
2016-11-14 19:07:29,938     INFO         labels: loaded /home/ashish/Text2Speech/TTSDNNRepo/egs/slt_arctic/s1/experiments/slt_arctic_demo/acoustic_model/data/label_state_align/arctic_a0034.lab, 220 labels
2016-11-14 19:07:29,989    DEBUG         labels: made label matrix of 647 frames x 425 labels
2016-11-14 19:07:29,991     INFO         labels: loaded /home/ashish/Text2Speech/TTSDNNRepo/egs/slt_arctic/s1/experiments/slt_arctic_demo/acoustic_model/data/label_state_align/arctic_a0035.lab, 235 labels
2016-11-14 19:07:30,046    DEBUG         labels: made label matrix of 743 frames x 425 labels
2016-11-14 19:07:30,048     INFO         labels: loaded /home/ashish/Text2Speech/TTSDNNRepo/egs/slt_arctic/s1/experiments/slt_arctic_demo/acoustic_model/data/label_state_align/arctic_a0036.lab,  95 labels
2016-11-14 19:07:30,071    DEBUG         labels: made label matrix of 357 frames x 425 labels
2016-11-14 19:07:30,072     INFO         labels: loaded /home/ashish/Text2Speech/TTSDNNRepo/egs/slt_arctic/s1/experiments/slt_arctic_demo/acoustic_model/data/label_state_align/arctic_a0037.lab, 140 labels
2016-11-14 19:07:30,106    DEBUG         labels: made label matrix of 477 frames x 425 labels
2016-11-14 19:07:30,107     INFO         labels: loaded /home/ashish/Text2Speech/TTSDNNRepo/egs/slt_arctic/s1/experiments/slt_arctic_demo/acoustic_model/data/label_state_align/arctic_a0038.lab, 105 labels
2016-11-14 19:07:30,132    DEBUG         labels: made label matrix of 369 frames x 425 labels
2016-11-14 19:07:30,133     INFO         labels: loaded /home/ashish/Text2Speech/TTSDNNRepo/egs/slt_arctic/s1/experiments/slt_arctic_demo/acoustic_model/data/label_state_align/arctic_a0039.lab, 155 labels
2016-11-14 19:07:30,171    DEBUG         labels: made label matrix of 531 frames x 425 labels
2016-11-14 19:07:30,172     INFO         labels: loaded /home/ashish/Text2Speech/TTSDNNRepo/egs/slt_arctic/s1/experiments/slt_arctic_demo/acoustic_model/data/label_state_align/arctic_a0040.lab, 155 labels
2016-11-14 19:07:30,209    DEBUG         labels: made label matrix of 521 frames x 425 labels
2016-11-14 19:07:30,211     INFO         labels: loaded /home/ashish/Text2Speech/TTSDNNRepo/egs/slt_arctic/s1/experiments/slt_arctic_demo/acoustic_model/data/label_state_align/arctic_a0041.lab, 125 labels
2016-11-14 19:07:30,241    DEBUG         labels: made label matrix of 473 frames x 425 labels
2016-11-14 19:07:30,242     INFO         labels: loaded /home/ashish/Text2Speech/TTSDNNRepo/egs/slt_arctic/s1/experiments/slt_arctic_demo/acoustic_model/data/label_state_align/arctic_a0042.lab, 170 labels
2016-11-14 19:07:30,283    DEBUG         labels: made label matrix of 549 frames x 425 labels
2016-11-14 19:07:30,284     INFO         labels: loaded /home/ashish/Text2Speech/TTSDNNRepo/egs/slt_arctic/s1/experiments/slt_arctic_demo/acoustic_model/data/label_state_align/arctic_a0043.lab, 230 labels
2016-11-14 19:07:30,339    DEBUG         labels: made label matrix of 689 frames x 425 labels
2016-11-14 19:07:30,341     INFO         labels: loaded /home/ashish/Text2Speech/TTSDNNRepo/egs/slt_arctic/s1/experiments/slt_arctic_demo/acoustic_model/data/label_state_align/arctic_a0044.lab, 195 labels
2016-11-14 19:07:30,388    DEBUG         labels: made label matrix of 609 frames x 425 labels
2016-11-14 19:07:30,390     INFO         labels: loaded /home/ashish/Text2Speech/TTSDNNRepo/egs/slt_arctic/s1/experiments/slt_arctic_demo/acoustic_model/data/label_state_align/arctic_a0045.lab, 150 labels
2016-11-14 19:07:30,426    DEBUG         labels: made label matrix of 507 frames x 425 labels
2016-11-14 19:07:30,428     INFO         labels: loaded /home/ashish/Text2Speech/TTSDNNRepo/egs/slt_arctic/s1/experiments/slt_arctic_demo/acoustic_model/data/label_state_align/arctic_a0046.lab, 175 labels
2016-11-14 19:07:30,470    DEBUG         labels: made label matrix of 663 frames x 425 labels
2016-11-14 19:07:30,471     INFO         labels: loaded /home/ashish/Text2Speech/TTSDNNRepo/egs/slt_arctic/s1/experiments/slt_arctic_demo/acoustic_model/data/label_state_align/arctic_a0047.lab, 195 labels
2016-11-14 19:07:30,518    DEBUG         labels: made label matrix of 643 frames x 425 labels
2016-11-14 19:07:30,520     INFO         labels: loaded /home/ashish/Text2Speech/TTSDNNRepo/egs/slt_arctic/s1/experiments/slt_arctic_demo/acoustic_model/data/label_state_align/arctic_a0048.lab, 150 labels
2016-11-14 19:07:30,571    DEBUG         labels: made label matrix of 509 frames x 425 labels
2016-11-14 19:07:30,572     INFO         labels: loaded /home/ashish/Text2Speech/TTSDNNRepo/egs/slt_arctic/s1/experiments/slt_arctic_demo/acoustic_model/data/label_state_align/arctic_a0049.lab, 180 labels
2016-11-14 19:07:30,634    DEBUG         labels: made label matrix of 547 frames x 425 labels
2016-11-14 19:07:30,635     INFO         labels: loaded /home/ashish/Text2Speech/TTSDNNRepo/egs/slt_arctic/s1/experiments/slt_arctic_demo/acoustic_model/data/label_state_align/arctic_a0050.lab, 240 labels
2016-11-14 19:07:30,697    DEBUG         labels: made label matrix of 739 frames x 425 labels
2016-11-14 19:07:31,280     INFO         labels: loaded /home/ashish/Text2Speech/TTSDNNRepo/egs/slt_arctic/s1/experiments/slt_arctic_demo/acoustic_model/data/label_state_align/arctic_a0051.lab, 235 labels
2016-11-14 19:07:31,368    DEBUG         labels: made label matrix of 821 frames x 425 labels
2016-11-14 19:07:31,370     INFO         labels: loaded /home/ashish/Text2Speech/TTSDNNRepo/egs/slt_arctic/s1/experiments/slt_arctic_demo/acoustic_model/data/label_state_align/arctic_a0052.lab, 125 labels
2016-11-14 19:07:31,406    DEBUG         labels: made label matrix of 407 frames x 425 labels
2016-11-14 19:07:31,408     INFO         labels: loaded /home/ashish/Text2Speech/TTSDNNRepo/egs/slt_arctic/s1/experiments/slt_arctic_demo/acoustic_model/data/label_state_align/arctic_a0053.lab, 205 labels
2016-11-14 19:07:31,457    DEBUG         labels: made label matrix of 613 frames x 425 labels
2016-11-14 19:07:31,458     INFO         labels: loaded /home/ashish/Text2Speech/TTSDNNRepo/egs/slt_arctic/s1/experiments/slt_arctic_demo/acoustic_model/data/label_state_align/arctic_a0054.lab, 100 labels
2016-11-14 19:07:31,482    DEBUG         labels: made label matrix of 323 frames x 425 labels
2016-11-14 19:07:31,483     INFO         labels: loaded /home/ashish/Text2Speech/TTSDNNRepo/egs/slt_arctic/s1/experiments/slt_arctic_demo/acoustic_model/data/label_state_align/arctic_a0055.lab, 250 labels
2016-11-14 19:07:31,543    DEBUG         labels: made label matrix of 829 frames x 425 labels
2016-11-14 19:07:31,544     INFO         labels: loaded /home/ashish/Text2Speech/TTSDNNRepo/egs/slt_arctic/s1/experiments/slt_arctic_demo/acoustic_model/data/label_state_align/arctic_a0056.lab, 165 labels
2016-11-14 19:07:31,584    DEBUG         labels: made label matrix of 573 frames x 425 labels
2016-11-14 19:07:31,586     INFO         labels: loaded /home/ashish/Text2Speech/TTSDNNRepo/egs/slt_arctic/s1/experiments/slt_arctic_demo/acoustic_model/data/label_state_align/arctic_a0057.lab, 115 labels
2016-11-14 19:07:31,614    DEBUG         labels: made label matrix of 479 frames x 425 labels
2016-11-14 19:07:31,615     INFO         labels: loaded /home/ashish/Text2Speech/TTSDNNRepo/egs/slt_arctic/s1/experiments/slt_arctic_demo/acoustic_model/data/label_state_align/arctic_a0058.lab, 235 labels
2016-11-14 19:07:31,672    DEBUG         labels: made label matrix of 703 frames x 425 labels
2016-11-14 19:07:31,674     INFO         labels: loaded /home/ashish/Text2Speech/TTSDNNRepo/egs/slt_arctic/s1/experiments/slt_arctic_demo/acoustic_model/data/label_state_align/arctic_a0059.lab, 140 labels
2016-11-14 19:07:31,707    DEBUG         labels: made label matrix of 465 frames x 425 labels
2016-11-14 19:07:31,709     INFO         labels: loaded /home/ashish/Text2Speech/TTSDNNRepo/egs/slt_arctic/s1/experiments/slt_arctic_demo/acoustic_model/data/label_state_align/arctic_a0060.lab, 110 labels
2016-11-14 19:07:31,736    DEBUG         labels: made label matrix of 463 frames x 425 labels
2016-11-14 19:07:32,151    DEBUG  acoustic_norm: MinMaxNormalisation created for feature dimension of 425
2016-11-14 19:07:32,198     INFO  acoustic_norm: across 50 files found min/max values of length 425:
2016-11-14 19:07:32,208     INFO  acoustic_norm:   min: [[ 0.          0.          0.          0.          0.          0.          0.
   0.          0.          0.          0.          0.          0.          0.
   0.          0.          0.          0.          0.          0.          0.
   0.          0.          0.          0.          0.          0.          0.
   0.          0.          0.          0.          0.          0.          0.
   0.          0.          0.          0.          0.          0.          0.
   0.          0.          0.          0.          0.          0.          0.
   0.          0.          0.          0.          0.          0.          0.
   0.          0.          0.          0.          0.          0.          0.
   0.          0.          0.          0.          0.          0.          0.
   0.          0.          0.          0.          0.          0.          0.
   0.          0.          0.          0.          0.          0.          0.
   0.          0.          0.          0.          0.          0.          0.
   0.          0.          0.          0.          0.          0.          0.
   0.          0.          0.          0.          0.          0.          0.
   0.          0.          0.          0.          0.          0.          0.
   0.          0.          0.          0.          0.          0.          0.
   0.          0.          0.          0.          0.          0.          0.
   0.          0.          0.          0.          0.          0.          0.
   0.          0.          0.          0.          0.          0.          0.
   0.          0.          0.          0.          0.          0.          0.
   0.          0.          0.          0.          0.          0.          0.
   0.          0.          0.          0.          0.          0.          0.
   0.          0.          0.          0.          0.          0.          0.
   0.          0.          0.          0.          0.          0.          0.
   0.          0.          0.          0.          0.          0.          0.
   0.          0.          0.          0.          0.          0.          0.
   0.          0.          0.          0.          0.          0.          0.
   0.          0.          0.          0.          0.          0.          0.
   0.          0.          0.          0.          0.          0.          0.
   0.          0.          0.          0.          0.          0.          0.
   0.          0.          0.          0.          0.          0.          0.
   0.          0.          0.          0.          0.          0.          0.
   0.          0.          0.          0.          0.          0.          0.
   0.          0.          0.          0.          0.          0.          0.
   0.          0.          0.          0.          0.          0.          0.
   0.          0.          0.          0.          0.          0.          0.
   0.          0.          0.          0.          0.          0.          0.
   0.          0.          0.          0.          0.          0.          0.
   0.          0.          0.          0.          0.          0.          0.
   0.          0.          0.          0.          0.          0.          0.
   0.          0.          0.          0.          0.          0.          0.
   0.          0.          0.          0.          0.          0.          0.
   0.          0.          0.          0.          0.          0.          0.
   0.          0.          0.          0.          0.          0.          0.
   0.          0.          0.          0.          0.          0.          0.
   0.          0.          0.          0.          0.          0.          0.
   0.          0.          0.          0.          0.          0.          0.
   0.          0.          0.          0.          0.          0.          0.
   0.          0.          0.          0.          0.          0.          0.
   0.          0.          0.          0.          0.          0.          0.
   0.          0.          0.          0.          0.          0.          0.
   0.          0.          0.          0.          0.          0.          0.
   0.          0.         -1.         -1.          0.          0.          0.
  -1.         -1.         -1.         -1.         -1.         -1.         -1.
  -1.         -1.         -1.         -1.         -1.         -1.         -1.
  -1.          0.          0.          0.          0.         -1.         -1.
  -1.         -1.         -1.         -1.         -1.          0.          0.
   0.         -1.         -1.          1.         -1.          0.          0.
   5.          3.          0.          0.03225806  0.03225806  1.          1.
   1.          5.          0.01449275  0.01449275  0.01449275]]
2016-11-14 19:07:32,219     INFO  acoustic_norm:   max: [[  1.           1.           1.           1.           1.           1.
    1.           1.           1.           1.           1.           1.
    1.           1.           1.           1.           1.           1.
    1.           1.           1.           1.           1.           1.
    1.           1.           1.           1.           1.           1.
    1.           1.           1.           1.           1.           1.
    1.           1.           1.           1.           1.           1.
    1.           1.           1.           1.           1.           1.
    1.           1.           1.           1.           1.           1.
    1.           1.           1.           1.           1.           1.
    1.           1.           1.           1.           0.           1.
    1.           1.           1.           1.           0.           1.
    0.           0.           0.           1.           1.           1.
    1.           1.           0.           1.           1.           1.
    1.           1.           1.           1.           0.           1.
    1.           0.           1.           1.           1.           1.
    1.           1.           1.           1.           1.           1.
    1.           1.           0.           1.           1.           1.
    1.           1.           1.           1.           0.           1.
    1.           1.           1.           1.           0.           1.
    0.           0.           0.           1.           1.           1.
    1.           1.           0.           1.           1.           1.
    1.           1.           1.           1.           0.           1.
    1.           0.           1.           1.           1.           1.
    1.           1.           1.           1.           1.           1.
    1.           1.           0.           1.           1.           1.
    1.           1.           1.           1.           0.           1.
    1.           1.           1.           1.           0.           1.
    0.           0.           0.           1.           1.           1.
    1.           1.           0.           1.           1.           1.
    1.           1.           1.           1.           0.           1.
    1.           0.           1.           1.           1.           1.
    1.           1.           1.           1.           1.           1.
    1.           1.           0.           1.           1.           1.
    1.           1.           1.           1.           0.           1.
    1.           1.           1.           1.           0.           1.
    0.           0.           0.           1.           1.           1.
    1.           1.           0.           1.           1.           1.
    1.           1.           1.           1.           0.           1.
    1.           0.           1.           1.           1.           1.
    1.           1.           1.           1.           1.           1.
    1.           1.           0.           1.           1.           1.
    1.           1.           1.           1.           0.           1.
    1.           1.           1.           1.           0.           1.
    0.           0.           0.           1.           1.           1.
    1.           1.           0.           1.           1.           1.
    1.           1.           1.           1.           0.           1.
    1.           0.           1.           1.           1.           1.
    1.           1.           1.           1.           1.           1.
    1.           1.           0.           1.           1.           1.
    1.           1.           1.           1.           1.           1.
    1.           1.           1.           1.           1.           1.
    1.           1.           1.           1.           1.           1.
    1.           1.           1.           1.           1.           1.
    1.           1.           0.           1.           1.           0.
    0.           0.           1.           1.           1.           1.
    1.           0.           1.           1.           1.           1.
    1.           1.           1.           1.           1.           1.
    0.           1.           1.           1.           1.           1.
    1.           1.           1.           1.           1.           0.
    1.           1.           1.           1.           1.           1.
    1.           1.           1.           1.           0.           1.
    1.           6.           6.           1.           1.           6.
    1.           1.           6.           5.           5.          18.
   18.           9.          10.           5.           6.           4.
    4.          16.          16.           1.           1.           6.
    5.           5.          10.          10.           8.           7.
    4.           5.           5.          18.           9.          18.
   10.           3.          -1.          13.           8.          28.
   13.           3.           1.           1.          31.           5.
    5.          69.           0.87878788   1.           1.        ]]
2016-11-14 19:07:33,143     INFO           main: saved 425 vectors to /home/ashish/Text2Speech/TTSDNNRepo/egs/slt_arctic/s1/experiments/slt_arctic_demo/acoustic_model/data/label_norm_HTS_425.dat
2016-11-14 19:07:33,143     INFO           main: creating acoustic (output) features
2016-11-14 19:07:33,143     INFO  acoustic_comp: processing file    1 of   60 : /home/ashish/Text2Speech/TTSDNNRepo/egs/slt_arctic/s1/experiments/slt_arctic_demo/acoustic_model/data/nn_mgc_lf0_vuv_bap_187/arctic_a0001.cmp
2016-11-14 19:07:33,971    DEBUG  acoustic_comp:  wrote 672 frames of features
2016-11-14 19:07:33,972     INFO  acoustic_comp: processing file    2 of   60 : /home/ashish/Text2Speech/TTSDNNRepo/egs/slt_arctic/s1/experiments/slt_arctic_demo/acoustic_model/data/nn_mgc_lf0_vuv_bap_187/arctic_a0002.cmp
2016-11-14 19:07:34,872    DEBUG  acoustic_comp:  wrote 752 frames of features
2016-11-14 19:07:34,872     INFO  acoustic_comp: processing file    3 of   60 : /home/ashish/Text2Speech/TTSDNNRepo/egs/slt_arctic/s1/experiments/slt_arctic_demo/acoustic_model/data/nn_mgc_lf0_vuv_bap_187/arctic_a0003.cmp
2016-11-14 19:07:35,632    DEBUG  acoustic_comp:  wrote 642 frames of features
2016-11-14 19:07:35,632     INFO  acoustic_comp: processing file    4 of   60 : /home/ashish/Text2Speech/TTSDNNRepo/egs/slt_arctic/s1/experiments/slt_arctic_demo/acoustic_model/data/nn_mgc_lf0_vuv_bap_187/arctic_a0004.cmp
2016-11-14 19:07:36,227    DEBUG  acoustic_comp:  wrote 502 frames of features
2016-11-14 19:07:36,227     INFO  acoustic_comp: processing file    5 of   60 : /home/ashish/Text2Speech/TTSDNNRepo/egs/slt_arctic/s1/experiments/slt_arctic_demo/acoustic_model/data/nn_mgc_lf0_vuv_bap_187/arctic_a0005.cmp
2016-11-14 19:07:36,583    DEBUG  acoustic_comp:  wrote 298 frames of features
2016-11-14 19:07:36,583     INFO  acoustic_comp: processing file    6 of   60 : /home/ashish/Text2Speech/TTSDNNRepo/egs/slt_arctic/s1/experiments/slt_arctic_demo/acoustic_model/data/nn_mgc_lf0_vuv_bap_187/arctic_a0006.cmp
2016-11-14 19:07:37,286    DEBUG  acoustic_comp:  wrote 594 frames of features
2016-11-14 19:07:37,286     INFO  acoustic_comp: processing file    7 of   60 : /home/ashish/Text2Speech/TTSDNNRepo/egs/slt_arctic/s1/experiments/slt_arctic_demo/acoustic_model/data/nn_mgc_lf0_vuv_bap_187/arctic_a0007.cmp
2016-11-14 19:07:38,002    DEBUG  acoustic_comp:  wrote 602 frames of features
2016-11-14 19:07:38,003     INFO  acoustic_comp: processing file    8 of   60 : /home/ashish/Text2Speech/TTSDNNRepo/egs/slt_arctic/s1/experiments/slt_arctic_demo/acoustic_model/data/nn_mgc_lf0_vuv_bap_187/arctic_a0008.cmp
2016-11-14 19:07:38,547    DEBUG  acoustic_comp:  wrote 458 frames of features
2016-11-14 19:07:38,547     INFO  acoustic_comp: processing file    9 of   60 : /home/ashish/Text2Speech/TTSDNNRepo/egs/slt_arctic/s1/experiments/slt_arctic_demo/acoustic_model/data/nn_mgc_lf0_vuv_bap_187/arctic_a0009.cmp
2016-11-14 19:07:39,283    DEBUG  acoustic_comp:  wrote 620 frames of features
2016-11-14 19:07:39,283     INFO  acoustic_comp: processing file   10 of   60 : /home/ashish/Text2Speech/TTSDNNRepo/egs/slt_arctic/s1/experiments/slt_arctic_demo/acoustic_model/data/nn_mgc_lf0_vuv_bap_187/arctic_a0010.cmp
2016-11-14 19:07:40,000    DEBUG  acoustic_comp:  wrote 604 frames of features
2016-11-14 19:07:40,000     INFO  acoustic_comp: processing file   11 of   60 : /home/ashish/Text2Speech/TTSDNNRepo/egs/slt_arctic/s1/experiments/slt_arctic_demo/acoustic_model/data/nn_mgc_lf0_vuv_bap_187/arctic_a0011.cmp
2016-11-14 19:07:40,765    DEBUG  acoustic_comp:  wrote 612 frames of features
2016-11-14 19:07:40,765     INFO  acoustic_comp: processing file   12 of   60 : /home/ashish/Text2Speech/TTSDNNRepo/egs/slt_arctic/s1/experiments/slt_arctic_demo/acoustic_model/data/nn_mgc_lf0_vuv_bap_187/arctic_a0012.cmp
2016-11-14 19:07:41,444    DEBUG  acoustic_comp:  wrote 568 frames of features
2016-11-14 19:07:41,444     INFO  acoustic_comp: processing file   13 of   60 : /home/ashish/Text2Speech/TTSDNNRepo/egs/slt_arctic/s1/experiments/slt_arctic_demo/acoustic_model/data/nn_mgc_lf0_vuv_bap_187/arctic_a0013.cmp
2016-11-14 19:07:42,275    DEBUG  acoustic_comp:  wrote 706 frames of features
2016-11-14 19:07:42,275     INFO  acoustic_comp: processing file   14 of   60 : /home/ashish/Text2Speech/TTSDNNRepo/egs/slt_arctic/s1/experiments/slt_arctic_demo/acoustic_model/data/nn_mgc_lf0_vuv_bap_187/arctic_a0014.cmp
2016-11-14 19:07:42,963    DEBUG  acoustic_comp:  wrote 580 frames of features
2016-11-14 19:07:42,964     INFO  acoustic_comp: processing file   15 of   60 : /home/ashish/Text2Speech/TTSDNNRepo/egs/slt_arctic/s1/experiments/slt_arctic_demo/acoustic_model/data/nn_mgc_lf0_vuv_bap_187/arctic_a0015.cmp
2016-11-14 19:07:43,408    DEBUG  acoustic_comp:  wrote 376 frames of features
2016-11-14 19:07:43,408     INFO  acoustic_comp: processing file   16 of   60 : /home/ashish/Text2Speech/TTSDNNRepo/egs/slt_arctic/s1/experiments/slt_arctic_demo/acoustic_model/data/nn_mgc_lf0_vuv_bap_187/arctic_a0016.cmp
2016-11-14 19:07:44,253    DEBUG  acoustic_comp:  wrote 716 frames of features
2016-11-14 19:07:44,254     INFO  acoustic_comp: processing file   17 of   60 : /home/ashish/Text2Speech/TTSDNNRepo/egs/slt_arctic/s1/experiments/slt_arctic_demo/acoustic_model/data/nn_mgc_lf0_vuv_bap_187/arctic_a0017.cmp
2016-11-14 19:07:45,212    DEBUG  acoustic_comp:  wrote 806 frames of features
2016-11-14 19:07:45,212     INFO  acoustic_comp: processing file   18 of   60 : /home/ashish/Text2Speech/TTSDNNRepo/egs/slt_arctic/s1/experiments/slt_arctic_demo/acoustic_model/data/nn_mgc_lf0_vuv_bap_187/arctic_a0018.cmp
2016-11-14 19:07:45,596    DEBUG  acoustic_comp:  wrote 322 frames of features
2016-11-14 19:07:45,596     INFO  acoustic_comp: processing file   19 of   60 : /home/ashish/Text2Speech/TTSDNNRepo/egs/slt_arctic/s1/experiments/slt_arctic_demo/acoustic_model/data/nn_mgc_lf0_vuv_bap_187/arctic_a0019.cmp
2016-11-14 19:07:46,435    DEBUG  acoustic_comp:  wrote 696 frames of features
2016-11-14 19:07:46,435     INFO  acoustic_comp: processing file   20 of   60 : /home/ashish/Text2Speech/TTSDNNRepo/egs/slt_arctic/s1/experiments/slt_arctic_demo/acoustic_model/data/nn_mgc_lf0_vuv_bap_187/arctic_a0020.cmp
2016-11-14 19:07:47,194    DEBUG  acoustic_comp:  wrote 624 frames of features
2016-11-14 19:07:47,194     INFO  acoustic_comp: processing file   21 of   60 : /home/ashish/Text2Speech/TTSDNNRepo/egs/slt_arctic/s1/experiments/slt_arctic_demo/acoustic_model/data/nn_mgc_lf0_vuv_bap_187/arctic_a0021.cmp
2016-11-14 19:07:47,785    DEBUG  acoustic_comp:  wrote 502 frames of features
2016-11-14 19:07:47,785     INFO  acoustic_comp: processing file   22 of   60 : /home/ashish/Text2Speech/TTSDNNRepo/egs/slt_arctic/s1/experiments/slt_arctic_demo/acoustic_model/data/nn_mgc_lf0_vuv_bap_187/arctic_a0022.cmp
2016-11-14 19:07:48,805    DEBUG  acoustic_comp:  wrote 862 frames of features
2016-11-14 19:07:48,805     INFO  acoustic_comp: processing file   23 of   60 : /home/ashish/Text2Speech/TTSDNNRepo/egs/slt_arctic/s1/experiments/slt_arctic_demo/acoustic_model/data/nn_mgc_lf0_vuv_bap_187/arctic_a0023.cmp
2016-11-14 19:07:49,943    DEBUG  acoustic_comp:  wrote 960 frames of features
2016-11-14 19:07:49,943     INFO  acoustic_comp: processing file   24 of   60 : /home/ashish/Text2Speech/TTSDNNRepo/egs/slt_arctic/s1/experiments/slt_arctic_demo/acoustic_model/data/nn_mgc_lf0_vuv_bap_187/arctic_a0024.cmp
2016-11-14 19:07:50,880    DEBUG  acoustic_comp:  wrote 792 frames of features
2016-11-14 19:07:50,880     INFO  acoustic_comp: processing file   25 of   60 : /home/ashish/Text2Speech/TTSDNNRepo/egs/slt_arctic/s1/experiments/slt_arctic_demo/acoustic_model/data/nn_mgc_lf0_vuv_bap_187/arctic_a0025.cmp
2016-11-14 19:07:51,617    DEBUG  acoustic_comp:  wrote 620 frames of features
2016-11-14 19:07:51,617     INFO  acoustic_comp: processing file   26 of   60 : /home/ashish/Text2Speech/TTSDNNRepo/egs/slt_arctic/s1/experiments/slt_arctic_demo/acoustic_model/data/nn_mgc_lf0_vuv_bap_187/arctic_a0026.cmp
2016-11-14 19:07:52,300    DEBUG  acoustic_comp:  wrote 578 frames of features
2016-11-14 19:07:52,300     INFO  acoustic_comp: processing file   27 of   60 : /home/ashish/Text2Speech/TTSDNNRepo/egs/slt_arctic/s1/experiments/slt_arctic_demo/acoustic_model/data/nn_mgc_lf0_vuv_bap_187/arctic_a0027.cmp
2016-11-14 19:07:53,313    DEBUG  acoustic_comp:  wrote 820 frames of features
2016-11-14 19:07:53,313     INFO  acoustic_comp: processing file   28 of   60 : /home/ashish/Text2Speech/TTSDNNRepo/egs/slt_arctic/s1/experiments/slt_arctic_demo/acoustic_model/data/nn_mgc_lf0_vuv_bap_187/arctic_a0028.cmp
2016-11-14 19:07:53,882    DEBUG  acoustic_comp:  wrote 480 frames of features
2016-11-14 19:07:53,883     INFO  acoustic_comp: processing file   29 of   60 : /home/ashish/Text2Speech/TTSDNNRepo/egs/slt_arctic/s1/experiments/slt_arctic_demo/acoustic_model/data/nn_mgc_lf0_vuv_bap_187/arctic_a0029.cmp
2016-11-14 19:07:54,618    DEBUG  acoustic_comp:  wrote 618 frames of features
2016-11-14 19:07:54,618     INFO  acoustic_comp: processing file   30 of   60 : /home/ashish/Text2Speech/TTSDNNRepo/egs/slt_arctic/s1/experiments/slt_arctic_demo/acoustic_model/data/nn_mgc_lf0_vuv_bap_187/arctic_a0030.cmp
2016-11-14 19:07:54,968    DEBUG  acoustic_comp:  wrote 296 frames of features
2016-11-14 19:07:54,968     INFO  acoustic_comp: processing file   31 of   60 : /home/ashish/Text2Speech/TTSDNNRepo/egs/slt_arctic/s1/experiments/slt_arctic_demo/acoustic_model/data/nn_mgc_lf0_vuv_bap_187/arctic_a0031.cmp
2016-11-14 19:07:55,447    DEBUG  acoustic_comp:  wrote 404 frames of features
2016-11-14 19:07:55,447     INFO  acoustic_comp: processing file   32 of   60 : /home/ashish/Text2Speech/TTSDNNRepo/egs/slt_arctic/s1/experiments/slt_arctic_demo/acoustic_model/data/nn_mgc_lf0_vuv_bap_187/arctic_a0032.cmp
2016-11-14 19:07:56,332    DEBUG  acoustic_comp:  wrote 748 frames of features
2016-11-14 19:07:56,332     INFO  acoustic_comp: processing file   33 of   60 : /home/ashish/Text2Speech/TTSDNNRepo/egs/slt_arctic/s1/experiments/slt_arctic_demo/acoustic_model/data/nn_mgc_lf0_vuv_bap_187/arctic_a0033.cmp
2016-11-14 19:07:57,203    DEBUG  acoustic_comp:  wrote 736 frames of features
2016-11-14 19:07:57,203     INFO  acoustic_comp: processing file   34 of   60 : /home/ashish/Text2Speech/TTSDNNRepo/egs/slt_arctic/s1/experiments/slt_arctic_demo/acoustic_model/data/nn_mgc_lf0_vuv_bap_187/arctic_a0034.cmp
2016-11-14 19:07:57,976    DEBUG  acoustic_comp:  wrote 652 frames of features
2016-11-14 19:07:57,976     INFO  acoustic_comp: processing file   35 of   60 : /home/ashish/Text2Speech/TTSDNNRepo/egs/slt_arctic/s1/experiments/slt_arctic_demo/acoustic_model/data/nn_mgc_lf0_vuv_bap_187/arctic_a0035.cmp
2016-11-14 19:07:58,901    DEBUG  acoustic_comp:  wrote 748 frames of features
2016-11-14 19:07:58,901     INFO  acoustic_comp: processing file   36 of   60 : /home/ashish/Text2Speech/TTSDNNRepo/egs/slt_arctic/s1/experiments/slt_arctic_demo/acoustic_model/data/nn_mgc_lf0_vuv_bap_187/arctic_a0036.cmp
2016-11-14 19:07:59,336    DEBUG  acoustic_comp:  wrote 362 frames of features
2016-11-14 19:07:59,336     INFO  acoustic_comp: processing file   37 of   60 : /home/ashish/Text2Speech/TTSDNNRepo/egs/slt_arctic/s1/experiments/slt_arctic_demo/acoustic_model/data/nn_mgc_lf0_vuv_bap_187/arctic_a0037.cmp
2016-11-14 19:07:59,909    DEBUG  acoustic_comp:  wrote 482 frames of features
2016-11-14 19:07:59,910     INFO  acoustic_comp: processing file   38 of   60 : /home/ashish/Text2Speech/TTSDNNRepo/egs/slt_arctic/s1/experiments/slt_arctic_demo/acoustic_model/data/nn_mgc_lf0_vuv_bap_187/arctic_a0038.cmp
2016-11-14 19:08:00,357    DEBUG  acoustic_comp:  wrote 374 frames of features
2016-11-14 19:08:00,357     INFO  acoustic_comp: processing file   39 of   60 : /home/ashish/Text2Speech/TTSDNNRepo/egs/slt_arctic/s1/experiments/slt_arctic_demo/acoustic_model/data/nn_mgc_lf0_vuv_bap_187/arctic_a0039.cmp
2016-11-14 19:08:00,992    DEBUG  acoustic_comp:  wrote 536 frames of features
2016-11-14 19:08:00,992     INFO  acoustic_comp: processing file   40 of   60 : /home/ashish/Text2Speech/TTSDNNRepo/egs/slt_arctic/s1/experiments/slt_arctic_demo/acoustic_model/data/nn_mgc_lf0_vuv_bap_187/arctic_a0040.cmp
2016-11-14 19:08:01,617    DEBUG  acoustic_comp:  wrote 526 frames of features
2016-11-14 19:08:01,617     INFO  acoustic_comp: processing file   41 of   60 : /home/ashish/Text2Speech/TTSDNNRepo/egs/slt_arctic/s1/experiments/slt_arctic_demo/acoustic_model/data/nn_mgc_lf0_vuv_bap_187/arctic_a0041.cmp
2016-11-14 19:08:02,183    DEBUG  acoustic_comp:  wrote 478 frames of features
2016-11-14 19:08:02,184     INFO  acoustic_comp: processing file   42 of   60 : /home/ashish/Text2Speech/TTSDNNRepo/egs/slt_arctic/s1/experiments/slt_arctic_demo/acoustic_model/data/nn_mgc_lf0_vuv_bap_187/arctic_a0042.cmp
2016-11-14 19:08:02,838    DEBUG  acoustic_comp:  wrote 554 frames of features
2016-11-14 19:08:02,839     INFO  acoustic_comp: processing file   43 of   60 : /home/ashish/Text2Speech/TTSDNNRepo/egs/slt_arctic/s1/experiments/slt_arctic_demo/acoustic_model/data/nn_mgc_lf0_vuv_bap_187/arctic_a0043.cmp
2016-11-14 19:08:03,666    DEBUG  acoustic_comp:  wrote 694 frames of features
2016-11-14 19:08:03,666     INFO  acoustic_comp: processing file   44 of   60 : /home/ashish/Text2Speech/TTSDNNRepo/egs/slt_arctic/s1/experiments/slt_arctic_demo/acoustic_model/data/nn_mgc_lf0_vuv_bap_187/arctic_a0044.cmp
2016-11-14 19:08:04,395    DEBUG  acoustic_comp:  wrote 614 frames of features
2016-11-14 19:08:04,395     INFO  acoustic_comp: processing file   45 of   60 : /home/ashish/Text2Speech/TTSDNNRepo/egs/slt_arctic/s1/experiments/slt_arctic_demo/acoustic_model/data/nn_mgc_lf0_vuv_bap_187/arctic_a0045.cmp
2016-11-14 19:08:05,044    DEBUG  acoustic_comp:  wrote 512 frames of features
2016-11-14 19:08:05,045     INFO  acoustic_comp: processing file   46 of   60 : /home/ashish/Text2Speech/TTSDNNRepo/egs/slt_arctic/s1/experiments/slt_arctic_demo/acoustic_model/data/nn_mgc_lf0_vuv_bap_187/arctic_a0046.cmp
2016-11-14 19:08:05,838    DEBUG  acoustic_comp:  wrote 668 frames of features
2016-11-14 19:08:05,838     INFO  acoustic_comp: processing file   47 of   60 : /home/ashish/Text2Speech/TTSDNNRepo/egs/slt_arctic/s1/experiments/slt_arctic_demo/acoustic_model/data/nn_mgc_lf0_vuv_bap_187/arctic_a0047.cmp
2016-11-14 19:08:06,607    DEBUG  acoustic_comp:  wrote 648 frames of features
2016-11-14 19:08:06,607     INFO  acoustic_comp: processing file   48 of   60 : /home/ashish/Text2Speech/TTSDNNRepo/egs/slt_arctic/s1/experiments/slt_arctic_demo/acoustic_model/data/nn_mgc_lf0_vuv_bap_187/arctic_a0048.cmp
2016-11-14 19:08:07,220    DEBUG  acoustic_comp:  wrote 514 frames of features
2016-11-14 19:08:07,220     INFO  acoustic_comp: processing file   49 of   60 : /home/ashish/Text2Speech/TTSDNNRepo/egs/slt_arctic/s1/experiments/slt_arctic_demo/acoustic_model/data/nn_mgc_lf0_vuv_bap_187/arctic_a0049.cmp
2016-11-14 19:08:07,877    DEBUG  acoustic_comp:  wrote 552 frames of features
2016-11-14 19:08:07,877     INFO  acoustic_comp: processing file   50 of   60 : /home/ashish/Text2Speech/TTSDNNRepo/egs/slt_arctic/s1/experiments/slt_arctic_demo/acoustic_model/data/nn_mgc_lf0_vuv_bap_187/arctic_a0050.cmp
2016-11-14 19:08:08,758    DEBUG  acoustic_comp:  wrote 744 frames of features
2016-11-14 19:08:08,758     INFO  acoustic_comp: processing file   51 of   60 : /home/ashish/Text2Speech/TTSDNNRepo/egs/slt_arctic/s1/experiments/slt_arctic_demo/acoustic_model/data/nn_mgc_lf0_vuv_bap_187/arctic_a0051.cmp
2016-11-14 19:08:09,737    DEBUG  acoustic_comp:  wrote 826 frames of features
2016-11-14 19:08:09,737     INFO  acoustic_comp: processing file   52 of   60 : /home/ashish/Text2Speech/TTSDNNRepo/egs/slt_arctic/s1/experiments/slt_arctic_demo/acoustic_model/data/nn_mgc_lf0_vuv_bap_187/arctic_a0052.cmp
2016-11-14 19:08:10,226    DEBUG  acoustic_comp:  wrote 412 frames of features
2016-11-14 19:08:10,226     INFO  acoustic_comp: processing file   53 of   60 : /home/ashish/Text2Speech/TTSDNNRepo/egs/slt_arctic/s1/experiments/slt_arctic_demo/acoustic_model/data/nn_mgc_lf0_vuv_bap_187/arctic_a0053.cmp
2016-11-14 19:08:11,001    DEBUG  acoustic_comp:  wrote 618 frames of features
2016-11-14 19:08:11,001     INFO  acoustic_comp: processing file   54 of   60 : /home/ashish/Text2Speech/TTSDNNRepo/egs/slt_arctic/s1/experiments/slt_arctic_demo/acoustic_model/data/nn_mgc_lf0_vuv_bap_187/arctic_a0054.cmp
2016-11-14 19:08:11,393    DEBUG  acoustic_comp:  wrote 328 frames of features
2016-11-14 19:08:11,393     INFO  acoustic_comp: processing file   55 of   60 : /home/ashish/Text2Speech/TTSDNNRepo/egs/slt_arctic/s1/experiments/slt_arctic_demo/acoustic_model/data/nn_mgc_lf0_vuv_bap_187/arctic_a0055.cmp
2016-11-14 19:08:12,378    DEBUG  acoustic_comp:  wrote 834 frames of features
2016-11-14 19:08:12,379     INFO  acoustic_comp: processing file   56 of   60 : /home/ashish/Text2Speech/TTSDNNRepo/egs/slt_arctic/s1/experiments/slt_arctic_demo/acoustic_model/data/nn_mgc_lf0_vuv_bap_187/arctic_a0056.cmp
2016-11-14 19:08:13,063    DEBUG  acoustic_comp:  wrote 578 frames of features
2016-11-14 19:08:13,063     INFO  acoustic_comp: processing file   57 of   60 : /home/ashish/Text2Speech/TTSDNNRepo/egs/slt_arctic/s1/experiments/slt_arctic_demo/acoustic_model/data/nn_mgc_lf0_vuv_bap_187/arctic_a0057.cmp
2016-11-14 19:08:13,639    DEBUG  acoustic_comp:  wrote 484 frames of features
2016-11-14 19:08:13,639     INFO  acoustic_comp: processing file   58 of   60 : /home/ashish/Text2Speech/TTSDNNRepo/egs/slt_arctic/s1/experiments/slt_arctic_demo/acoustic_model/data/nn_mgc_lf0_vuv_bap_187/arctic_a0058.cmp
2016-11-14 19:08:14,475    DEBUG  acoustic_comp:  wrote 708 frames of features
2016-11-14 19:08:14,476     INFO  acoustic_comp: processing file   59 of   60 : /home/ashish/Text2Speech/TTSDNNRepo/egs/slt_arctic/s1/experiments/slt_arctic_demo/acoustic_model/data/nn_mgc_lf0_vuv_bap_187/arctic_a0059.cmp
2016-11-14 19:08:15,034    DEBUG  acoustic_comp:  wrote 470 frames of features
2016-11-14 19:08:15,048     INFO  acoustic_comp: processing file   60 of   60 : /home/ashish/Text2Speech/TTSDNNRepo/egs/slt_arctic/s1/experiments/slt_arctic_demo/acoustic_model/data/nn_mgc_lf0_vuv_bap_187/arctic_a0060.cmp
2016-11-14 19:08:15,606    DEBUG  acoustic_comp:  wrote 468 frames of features
2016-11-14 19:08:15,841     INFO           main: normalising acoustic (output) features using method MVN
2016-11-14 19:08:15,978     INFO           main: saved MVN vectors to /home/ashish/Text2Speech/TTSDNNRepo/egs/slt_arctic/s1/experiments/slt_arctic_demo/acoustic_model/data/norm_info_mgc_lf0_vuv_bap_187_MVN.dat
2016-11-14 19:08:15,978     INFO           main: saved mgc variance vector to /home/ashish/Text2Speech/TTSDNNRepo/egs/slt_arctic/s1/experiments/slt_arctic_demo/acoustic_model/data/var/mgc_180
2016-11-14 19:08:15,979     INFO           main: saved vuv variance vector to /home/ashish/Text2Speech/TTSDNNRepo/egs/slt_arctic/s1/experiments/slt_arctic_demo/acoustic_model/data/var/vuv_1
2016-11-14 19:08:15,979     INFO           main: saved lf0 variance vector to /home/ashish/Text2Speech/TTSDNNRepo/egs/slt_arctic/s1/experiments/slt_arctic_demo/acoustic_model/data/var/lf0_3
2016-11-14 19:08:15,979     INFO           main: saved bap variance vector to /home/ashish/Text2Speech/TTSDNNRepo/egs/slt_arctic/s1/experiments/slt_arctic_demo/acoustic_model/data/var/bap_3
2016-11-14 19:08:16,002    DEBUG         labels: HTS-derived input feature dimension is 416 + 9 = 425
2016-11-14 19:08:16,003     INFO           main: label dimension is 425
2016-11-14 19:08:16,003     INFO           main: training DNN
2016-11-14 19:08:16,003    DEBUG main.train_DNN: Starting train_DNN
2016-11-14 19:08:16,003    DEBUG main.train_DNN: Creating training   data provider
2016-11-14 19:08:16,004    DEBUG main.train_DNN: Creating validation data provider
2016-11-14 19:08:17,211     INFO main.train_DNN: building the model
2016-11-14 19:08:19,303     INFO main.train_DNN: fine-tuning the DNN model
2016-11-14 19:09:48,617    DEBUG main.train_DNN: calculating validation loss
2016-11-14 19:09:51,654     INFO main.train_DNN: epoch 1, validation error 181.222183, train error 182.346802  time spent 92.35
2016-11-14 19:11:21,411    DEBUG main.train_DNN: calculating validation loss
2016-11-14 19:11:24,451     INFO main.train_DNN: epoch 2, validation error 178.898849, train error 176.184540  time spent 92.80
2016-11-14 19:12:51,767    DEBUG main.train_DNN: calculating validation loss
2016-11-14 19:12:54,809     INFO main.train_DNN: epoch 3, validation error 177.940338, train error 174.229141  time spent 90.36
2016-11-14 19:14:25,295    DEBUG main.train_DNN: calculating validation loss
2016-11-14 19:14:28,355     INFO main.train_DNN: epoch 4, validation error 177.438766, train error 173.173141  time spent 93.55
2016-11-14 19:15:56,016    DEBUG main.train_DNN: calculating validation loss
2016-11-14 19:15:59,047     INFO main.train_DNN: epoch 5, validation error 177.118423, train error 172.455231  time spent 90.69
2016-11-14 19:17:29,248    DEBUG main.train_DNN: calculating validation loss
2016-11-14 19:17:32,264     INFO main.train_DNN: epoch 6, validation error 176.886368, train error 171.904510  time spent 93.22
2016-11-14 19:19:04,145    DEBUG main.train_DNN: calculating validation loss
2016-11-14 19:19:07,211     INFO main.train_DNN: epoch 7, validation error 176.695206, train error 171.448761  time spent 92.59
2016-11-14 19:20:39,112    DEBUG main.train_DNN: calculating validation loss
2016-11-14 19:20:42,238     INFO main.train_DNN: epoch 8, validation error 176.507187, train error 171.044861  time spent 92.67
2016-11-14 19:22:12,982    DEBUG main.train_DNN: calculating validation loss
2016-11-14 19:22:16,114     INFO main.train_DNN: epoch 9, validation error 176.291580, train error 170.659286  time spent 91.85
2016-11-14 19:23:47,254    DEBUG main.train_DNN: calculating validation loss
2016-11-14 19:23:50,293     INFO main.train_DNN: epoch 10, validation error 176.033279, train error 170.264786  time spent 91.66
2016-11-14 19:25:21,544    DEBUG main.train_DNN: calculating validation loss
2016-11-14 19:25:24,613     INFO main.train_DNN: epoch 11, validation error 175.961914, train error 170.315994  time spent 92.36
2016-11-14 19:26:56,342    DEBUG main.train_DNN: calculating validation loss
2016-11-14 19:26:59,428     INFO main.train_DNN: epoch 12, validation error 175.159561, train error 168.870529  time spent 92.80
2016-11-14 19:28:30,527    DEBUG main.train_DNN: calculating validation loss
2016-11-14 19:28:33,588     INFO main.train_DNN: epoch 13, validation error 174.652985, train error 167.983124  time spent 92.18
2016-11-14 19:30:04,929    DEBUG main.train_DNN: calculating validation loss
2016-11-14 19:30:08,021     INFO main.train_DNN: epoch 14, validation error 174.518661, train error 167.511169  time spent 92.23
2016-11-14 19:31:39,501    DEBUG main.train_DNN: calculating validation loss
2016-11-14 19:31:42,553     INFO main.train_DNN: epoch 15, validation error 174.408234, train error 167.273178  time spent 92.57
2016-11-14 19:33:13,825    DEBUG main.train_DNN: calculating validation loss
2016-11-14 19:33:16,888     INFO main.train_DNN: epoch 16, validation error 174.365356, train error 167.151093  time spent 92.21
2016-11-14 19:34:48,335    DEBUG main.train_DNN: calculating validation loss
2016-11-14 19:34:51,349     INFO main.train_DNN: epoch 17, validation error 174.357254, train error 167.086380  time spent 92.51
2016-11-14 19:36:20,824    DEBUG main.train_DNN: calculating validation loss
2016-11-14 19:36:23,874     INFO main.train_DNN: epoch 18, validation error 174.352554, train error 167.051941  time spent 90.34
2016-11-14 19:37:54,832    DEBUG main.train_DNN: calculating validation loss
2016-11-14 19:37:57,863     INFO main.train_DNN: epoch 19, validation error 174.350937, train error 167.034058  time spent 91.96
2016-11-14 19:39:28,929    DEBUG main.train_DNN: calculating validation loss
2016-11-14 19:39:31,974     INFO main.train_DNN: epoch 20, validation error 174.349579, train error 167.025360  time spent 92.16
2016-11-14 19:41:01,172    DEBUG main.train_DNN: calculating validation loss
2016-11-14 19:41:04,238     INFO main.train_DNN: epoch 21, validation error 174.348816, train error 167.021042  time spent 90.31
2016-11-14 19:42:35,405    DEBUG main.train_DNN: calculating validation loss
2016-11-14 19:42:38,432     INFO main.train_DNN: epoch 22, validation error 174.348419, train error 167.018845  time spent 92.24
2016-11-14 19:44:08,631    DEBUG main.train_DNN: calculating validation loss
2016-11-14 19:44:11,666     INFO main.train_DNN: epoch 23, validation error 174.348236, train error 167.017822  time spent 91.28
2016-11-14 19:45:40,779    DEBUG main.train_DNN: calculating validation loss
2016-11-14 19:45:43,806     INFO main.train_DNN: epoch 24, validation error 174.348129, train error 167.017319  time spent 90.15
2016-11-14 19:47:14,784    DEBUG main.train_DNN: calculating validation loss
2016-11-14 19:47:17,801     INFO main.train_DNN: epoch 25, validation error 174.348083, train error 167.017029  time spent 92.05
2016-11-14 19:47:19,832     INFO main.train_DNN: overall  training time: 39.01m validation error 174.348083
2016-11-14 19:47:19,975     INFO           main: generating from DNN
2016-11-14 19:47:20,008    DEBUG dnn_generation: Starting dnn_generation
2016-11-14 19:47:21,050     INFO dnn_generation: generating    1 of   10: /home/ashish/Text2Speech/TTSDNNRepo/egs/slt_arctic/s1/experiments/slt_arctic_demo/acoustic_model/data/nn_no_silence_lab_norm_425/arctic_a0051.lab
2016-11-14 19:47:22,235    DEBUG dnn_generation: saved to /home/ashish/Text2Speech/TTSDNNRepo/egs/slt_arctic/s1/experiments/slt_arctic_demo/acoustic_model/gen/DNN_TANH_TANH_TANH_TANH_LINEAR__mgc_lf0_vuv_bap_1_50_425_187_4_512_512/arctic_a0051.cmp
2016-11-14 19:47:22,236     INFO dnn_generation: generating    2 of   10: /home/ashish/Text2Speech/TTSDNNRepo/egs/slt_arctic/s1/experiments/slt_arctic_demo/acoustic_model/data/nn_no_silence_lab_norm_425/arctic_a0052.lab
2016-11-14 19:47:22,690    DEBUG dnn_generation: saved to /home/ashish/Text2Speech/TTSDNNRepo/egs/slt_arctic/s1/experiments/slt_arctic_demo/acoustic_model/gen/DNN_TANH_TANH_TANH_TANH_LINEAR__mgc_lf0_vuv_bap_1_50_425_187_4_512_512/arctic_a0052.cmp
2016-11-14 19:47:22,690     INFO dnn_generation: generating    3 of   10: /home/ashish/Text2Speech/TTSDNNRepo/egs/slt_arctic/s1/experiments/slt_arctic_demo/acoustic_model/data/nn_no_silence_lab_norm_425/arctic_a0053.lab
2016-11-14 19:47:23,414    DEBUG dnn_generation: saved to /home/ashish/Text2Speech/TTSDNNRepo/egs/slt_arctic/s1/experiments/slt_arctic_demo/acoustic_model/gen/DNN_TANH_TANH_TANH_TANH_LINEAR__mgc_lf0_vuv_bap_1_50_425_187_4_512_512/arctic_a0053.cmp
2016-11-14 19:47:23,415     INFO dnn_generation: generating    4 of   10: /home/ashish/Text2Speech/TTSDNNRepo/egs/slt_arctic/s1/experiments/slt_arctic_demo/acoustic_model/data/nn_no_silence_lab_norm_425/arctic_a0054.lab
2016-11-14 19:47:23,913    DEBUG dnn_generation: saved to /home/ashish/Text2Speech/TTSDNNRepo/egs/slt_arctic/s1/experiments/slt_arctic_demo/acoustic_model/gen/DNN_TANH_TANH_TANH_TANH_LINEAR__mgc_lf0_vuv_bap_1_50_425_187_4_512_512/arctic_a0054.cmp
2016-11-14 19:47:23,913     INFO dnn_generation: generating    5 of   10: /home/ashish/Text2Speech/TTSDNNRepo/egs/slt_arctic/s1/experiments/slt_arctic_demo/acoustic_model/data/nn_no_silence_lab_norm_425/arctic_a0055.lab
2016-11-14 19:47:24,818    DEBUG dnn_generation: saved to /home/ashish/Text2Speech/TTSDNNRepo/egs/slt_arctic/s1/experiments/slt_arctic_demo/acoustic_model/gen/DNN_TANH_TANH_TANH_TANH_LINEAR__mgc_lf0_vuv_bap_1_50_425_187_4_512_512/arctic_a0055.cmp
2016-11-14 19:47:24,818     INFO dnn_generation: generating    6 of   10: /home/ashish/Text2Speech/TTSDNNRepo/egs/slt_arctic/s1/experiments/slt_arctic_demo/acoustic_model/data/nn_no_silence_lab_norm_425/arctic_a0056.lab
2016-11-14 19:47:25,535    DEBUG dnn_generation: saved to /home/ashish/Text2Speech/TTSDNNRepo/egs/slt_arctic/s1/experiments/slt_arctic_demo/acoustic_model/gen/DNN_TANH_TANH_TANH_TANH_LINEAR__mgc_lf0_vuv_bap_1_50_425_187_4_512_512/arctic_a0056.cmp
2016-11-14 19:47:25,535     INFO dnn_generation: generating    7 of   10: /home/ashish/Text2Speech/TTSDNNRepo/egs/slt_arctic/s1/experiments/slt_arctic_demo/acoustic_model/data/nn_no_silence_lab_norm_425/arctic_a0057.lab
2016-11-14 19:47:26,088    DEBUG dnn_generation: saved to /home/ashish/Text2Speech/TTSDNNRepo/egs/slt_arctic/s1/experiments/slt_arctic_demo/acoustic_model/gen/DNN_TANH_TANH_TANH_TANH_LINEAR__mgc_lf0_vuv_bap_1_50_425_187_4_512_512/arctic_a0057.cmp
2016-11-14 19:47:26,088     INFO dnn_generation: generating    8 of   10: /home/ashish/Text2Speech/TTSDNNRepo/egs/slt_arctic/s1/experiments/slt_arctic_demo/acoustic_model/data/nn_no_silence_lab_norm_425/arctic_a0058.lab
2016-11-14 19:47:26,937    DEBUG dnn_generation: saved to /home/ashish/Text2Speech/TTSDNNRepo/egs/slt_arctic/s1/experiments/slt_arctic_demo/acoustic_model/gen/DNN_TANH_TANH_TANH_TANH_LINEAR__mgc_lf0_vuv_bap_1_50_425_187_4_512_512/arctic_a0058.cmp
2016-11-14 19:47:26,937     INFO dnn_generation: generating    9 of   10: /home/ashish/Text2Speech/TTSDNNRepo/egs/slt_arctic/s1/experiments/slt_arctic_demo/acoustic_model/data/nn_no_silence_lab_norm_425/arctic_a0059.lab
2016-11-14 19:47:27,513    DEBUG dnn_generation: saved to /home/ashish/Text2Speech/TTSDNNRepo/egs/slt_arctic/s1/experiments/slt_arctic_demo/acoustic_model/gen/DNN_TANH_TANH_TANH_TANH_LINEAR__mgc_lf0_vuv_bap_1_50_425_187_4_512_512/arctic_a0059.cmp
2016-11-14 19:47:27,513     INFO dnn_generation: generating   10 of   10: /home/ashish/Text2Speech/TTSDNNRepo/egs/slt_arctic/s1/experiments/slt_arctic_demo/acoustic_model/data/nn_no_silence_lab_norm_425/arctic_a0060.lab
2016-11-14 19:47:28,095    DEBUG dnn_generation: saved to /home/ashish/Text2Speech/TTSDNNRepo/egs/slt_arctic/s1/experiments/slt_arctic_demo/acoustic_model/gen/DNN_TANH_TANH_TANH_TANH_LINEAR__mgc_lf0_vuv_bap_1_50_425_187_4_512_512/arctic_a0060.cmp
2016-11-14 19:47:28,096    DEBUG           main: denormalising generated output using method MVN
2016-11-14 19:47:28,168    DEBUGparam_generation: acoustic_decomposition for 10 files
2016-11-14 19:47:28,216     INFOparam_generation: processing    1 of   10: /home/ashish/Text2Speech/TTSDNNRepo/egs/slt_arctic/s1/experiments/slt_arctic_demo/acoustic_model/gen/DNN_TANH_TANH_TANH_TANH_LINEAR__mgc_lf0_vuv_bap_1_50_425_187_4_512_512/arctic_a0051.cmp
2016-11-14 19:47:28,216    DEBUGparam_generation:  feature: mgc
2016-11-14 19:47:28,218    DEBUGparam_generation: starting MLParameterGeneration.generation
2016-11-14 19:47:28,282    DEBUGparam_generation:  feature dimensions: 763 by 60
2016-11-14 19:47:28,283    DEBUGparam_generation:  wrote to file /home/ashish/Text2Speech/TTSDNNRepo/egs/slt_arctic/s1/experiments/slt_arctic_demo/acoustic_model/gen/DNN_TANH_TANH_TANH_TANH_LINEAR__mgc_lf0_vuv_bap_1_50_425_187_4_512_512/arctic_a0051.mgc
2016-11-14 19:47:28,283    DEBUGparam_generation:  feature: lf0
2016-11-14 19:47:28,284    DEBUGparam_generation: starting MLParameterGeneration.generation
2016-11-14 19:47:28,285    DEBUGparam_generation:  feature dimensions: 763 by 1
2016-11-14 19:47:28,291    DEBUGparam_generation:  wrote to file /home/ashish/Text2Speech/TTSDNNRepo/egs/slt_arctic/s1/experiments/slt_arctic_demo/acoustic_model/gen/DNN_TANH_TANH_TANH_TANH_LINEAR__mgc_lf0_vuv_bap_1_50_425_187_4_512_512/arctic_a0051.lf0
2016-11-14 19:47:28,291    DEBUGparam_generation:  feature: bap
2016-11-14 19:47:28,291    DEBUGparam_generation: starting MLParameterGeneration.generation
2016-11-14 19:47:28,292    DEBUGparam_generation:  feature dimensions: 763 by 1
2016-11-14 19:47:28,293    DEBUGparam_generation:  wrote to file /home/ashish/Text2Speech/TTSDNNRepo/egs/slt_arctic/s1/experiments/slt_arctic_demo/acoustic_model/gen/DNN_TANH_TANH_TANH_TANH_LINEAR__mgc_lf0_vuv_bap_1_50_425_187_4_512_512/arctic_a0051.bap
2016-11-14 19:47:28,293     INFOparam_generation: processing    2 of   10: /home/ashish/Text2Speech/TTSDNNRepo/egs/slt_arctic/s1/experiments/slt_arctic_demo/acoustic_model/gen/DNN_TANH_TANH_TANH_TANH_LINEAR__mgc_lf0_vuv_bap_1_50_425_187_4_512_512/arctic_a0052.cmp
2016-11-14 19:47:28,293    DEBUGparam_generation:  feature: mgc
2016-11-14 19:47:28,294    DEBUGparam_generation: starting MLParameterGeneration.generation
2016-11-14 19:47:28,312    DEBUGparam_generation:  feature dimensions: 363 by 60
2016-11-14 19:47:28,313    DEBUGparam_generation:  wrote to file /home/ashish/Text2Speech/TTSDNNRepo/egs/slt_arctic/s1/experiments/slt_arctic_demo/acoustic_model/gen/DNN_TANH_TANH_TANH_TANH_LINEAR__mgc_lf0_vuv_bap_1_50_425_187_4_512_512/arctic_a0052.mgc
2016-11-14 19:47:28,313    DEBUGparam_generation:  feature: lf0
2016-11-14 19:47:28,313    DEBUGparam_generation: starting MLParameterGeneration.generation
2016-11-14 19:47:28,314    DEBUGparam_generation:  feature dimensions: 363 by 1
2016-11-14 19:47:28,317    DEBUGparam_generation:  wrote to file /home/ashish/Text2Speech/TTSDNNRepo/egs/slt_arctic/s1/experiments/slt_arctic_demo/acoustic_model/gen/DNN_TANH_TANH_TANH_TANH_LINEAR__mgc_lf0_vuv_bap_1_50_425_187_4_512_512/arctic_a0052.lf0
2016-11-14 19:47:28,317    DEBUGparam_generation:  feature: bap
2016-11-14 19:47:28,317    DEBUGparam_generation: starting MLParameterGeneration.generation
2016-11-14 19:47:28,318    DEBUGparam_generation:  feature dimensions: 363 by 1
2016-11-14 19:47:28,318    DEBUGparam_generation:  wrote to file /home/ashish/Text2Speech/TTSDNNRepo/egs/slt_arctic/s1/experiments/slt_arctic_demo/acoustic_model/gen/DNN_TANH_TANH_TANH_TANH_LINEAR__mgc_lf0_vuv_bap_1_50_425_187_4_512_512/arctic_a0052.bap
2016-11-14 19:47:28,319     INFOparam_generation: processing    3 of   10: /home/ashish/Text2Speech/TTSDNNRepo/egs/slt_arctic/s1/experiments/slt_arctic_demo/acoustic_model/gen/DNN_TANH_TANH_TANH_TANH_LINEAR__mgc_lf0_vuv_bap_1_50_425_187_4_512_512/arctic_a0053.cmp
2016-11-14 19:47:28,319    DEBUGparam_generation:  feature: mgc
2016-11-14 19:47:28,320    DEBUGparam_generation: starting MLParameterGeneration.generation
2016-11-14 19:47:28,340    DEBUGparam_generation:  feature dimensions: 592 by 60
2016-11-14 19:47:28,341    DEBUGparam_generation:  wrote to file /home/ashish/Text2Speech/TTSDNNRepo/egs/slt_arctic/s1/experiments/slt_arctic_demo/acoustic_model/gen/DNN_TANH_TANH_TANH_TANH_LINEAR__mgc_lf0_vuv_bap_1_50_425_187_4_512_512/arctic_a0053.mgc
2016-11-14 19:47:28,341    DEBUGparam_generation:  feature: lf0
2016-11-14 19:47:28,341    DEBUGparam_generation: starting MLParameterGeneration.generation
2016-11-14 19:47:28,342    DEBUGparam_generation:  feature dimensions: 592 by 1
2016-11-14 19:47:28,346    DEBUGparam_generation:  wrote to file /home/ashish/Text2Speech/TTSDNNRepo/egs/slt_arctic/s1/experiments/slt_arctic_demo/acoustic_model/gen/DNN_TANH_TANH_TANH_TANH_LINEAR__mgc_lf0_vuv_bap_1_50_425_187_4_512_512/arctic_a0053.lf0
2016-11-14 19:47:28,346    DEBUGparam_generation:  feature: bap
2016-11-14 19:47:28,346    DEBUGparam_generation: starting MLParameterGeneration.generation
2016-11-14 19:47:28,347    DEBUGparam_generation:  feature dimensions: 592 by 1
2016-11-14 19:47:28,347    DEBUGparam_generation:  wrote to file /home/ashish/Text2Speech/TTSDNNRepo/egs/slt_arctic/s1/experiments/slt_arctic_demo/acoustic_model/gen/DNN_TANH_TANH_TANH_TANH_LINEAR__mgc_lf0_vuv_bap_1_50_425_187_4_512_512/arctic_a0053.bap
2016-11-14 19:47:28,347     INFOparam_generation: processing    4 of   10: /home/ashish/Text2Speech/TTSDNNRepo/egs/slt_arctic/s1/experiments/slt_arctic_demo/acoustic_model/gen/DNN_TANH_TANH_TANH_TANH_LINEAR__mgc_lf0_vuv_bap_1_50_425_187_4_512_512/arctic_a0054.cmp
2016-11-14 19:47:28,347    DEBUGparam_generation:  feature: mgc
2016-11-14 19:47:28,348    DEBUGparam_generation: starting MLParameterGeneration.generation
2016-11-14 19:47:28,361    DEBUGparam_generation:  feature dimensions: 282 by 60
2016-11-14 19:47:28,362    DEBUGparam_generation:  wrote to file /home/ashish/Text2Speech/TTSDNNRepo/egs/slt_arctic/s1/experiments/slt_arctic_demo/acoustic_model/gen/DNN_TANH_TANH_TANH_TANH_LINEAR__mgc_lf0_vuv_bap_1_50_425_187_4_512_512/arctic_a0054.mgc
2016-11-14 19:47:28,362    DEBUGparam_generation:  feature: lf0
2016-11-14 19:47:28,362    DEBUGparam_generation: starting MLParameterGeneration.generation
2016-11-14 19:47:28,362    DEBUGparam_generation:  feature dimensions: 282 by 1
2016-11-14 19:47:28,364    DEBUGparam_generation:  wrote to file /home/ashish/Text2Speech/TTSDNNRepo/egs/slt_arctic/s1/experiments/slt_arctic_demo/acoustic_model/gen/DNN_TANH_TANH_TANH_TANH_LINEAR__mgc_lf0_vuv_bap_1_50_425_187_4_512_512/arctic_a0054.lf0
2016-11-14 19:47:28,364    DEBUGparam_generation:  feature: bap
2016-11-14 19:47:28,365    DEBUGparam_generation: starting MLParameterGeneration.generation
2016-11-14 19:47:28,365    DEBUGparam_generation:  feature dimensions: 282 by 1
2016-11-14 19:47:28,365    DEBUGparam_generation:  wrote to file /home/ashish/Text2Speech/TTSDNNRepo/egs/slt_arctic/s1/experiments/slt_arctic_demo/acoustic_model/gen/DNN_TANH_TANH_TANH_TANH_LINEAR__mgc_lf0_vuv_bap_1_50_425_187_4_512_512/arctic_a0054.bap
2016-11-14 19:47:28,366     INFOparam_generation: processing    5 of   10: /home/ashish/Text2Speech/TTSDNNRepo/egs/slt_arctic/s1/experiments/slt_arctic_demo/acoustic_model/gen/DNN_TANH_TANH_TANH_TANH_LINEAR__mgc_lf0_vuv_bap_1_50_425_187_4_512_512/arctic_a0055.cmp
2016-11-14 19:47:28,366    DEBUGparam_generation:  feature: mgc
2016-11-14 19:47:28,367    DEBUGparam_generation: starting MLParameterGeneration.generation
2016-11-14 19:47:28,385    DEBUGparam_generation:  feature dimensions: 780 by 60
2016-11-14 19:47:28,385    DEBUGparam_generation:  wrote to file /home/ashish/Text2Speech/TTSDNNRepo/egs/slt_arctic/s1/experiments/slt_arctic_demo/acoustic_model/gen/DNN_TANH_TANH_TANH_TANH_LINEAR__mgc_lf0_vuv_bap_1_50_425_187_4_512_512/arctic_a0055.mgc
2016-11-14 19:47:28,385    DEBUGparam_generation:  feature: lf0
2016-11-14 19:47:28,386    DEBUGparam_generation: starting MLParameterGeneration.generation
2016-11-14 19:47:28,386    DEBUGparam_generation:  feature dimensions: 780 by 1
2016-11-14 19:47:28,390    DEBUGparam_generation:  wrote to file /home/ashish/Text2Speech/TTSDNNRepo/egs/slt_arctic/s1/experiments/slt_arctic_demo/acoustic_model/gen/DNN_TANH_TANH_TANH_TANH_LINEAR__mgc_lf0_vuv_bap_1_50_425_187_4_512_512/arctic_a0055.lf0
2016-11-14 19:47:28,390    DEBUGparam_generation:  feature: bap
2016-11-14 19:47:28,391    DEBUGparam_generation: starting MLParameterGeneration.generation
2016-11-14 19:47:28,391    DEBUGparam_generation:  feature dimensions: 780 by 1
2016-11-14 19:47:28,391    DEBUGparam_generation:  wrote to file /home/ashish/Text2Speech/TTSDNNRepo/egs/slt_arctic/s1/experiments/slt_arctic_demo/acoustic_model/gen/DNN_TANH_TANH_TANH_TANH_LINEAR__mgc_lf0_vuv_bap_1_50_425_187_4_512_512/arctic_a0055.bap
2016-11-14 19:47:28,392     INFOparam_generation: processing    6 of   10: /home/ashish/Text2Speech/TTSDNNRepo/egs/slt_arctic/s1/experiments/slt_arctic_demo/acoustic_model/gen/DNN_TANH_TANH_TANH_TANH_LINEAR__mgc_lf0_vuv_bap_1_50_425_187_4_512_512/arctic_a0056.cmp
2016-11-14 19:47:28,392    DEBUGparam_generation:  feature: mgc
2016-11-14 19:47:28,393    DEBUGparam_generation: starting MLParameterGeneration.generation
2016-11-14 19:47:28,406    DEBUGparam_generation:  feature dimensions: 514 by 60
2016-11-14 19:47:28,407    DEBUGparam_generation:  wrote to file /home/ashish/Text2Speech/TTSDNNRepo/egs/slt_arctic/s1/experiments/slt_arctic_demo/acoustic_model/gen/DNN_TANH_TANH_TANH_TANH_LINEAR__mgc_lf0_vuv_bap_1_50_425_187_4_512_512/arctic_a0056.mgc
2016-11-14 19:47:28,407    DEBUGparam_generation:  feature: lf0
2016-11-14 19:47:28,407    DEBUGparam_generation: starting MLParameterGeneration.generation
2016-11-14 19:47:28,408    DEBUGparam_generation:  feature dimensions: 514 by 1
2016-11-14 19:47:28,410    DEBUGparam_generation:  wrote to file /home/ashish/Text2Speech/TTSDNNRepo/egs/slt_arctic/s1/experiments/slt_arctic_demo/acoustic_model/gen/DNN_TANH_TANH_TANH_TANH_LINEAR__mgc_lf0_vuv_bap_1_50_425_187_4_512_512/arctic_a0056.lf0
2016-11-14 19:47:28,410    DEBUGparam_generation:  feature: bap
2016-11-14 19:47:28,411    DEBUGparam_generation: starting MLParameterGeneration.generation
2016-11-14 19:47:28,411    DEBUGparam_generation:  feature dimensions: 514 by 1
2016-11-14 19:47:28,411    DEBUGparam_generation:  wrote to file /home/ashish/Text2Speech/TTSDNNRepo/egs/slt_arctic/s1/experiments/slt_arctic_demo/acoustic_model/gen/DNN_TANH_TANH_TANH_TANH_LINEAR__mgc_lf0_vuv_bap_1_50_425_187_4_512_512/arctic_a0056.bap
2016-11-14 19:47:28,411     INFOparam_generation: processing    7 of   10: /home/ashish/Text2Speech/TTSDNNRepo/egs/slt_arctic/s1/experiments/slt_arctic_demo/acoustic_model/gen/DNN_TANH_TANH_TANH_TANH_LINEAR__mgc_lf0_vuv_bap_1_50_425_187_4_512_512/arctic_a0057.cmp
2016-11-14 19:47:28,412    DEBUGparam_generation:  feature: mgc
2016-11-14 19:47:28,412    DEBUGparam_generation: starting MLParameterGeneration.generation
2016-11-14 19:47:28,424    DEBUGparam_generation:  feature dimensions: 358 by 60
2016-11-14 19:47:28,425    DEBUGparam_generation:  wrote to file /home/ashish/Text2Speech/TTSDNNRepo/egs/slt_arctic/s1/experiments/slt_arctic_demo/acoustic_model/gen/DNN_TANH_TANH_TANH_TANH_LINEAR__mgc_lf0_vuv_bap_1_50_425_187_4_512_512/arctic_a0057.mgc
2016-11-14 19:47:28,425    DEBUGparam_generation:  feature: lf0
2016-11-14 19:47:28,425    DEBUGparam_generation: starting MLParameterGeneration.generation
2016-11-14 19:47:28,426    DEBUGparam_generation:  feature dimensions: 358 by 1
2016-11-14 19:47:28,428    DEBUGparam_generation:  wrote to file /home/ashish/Text2Speech/TTSDNNRepo/egs/slt_arctic/s1/experiments/slt_arctic_demo/acoustic_model/gen/DNN_TANH_TANH_TANH_TANH_LINEAR__mgc_lf0_vuv_bap_1_50_425_187_4_512_512/arctic_a0057.lf0
2016-11-14 19:47:28,428    DEBUGparam_generation:  feature: bap
2016-11-14 19:47:28,428    DEBUGparam_generation: starting MLParameterGeneration.generation
2016-11-14 19:47:28,429    DEBUGparam_generation:  feature dimensions: 358 by 1
2016-11-14 19:47:28,429    DEBUGparam_generation:  wrote to file /home/ashish/Text2Speech/TTSDNNRepo/egs/slt_arctic/s1/experiments/slt_arctic_demo/acoustic_model/gen/DNN_TANH_TANH_TANH_TANH_LINEAR__mgc_lf0_vuv_bap_1_50_425_187_4_512_512/arctic_a0057.bap
2016-11-14 19:47:28,429     INFOparam_generation: processing    8 of   10: /home/ashish/Text2Speech/TTSDNNRepo/egs/slt_arctic/s1/experiments/slt_arctic_demo/acoustic_model/gen/DNN_TANH_TANH_TANH_TANH_LINEAR__mgc_lf0_vuv_bap_1_50_425_187_4_512_512/arctic_a0058.cmp
2016-11-14 19:47:28,429    DEBUGparam_generation:  feature: mgc
2016-11-14 19:47:28,430    DEBUGparam_generation: starting MLParameterGeneration.generation
2016-11-14 19:47:28,445    DEBUGparam_generation:  feature dimensions: 658 by 60
2016-11-14 19:47:28,446    DEBUGparam_generation:  wrote to file /home/ashish/Text2Speech/TTSDNNRepo/egs/slt_arctic/s1/experiments/slt_arctic_demo/acoustic_model/gen/DNN_TANH_TANH_TANH_TANH_LINEAR__mgc_lf0_vuv_bap_1_50_425_187_4_512_512/arctic_a0058.mgc
2016-11-14 19:47:28,446    DEBUGparam_generation:  feature: lf0
2016-11-14 19:47:28,446    DEBUGparam_generation: starting MLParameterGeneration.generation
2016-11-14 19:47:28,447    DEBUGparam_generation:  feature dimensions: 658 by 1
2016-11-14 19:47:28,450    DEBUGparam_generation:  wrote to file /home/ashish/Text2Speech/TTSDNNRepo/egs/slt_arctic/s1/experiments/slt_arctic_demo/acoustic_model/gen/DNN_TANH_TANH_TANH_TANH_LINEAR__mgc_lf0_vuv_bap_1_50_425_187_4_512_512/arctic_a0058.lf0
2016-11-14 19:47:28,450    DEBUGparam_generation:  feature: bap
2016-11-14 19:47:28,450    DEBUGparam_generation: starting MLParameterGeneration.generation
2016-11-14 19:47:28,451    DEBUGparam_generation:  feature dimensions: 658 by 1
2016-11-14 19:47:28,451    DEBUGparam_generation:  wrote to file /home/ashish/Text2Speech/TTSDNNRepo/egs/slt_arctic/s1/experiments/slt_arctic_demo/acoustic_model/gen/DNN_TANH_TANH_TANH_TANH_LINEAR__mgc_lf0_vuv_bap_1_50_425_187_4_512_512/arctic_a0058.bap
2016-11-14 19:47:28,451     INFOparam_generation: processing    9 of   10: /home/ashish/Text2Speech/TTSDNNRepo/egs/slt_arctic/s1/experiments/slt_arctic_demo/acoustic_model/gen/DNN_TANH_TANH_TANH_TANH_LINEAR__mgc_lf0_vuv_bap_1_50_425_187_4_512_512/arctic_a0059.cmp
2016-11-14 19:47:28,451    DEBUGparam_generation:  feature: mgc
2016-11-14 19:47:28,452    DEBUGparam_generation: starting MLParameterGeneration.generation
2016-11-14 19:47:28,464    DEBUGparam_generation:  feature dimensions: 394 by 60
2016-11-14 19:47:28,464    DEBUGparam_generation:  wrote to file /home/ashish/Text2Speech/TTSDNNRepo/egs/slt_arctic/s1/experiments/slt_arctic_demo/acoustic_model/gen/DNN_TANH_TANH_TANH_TANH_LINEAR__mgc_lf0_vuv_bap_1_50_425_187_4_512_512/arctic_a0059.mgc
2016-11-14 19:47:28,464    DEBUGparam_generation:  feature: lf0
2016-11-14 19:47:28,465    DEBUGparam_generation: starting MLParameterGeneration.generation
2016-11-14 19:47:28,465    DEBUGparam_generation:  feature dimensions: 394 by 1
2016-11-14 19:47:28,467    DEBUGparam_generation:  wrote to file /home/ashish/Text2Speech/TTSDNNRepo/egs/slt_arctic/s1/experiments/slt_arctic_demo/acoustic_model/gen/DNN_TANH_TANH_TANH_TANH_LINEAR__mgc_lf0_vuv_bap_1_50_425_187_4_512_512/arctic_a0059.lf0
2016-11-14 19:47:28,467    DEBUGparam_generation:  feature: bap
2016-11-14 19:47:28,467    DEBUGparam_generation: starting MLParameterGeneration.generation
2016-11-14 19:47:28,468    DEBUGparam_generation:  feature dimensions: 394 by 1
2016-11-14 19:47:28,468    DEBUGparam_generation:  wrote to file /home/ashish/Text2Speech/TTSDNNRepo/egs/slt_arctic/s1/experiments/slt_arctic_demo/acoustic_model/gen/DNN_TANH_TANH_TANH_TANH_LINEAR__mgc_lf0_vuv_bap_1_50_425_187_4_512_512/arctic_a0059.bap
2016-11-14 19:47:28,468     INFOparam_generation: processing   10 of   10: /home/ashish/Text2Speech/TTSDNNRepo/egs/slt_arctic/s1/experiments/slt_arctic_demo/acoustic_model/gen/DNN_TANH_TANH_TANH_TANH_LINEAR__mgc_lf0_vuv_bap_1_50_425_187_4_512_512/arctic_a0060.cmp
2016-11-14 19:47:28,468    DEBUGparam_generation:  feature: mgc
2016-11-14 19:47:28,469    DEBUGparam_generation: starting MLParameterGeneration.generation
2016-11-14 19:47:28,481    DEBUGparam_generation:  feature dimensions: 400 by 60
2016-11-14 19:47:28,481    DEBUGparam_generation:  wrote to file /home/ashish/Text2Speech/TTSDNNRepo/egs/slt_arctic/s1/experiments/slt_arctic_demo/acoustic_model/gen/DNN_TANH_TANH_TANH_TANH_LINEAR__mgc_lf0_vuv_bap_1_50_425_187_4_512_512/arctic_a0060.mgc
2016-11-14 19:47:28,482    DEBUGparam_generation:  feature: lf0
2016-11-14 19:47:28,482    DEBUGparam_generation: starting MLParameterGeneration.generation
2016-11-14 19:47:28,482    DEBUGparam_generation:  feature dimensions: 400 by 1
2016-11-14 19:47:28,484    DEBUGparam_generation:  wrote to file /home/ashish/Text2Speech/TTSDNNRepo/egs/slt_arctic/s1/experiments/slt_arctic_demo/acoustic_model/gen/DNN_TANH_TANH_TANH_TANH_LINEAR__mgc_lf0_vuv_bap_1_50_425_187_4_512_512/arctic_a0060.lf0
2016-11-14 19:47:28,484    DEBUGparam_generation:  feature: bap
2016-11-14 19:47:28,485    DEBUGparam_generation: starting MLParameterGeneration.generation
2016-11-14 19:47:28,485    DEBUGparam_generation:  feature dimensions: 400 by 1
2016-11-14 19:47:28,485    DEBUGparam_generation:  wrote to file /home/ashish/Text2Speech/TTSDNNRepo/egs/slt_arctic/s1/experiments/slt_arctic_demo/acoustic_model/gen/DNN_TANH_TANH_TANH_TANH_LINEAR__mgc_lf0_vuv_bap_1_50_425_187_4_512_512/arctic_a0060.bap
2016-11-14 19:47:28,485     INFO           main: reconstructing waveform(s)
2016-11-14 19:47:28,485     INFO wav_generation: creating waveform for    1 of   10: arctic_a0051
2016-11-14 19:47:28,574 CRITICAL     subprocess: exit status 127
2016-11-14 19:47:28,575 CRITICAL     subprocess:  for command: echo 1 1 1.4 1.4 1.4 1.4 1.4 1.4 1.4 1.4 1.4 1.4 1.4 1.4 1.4 1.4 1.4 1.4 1.4 1.4 1.4 1.4 1.4 1.4 1.4 1.4 1.4 1.4 1.4 1.4 1.4 1.4 1.4 1.4 1.4 1.4 1.4 1.4 1.4 1.4 1.4 1.4 1.4 1.4 1.4 1.4 1.4 1.4 1.4 1.4 1.4 1.4 1.4 1.4 1.4 1.4 1.4 1.4 1.4 1.4  | /home/ashish/Text2Speech/TTSDNNRepo/tools/bin/SPTK-3.9/x2x +af > /home/ashish/Text2Speech/TTSDNNRepo/egs/slt_arctic/s1/experiments/slt_arctic_demo/acoustic_model/gen/DNN_TANH_TANH_TANH_TANH_LINEAR__mgc_lf0_vuv_bap_1_50_425_187_4_512_512/weight
2016-11-14 19:47:28,575 CRITICAL     subprocess:       stderr: /bin/sh: 1: /home/ashish/Text2Speech/TTSDNNRepo/tools/bin/SPTK-3.9/x2x: not found

2016-11-14 19:47:28,575 CRITICAL     subprocess:       stdout: 
2016-11-14 19:47:28,575 CRITICAL     subprocess: OSError for echo 1 1 1.4 1.4 1.4 1.4 1.4 1.4 1.4 1.4 1.4 1.4 1.4 1.4 1.4 1.4 1.4 1.4 1.4 1.4 1.4 1.4 1.4 1.4 1.4 1.4 1.4 1.4 1.4 1.4 1.4 1.4 1.4 1.4 1.4 1.4 1.4 1.4 1.4 1.4 1.4 1.4 1.4 1.4 1.4 1.4 1.4 1.4 1.4 1.4 1.4 1.4 1.4 1.4 1.4 1.4 1.4 1.4 1.4 1.4  | /home/ashish/Text2Speech/TTSDNNRepo/tools/bin/SPTK-3.9/x2x +af > /home/ashish/Text2Speech/TTSDNNRepo/egs/slt_arctic/s1/experiments/slt_arctic_demo/acoustic_model/gen/DNN_TANH_TANH_TANH_TANH_LINEAR__mgc_lf0_vuv_bap_1_50_425_187_4_512_512/weight
