2016-11-14 20:42:23,514     INFO  configuration: logging is now fully configured
2016-11-14 20:42:23,514    DEBUG  configuration: setting up output features
2016-11-14 20:42:23,515    DEBUG  configuration:  mgc
2016-11-14 20:42:23,515     INFO  configuration:   in_dimension: 60
2016-11-14 20:42:23,515     INFO  configuration:   out_dimension : 180
2016-11-14 20:42:23,515     INFO  configuration:   in_directory : /home/ashish/Text2Speech/TTSDNNRepo/egs/slt_arctic/s1/experiments/slt_arctic_demo/acoustic_model/data/mgc
2016-11-14 20:42:23,515    DEBUG  configuration:  lf0
2016-11-14 20:42:23,515     INFO  configuration:   in_dimension: 1
2016-11-14 20:42:23,516     INFO  configuration:   out_dimension : 3
2016-11-14 20:42:23,516     INFO  configuration:   in_directory : /home/ashish/Text2Speech/TTSDNNRepo/egs/slt_arctic/s1/experiments/slt_arctic_demo/acoustic_model/data/lf0
2016-11-14 20:42:23,516    DEBUG  configuration:  vuv
2016-11-14 20:42:23,516     INFO  configuration:   in_dimension: 0
2016-11-14 20:42:23,516     INFO  configuration:   out_dimension : 1
2016-11-14 20:42:23,516     INFO  configuration:   in_directory : 
2016-11-14 20:42:23,516    DEBUG  configuration:  bap
2016-11-14 20:42:23,517     INFO  configuration:   in_dimension: 1
2016-11-14 20:42:23,517     INFO  configuration:   out_dimension : 3
2016-11-14 20:42:23,517     INFO  configuration:   in_directory : /home/ashish/Text2Speech/TTSDNNRepo/egs/slt_arctic/s1/experiments/slt_arctic_demo/acoustic_model/data/bap
2016-11-14 20:42:23,517     INFO  configuration: multistream dimensions: [187]
2016-11-14 20:42:23,517     INFO  configuration: use_rprop : 0
2016-11-14 20:42:23,517     INFO  configuration: dropout_rate : 0.0
2016-11-14 20:42:23,518     INFO  configuration: projection_outsize : 10
2016-11-14 20:42:23,518     INFO  configuration: early_stop_epochs : 5
2016-11-14 20:42:23,518     INFO  configuration: warmup_epoch : 10
2016-11-14 20:42:23,518     INFO  configuration: learning_rate : 0.002
2016-11-14 20:42:23,518     INFO  configuration: layers_with_projection_input : [0]
2016-11-14 20:42:23,518     INFO  configuration: batch_size : 256
2016-11-14 20:42:23,518     INFO  configuration: model_type : DNN
2016-11-14 20:42:23,519     INFO  configuration: hidden_layer_size : [512, 512, 512, 512]
2016-11-14 20:42:23,519     INFO  configuration: projection_learning_rate_scaling : 1.0
2016-11-14 20:42:23,519     INFO  configuration: pretraining_epochs : 10
2016-11-14 20:42:23,519     INFO  configuration: initial_projection_distrib : gaussian
2016-11-14 20:42:23,519     INFO  configuration: index_to_project : 0
2016-11-14 20:42:23,519     INFO  configuration: l2_reg : 1e-05
2016-11-14 20:42:23,519     INFO  configuration: warmup_momentum : 0.3
2016-11-14 20:42:23,520     INFO  configuration: training_epochs : 25
2016-11-14 20:42:23,520     INFO  configuration: hidden_activation : tanh
2016-11-14 20:42:23,520     INFO  configuration: hidden_layer_type : ['TANH', 'TANH', 'TANH', 'TANH']
2016-11-14 20:42:23,520     INFO  configuration: sequential_training : False
2016-11-14 20:42:23,520     INFO  configuration: do_pretraining : False
2016-11-14 20:42:23,520     INFO  configuration: projection_insize : 10000
2016-11-14 20:42:23,521     INFO  configuration: l1_reg : 0.0
2016-11-14 20:42:23,521     INFO  configuration: output_activation : linear
2016-11-14 20:42:23,521     INFO  configuration: pretraining_lr : 0.0001
2016-11-14 20:42:23,521     INFO  configuration: momentum : 0.9
2016-11-14 20:42:23,521    DEBUG  configuration: configuration completed
2016-11-14 20:42:23,521     INFO           main: Installation information:
2016-11-14 20:42:23,521     INFO           main:   Merlin directory: /home/ashish/Text2Speech/TTSDNNRepo
2016-11-14 20:42:23,522     INFO           main:   PATH:
2016-11-14 20:42:23,522     INFO           main:       /home/ashish/.rbenv/plugins/ruby-build/bin
2016-11-14 20:42:23,522     INFO           main:       /home/ashish/.rbenv/shims
2016-11-14 20:42:23,522     INFO           main:       /home/ashish/.rbenv/bin
2016-11-14 20:42:23,522     INFO           main:       /usr/local/sbin
2016-11-14 20:42:23,522     INFO           main:       /usr/local/bin
2016-11-14 20:42:23,522     INFO           main:       /usr/sbin
2016-11-14 20:42:23,523     INFO           main:       /usr/bin
2016-11-14 20:42:23,523     INFO           main:       /sbin
2016-11-14 20:42:23,523     INFO           main:       /bin
2016-11-14 20:42:23,523     INFO           main:       /usr/games
2016-11-14 20:42:23,523     INFO           main:       /usr/local/games
2016-11-14 20:42:23,523     INFO           main:       /opt/android-sdk/tools
2016-11-14 20:42:23,524     INFO           main:       /opt/android-sdk/platform-tools
2016-11-14 20:42:23,524     INFO           main:       /opt/node/bin
2016-11-14 20:42:23,524     INFO           main:       /opt/gradle/bin
2016-11-14 20:42:23,524     INFO           main:   LD_LIBRARY_PATH:
2016-11-14 20:42:23,524     INFO           main:   Python version: 2.7.6 (default, Jun 22 2015, 17:58:13) [GCC 4.8.2]
2016-11-14 20:42:23,524     INFO           main:     PYTHONPATH:
2016-11-14 20:42:23,524     INFO           main:   Numpy version: 1.8.2
2016-11-14 20:42:23,525     INFO           main:   Theano version: 0.8.1
2016-11-14 20:42:23,525     INFO           main:     THEANO_FLAGS: cuda.root=/opt/6.5.19,floatX=float32,on_unused_input=ignore
2016-11-14 20:42:23,525     INFO           main:     device: cpu
2016-11-14 20:42:23,533     INFO           main:   Git is available in the working directory:
2016-11-14 20:42:23,540     INFO           main:     Merlin version: 75d833a
2016-11-14 20:42:23,546     INFO           main:     branch: master
2016-11-14 20:42:23,552     INFO           main:     diff to Merlin version:
2016-11-14 20:42:23,553     INFO           main:       M test/test_install.sh
2016-11-14 20:42:23,553     INFO           main:       (all diffs logged in DNN_TANH_TANH_TANH_TANH_LINEAR__mgc_lf0_vuv_bap_50_259_4_512_0.002000_08_42PM_November_14_2016.log.gitdiff)
2016-11-14 20:42:23,559     INFO           main: Execution information:
2016-11-14 20:42:23,560     INFO           main:   HOSTNAME: ashish-HP
2016-11-14 20:42:23,560     INFO           main:   USER: ashish
2016-11-14 20:42:23,560     INFO           main:   PID: 29808
2016-11-14 20:42:23,570    DEBUG           main: Loaded file id list from /home/ashish/Text2Speech/TTSDNNRepo/egs/slt_arctic/s1/experiments/slt_arctic_demo/acoustic_model/data/file_id_list_demo.scp
2016-11-14 20:42:23,598    DEBUG         labels: HTS-derived input feature dimension is 416 + 9 = 425
2016-11-14 20:42:23,599     INFO           main: Input label dimension is 425
2016-11-14 20:42:23,599    DEBUG           main: Loaded file id list from /home/ashish/Text2Speech/TTSDNNRepo/egs/slt_arctic/s1/experiments/slt_arctic_demo/test_synthesis/test_id_list.scp
2016-11-14 20:42:23,599     INFO           main: preparing label data (input) using standard HTS style labels
2016-11-14 20:42:23,599     INFO         labels: loaded /home/ashish/Text2Speech/TTSDNNRepo/egs/slt_arctic/s1/experiments/slt_arctic_demo/test_synthesis/gen-lab/arctic_a0001.lab, 185 labels
2016-11-14 20:42:23,642    DEBUG         labels: made label matrix of 688 frames x 425 labels
2016-11-14 20:42:23,658     INFO         labels: loaded /home/ashish/Text2Speech/TTSDNNRepo/egs/slt_arctic/s1/experiments/slt_arctic_demo/test_synthesis/gen-lab/arctic_a0002.lab, 210 labels
2016-11-14 20:42:23,714    DEBUG         labels: made label matrix of 736 frames x 425 labels
2016-11-14 20:42:23,717     INFO         labels: loaded /home/ashish/Text2Speech/TTSDNNRepo/egs/slt_arctic/s1/experiments/slt_arctic_demo/test_synthesis/gen-lab/arctic_a0003.lab, 205 labels
2016-11-14 20:42:23,768    DEBUG         labels: made label matrix of 596 frames x 425 labels
2016-11-14 20:42:23,770     INFO         labels: loaded /home/ashish/Text2Speech/TTSDNNRepo/egs/slt_arctic/s1/experiments/slt_arctic_demo/test_synthesis/gen-lab/arctic_a0004.lab, 140 labels
2016-11-14 20:42:23,809    DEBUG         labels: made label matrix of 470 frames x 425 labels
2016-11-14 20:42:23,811     INFO         labels: loaded /home/ashish/Text2Speech/TTSDNNRepo/egs/slt_arctic/s1/experiments/slt_arctic_demo/test_synthesis/gen-lab/arctic_a0005.lab,  85 labels
2016-11-14 20:42:23,833    DEBUG         labels: made label matrix of 301 frames x 425 labels
2016-11-14 20:42:23,835     INFO         labels: loaded /home/ashish/Text2Speech/TTSDNNRepo/egs/slt_arctic/s1/experiments/slt_arctic_demo/test_synthesis/gen-lab/arctic_a0056.lab, 165 labels
2016-11-14 20:42:23,879    DEBUG         labels: made label matrix of 560 frames x 425 labels
2016-11-14 20:42:23,880     INFO         labels: loaded /home/ashish/Text2Speech/TTSDNNRepo/egs/slt_arctic/s1/experiments/slt_arctic_demo/test_synthesis/gen-lab/arctic_a0057.lab, 115 labels
2016-11-14 20:42:23,908    DEBUG         labels: made label matrix of 473 frames x 425 labels
2016-11-14 20:42:23,909     INFO         labels: loaded /home/ashish/Text2Speech/TTSDNNRepo/egs/slt_arctic/s1/experiments/slt_arctic_demo/test_synthesis/gen-lab/arctic_a0058.lab, 235 labels
2016-11-14 20:42:23,969    DEBUG         labels: made label matrix of 746 frames x 425 labels
2016-11-14 20:42:23,973     INFO         labels: loaded /home/ashish/Text2Speech/TTSDNNRepo/egs/slt_arctic/s1/experiments/slt_arctic_demo/test_synthesis/gen-lab/arctic_a0059.lab, 140 labels
2016-11-14 20:42:24,009    DEBUG         labels: made label matrix of 472 frames x 425 labels
2016-11-14 20:42:24,011     INFO         labels: loaded /home/ashish/Text2Speech/TTSDNNRepo/egs/slt_arctic/s1/experiments/slt_arctic_demo/test_synthesis/gen-lab/arctic_a0060.lab, 110 labels
2016-11-14 20:42:24,036    DEBUG         labels: made label matrix of 405 frames x 425 labels
2016-11-14 20:42:24,139    DEBUG  acoustic_norm: MinMaxNormalisation created for feature dimension of 425
2016-11-14 20:42:24,192     INFO  acoustic_norm: Loaded min max values from the trained data for feature dimension of 425
2016-11-14 20:42:24,387    DEBUG         labels: HTS-derived input feature dimension is 416 + 9 = 425
2016-11-14 20:42:24,387     INFO           main: label dimension is 425
2016-11-14 20:42:24,387     INFO           main: generating from DNN
2016-11-14 20:42:24,408    DEBUG dnn_generation: Starting dnn_generation
2016-11-14 20:42:25,389     INFO dnn_generation: generating    1 of   10: /home/ashish/Text2Speech/TTSDNNRepo/egs/slt_arctic/s1/experiments/slt_arctic_demo/acoustic_model/data/nn_no_silence_lab_norm_425/arctic_a0001.lab
2016-11-14 20:42:26,421    DEBUG dnn_generation: saved to /home/ashish/Text2Speech/TTSDNNRepo/egs/slt_arctic/s1/experiments/slt_arctic_demo/test_synthesis/wav/arctic_a0001.cmp
2016-11-14 20:42:26,422     INFO dnn_generation: generating    2 of   10: /home/ashish/Text2Speech/TTSDNNRepo/egs/slt_arctic/s1/experiments/slt_arctic_demo/acoustic_model/data/nn_no_silence_lab_norm_425/arctic_a0002.lab
2016-11-14 20:42:27,279    DEBUG dnn_generation: saved to /home/ashish/Text2Speech/TTSDNNRepo/egs/slt_arctic/s1/experiments/slt_arctic_demo/test_synthesis/wav/arctic_a0002.cmp
2016-11-14 20:42:27,280     INFO dnn_generation: generating    3 of   10: /home/ashish/Text2Speech/TTSDNNRepo/egs/slt_arctic/s1/experiments/slt_arctic_demo/acoustic_model/data/nn_no_silence_lab_norm_425/arctic_a0003.lab
2016-11-14 20:42:28,030    DEBUG dnn_generation: saved to /home/ashish/Text2Speech/TTSDNNRepo/egs/slt_arctic/s1/experiments/slt_arctic_demo/test_synthesis/wav/arctic_a0003.cmp
2016-11-14 20:42:28,031     INFO dnn_generation: generating    4 of   10: /home/ashish/Text2Speech/TTSDNNRepo/egs/slt_arctic/s1/experiments/slt_arctic_demo/acoustic_model/data/nn_no_silence_lab_norm_425/arctic_a0004.lab
2016-11-14 20:42:28,600    DEBUG dnn_generation: saved to /home/ashish/Text2Speech/TTSDNNRepo/egs/slt_arctic/s1/experiments/slt_arctic_demo/test_synthesis/wav/arctic_a0004.cmp
2016-11-14 20:42:28,601     INFO dnn_generation: generating    5 of   10: /home/ashish/Text2Speech/TTSDNNRepo/egs/slt_arctic/s1/experiments/slt_arctic_demo/acoustic_model/data/nn_no_silence_lab_norm_425/arctic_a0005.lab
2016-11-14 20:42:28,999    DEBUG dnn_generation: saved to /home/ashish/Text2Speech/TTSDNNRepo/egs/slt_arctic/s1/experiments/slt_arctic_demo/test_synthesis/wav/arctic_a0005.cmp
2016-11-14 20:42:29,000     INFO dnn_generation: generating    6 of   10: /home/ashish/Text2Speech/TTSDNNRepo/egs/slt_arctic/s1/experiments/slt_arctic_demo/acoustic_model/data/nn_no_silence_lab_norm_425/arctic_a0056.lab
2016-11-14 20:42:29,688    DEBUG dnn_generation: saved to /home/ashish/Text2Speech/TTSDNNRepo/egs/slt_arctic/s1/experiments/slt_arctic_demo/test_synthesis/wav/arctic_a0056.cmp
2016-11-14 20:42:29,688     INFO dnn_generation: generating    7 of   10: /home/ashish/Text2Speech/TTSDNNRepo/egs/slt_arctic/s1/experiments/slt_arctic_demo/acoustic_model/data/nn_no_silence_lab_norm_425/arctic_a0057.lab
2016-11-14 20:42:30,268    DEBUG dnn_generation: saved to /home/ashish/Text2Speech/TTSDNNRepo/egs/slt_arctic/s1/experiments/slt_arctic_demo/test_synthesis/wav/arctic_a0057.cmp
2016-11-14 20:42:30,268     INFO dnn_generation: generating    8 of   10: /home/ashish/Text2Speech/TTSDNNRepo/egs/slt_arctic/s1/experiments/slt_arctic_demo/acoustic_model/data/nn_no_silence_lab_norm_425/arctic_a0058.lab
2016-11-14 20:42:31,182    DEBUG dnn_generation: saved to /home/ashish/Text2Speech/TTSDNNRepo/egs/slt_arctic/s1/experiments/slt_arctic_demo/test_synthesis/wav/arctic_a0058.cmp
2016-11-14 20:42:31,182     INFO dnn_generation: generating    9 of   10: /home/ashish/Text2Speech/TTSDNNRepo/egs/slt_arctic/s1/experiments/slt_arctic_demo/acoustic_model/data/nn_no_silence_lab_norm_425/arctic_a0059.lab
2016-11-14 20:42:31,797    DEBUG dnn_generation: saved to /home/ashish/Text2Speech/TTSDNNRepo/egs/slt_arctic/s1/experiments/slt_arctic_demo/test_synthesis/wav/arctic_a0059.cmp
2016-11-14 20:42:31,797     INFO dnn_generation: generating   10 of   10: /home/ashish/Text2Speech/TTSDNNRepo/egs/slt_arctic/s1/experiments/slt_arctic_demo/acoustic_model/data/nn_no_silence_lab_norm_425/arctic_a0060.lab
2016-11-14 20:42:32,295    DEBUG dnn_generation: saved to /home/ashish/Text2Speech/TTSDNNRepo/egs/slt_arctic/s1/experiments/slt_arctic_demo/test_synthesis/wav/arctic_a0060.cmp
2016-11-14 20:42:32,296    DEBUG           main: denormalising generated output using method MVN
2016-11-14 20:42:32,306    DEBUGparam_generation: acoustic_decomposition for 10 files
2016-11-14 20:42:32,307     INFOparam_generation: processing    1 of   10: /home/ashish/Text2Speech/TTSDNNRepo/egs/slt_arctic/s1/experiments/slt_arctic_demo/test_synthesis/wav/arctic_a0001.cmp
2016-11-14 20:42:32,307    DEBUGparam_generation:  feature: mgc
2016-11-14 20:42:32,308    DEBUGparam_generation: starting MLParameterGeneration.generation
2016-11-14 20:42:32,324    DEBUGparam_generation:  feature dimensions: 688 by 60
2016-11-14 20:42:32,326    DEBUGparam_generation:  wrote to file /home/ashish/Text2Speech/TTSDNNRepo/egs/slt_arctic/s1/experiments/slt_arctic_demo/test_synthesis/wav/arctic_a0001.mgc
2016-11-14 20:42:32,326    DEBUGparam_generation:  feature: lf0
2016-11-14 20:42:32,326    DEBUGparam_generation: starting MLParameterGeneration.generation
2016-11-14 20:42:32,327    DEBUGparam_generation:  feature dimensions: 688 by 1
2016-11-14 20:42:32,333    DEBUGparam_generation:  wrote to file /home/ashish/Text2Speech/TTSDNNRepo/egs/slt_arctic/s1/experiments/slt_arctic_demo/test_synthesis/wav/arctic_a0001.lf0
2016-11-14 20:42:32,333    DEBUGparam_generation:  feature: bap
2016-11-14 20:42:32,333    DEBUGparam_generation: starting MLParameterGeneration.generation
2016-11-14 20:42:32,334    DEBUGparam_generation:  feature dimensions: 688 by 1
2016-11-14 20:42:32,336    DEBUGparam_generation:  wrote to file /home/ashish/Text2Speech/TTSDNNRepo/egs/slt_arctic/s1/experiments/slt_arctic_demo/test_synthesis/wav/arctic_a0001.bap
2016-11-14 20:42:32,337     INFOparam_generation: processing    2 of   10: /home/ashish/Text2Speech/TTSDNNRepo/egs/slt_arctic/s1/experiments/slt_arctic_demo/test_synthesis/wav/arctic_a0002.cmp
2016-11-14 20:42:32,337    DEBUGparam_generation:  feature: mgc
2016-11-14 20:42:32,338    DEBUGparam_generation: starting MLParameterGeneration.generation
2016-11-14 20:42:32,354    DEBUGparam_generation:  feature dimensions: 736 by 60
2016-11-14 20:42:32,356    DEBUGparam_generation:  wrote to file /home/ashish/Text2Speech/TTSDNNRepo/egs/slt_arctic/s1/experiments/slt_arctic_demo/test_synthesis/wav/arctic_a0002.mgc
2016-11-14 20:42:32,357    DEBUGparam_generation:  feature: lf0
2016-11-14 20:42:32,357    DEBUGparam_generation: starting MLParameterGeneration.generation
2016-11-14 20:42:32,357    DEBUGparam_generation:  feature dimensions: 736 by 1
2016-11-14 20:42:32,364    DEBUGparam_generation:  wrote to file /home/ashish/Text2Speech/TTSDNNRepo/egs/slt_arctic/s1/experiments/slt_arctic_demo/test_synthesis/wav/arctic_a0002.lf0
2016-11-14 20:42:32,364    DEBUGparam_generation:  feature: bap
2016-11-14 20:42:32,364    DEBUGparam_generation: starting MLParameterGeneration.generation
2016-11-14 20:42:32,365    DEBUGparam_generation:  feature dimensions: 736 by 1
2016-11-14 20:42:32,367    DEBUGparam_generation:  wrote to file /home/ashish/Text2Speech/TTSDNNRepo/egs/slt_arctic/s1/experiments/slt_arctic_demo/test_synthesis/wav/arctic_a0002.bap
2016-11-14 20:42:32,368     INFOparam_generation: processing    3 of   10: /home/ashish/Text2Speech/TTSDNNRepo/egs/slt_arctic/s1/experiments/slt_arctic_demo/test_synthesis/wav/arctic_a0003.cmp
2016-11-14 20:42:32,368    DEBUGparam_generation:  feature: mgc
2016-11-14 20:42:32,369    DEBUGparam_generation: starting MLParameterGeneration.generation
2016-11-14 20:42:32,383    DEBUGparam_generation:  feature dimensions: 596 by 60
2016-11-14 20:42:32,386    DEBUGparam_generation:  wrote to file /home/ashish/Text2Speech/TTSDNNRepo/egs/slt_arctic/s1/experiments/slt_arctic_demo/test_synthesis/wav/arctic_a0003.mgc
2016-11-14 20:42:32,386    DEBUGparam_generation:  feature: lf0
2016-11-14 20:42:32,386    DEBUGparam_generation: starting MLParameterGeneration.generation
2016-11-14 20:42:32,387    DEBUGparam_generation:  feature dimensions: 596 by 1
2016-11-14 20:42:32,392    DEBUGparam_generation:  wrote to file /home/ashish/Text2Speech/TTSDNNRepo/egs/slt_arctic/s1/experiments/slt_arctic_demo/test_synthesis/wav/arctic_a0003.lf0
2016-11-14 20:42:32,393    DEBUGparam_generation:  feature: bap
2016-11-14 20:42:32,393    DEBUGparam_generation: starting MLParameterGeneration.generation
2016-11-14 20:42:32,393    DEBUGparam_generation:  feature dimensions: 596 by 1
2016-11-14 20:42:32,396    DEBUGparam_generation:  wrote to file /home/ashish/Text2Speech/TTSDNNRepo/egs/slt_arctic/s1/experiments/slt_arctic_demo/test_synthesis/wav/arctic_a0003.bap
2016-11-14 20:42:32,396     INFOparam_generation: processing    4 of   10: /home/ashish/Text2Speech/TTSDNNRepo/egs/slt_arctic/s1/experiments/slt_arctic_demo/test_synthesis/wav/arctic_a0004.cmp
2016-11-14 20:42:32,396    DEBUGparam_generation:  feature: mgc
2016-11-14 20:42:32,397    DEBUGparam_generation: starting MLParameterGeneration.generation
2016-11-14 20:42:32,411    DEBUGparam_generation:  feature dimensions: 470 by 60
2016-11-14 20:42:32,413    DEBUGparam_generation:  wrote to file /home/ashish/Text2Speech/TTSDNNRepo/egs/slt_arctic/s1/experiments/slt_arctic_demo/test_synthesis/wav/arctic_a0004.mgc
2016-11-14 20:42:32,413    DEBUGparam_generation:  feature: lf0
2016-11-14 20:42:32,414    DEBUGparam_generation: starting MLParameterGeneration.generation
2016-11-14 20:42:32,414    DEBUGparam_generation:  feature dimensions: 470 by 1
2016-11-14 20:42:32,418    DEBUGparam_generation:  wrote to file /home/ashish/Text2Speech/TTSDNNRepo/egs/slt_arctic/s1/experiments/slt_arctic_demo/test_synthesis/wav/arctic_a0004.lf0
2016-11-14 20:42:32,419    DEBUGparam_generation:  feature: bap
2016-11-14 20:42:32,419    DEBUGparam_generation: starting MLParameterGeneration.generation
2016-11-14 20:42:32,419    DEBUGparam_generation:  feature dimensions: 470 by 1
2016-11-14 20:42:32,421    DEBUGparam_generation:  wrote to file /home/ashish/Text2Speech/TTSDNNRepo/egs/slt_arctic/s1/experiments/slt_arctic_demo/test_synthesis/wav/arctic_a0004.bap
2016-11-14 20:42:32,421     INFOparam_generation: processing    5 of   10: /home/ashish/Text2Speech/TTSDNNRepo/egs/slt_arctic/s1/experiments/slt_arctic_demo/test_synthesis/wav/arctic_a0005.cmp
2016-11-14 20:42:32,421    DEBUGparam_generation:  feature: mgc
2016-11-14 20:42:32,422    DEBUGparam_generation: starting MLParameterGeneration.generation
2016-11-14 20:42:32,433    DEBUGparam_generation:  feature dimensions: 301 by 60
2016-11-14 20:42:32,435    DEBUGparam_generation:  wrote to file /home/ashish/Text2Speech/TTSDNNRepo/egs/slt_arctic/s1/experiments/slt_arctic_demo/test_synthesis/wav/arctic_a0005.mgc
2016-11-14 20:42:32,435    DEBUGparam_generation:  feature: lf0
2016-11-14 20:42:32,435    DEBUGparam_generation: starting MLParameterGeneration.generation
2016-11-14 20:42:32,435    DEBUGparam_generation:  feature dimensions: 301 by 1
2016-11-14 20:42:32,438    DEBUGparam_generation:  wrote to file /home/ashish/Text2Speech/TTSDNNRepo/egs/slt_arctic/s1/experiments/slt_arctic_demo/test_synthesis/wav/arctic_a0005.lf0
2016-11-14 20:42:32,438    DEBUGparam_generation:  feature: bap
2016-11-14 20:42:32,438    DEBUGparam_generation: starting MLParameterGeneration.generation
2016-11-14 20:42:32,439    DEBUGparam_generation:  feature dimensions: 301 by 1
2016-11-14 20:42:32,440    DEBUGparam_generation:  wrote to file /home/ashish/Text2Speech/TTSDNNRepo/egs/slt_arctic/s1/experiments/slt_arctic_demo/test_synthesis/wav/arctic_a0005.bap
2016-11-14 20:42:32,440     INFOparam_generation: processing    6 of   10: /home/ashish/Text2Speech/TTSDNNRepo/egs/slt_arctic/s1/experiments/slt_arctic_demo/test_synthesis/wav/arctic_a0056.cmp
2016-11-14 20:42:32,440    DEBUGparam_generation:  feature: mgc
2016-11-14 20:42:32,441    DEBUGparam_generation: starting MLParameterGeneration.generation
2016-11-14 20:42:32,455    DEBUGparam_generation:  feature dimensions: 560 by 60
2016-11-14 20:42:32,458    DEBUGparam_generation:  wrote to file /home/ashish/Text2Speech/TTSDNNRepo/egs/slt_arctic/s1/experiments/slt_arctic_demo/test_synthesis/wav/arctic_a0056.mgc
2016-11-14 20:42:32,458    DEBUGparam_generation:  feature: lf0
2016-11-14 20:42:32,458    DEBUGparam_generation: starting MLParameterGeneration.generation
2016-11-14 20:42:32,459    DEBUGparam_generation:  feature dimensions: 560 by 1
2016-11-14 20:42:32,464    DEBUGparam_generation:  wrote to file /home/ashish/Text2Speech/TTSDNNRepo/egs/slt_arctic/s1/experiments/slt_arctic_demo/test_synthesis/wav/arctic_a0056.lf0
2016-11-14 20:42:32,464    DEBUGparam_generation:  feature: bap
2016-11-14 20:42:32,464    DEBUGparam_generation: starting MLParameterGeneration.generation
2016-11-14 20:42:32,465    DEBUGparam_generation:  feature dimensions: 560 by 1
2016-11-14 20:42:32,467    DEBUGparam_generation:  wrote to file /home/ashish/Text2Speech/TTSDNNRepo/egs/slt_arctic/s1/experiments/slt_arctic_demo/test_synthesis/wav/arctic_a0056.bap
2016-11-14 20:42:32,467     INFOparam_generation: processing    7 of   10: /home/ashish/Text2Speech/TTSDNNRepo/egs/slt_arctic/s1/experiments/slt_arctic_demo/test_synthesis/wav/arctic_a0057.cmp
2016-11-14 20:42:32,467    DEBUGparam_generation:  feature: mgc
2016-11-14 20:42:32,468    DEBUGparam_generation: starting MLParameterGeneration.generation
2016-11-14 20:42:32,481    DEBUGparam_generation:  feature dimensions: 473 by 60
2016-11-14 20:42:32,483    DEBUGparam_generation:  wrote to file /home/ashish/Text2Speech/TTSDNNRepo/egs/slt_arctic/s1/experiments/slt_arctic_demo/test_synthesis/wav/arctic_a0057.mgc
2016-11-14 20:42:32,483    DEBUGparam_generation:  feature: lf0
2016-11-14 20:42:32,483    DEBUGparam_generation: starting MLParameterGeneration.generation
2016-11-14 20:42:32,483    DEBUGparam_generation:  feature dimensions: 473 by 1
2016-11-14 20:42:32,488    DEBUGparam_generation:  wrote to file /home/ashish/Text2Speech/TTSDNNRepo/egs/slt_arctic/s1/experiments/slt_arctic_demo/test_synthesis/wav/arctic_a0057.lf0
2016-11-14 20:42:32,488    DEBUGparam_generation:  feature: bap
2016-11-14 20:42:32,488    DEBUGparam_generation: starting MLParameterGeneration.generation
2016-11-14 20:42:32,488    DEBUGparam_generation:  feature dimensions: 473 by 1
2016-11-14 20:42:32,490    DEBUGparam_generation:  wrote to file /home/ashish/Text2Speech/TTSDNNRepo/egs/slt_arctic/s1/experiments/slt_arctic_demo/test_synthesis/wav/arctic_a0057.bap
2016-11-14 20:42:32,490     INFOparam_generation: processing    8 of   10: /home/ashish/Text2Speech/TTSDNNRepo/egs/slt_arctic/s1/experiments/slt_arctic_demo/test_synthesis/wav/arctic_a0058.cmp
2016-11-14 20:42:32,490    DEBUGparam_generation:  feature: mgc
2016-11-14 20:42:32,491    DEBUGparam_generation: starting MLParameterGeneration.generation
2016-11-14 20:42:32,508    DEBUGparam_generation:  feature dimensions: 746 by 60
2016-11-14 20:42:32,511    DEBUGparam_generation:  wrote to file /home/ashish/Text2Speech/TTSDNNRepo/egs/slt_arctic/s1/experiments/slt_arctic_demo/test_synthesis/wav/arctic_a0058.mgc
2016-11-14 20:42:32,511    DEBUGparam_generation:  feature: lf0
2016-11-14 20:42:32,512    DEBUGparam_generation: starting MLParameterGeneration.generation
2016-11-14 20:42:32,512    DEBUGparam_generation:  feature dimensions: 746 by 1
2016-11-14 20:42:32,519    DEBUGparam_generation:  wrote to file /home/ashish/Text2Speech/TTSDNNRepo/egs/slt_arctic/s1/experiments/slt_arctic_demo/test_synthesis/wav/arctic_a0058.lf0
2016-11-14 20:42:32,519    DEBUGparam_generation:  feature: bap
2016-11-14 20:42:32,519    DEBUGparam_generation: starting MLParameterGeneration.generation
2016-11-14 20:42:32,520    DEBUGparam_generation:  feature dimensions: 746 by 1
2016-11-14 20:42:32,523    DEBUGparam_generation:  wrote to file /home/ashish/Text2Speech/TTSDNNRepo/egs/slt_arctic/s1/experiments/slt_arctic_demo/test_synthesis/wav/arctic_a0058.bap
2016-11-14 20:42:32,523     INFOparam_generation: processing    9 of   10: /home/ashish/Text2Speech/TTSDNNRepo/egs/slt_arctic/s1/experiments/slt_arctic_demo/test_synthesis/wav/arctic_a0059.cmp
2016-11-14 20:42:32,523    DEBUGparam_generation:  feature: mgc
2016-11-14 20:42:32,524    DEBUGparam_generation: starting MLParameterGeneration.generation
2016-11-14 20:42:32,537    DEBUGparam_generation:  feature dimensions: 472 by 60
2016-11-14 20:42:32,539    DEBUGparam_generation:  wrote to file /home/ashish/Text2Speech/TTSDNNRepo/egs/slt_arctic/s1/experiments/slt_arctic_demo/test_synthesis/wav/arctic_a0059.mgc
2016-11-14 20:42:32,540    DEBUGparam_generation:  feature: lf0
2016-11-14 20:42:32,540    DEBUGparam_generation: starting MLParameterGeneration.generation
2016-11-14 20:42:32,540    DEBUGparam_generation:  feature dimensions: 472 by 1
2016-11-14 20:42:32,545    DEBUGparam_generation:  wrote to file /home/ashish/Text2Speech/TTSDNNRepo/egs/slt_arctic/s1/experiments/slt_arctic_demo/test_synthesis/wav/arctic_a0059.lf0
2016-11-14 20:42:32,545    DEBUGparam_generation:  feature: bap
2016-11-14 20:42:32,545    DEBUGparam_generation: starting MLParameterGeneration.generation
2016-11-14 20:42:32,546    DEBUGparam_generation:  feature dimensions: 472 by 1
2016-11-14 20:42:32,548    DEBUGparam_generation:  wrote to file /home/ashish/Text2Speech/TTSDNNRepo/egs/slt_arctic/s1/experiments/slt_arctic_demo/test_synthesis/wav/arctic_a0059.bap
2016-11-14 20:42:32,548     INFOparam_generation: processing   10 of   10: /home/ashish/Text2Speech/TTSDNNRepo/egs/slt_arctic/s1/experiments/slt_arctic_demo/test_synthesis/wav/arctic_a0060.cmp
2016-11-14 20:42:32,548    DEBUGparam_generation:  feature: mgc
2016-11-14 20:42:32,549    DEBUGparam_generation: starting MLParameterGeneration.generation
2016-11-14 20:42:32,561    DEBUGparam_generation:  feature dimensions: 405 by 60
2016-11-14 20:42:32,563    DEBUGparam_generation:  wrote to file /home/ashish/Text2Speech/TTSDNNRepo/egs/slt_arctic/s1/experiments/slt_arctic_demo/test_synthesis/wav/arctic_a0060.mgc
2016-11-14 20:42:32,563    DEBUGparam_generation:  feature: lf0
2016-11-14 20:42:32,563    DEBUGparam_generation: starting MLParameterGeneration.generation
2016-11-14 20:42:32,564    DEBUGparam_generation:  feature dimensions: 405 by 1
2016-11-14 20:42:32,567    DEBUGparam_generation:  wrote to file /home/ashish/Text2Speech/TTSDNNRepo/egs/slt_arctic/s1/experiments/slt_arctic_demo/test_synthesis/wav/arctic_a0060.lf0
2016-11-14 20:42:32,568    DEBUGparam_generation:  feature: bap
2016-11-14 20:42:32,568    DEBUGparam_generation: starting MLParameterGeneration.generation
2016-11-14 20:42:32,568    DEBUGparam_generation:  feature dimensions: 405 by 1
2016-11-14 20:42:32,570    DEBUGparam_generation:  wrote to file /home/ashish/Text2Speech/TTSDNNRepo/egs/slt_arctic/s1/experiments/slt_arctic_demo/test_synthesis/wav/arctic_a0060.bap
2016-11-14 20:42:32,570     INFO           main: reconstructing waveform(s)
2016-11-14 20:42:32,570     INFO wav_generation: creating waveform for    1 of   10: arctic_a0001
2016-11-14 20:42:34,086     INFO wav_generation: creating waveform for    2 of   10: arctic_a0002
2016-11-14 20:42:35,712     INFO wav_generation: creating waveform for    3 of   10: arctic_a0003
2016-11-14 20:42:37,002     INFO wav_generation: creating waveform for    4 of   10: arctic_a0004
2016-11-14 20:42:38,032     INFO wav_generation: creating waveform for    5 of   10: arctic_a0005
2016-11-14 20:42:38,708     INFO wav_generation: creating waveform for    6 of   10: arctic_a0056
2016-11-14 20:42:39,916     INFO wav_generation: creating waveform for    7 of   10: arctic_a0057
2016-11-14 20:42:40,972     INFO wav_generation: creating waveform for    8 of   10: arctic_a0058
2016-11-14 20:42:42,555     INFO wav_generation: creating waveform for    9 of   10: arctic_a0059
2016-11-14 20:42:43,596     INFO wav_generation: creating waveform for   10 of   10: arctic_a0060
