2016-11-15 06:00:18,711     INFO  configuration: logging is now fully configured
2016-11-15 06:00:18,711    DEBUG  configuration: setting up output features
2016-11-15 06:00:18,711    DEBUG  configuration:  mgc
2016-11-15 06:00:18,711     INFO  configuration:   in_dimension: 60
2016-11-15 06:00:18,711     INFO  configuration:   out_dimension : 180
2016-11-15 06:00:18,711     INFO  configuration:   in_directory : /home/ashish/Text2Speech/TTSDNNRepo/egs/slt_arctic/s1/experiments/slt_arctic_demo/acoustic_model/data/mgc
2016-11-15 06:00:18,711    DEBUG  configuration:  lf0
2016-11-15 06:00:18,712     INFO  configuration:   in_dimension: 1
2016-11-15 06:00:18,712     INFO  configuration:   out_dimension : 3
2016-11-15 06:00:18,712     INFO  configuration:   in_directory : /home/ashish/Text2Speech/TTSDNNRepo/egs/slt_arctic/s1/experiments/slt_arctic_demo/acoustic_model/data/lf0
2016-11-15 06:00:18,712    DEBUG  configuration:  vuv
2016-11-15 06:00:18,712     INFO  configuration:   in_dimension: 0
2016-11-15 06:00:18,712     INFO  configuration:   out_dimension : 1
2016-11-15 06:00:18,712     INFO  configuration:   in_directory : 
2016-11-15 06:00:18,712    DEBUG  configuration:  bap
2016-11-15 06:00:18,713     INFO  configuration:   in_dimension: 1
2016-11-15 06:00:18,713     INFO  configuration:   out_dimension : 3
2016-11-15 06:00:18,713     INFO  configuration:   in_directory : /home/ashish/Text2Speech/TTSDNNRepo/egs/slt_arctic/s1/experiments/slt_arctic_demo/acoustic_model/data/bap
2016-11-15 06:00:18,713     INFO  configuration: multistream dimensions: [187]
2016-11-15 06:00:18,713     INFO  configuration: use_rprop : 0
2016-11-15 06:00:18,713     INFO  configuration: dropout_rate : 0.0
2016-11-15 06:00:18,713     INFO  configuration: projection_outsize : 10
2016-11-15 06:00:18,713     INFO  configuration: early_stop_epochs : 5
2016-11-15 06:00:18,713     INFO  configuration: warmup_epoch : 10
2016-11-15 06:00:18,714     INFO  configuration: learning_rate : 0.002
2016-11-15 06:00:18,714     INFO  configuration: layers_with_projection_input : [0]
2016-11-15 06:00:18,714     INFO  configuration: batch_size : 256
2016-11-15 06:00:18,714     INFO  configuration: model_type : DNN
2016-11-15 06:00:18,714     INFO  configuration: hidden_layer_size : [512, 512, 512, 512]
2016-11-15 06:00:18,714     INFO  configuration: projection_learning_rate_scaling : 1.0
2016-11-15 06:00:18,714     INFO  configuration: pretraining_epochs : 10
2016-11-15 06:00:18,714     INFO  configuration: initial_projection_distrib : gaussian
2016-11-15 06:00:18,714     INFO  configuration: index_to_project : 0
2016-11-15 06:00:18,715     INFO  configuration: l2_reg : 1e-05
2016-11-15 06:00:18,715     INFO  configuration: warmup_momentum : 0.3
2016-11-15 06:00:18,715     INFO  configuration: training_epochs : 25
2016-11-15 06:00:18,715     INFO  configuration: hidden_activation : tanh
2016-11-15 06:00:18,715     INFO  configuration: hidden_layer_type : ['TANH', 'TANH', 'TANH', 'TANH']
2016-11-15 06:00:18,715     INFO  configuration: sequential_training : False
2016-11-15 06:00:18,715     INFO  configuration: do_pretraining : False
2016-11-15 06:00:18,715     INFO  configuration: projection_insize : 10000
2016-11-15 06:00:18,716     INFO  configuration: l1_reg : 0.0
2016-11-15 06:00:18,716     INFO  configuration: output_activation : linear
2016-11-15 06:00:18,716     INFO  configuration: pretraining_lr : 0.0001
2016-11-15 06:00:18,716     INFO  configuration: momentum : 0.9
2016-11-15 06:00:18,716    DEBUG  configuration: configuration completed
2016-11-15 06:00:18,716     INFO           main: Installation information:
2016-11-15 06:00:18,716     INFO           main:   Merlin directory: /home/ashish/Text2Speech/TTSDNNRepo
2016-11-15 06:00:18,716     INFO           main:   PATH:
2016-11-15 06:00:18,717     INFO           main:       /home/ashish/.rbenv/plugins/ruby-build/bin
2016-11-15 06:00:18,717     INFO           main:       /home/ashish/.rbenv/shims
2016-11-15 06:00:18,717     INFO           main:       /home/ashish/.rbenv/bin
2016-11-15 06:00:18,717     INFO           main:       /usr/local/sbin
2016-11-15 06:00:18,717     INFO           main:       /usr/local/bin
2016-11-15 06:00:18,717     INFO           main:       /usr/sbin
2016-11-15 06:00:18,717     INFO           main:       /usr/bin
2016-11-15 06:00:18,717     INFO           main:       /sbin
2016-11-15 06:00:18,717     INFO           main:       /bin
2016-11-15 06:00:18,718     INFO           main:       /usr/games
2016-11-15 06:00:18,718     INFO           main:       /usr/local/games
2016-11-15 06:00:18,718     INFO           main:       /opt/android-sdk/tools
2016-11-15 06:00:18,718     INFO           main:       /opt/android-sdk/platform-tools
2016-11-15 06:00:18,718     INFO           main:       /opt/node/bin
2016-11-15 06:00:18,718     INFO           main:       /opt/gradle/bin
2016-11-15 06:00:18,718     INFO           main:   LD_LIBRARY_PATH:
2016-11-15 06:00:18,718     INFO           main:   Python version: 2.7.6 (default, Jun 22 2015, 17:58:13) [GCC 4.8.2]
2016-11-15 06:00:18,718     INFO           main:     PYTHONPATH:
2016-11-15 06:00:18,719     INFO           main:   Numpy version: 1.8.2
2016-11-15 06:00:18,719     INFO           main:   Theano version: 0.8.1
2016-11-15 06:00:18,719     INFO           main:     THEANO_FLAGS: cuda.root=/opt/6.5.19,floatX=float32,on_unused_input=ignore
2016-11-15 06:00:18,719     INFO           main:     device: cpu
2016-11-15 06:00:18,735     INFO           main:   Git is available in the working directory:
2016-11-15 06:00:18,742     INFO           main:     Merlin version: 43f4daa
2016-11-15 06:00:18,747     INFO           main:     branch: local
2016-11-15 06:00:18,756     INFO           main:     diff to Merlin version:
2016-11-15 06:00:18,756     INFO           main:       M egs/slt_arctic/s1/mylog.txt
2016-11-15 06:00:18,756     INFO           main:       M egs/slt_arctic/s1/run_demo.sh
2016-11-15 06:00:18,756     INFO           main:       M egs/slt_arctic/s1/scripts/setup.sh
2016-11-15 06:00:18,756     INFO           main:       M src/run_merlin.py
2016-11-15 06:00:18,756     INFO           main:       (all diffs logged in DNN_TANH_TANH_TANH_TANH_LINEAR__mgc_lf0_vuv_bap_50_259_4_512_0.002000_06_00AM_November_15_2016.log.gitdiff)
2016-11-15 06:00:18,785     INFO           main: Execution information:
2016-11-15 06:00:18,785     INFO           main:   HOSTNAME: ashish-HP
2016-11-15 06:00:18,786     INFO           main:   USER: ashish
2016-11-15 06:00:18,786     INFO           main:   PID: 13637
2016-11-15 06:00:18,786    DEBUG           main: Loaded file id list from /home/ashish/Text2Speech/TTSDNNRepo/egs/slt_arctic/s1/experiments/slt_arctic_demo/acoustic_model/data/file_id_list_demo.scp
2016-11-15 06:00:18,811    DEBUG         labels: HTS-derived input feature dimension is 416 + 9 = 425
2016-11-15 06:00:18,811     INFO           main: Input label dimension is 425
2016-11-15 06:00:18,811     INFO           main: preparing label data (input) using standard HTS style labels
2016-11-15 06:00:18,812     INFO         labels: loaded /home/ashish/Text2Speech/TTSDNNRepo/egs/slt_arctic/s1/experiments/slt_arctic_demo/acoustic_model/data/label_state_align/arctic_a0001.lab, 185 labels
2016-11-15 06:00:18,854    DEBUG         labels: made label matrix of 667 frames x 425 labels
2016-11-15 06:00:18,856     INFO         labels: loaded /home/ashish/Text2Speech/TTSDNNRepo/egs/slt_arctic/s1/experiments/slt_arctic_demo/acoustic_model/data/label_state_align/arctic_a0002.lab, 210 labels
2016-11-15 06:00:18,905    DEBUG         labels: made label matrix of 747 frames x 425 labels
2016-11-15 06:00:18,907     INFO         labels: loaded /home/ashish/Text2Speech/TTSDNNRepo/egs/slt_arctic/s1/experiments/slt_arctic_demo/acoustic_model/data/label_state_align/arctic_a0003.lab, 205 labels
2016-11-15 06:00:18,953    DEBUG         labels: made label matrix of 637 frames x 425 labels
2016-11-15 06:00:18,955     INFO         labels: loaded /home/ashish/Text2Speech/TTSDNNRepo/egs/slt_arctic/s1/experiments/slt_arctic_demo/acoustic_model/data/label_state_align/arctic_a0004.lab, 140 labels
2016-11-15 06:00:18,987    DEBUG         labels: made label matrix of 497 frames x 425 labels
2016-11-15 06:00:18,989     INFO         labels: loaded /home/ashish/Text2Speech/TTSDNNRepo/egs/slt_arctic/s1/experiments/slt_arctic_demo/acoustic_model/data/label_state_align/arctic_a0005.lab,  85 labels
2016-11-15 06:00:19,009    DEBUG         labels: made label matrix of 293 frames x 425 labels
2016-11-15 06:00:19,010     INFO         labels: loaded /home/ashish/Text2Speech/TTSDNNRepo/egs/slt_arctic/s1/experiments/slt_arctic_demo/acoustic_model/data/label_state_align/arctic_a0006.lab, 165 labels
2016-11-15 06:00:19,049    DEBUG         labels: made label matrix of 589 frames x 425 labels
2016-11-15 06:00:19,050     INFO         labels: loaded /home/ashish/Text2Speech/TTSDNNRepo/egs/slt_arctic/s1/experiments/slt_arctic_demo/acoustic_model/data/label_state_align/arctic_a0007.lab, 200 labels
2016-11-15 06:00:19,096    DEBUG         labels: made label matrix of 597 frames x 425 labels
2016-11-15 06:00:19,097     INFO         labels: loaded /home/ashish/Text2Speech/TTSDNNRepo/egs/slt_arctic/s1/experiments/slt_arctic_demo/acoustic_model/data/label_state_align/arctic_a0008.lab, 120 labels
2016-11-15 06:00:19,125    DEBUG         labels: made label matrix of 453 frames x 425 labels
2016-11-15 06:00:19,127     INFO         labels: loaded /home/ashish/Text2Speech/TTSDNNRepo/egs/slt_arctic/s1/experiments/slt_arctic_demo/acoustic_model/data/label_state_align/arctic_a0009.lab, 200 labels
2016-11-15 06:00:19,172    DEBUG         labels: made label matrix of 615 frames x 425 labels
2016-11-15 06:00:19,174     INFO         labels: loaded /home/ashish/Text2Speech/TTSDNNRepo/egs/slt_arctic/s1/experiments/slt_arctic_demo/acoustic_model/data/label_state_align/arctic_a0010.lab, 205 labels
2016-11-15 06:00:19,220    DEBUG         labels: made label matrix of 599 frames x 425 labels
2016-11-15 06:00:19,222     INFO         labels: loaded /home/ashish/Text2Speech/TTSDNNRepo/egs/slt_arctic/s1/experiments/slt_arctic_demo/acoustic_model/data/label_state_align/arctic_a0011.lab, 170 labels
2016-11-15 06:00:19,261    DEBUG         labels: made label matrix of 607 frames x 425 labels
2016-11-15 06:00:19,263     INFO         labels: loaded /home/ashish/Text2Speech/TTSDNNRepo/egs/slt_arctic/s1/experiments/slt_arctic_demo/acoustic_model/data/label_state_align/arctic_a0012.lab, 180 labels
2016-11-15 06:00:19,308    DEBUG         labels: made label matrix of 563 frames x 425 labels
2016-11-15 06:00:19,310     INFO         labels: loaded /home/ashish/Text2Speech/TTSDNNRepo/egs/slt_arctic/s1/experiments/slt_arctic_demo/acoustic_model/data/label_state_align/arctic_a0013.lab, 260 labels
2016-11-15 06:00:19,369    DEBUG         labels: made label matrix of 701 frames x 425 labels
2016-11-15 06:00:19,371     INFO         labels: loaded /home/ashish/Text2Speech/TTSDNNRepo/egs/slt_arctic/s1/experiments/slt_arctic_demo/acoustic_model/data/label_state_align/arctic_a0014.lab, 180 labels
2016-11-15 06:00:19,412    DEBUG         labels: made label matrix of 575 frames x 425 labels
2016-11-15 06:00:19,414     INFO         labels: loaded /home/ashish/Text2Speech/TTSDNNRepo/egs/slt_arctic/s1/experiments/slt_arctic_demo/acoustic_model/data/label_state_align/arctic_a0015.lab,  95 labels
2016-11-15 06:00:19,437    DEBUG         labels: made label matrix of 371 frames x 425 labels
2016-11-15 06:00:19,438     INFO         labels: loaded /home/ashish/Text2Speech/TTSDNNRepo/egs/slt_arctic/s1/experiments/slt_arctic_demo/acoustic_model/data/label_state_align/arctic_a0016.lab, 205 labels
2016-11-15 06:00:19,485    DEBUG         labels: made label matrix of 711 frames x 425 labels
2016-11-15 06:00:19,487     INFO         labels: loaded /home/ashish/Text2Speech/TTSDNNRepo/egs/slt_arctic/s1/experiments/slt_arctic_demo/acoustic_model/data/label_state_align/arctic_a0017.lab, 275 labels
2016-11-15 06:00:19,548    DEBUG         labels: made label matrix of 801 frames x 425 labels
2016-11-15 06:00:19,550     INFO         labels: loaded /home/ashish/Text2Speech/TTSDNNRepo/egs/slt_arctic/s1/experiments/slt_arctic_demo/acoustic_model/data/label_state_align/arctic_a0018.lab,  75 labels
2016-11-15 06:00:19,568    DEBUG         labels: made label matrix of 317 frames x 425 labels
2016-11-15 06:00:19,569     INFO         labels: loaded /home/ashish/Text2Speech/TTSDNNRepo/egs/slt_arctic/s1/experiments/slt_arctic_demo/acoustic_model/data/label_state_align/arctic_a0019.lab, 220 labels
2016-11-15 06:00:19,619    DEBUG         labels: made label matrix of 691 frames x 425 labels
2016-11-15 06:00:19,621     INFO         labels: loaded /home/ashish/Text2Speech/TTSDNNRepo/egs/slt_arctic/s1/experiments/slt_arctic_demo/acoustic_model/data/label_state_align/arctic_a0020.lab, 195 labels
2016-11-15 06:00:19,665    DEBUG         labels: made label matrix of 619 frames x 425 labels
2016-11-15 06:00:19,667     INFO         labels: loaded /home/ashish/Text2Speech/TTSDNNRepo/egs/slt_arctic/s1/experiments/slt_arctic_demo/acoustic_model/data/label_state_align/arctic_a0021.lab, 160 labels
2016-11-15 06:00:19,703    DEBUG         labels: made label matrix of 497 frames x 425 labels
2016-11-15 06:00:19,705     INFO         labels: loaded /home/ashish/Text2Speech/TTSDNNRepo/egs/slt_arctic/s1/experiments/slt_arctic_demo/acoustic_model/data/label_state_align/arctic_a0022.lab, 270 labels
2016-11-15 06:00:19,766    DEBUG         labels: made label matrix of 857 frames x 425 labels
2016-11-15 06:00:19,768     INFO         labels: loaded /home/ashish/Text2Speech/TTSDNNRepo/egs/slt_arctic/s1/experiments/slt_arctic_demo/acoustic_model/data/label_state_align/arctic_a0023.lab, 360 labels
2016-11-15 06:00:19,847    DEBUG         labels: made label matrix of 955 frames x 425 labels
2016-11-15 06:00:19,850     INFO         labels: loaded /home/ashish/Text2Speech/TTSDNNRepo/egs/slt_arctic/s1/experiments/slt_arctic_demo/acoustic_model/data/label_state_align/arctic_a0024.lab, 245 labels
2016-11-15 06:00:19,912    DEBUG         labels: made label matrix of 787 frames x 425 labels
2016-11-15 06:00:19,914     INFO         labels: loaded /home/ashish/Text2Speech/TTSDNNRepo/egs/slt_arctic/s1/experiments/slt_arctic_demo/acoustic_model/data/label_state_align/arctic_a0025.lab, 190 labels
2016-11-15 06:00:19,957    DEBUG         labels: made label matrix of 615 frames x 425 labels
2016-11-15 06:00:19,959     INFO         labels: loaded /home/ashish/Text2Speech/TTSDNNRepo/egs/slt_arctic/s1/experiments/slt_arctic_demo/acoustic_model/data/label_state_align/arctic_a0026.lab, 185 labels
2016-11-15 06:00:20,000    DEBUG         labels: made label matrix of 573 frames x 425 labels
2016-11-15 06:00:20,001     INFO         labels: loaded /home/ashish/Text2Speech/TTSDNNRepo/egs/slt_arctic/s1/experiments/slt_arctic_demo/acoustic_model/data/label_state_align/arctic_a0027.lab, 240 labels
2016-11-15 06:00:20,056    DEBUG         labels: made label matrix of 815 frames x 425 labels
2016-11-15 06:00:20,058     INFO         labels: loaded /home/ashish/Text2Speech/TTSDNNRepo/egs/slt_arctic/s1/experiments/slt_arctic_demo/acoustic_model/data/label_state_align/arctic_a0028.lab,  85 labels
2016-11-15 06:00:20,079    DEBUG         labels: made label matrix of 475 frames x 425 labels
2016-11-15 06:00:20,080     INFO         labels: loaded /home/ashish/Text2Speech/TTSDNNRepo/egs/slt_arctic/s1/experiments/slt_arctic_demo/acoustic_model/data/label_state_align/arctic_a0029.lab, 200 labels
2016-11-15 06:00:20,125    DEBUG         labels: made label matrix of 613 frames x 425 labels
2016-11-15 06:00:20,126     INFO         labels: loaded /home/ashish/Text2Speech/TTSDNNRepo/egs/slt_arctic/s1/experiments/slt_arctic_demo/acoustic_model/data/label_state_align/arctic_a0030.lab,  70 labels
2016-11-15 06:00:20,142    DEBUG         labels: made label matrix of 291 frames x 425 labels
2016-11-15 06:00:20,143     INFO         labels: loaded /home/ashish/Text2Speech/TTSDNNRepo/egs/slt_arctic/s1/experiments/slt_arctic_demo/acoustic_model/data/label_state_align/arctic_a0031.lab, 130 labels
2016-11-15 06:00:20,172    DEBUG         labels: made label matrix of 399 frames x 425 labels
2016-11-15 06:00:20,173     INFO         labels: loaded /home/ashish/Text2Speech/TTSDNNRepo/egs/slt_arctic/s1/experiments/slt_arctic_demo/acoustic_model/data/label_state_align/arctic_a0032.lab, 240 labels
2016-11-15 06:00:20,227    DEBUG         labels: made label matrix of 743 frames x 425 labels
2016-11-15 06:00:20,228     INFO         labels: loaded /home/ashish/Text2Speech/TTSDNNRepo/egs/slt_arctic/s1/experiments/slt_arctic_demo/acoustic_model/data/label_state_align/arctic_a0033.lab, 240 labels
2016-11-15 06:00:20,282    DEBUG         labels: made label matrix of 731 frames x 425 labels
2016-11-15 06:00:20,283     INFO         labels: loaded /home/ashish/Text2Speech/TTSDNNRepo/egs/slt_arctic/s1/experiments/slt_arctic_demo/acoustic_model/data/label_state_align/arctic_a0034.lab, 220 labels
2016-11-15 06:00:20,332    DEBUG         labels: made label matrix of 647 frames x 425 labels
2016-11-15 06:00:20,334     INFO         labels: loaded /home/ashish/Text2Speech/TTSDNNRepo/egs/slt_arctic/s1/experiments/slt_arctic_demo/acoustic_model/data/label_state_align/arctic_a0035.lab, 235 labels
2016-11-15 06:00:20,393    DEBUG         labels: made label matrix of 743 frames x 425 labels
2016-11-15 06:00:20,395     INFO         labels: loaded /home/ashish/Text2Speech/TTSDNNRepo/egs/slt_arctic/s1/experiments/slt_arctic_demo/acoustic_model/data/label_state_align/arctic_a0036.lab,  95 labels
2016-11-15 06:00:20,419    DEBUG         labels: made label matrix of 357 frames x 425 labels
2016-11-15 06:00:20,421     INFO         labels: loaded /home/ashish/Text2Speech/TTSDNNRepo/egs/slt_arctic/s1/experiments/slt_arctic_demo/acoustic_model/data/label_state_align/arctic_a0037.lab, 140 labels
2016-11-15 06:00:20,454    DEBUG         labels: made label matrix of 477 frames x 425 labels
2016-11-15 06:00:20,455     INFO         labels: loaded /home/ashish/Text2Speech/TTSDNNRepo/egs/slt_arctic/s1/experiments/slt_arctic_demo/acoustic_model/data/label_state_align/arctic_a0038.lab, 105 labels
2016-11-15 06:00:20,480    DEBUG         labels: made label matrix of 369 frames x 425 labels
2016-11-15 06:00:20,481     INFO         labels: loaded /home/ashish/Text2Speech/TTSDNNRepo/egs/slt_arctic/s1/experiments/slt_arctic_demo/acoustic_model/data/label_state_align/arctic_a0039.lab, 155 labels
2016-11-15 06:00:20,517    DEBUG         labels: made label matrix of 531 frames x 425 labels
2016-11-15 06:00:20,518     INFO         labels: loaded /home/ashish/Text2Speech/TTSDNNRepo/egs/slt_arctic/s1/experiments/slt_arctic_demo/acoustic_model/data/label_state_align/arctic_a0040.lab, 155 labels
2016-11-15 06:00:20,554    DEBUG         labels: made label matrix of 521 frames x 425 labels
2016-11-15 06:00:20,555     INFO         labels: loaded /home/ashish/Text2Speech/TTSDNNRepo/egs/slt_arctic/s1/experiments/slt_arctic_demo/acoustic_model/data/label_state_align/arctic_a0041.lab, 125 labels
2016-11-15 06:00:20,585    DEBUG         labels: made label matrix of 473 frames x 425 labels
2016-11-15 06:00:20,586     INFO         labels: loaded /home/ashish/Text2Speech/TTSDNNRepo/egs/slt_arctic/s1/experiments/slt_arctic_demo/acoustic_model/data/label_state_align/arctic_a0042.lab, 170 labels
2016-11-15 06:00:20,625    DEBUG         labels: made label matrix of 549 frames x 425 labels
2016-11-15 06:00:20,626     INFO         labels: loaded /home/ashish/Text2Speech/TTSDNNRepo/egs/slt_arctic/s1/experiments/slt_arctic_demo/acoustic_model/data/label_state_align/arctic_a0043.lab, 230 labels
2016-11-15 06:00:20,678    DEBUG         labels: made label matrix of 689 frames x 425 labels
2016-11-15 06:00:20,679     INFO         labels: loaded /home/ashish/Text2Speech/TTSDNNRepo/egs/slt_arctic/s1/experiments/slt_arctic_demo/acoustic_model/data/label_state_align/arctic_a0044.lab, 195 labels
2016-11-15 06:00:20,723    DEBUG         labels: made label matrix of 609 frames x 425 labels
2016-11-15 06:00:20,725     INFO         labels: loaded /home/ashish/Text2Speech/TTSDNNRepo/egs/slt_arctic/s1/experiments/slt_arctic_demo/acoustic_model/data/label_state_align/arctic_a0045.lab, 150 labels
2016-11-15 06:00:20,759    DEBUG         labels: made label matrix of 507 frames x 425 labels
2016-11-15 06:00:20,760     INFO         labels: loaded /home/ashish/Text2Speech/TTSDNNRepo/egs/slt_arctic/s1/experiments/slt_arctic_demo/acoustic_model/data/label_state_align/arctic_a0046.lab, 175 labels
2016-11-15 06:00:20,802    DEBUG         labels: made label matrix of 663 frames x 425 labels
2016-11-15 06:00:20,803     INFO         labels: loaded /home/ashish/Text2Speech/TTSDNNRepo/egs/slt_arctic/s1/experiments/slt_arctic_demo/acoustic_model/data/label_state_align/arctic_a0047.lab, 195 labels
2016-11-15 06:00:20,852    DEBUG         labels: made label matrix of 643 frames x 425 labels
2016-11-15 06:00:20,854     INFO         labels: loaded /home/ashish/Text2Speech/TTSDNNRepo/egs/slt_arctic/s1/experiments/slt_arctic_demo/acoustic_model/data/label_state_align/arctic_a0048.lab, 150 labels
2016-11-15 06:00:20,892    DEBUG         labels: made label matrix of 509 frames x 425 labels
2016-11-15 06:00:20,894     INFO         labels: loaded /home/ashish/Text2Speech/TTSDNNRepo/egs/slt_arctic/s1/experiments/slt_arctic_demo/acoustic_model/data/label_state_align/arctic_a0049.lab, 180 labels
2016-11-15 06:00:20,942    DEBUG         labels: made label matrix of 547 frames x 425 labels
2016-11-15 06:00:20,943     INFO         labels: loaded /home/ashish/Text2Speech/TTSDNNRepo/egs/slt_arctic/s1/experiments/slt_arctic_demo/acoustic_model/data/label_state_align/arctic_a0050.lab, 240 labels
2016-11-15 06:00:20,997    DEBUG         labels: made label matrix of 739 frames x 425 labels
2016-11-15 06:00:20,999     INFO         labels: loaded /home/ashish/Text2Speech/TTSDNNRepo/egs/slt_arctic/s1/experiments/slt_arctic_demo/acoustic_model/data/label_state_align/arctic_a0051.lab, 235 labels
2016-11-15 06:00:21,053    DEBUG         labels: made label matrix of 821 frames x 425 labels
2016-11-15 06:00:21,055     INFO         labels: loaded /home/ashish/Text2Speech/TTSDNNRepo/egs/slt_arctic/s1/experiments/slt_arctic_demo/acoustic_model/data/label_state_align/arctic_a0052.lab, 125 labels
2016-11-15 06:00:21,083    DEBUG         labels: made label matrix of 407 frames x 425 labels
2016-11-15 06:00:21,084     INFO         labels: loaded /home/ashish/Text2Speech/TTSDNNRepo/egs/slt_arctic/s1/experiments/slt_arctic_demo/acoustic_model/data/label_state_align/arctic_a0053.lab, 205 labels
2016-11-15 06:00:21,130    DEBUG         labels: made label matrix of 613 frames x 425 labels
2016-11-15 06:00:21,132     INFO         labels: loaded /home/ashish/Text2Speech/TTSDNNRepo/egs/slt_arctic/s1/experiments/slt_arctic_demo/acoustic_model/data/label_state_align/arctic_a0054.lab, 100 labels
2016-11-15 06:00:21,154    DEBUG         labels: made label matrix of 323 frames x 425 labels
2016-11-15 06:00:21,155     INFO         labels: loaded /home/ashish/Text2Speech/TTSDNNRepo/egs/slt_arctic/s1/experiments/slt_arctic_demo/acoustic_model/data/label_state_align/arctic_a0055.lab, 250 labels
2016-11-15 06:00:21,211    DEBUG         labels: made label matrix of 829 frames x 425 labels
2016-11-15 06:00:21,213     INFO         labels: loaded /home/ashish/Text2Speech/TTSDNNRepo/egs/slt_arctic/s1/experiments/slt_arctic_demo/acoustic_model/data/label_state_align/arctic_a0056.lab, 165 labels
2016-11-15 06:00:21,251    DEBUG         labels: made label matrix of 573 frames x 425 labels
2016-11-15 06:00:21,253     INFO         labels: loaded /home/ashish/Text2Speech/TTSDNNRepo/egs/slt_arctic/s1/experiments/slt_arctic_demo/acoustic_model/data/label_state_align/arctic_a0057.lab, 115 labels
2016-11-15 06:00:21,280    DEBUG         labels: made label matrix of 479 frames x 425 labels
2016-11-15 06:00:21,281     INFO         labels: loaded /home/ashish/Text2Speech/TTSDNNRepo/egs/slt_arctic/s1/experiments/slt_arctic_demo/acoustic_model/data/label_state_align/arctic_a0058.lab, 235 labels
2016-11-15 06:00:21,334    DEBUG         labels: made label matrix of 703 frames x 425 labels
2016-11-15 06:00:21,336     INFO         labels: loaded /home/ashish/Text2Speech/TTSDNNRepo/egs/slt_arctic/s1/experiments/slt_arctic_demo/acoustic_model/data/label_state_align/arctic_a0059.lab, 140 labels
2016-11-15 06:00:21,368    DEBUG         labels: made label matrix of 465 frames x 425 labels
2016-11-15 06:00:21,369     INFO         labels: loaded /home/ashish/Text2Speech/TTSDNNRepo/egs/slt_arctic/s1/experiments/slt_arctic_demo/acoustic_model/data/label_state_align/arctic_a0060.lab, 110 labels
2016-11-15 06:00:21,397    DEBUG         labels: made label matrix of 463 frames x 425 labels
2016-11-15 06:00:21,795    DEBUG  acoustic_norm: MinMaxNormalisation created for feature dimension of 425
2016-11-15 06:00:21,841     INFO  acoustic_norm: across 50 files found min/max values of length 425:
2016-11-15 06:00:21,851     INFO  acoustic_norm:   min: [[ 0.          0.          0.          0.          0.          0.          0.
   0.          0.          0.          0.          0.          0.          0.
   0.          0.          0.          0.          0.          0.          0.
   0.          0.          0.          0.          0.          0.          0.
   0.          0.          0.          0.          0.          0.          0.
   0.          0.          0.          0.          0.          0.          0.
   0.          0.          0.          0.          0.          0.          0.
   0.          0.          0.          0.          0.          0.          0.
   0.          0.          0.          0.          0.          0.          0.
   0.          0.          0.          0.          0.          0.          0.
   0.          0.          0.          0.          0.          0.          0.
   0.          0.          0.          0.          0.          0.          0.
   0.          0.          0.          0.          0.          0.          0.
   0.          0.          0.          0.          0.          0.          0.
   0.          0.          0.          0.          0.          0.          0.
   0.          0.          0.          0.          0.          0.          0.
   0.          0.          0.          0.          0.          0.          0.
   0.          0.          0.          0.          0.          0.          0.
   0.          0.          0.          0.          0.          0.          0.
   0.          0.          0.          0.          0.          0.          0.
   0.          0.          0.          0.          0.          0.          0.
   0.          0.          0.          0.          0.          0.          0.
   0.          0.          0.          0.          0.          0.          0.
   0.          0.          0.          0.          0.          0.          0.
   0.          0.          0.          0.          0.          0.          0.
   0.          0.          0.          0.          0.          0.          0.
   0.          0.          0.          0.          0.          0.          0.
   0.          0.          0.          0.          0.          0.          0.
   0.          0.          0.          0.          0.          0.          0.
   0.          0.          0.          0.          0.          0.          0.
   0.          0.          0.          0.          0.          0.          0.
   0.          0.          0.          0.          0.          0.          0.
   0.          0.          0.          0.          0.          0.          0.
   0.          0.          0.          0.          0.          0.          0.
   0.          0.          0.          0.          0.          0.          0.
   0.          0.          0.          0.          0.          0.          0.
   0.          0.          0.          0.          0.          0.          0.
   0.          0.          0.          0.          0.          0.          0.
   0.          0.          0.          0.          0.          0.          0.
   0.          0.          0.          0.          0.          0.          0.
   0.          0.          0.          0.          0.          0.          0.
   0.          0.          0.          0.          0.          0.          0.
   0.          0.          0.          0.          0.          0.          0.
   0.          0.          0.          0.          0.          0.          0.
   0.          0.          0.          0.          0.          0.          0.
   0.          0.          0.          0.          0.          0.          0.
   0.          0.          0.          0.          0.          0.          0.
   0.          0.          0.          0.          0.          0.          0.
   0.          0.          0.          0.          0.          0.          0.
   0.          0.          0.          0.          0.          0.          0.
   0.          0.          0.          0.          0.          0.          0.
   0.          0.          0.          0.          0.          0.          0.
   0.          0.          0.          0.          0.          0.          0.
   0.          0.         -1.         -1.          0.          0.          0.
  -1.         -1.         -1.         -1.         -1.         -1.         -1.
  -1.         -1.         -1.         -1.         -1.         -1.         -1.
  -1.          0.          0.          0.          0.         -1.         -1.
  -1.         -1.         -1.         -1.         -1.          0.          0.
   0.         -1.         -1.          1.         -1.          0.          0.
   5.          3.          0.          0.03225806  0.03225806  1.          1.
   1.          5.          0.01449275  0.01449275  0.01449275]]
2016-11-15 06:00:21,861     INFO  acoustic_norm:   max: [[  1.           1.           1.           1.           1.           1.
    1.           1.           1.           1.           1.           1.
    1.           1.           1.           1.           1.           1.
    1.           1.           1.           1.           1.           1.
    1.           1.           1.           1.           1.           1.
    1.           1.           1.           1.           1.           1.
    1.           1.           1.           1.           1.           1.
    1.           1.           1.           1.           1.           1.
    1.           1.           1.           1.           1.           1.
    1.           1.           1.           1.           1.           1.
    1.           1.           1.           1.           0.           1.
    1.           1.           1.           1.           0.           1.
    0.           0.           0.           1.           1.           1.
    1.           1.           0.           1.           1.           1.
    1.           1.           1.           1.           0.           1.
    1.           0.           1.           1.           1.           1.
    1.           1.           1.           1.           1.           1.
    1.           1.           0.           1.           1.           1.
    1.           1.           1.           1.           0.           1.
    1.           1.           1.           1.           0.           1.
    0.           0.           0.           1.           1.           1.
    1.           1.           0.           1.           1.           1.
    1.           1.           1.           1.           0.           1.
    1.           0.           1.           1.           1.           1.
    1.           1.           1.           1.           1.           1.
    1.           1.           0.           1.           1.           1.
    1.           1.           1.           1.           0.           1.
    1.           1.           1.           1.           0.           1.
    0.           0.           0.           1.           1.           1.
    1.           1.           0.           1.           1.           1.
    1.           1.           1.           1.           0.           1.
    1.           0.           1.           1.           1.           1.
    1.           1.           1.           1.           1.           1.
    1.           1.           0.           1.           1.           1.
    1.           1.           1.           1.           0.           1.
    1.           1.           1.           1.           0.           1.
    0.           0.           0.           1.           1.           1.
    1.           1.           0.           1.           1.           1.
    1.           1.           1.           1.           0.           1.
    1.           0.           1.           1.           1.           1.
    1.           1.           1.           1.           1.           1.
    1.           1.           0.           1.           1.           1.
    1.           1.           1.           1.           0.           1.
    1.           1.           1.           1.           0.           1.
    0.           0.           0.           1.           1.           1.
    1.           1.           0.           1.           1.           1.
    1.           1.           1.           1.           0.           1.
    1.           0.           1.           1.           1.           1.
    1.           1.           1.           1.           1.           1.
    1.           1.           0.           1.           1.           1.
    1.           1.           1.           1.           1.           1.
    1.           1.           1.           1.           1.           1.
    1.           1.           1.           1.           1.           1.
    1.           1.           1.           1.           1.           1.
    1.           1.           0.           1.           1.           0.
    0.           0.           1.           1.           1.           1.
    1.           0.           1.           1.           1.           1.
    1.           1.           1.           1.           1.           1.
    0.           1.           1.           1.           1.           1.
    1.           1.           1.           1.           1.           0.
    1.           1.           1.           1.           1.           1.
    1.           1.           1.           1.           0.           1.
    1.           6.           6.           1.           1.           6.
    1.           1.           6.           5.           5.          18.
   18.           9.          10.           5.           6.           4.
    4.          16.          16.           1.           1.           6.
    5.           5.          10.          10.           8.           7.
    4.           5.           5.          18.           9.          18.
   10.           3.          -1.          13.           8.          28.
   13.           3.           1.           1.          31.           5.
    5.          69.           0.87878788   1.           1.        ]]
2016-11-15 06:00:22,274     INFO           main: saved 425 vectors to /home/ashish/Text2Speech/TTSDNNRepo/egs/slt_arctic/s1/experiments/slt_arctic_demo/acoustic_model/data/label_norm_HTS_425.dat
2016-11-15 06:00:22,274     INFO           main: creating acoustic (output) features
2016-11-15 06:00:22,275     INFO  acoustic_comp: processing file    1 of   60 : /home/ashish/Text2Speech/TTSDNNRepo/egs/slt_arctic/s1/experiments/slt_arctic_demo/acoustic_model/data/nn_mgc_lf0_vuv_bap_187/arctic_a0001.cmp
2016-11-15 06:00:23,104    DEBUG  acoustic_comp:  wrote 672 frames of features
2016-11-15 06:00:23,104     INFO  acoustic_comp: processing file    2 of   60 : /home/ashish/Text2Speech/TTSDNNRepo/egs/slt_arctic/s1/experiments/slt_arctic_demo/acoustic_model/data/nn_mgc_lf0_vuv_bap_187/arctic_a0002.cmp
2016-11-15 06:00:24,103    DEBUG  acoustic_comp:  wrote 752 frames of features
2016-11-15 06:00:24,103     INFO  acoustic_comp: processing file    3 of   60 : /home/ashish/Text2Speech/TTSDNNRepo/egs/slt_arctic/s1/experiments/slt_arctic_demo/acoustic_model/data/nn_mgc_lf0_vuv_bap_187/arctic_a0003.cmp
2016-11-15 06:00:25,036    DEBUG  acoustic_comp:  wrote 642 frames of features
2016-11-15 06:00:25,036     INFO  acoustic_comp: processing file    4 of   60 : /home/ashish/Text2Speech/TTSDNNRepo/egs/slt_arctic/s1/experiments/slt_arctic_demo/acoustic_model/data/nn_mgc_lf0_vuv_bap_187/arctic_a0004.cmp
2016-11-15 06:00:25,672    DEBUG  acoustic_comp:  wrote 502 frames of features
2016-11-15 06:00:25,673     INFO  acoustic_comp: processing file    5 of   60 : /home/ashish/Text2Speech/TTSDNNRepo/egs/slt_arctic/s1/experiments/slt_arctic_demo/acoustic_model/data/nn_mgc_lf0_vuv_bap_187/arctic_a0005.cmp
2016-11-15 06:00:26,037    DEBUG  acoustic_comp:  wrote 298 frames of features
2016-11-15 06:00:26,037     INFO  acoustic_comp: processing file    6 of   60 : /home/ashish/Text2Speech/TTSDNNRepo/egs/slt_arctic/s1/experiments/slt_arctic_demo/acoustic_model/data/nn_mgc_lf0_vuv_bap_187/arctic_a0006.cmp
2016-11-15 06:00:26,767    DEBUG  acoustic_comp:  wrote 594 frames of features
2016-11-15 06:00:26,767     INFO  acoustic_comp: processing file    7 of   60 : /home/ashish/Text2Speech/TTSDNNRepo/egs/slt_arctic/s1/experiments/slt_arctic_demo/acoustic_model/data/nn_mgc_lf0_vuv_bap_187/arctic_a0007.cmp
2016-11-15 06:00:27,511    DEBUG  acoustic_comp:  wrote 602 frames of features
2016-11-15 06:00:27,511     INFO  acoustic_comp: processing file    8 of   60 : /home/ashish/Text2Speech/TTSDNNRepo/egs/slt_arctic/s1/experiments/slt_arctic_demo/acoustic_model/data/nn_mgc_lf0_vuv_bap_187/arctic_a0008.cmp
2016-11-15 06:00:28,073    DEBUG  acoustic_comp:  wrote 458 frames of features
2016-11-15 06:00:28,073     INFO  acoustic_comp: processing file    9 of   60 : /home/ashish/Text2Speech/TTSDNNRepo/egs/slt_arctic/s1/experiments/slt_arctic_demo/acoustic_model/data/nn_mgc_lf0_vuv_bap_187/arctic_a0009.cmp
2016-11-15 06:00:28,836    DEBUG  acoustic_comp:  wrote 620 frames of features
2016-11-15 06:00:28,837     INFO  acoustic_comp: processing file   10 of   60 : /home/ashish/Text2Speech/TTSDNNRepo/egs/slt_arctic/s1/experiments/slt_arctic_demo/acoustic_model/data/nn_mgc_lf0_vuv_bap_187/arctic_a0010.cmp
2016-11-15 06:00:29,596    DEBUG  acoustic_comp:  wrote 604 frames of features
2016-11-15 06:00:29,596     INFO  acoustic_comp: processing file   11 of   60 : /home/ashish/Text2Speech/TTSDNNRepo/egs/slt_arctic/s1/experiments/slt_arctic_demo/acoustic_model/data/nn_mgc_lf0_vuv_bap_187/arctic_a0011.cmp
2016-11-15 06:00:30,343    DEBUG  acoustic_comp:  wrote 612 frames of features
2016-11-15 06:00:30,343     INFO  acoustic_comp: processing file   12 of   60 : /home/ashish/Text2Speech/TTSDNNRepo/egs/slt_arctic/s1/experiments/slt_arctic_demo/acoustic_model/data/nn_mgc_lf0_vuv_bap_187/arctic_a0012.cmp
2016-11-15 06:00:31,038    DEBUG  acoustic_comp:  wrote 568 frames of features
2016-11-15 06:00:31,038     INFO  acoustic_comp: processing file   13 of   60 : /home/ashish/Text2Speech/TTSDNNRepo/egs/slt_arctic/s1/experiments/slt_arctic_demo/acoustic_model/data/nn_mgc_lf0_vuv_bap_187/arctic_a0013.cmp
2016-11-15 06:00:31,904    DEBUG  acoustic_comp:  wrote 706 frames of features
2016-11-15 06:00:31,905     INFO  acoustic_comp: processing file   14 of   60 : /home/ashish/Text2Speech/TTSDNNRepo/egs/slt_arctic/s1/experiments/slt_arctic_demo/acoustic_model/data/nn_mgc_lf0_vuv_bap_187/arctic_a0014.cmp
2016-11-15 06:00:32,626    DEBUG  acoustic_comp:  wrote 580 frames of features
2016-11-15 06:00:32,626     INFO  acoustic_comp: processing file   15 of   60 : /home/ashish/Text2Speech/TTSDNNRepo/egs/slt_arctic/s1/experiments/slt_arctic_demo/acoustic_model/data/nn_mgc_lf0_vuv_bap_187/arctic_a0015.cmp
2016-11-15 06:00:33,083    DEBUG  acoustic_comp:  wrote 376 frames of features
2016-11-15 06:00:33,083     INFO  acoustic_comp: processing file   16 of   60 : /home/ashish/Text2Speech/TTSDNNRepo/egs/slt_arctic/s1/experiments/slt_arctic_demo/acoustic_model/data/nn_mgc_lf0_vuv_bap_187/arctic_a0016.cmp
2016-11-15 06:00:33,961    DEBUG  acoustic_comp:  wrote 716 frames of features
2016-11-15 06:00:33,962     INFO  acoustic_comp: processing file   17 of   60 : /home/ashish/Text2Speech/TTSDNNRepo/egs/slt_arctic/s1/experiments/slt_arctic_demo/acoustic_model/data/nn_mgc_lf0_vuv_bap_187/arctic_a0017.cmp
2016-11-15 06:00:34,952    DEBUG  acoustic_comp:  wrote 806 frames of features
2016-11-15 06:00:34,952     INFO  acoustic_comp: processing file   18 of   60 : /home/ashish/Text2Speech/TTSDNNRepo/egs/slt_arctic/s1/experiments/slt_arctic_demo/acoustic_model/data/nn_mgc_lf0_vuv_bap_187/arctic_a0018.cmp
2016-11-15 06:00:35,348    DEBUG  acoustic_comp:  wrote 322 frames of features
2016-11-15 06:00:35,348     INFO  acoustic_comp: processing file   19 of   60 : /home/ashish/Text2Speech/TTSDNNRepo/egs/slt_arctic/s1/experiments/slt_arctic_demo/acoustic_model/data/nn_mgc_lf0_vuv_bap_187/arctic_a0019.cmp
2016-11-15 06:00:36,209    DEBUG  acoustic_comp:  wrote 696 frames of features
2016-11-15 06:00:36,209     INFO  acoustic_comp: processing file   20 of   60 : /home/ashish/Text2Speech/TTSDNNRepo/egs/slt_arctic/s1/experiments/slt_arctic_demo/acoustic_model/data/nn_mgc_lf0_vuv_bap_187/arctic_a0020.cmp
2016-11-15 06:00:36,981    DEBUG  acoustic_comp:  wrote 624 frames of features
2016-11-15 06:00:36,982     INFO  acoustic_comp: processing file   21 of   60 : /home/ashish/Text2Speech/TTSDNNRepo/egs/slt_arctic/s1/experiments/slt_arctic_demo/acoustic_model/data/nn_mgc_lf0_vuv_bap_187/arctic_a0021.cmp
2016-11-15 06:00:37,599    DEBUG  acoustic_comp:  wrote 502 frames of features
2016-11-15 06:00:37,599     INFO  acoustic_comp: processing file   22 of   60 : /home/ashish/Text2Speech/TTSDNNRepo/egs/slt_arctic/s1/experiments/slt_arctic_demo/acoustic_model/data/nn_mgc_lf0_vuv_bap_187/arctic_a0022.cmp
2016-11-15 06:00:38,656    DEBUG  acoustic_comp:  wrote 862 frames of features
2016-11-15 06:00:38,656     INFO  acoustic_comp: processing file   23 of   60 : /home/ashish/Text2Speech/TTSDNNRepo/egs/slt_arctic/s1/experiments/slt_arctic_demo/acoustic_model/data/nn_mgc_lf0_vuv_bap_187/arctic_a0023.cmp
2016-11-15 06:00:39,842    DEBUG  acoustic_comp:  wrote 960 frames of features
2016-11-15 06:00:39,842     INFO  acoustic_comp: processing file   24 of   60 : /home/ashish/Text2Speech/TTSDNNRepo/egs/slt_arctic/s1/experiments/slt_arctic_demo/acoustic_model/data/nn_mgc_lf0_vuv_bap_187/arctic_a0024.cmp
2016-11-15 06:00:40,821    DEBUG  acoustic_comp:  wrote 792 frames of features
2016-11-15 06:00:40,821     INFO  acoustic_comp: processing file   25 of   60 : /home/ashish/Text2Speech/TTSDNNRepo/egs/slt_arctic/s1/experiments/slt_arctic_demo/acoustic_model/data/nn_mgc_lf0_vuv_bap_187/arctic_a0025.cmp
2016-11-15 06:00:41,597    DEBUG  acoustic_comp:  wrote 620 frames of features
2016-11-15 06:00:41,598     INFO  acoustic_comp: processing file   26 of   60 : /home/ashish/Text2Speech/TTSDNNRepo/egs/slt_arctic/s1/experiments/slt_arctic_demo/acoustic_model/data/nn_mgc_lf0_vuv_bap_187/arctic_a0026.cmp
2016-11-15 06:00:42,294    DEBUG  acoustic_comp:  wrote 578 frames of features
2016-11-15 06:00:42,294     INFO  acoustic_comp: processing file   27 of   60 : /home/ashish/Text2Speech/TTSDNNRepo/egs/slt_arctic/s1/experiments/slt_arctic_demo/acoustic_model/data/nn_mgc_lf0_vuv_bap_187/arctic_a0027.cmp
2016-11-15 06:00:43,293    DEBUG  acoustic_comp:  wrote 820 frames of features
2016-11-15 06:00:43,293     INFO  acoustic_comp: processing file   28 of   60 : /home/ashish/Text2Speech/TTSDNNRepo/egs/slt_arctic/s1/experiments/slt_arctic_demo/acoustic_model/data/nn_mgc_lf0_vuv_bap_187/arctic_a0028.cmp
2016-11-15 06:00:43,888    DEBUG  acoustic_comp:  wrote 480 frames of features
2016-11-15 06:00:43,888     INFO  acoustic_comp: processing file   29 of   60 : /home/ashish/Text2Speech/TTSDNNRepo/egs/slt_arctic/s1/experiments/slt_arctic_demo/acoustic_model/data/nn_mgc_lf0_vuv_bap_187/arctic_a0029.cmp
2016-11-15 06:00:44,635    DEBUG  acoustic_comp:  wrote 618 frames of features
2016-11-15 06:00:44,635     INFO  acoustic_comp: processing file   30 of   60 : /home/ashish/Text2Speech/TTSDNNRepo/egs/slt_arctic/s1/experiments/slt_arctic_demo/acoustic_model/data/nn_mgc_lf0_vuv_bap_187/arctic_a0030.cmp
2016-11-15 06:00:44,990    DEBUG  acoustic_comp:  wrote 296 frames of features
2016-11-15 06:00:44,990     INFO  acoustic_comp: processing file   31 of   60 : /home/ashish/Text2Speech/TTSDNNRepo/egs/slt_arctic/s1/experiments/slt_arctic_demo/acoustic_model/data/nn_mgc_lf0_vuv_bap_187/arctic_a0031.cmp
2016-11-15 06:00:45,480    DEBUG  acoustic_comp:  wrote 404 frames of features
2016-11-15 06:00:45,481     INFO  acoustic_comp: processing file   32 of   60 : /home/ashish/Text2Speech/TTSDNNRepo/egs/slt_arctic/s1/experiments/slt_arctic_demo/acoustic_model/data/nn_mgc_lf0_vuv_bap_187/arctic_a0032.cmp
2016-11-15 06:00:46,397    DEBUG  acoustic_comp:  wrote 748 frames of features
2016-11-15 06:00:46,397     INFO  acoustic_comp: processing file   33 of   60 : /home/ashish/Text2Speech/TTSDNNRepo/egs/slt_arctic/s1/experiments/slt_arctic_demo/acoustic_model/data/nn_mgc_lf0_vuv_bap_187/arctic_a0033.cmp
2016-11-15 06:00:47,292    DEBUG  acoustic_comp:  wrote 736 frames of features
2016-11-15 06:00:47,292     INFO  acoustic_comp: processing file   34 of   60 : /home/ashish/Text2Speech/TTSDNNRepo/egs/slt_arctic/s1/experiments/slt_arctic_demo/acoustic_model/data/nn_mgc_lf0_vuv_bap_187/arctic_a0034.cmp
2016-11-15 06:00:48,102    DEBUG  acoustic_comp:  wrote 652 frames of features
2016-11-15 06:00:48,102     INFO  acoustic_comp: processing file   35 of   60 : /home/ashish/Text2Speech/TTSDNNRepo/egs/slt_arctic/s1/experiments/slt_arctic_demo/acoustic_model/data/nn_mgc_lf0_vuv_bap_187/arctic_a0035.cmp
2016-11-15 06:00:49,007    DEBUG  acoustic_comp:  wrote 748 frames of features
2016-11-15 06:00:49,007     INFO  acoustic_comp: processing file   36 of   60 : /home/ashish/Text2Speech/TTSDNNRepo/egs/slt_arctic/s1/experiments/slt_arctic_demo/acoustic_model/data/nn_mgc_lf0_vuv_bap_187/arctic_a0036.cmp
2016-11-15 06:00:49,444    DEBUG  acoustic_comp:  wrote 362 frames of features
2016-11-15 06:00:49,444     INFO  acoustic_comp: processing file   37 of   60 : /home/ashish/Text2Speech/TTSDNNRepo/egs/slt_arctic/s1/experiments/slt_arctic_demo/acoustic_model/data/nn_mgc_lf0_vuv_bap_187/arctic_a0037.cmp
2016-11-15 06:00:50,034    DEBUG  acoustic_comp:  wrote 482 frames of features
2016-11-15 06:00:50,034     INFO  acoustic_comp: processing file   38 of   60 : /home/ashish/Text2Speech/TTSDNNRepo/egs/slt_arctic/s1/experiments/slt_arctic_demo/acoustic_model/data/nn_mgc_lf0_vuv_bap_187/arctic_a0038.cmp
2016-11-15 06:00:50,484    DEBUG  acoustic_comp:  wrote 374 frames of features
2016-11-15 06:00:50,485     INFO  acoustic_comp: processing file   39 of   60 : /home/ashish/Text2Speech/TTSDNNRepo/egs/slt_arctic/s1/experiments/slt_arctic_demo/acoustic_model/data/nn_mgc_lf0_vuv_bap_187/arctic_a0039.cmp
2016-11-15 06:00:51,142    DEBUG  acoustic_comp:  wrote 536 frames of features
2016-11-15 06:00:51,142     INFO  acoustic_comp: processing file   40 of   60 : /home/ashish/Text2Speech/TTSDNNRepo/egs/slt_arctic/s1/experiments/slt_arctic_demo/acoustic_model/data/nn_mgc_lf0_vuv_bap_187/arctic_a0040.cmp
2016-11-15 06:00:51,787    DEBUG  acoustic_comp:  wrote 526 frames of features
2016-11-15 06:00:51,787     INFO  acoustic_comp: processing file   41 of   60 : /home/ashish/Text2Speech/TTSDNNRepo/egs/slt_arctic/s1/experiments/slt_arctic_demo/acoustic_model/data/nn_mgc_lf0_vuv_bap_187/arctic_a0041.cmp
2016-11-15 06:00:52,364    DEBUG  acoustic_comp:  wrote 478 frames of features
2016-11-15 06:00:52,364     INFO  acoustic_comp: processing file   42 of   60 : /home/ashish/Text2Speech/TTSDNNRepo/egs/slt_arctic/s1/experiments/slt_arctic_demo/acoustic_model/data/nn_mgc_lf0_vuv_bap_187/arctic_a0042.cmp
2016-11-15 06:00:53,039    DEBUG  acoustic_comp:  wrote 554 frames of features
2016-11-15 06:00:53,039     INFO  acoustic_comp: processing file   43 of   60 : /home/ashish/Text2Speech/TTSDNNRepo/egs/slt_arctic/s1/experiments/slt_arctic_demo/acoustic_model/data/nn_mgc_lf0_vuv_bap_187/arctic_a0043.cmp
2016-11-15 06:00:53,883    DEBUG  acoustic_comp:  wrote 694 frames of features
2016-11-15 06:00:53,883     INFO  acoustic_comp: processing file   44 of   60 : /home/ashish/Text2Speech/TTSDNNRepo/egs/slt_arctic/s1/experiments/slt_arctic_demo/acoustic_model/data/nn_mgc_lf0_vuv_bap_187/arctic_a0044.cmp
2016-11-15 06:00:54,632    DEBUG  acoustic_comp:  wrote 614 frames of features
2016-11-15 06:00:54,632     INFO  acoustic_comp: processing file   45 of   60 : /home/ashish/Text2Speech/TTSDNNRepo/egs/slt_arctic/s1/experiments/slt_arctic_demo/acoustic_model/data/nn_mgc_lf0_vuv_bap_187/arctic_a0045.cmp
2016-11-15 06:00:55,257    DEBUG  acoustic_comp:  wrote 512 frames of features
2016-11-15 06:00:55,257     INFO  acoustic_comp: processing file   46 of   60 : /home/ashish/Text2Speech/TTSDNNRepo/egs/slt_arctic/s1/experiments/slt_arctic_demo/acoustic_model/data/nn_mgc_lf0_vuv_bap_187/arctic_a0046.cmp
2016-11-15 06:00:56,090    DEBUG  acoustic_comp:  wrote 668 frames of features
2016-11-15 06:00:56,091     INFO  acoustic_comp: processing file   47 of   60 : /home/ashish/Text2Speech/TTSDNNRepo/egs/slt_arctic/s1/experiments/slt_arctic_demo/acoustic_model/data/nn_mgc_lf0_vuv_bap_187/arctic_a0047.cmp
2016-11-15 06:00:56,881    DEBUG  acoustic_comp:  wrote 648 frames of features
2016-11-15 06:00:56,881     INFO  acoustic_comp: processing file   48 of   60 : /home/ashish/Text2Speech/TTSDNNRepo/egs/slt_arctic/s1/experiments/slt_arctic_demo/acoustic_model/data/nn_mgc_lf0_vuv_bap_187/arctic_a0048.cmp
2016-11-15 06:00:57,508    DEBUG  acoustic_comp:  wrote 514 frames of features
2016-11-15 06:00:57,509     INFO  acoustic_comp: processing file   49 of   60 : /home/ashish/Text2Speech/TTSDNNRepo/egs/slt_arctic/s1/experiments/slt_arctic_demo/acoustic_model/data/nn_mgc_lf0_vuv_bap_187/arctic_a0049.cmp
2016-11-15 06:00:58,183    DEBUG  acoustic_comp:  wrote 552 frames of features
2016-11-15 06:00:58,183     INFO  acoustic_comp: processing file   50 of   60 : /home/ashish/Text2Speech/TTSDNNRepo/egs/slt_arctic/s1/experiments/slt_arctic_demo/acoustic_model/data/nn_mgc_lf0_vuv_bap_187/arctic_a0050.cmp
2016-11-15 06:00:59,097    DEBUG  acoustic_comp:  wrote 744 frames of features
2016-11-15 06:00:59,097     INFO  acoustic_comp: processing file   51 of   60 : /home/ashish/Text2Speech/TTSDNNRepo/egs/slt_arctic/s1/experiments/slt_arctic_demo/acoustic_model/data/nn_mgc_lf0_vuv_bap_187/arctic_a0051.cmp
2016-11-15 06:01:00,138    DEBUG  acoustic_comp:  wrote 826 frames of features
2016-11-15 06:01:00,138     INFO  acoustic_comp: processing file   52 of   60 : /home/ashish/Text2Speech/TTSDNNRepo/egs/slt_arctic/s1/experiments/slt_arctic_demo/acoustic_model/data/nn_mgc_lf0_vuv_bap_187/arctic_a0052.cmp
2016-11-15 06:01:00,670    DEBUG  acoustic_comp:  wrote 412 frames of features
2016-11-15 06:01:00,670     INFO  acoustic_comp: processing file   53 of   60 : /home/ashish/Text2Speech/TTSDNNRepo/egs/slt_arctic/s1/experiments/slt_arctic_demo/acoustic_model/data/nn_mgc_lf0_vuv_bap_187/arctic_a0053.cmp
2016-11-15 06:01:01,431    DEBUG  acoustic_comp:  wrote 618 frames of features
2016-11-15 06:01:01,431     INFO  acoustic_comp: processing file   54 of   60 : /home/ashish/Text2Speech/TTSDNNRepo/egs/slt_arctic/s1/experiments/slt_arctic_demo/acoustic_model/data/nn_mgc_lf0_vuv_bap_187/arctic_a0054.cmp
2016-11-15 06:01:01,828    DEBUG  acoustic_comp:  wrote 328 frames of features
2016-11-15 06:01:01,829     INFO  acoustic_comp: processing file   55 of   60 : /home/ashish/Text2Speech/TTSDNNRepo/egs/slt_arctic/s1/experiments/slt_arctic_demo/acoustic_model/data/nn_mgc_lf0_vuv_bap_187/arctic_a0055.cmp
2016-11-15 06:01:02,849    DEBUG  acoustic_comp:  wrote 834 frames of features
2016-11-15 06:01:02,849     INFO  acoustic_comp: processing file   56 of   60 : /home/ashish/Text2Speech/TTSDNNRepo/egs/slt_arctic/s1/experiments/slt_arctic_demo/acoustic_model/data/nn_mgc_lf0_vuv_bap_187/arctic_a0056.cmp
2016-11-15 06:01:03,556    DEBUG  acoustic_comp:  wrote 578 frames of features
2016-11-15 06:01:03,556     INFO  acoustic_comp: processing file   57 of   60 : /home/ashish/Text2Speech/TTSDNNRepo/egs/slt_arctic/s1/experiments/slt_arctic_demo/acoustic_model/data/nn_mgc_lf0_vuv_bap_187/arctic_a0057.cmp
2016-11-15 06:01:04,143    DEBUG  acoustic_comp:  wrote 484 frames of features
2016-11-15 06:01:04,143     INFO  acoustic_comp: processing file   58 of   60 : /home/ashish/Text2Speech/TTSDNNRepo/egs/slt_arctic/s1/experiments/slt_arctic_demo/acoustic_model/data/nn_mgc_lf0_vuv_bap_187/arctic_a0058.cmp
2016-11-15 06:01:05,013    DEBUG  acoustic_comp:  wrote 708 frames of features
2016-11-15 06:01:05,014     INFO  acoustic_comp: processing file   59 of   60 : /home/ashish/Text2Speech/TTSDNNRepo/egs/slt_arctic/s1/experiments/slt_arctic_demo/acoustic_model/data/nn_mgc_lf0_vuv_bap_187/arctic_a0059.cmp
2016-11-15 06:01:05,644    DEBUG  acoustic_comp:  wrote 470 frames of features
2016-11-15 06:01:05,644     INFO  acoustic_comp: processing file   60 of   60 : /home/ashish/Text2Speech/TTSDNNRepo/egs/slt_arctic/s1/experiments/slt_arctic_demo/acoustic_model/data/nn_mgc_lf0_vuv_bap_187/arctic_a0060.cmp
2016-11-15 06:01:06,226    DEBUG  acoustic_comp:  wrote 468 frames of features
2016-11-15 06:01:06,478     INFO           main: normalising acoustic (output) features using method MVN
2016-11-15 06:01:06,614     INFO           main: saved MVN vectors to /home/ashish/Text2Speech/TTSDNNRepo/egs/slt_arctic/s1/experiments/slt_arctic_demo/acoustic_model/data/norm_info_mgc_lf0_vuv_bap_187_MVN.dat
2016-11-15 06:01:06,615     INFO           main: saved mgc variance vector to /home/ashish/Text2Speech/TTSDNNRepo/egs/slt_arctic/s1/experiments/slt_arctic_demo/acoustic_model/data/var/mgc_180
2016-11-15 06:01:06,615     INFO           main: saved vuv variance vector to /home/ashish/Text2Speech/TTSDNNRepo/egs/slt_arctic/s1/experiments/slt_arctic_demo/acoustic_model/data/var/vuv_1
2016-11-15 06:01:06,615     INFO           main: saved lf0 variance vector to /home/ashish/Text2Speech/TTSDNNRepo/egs/slt_arctic/s1/experiments/slt_arctic_demo/acoustic_model/data/var/lf0_3
2016-11-15 06:01:06,615     INFO           main: saved bap variance vector to /home/ashish/Text2Speech/TTSDNNRepo/egs/slt_arctic/s1/experiments/slt_arctic_demo/acoustic_model/data/var/bap_3
2016-11-15 06:01:06,639    DEBUG         labels: HTS-derived input feature dimension is 416 + 9 = 425
2016-11-15 06:01:06,639     INFO           main: label dimension is 425
2016-11-15 06:01:06,640     INFO           main: training DNN
2016-11-15 06:01:06,640    DEBUG main.train_DNN: Starting train_DNN
2016-11-15 06:01:06,640    DEBUG main.train_DNN: Creating training   data provider
2016-11-15 06:01:06,641    DEBUG main.train_DNN: Creating validation data provider
2016-11-15 06:01:07,113     INFO main.train_DNN: building the model
2016-11-15 06:01:08,498     INFO main.train_DNN: fine-tuning the DNN model
2016-11-15 06:02:41,115    DEBUG main.train_DNN: calculating validation loss
2016-11-15 06:02:44,194     INFO main.train_DNN: epoch 1, validation error 181.222183, train error 182.346802  time spent 95.70
2016-11-15 06:04:14,609    DEBUG main.train_DNN: calculating validation loss
2016-11-15 06:04:17,915     INFO main.train_DNN: epoch 2, validation error 178.898849, train error 176.184540  time spent 93.72
2016-11-15 06:05:46,532    DEBUG main.train_DNN: calculating validation loss
2016-11-15 06:05:49,555     INFO main.train_DNN: epoch 3, validation error 177.940338, train error 174.229141  time spent 91.64
2016-11-15 06:07:20,420    DEBUG main.train_DNN: calculating validation loss
2016-11-15 06:07:23,459     INFO main.train_DNN: epoch 4, validation error 177.438766, train error 173.173141  time spent 93.90
2016-11-15 06:08:51,281    DEBUG main.train_DNN: calculating validation loss
2016-11-15 06:08:54,459     INFO main.train_DNN: epoch 5, validation error 177.118423, train error 172.455231  time spent 91.00
2016-11-15 06:10:24,607    DEBUG main.train_DNN: calculating validation loss
2016-11-15 06:10:27,709     INFO main.train_DNN: epoch 6, validation error 176.886368, train error 171.904510  time spent 93.25
2016-11-15 06:11:59,602    DEBUG main.train_DNN: calculating validation loss
2016-11-15 06:12:02,768     INFO main.train_DNN: epoch 7, validation error 176.695206, train error 171.448761  time spent 92.73
2016-11-15 06:13:35,280    DEBUG main.train_DNN: calculating validation loss
2016-11-15 06:13:38,350     INFO main.train_DNN: epoch 8, validation error 176.507187, train error 171.044861  time spent 93.31
2016-11-15 06:15:09,222    DEBUG main.train_DNN: calculating validation loss
2016-11-15 06:15:12,334     INFO main.train_DNN: epoch 9, validation error 176.291580, train error 170.659286  time spent 92.03
2016-11-15 06:16:44,328    DEBUG main.train_DNN: calculating validation loss
2016-11-15 06:16:47,701     INFO main.train_DNN: epoch 10, validation error 176.033279, train error 170.264786  time spent 93.00
2016-11-15 06:18:20,570    DEBUG main.train_DNN: calculating validation loss
2016-11-15 06:18:23,612     INFO main.train_DNN: epoch 11, validation error 175.961914, train error 170.315994  time spent 93.58
2016-11-15 06:19:55,864    DEBUG main.train_DNN: calculating validation loss
2016-11-15 06:19:58,898     INFO main.train_DNN: epoch 12, validation error 175.159561, train error 168.870529  time spent 93.03
2016-11-15 06:21:30,771    DEBUG main.train_DNN: calculating validation loss
2016-11-15 06:21:33,956     INFO main.train_DNN: epoch 13, validation error 174.652985, train error 167.983124  time spent 92.95
2016-11-15 06:23:06,247    DEBUG main.train_DNN: calculating validation loss
2016-11-15 06:23:09,473     INFO main.train_DNN: epoch 14, validation error 174.518661, train error 167.511169  time spent 93.54
2016-11-15 06:24:40,693    DEBUG main.train_DNN: calculating validation loss
2016-11-15 06:24:43,786     INFO main.train_DNN: epoch 15, validation error 174.408234, train error 167.273178  time spent 92.33
2016-11-15 06:26:16,003    DEBUG main.train_DNN: calculating validation loss
2016-11-15 06:26:19,099     INFO main.train_DNN: epoch 16, validation error 174.365356, train error 167.151093  time spent 93.35
2016-11-15 06:27:51,793    DEBUG main.train_DNN: calculating validation loss
2016-11-15 06:27:54,860     INFO main.train_DNN: epoch 17, validation error 174.357254, train error 167.086380  time spent 92.82
2016-11-15 06:29:24,563    DEBUG main.train_DNN: calculating validation loss
2016-11-15 06:29:27,629     INFO main.train_DNN: epoch 18, validation error 174.352554, train error 167.051941  time spent 90.75
2016-11-15 06:31:00,161    DEBUG main.train_DNN: calculating validation loss
2016-11-15 06:31:03,192     INFO main.train_DNN: epoch 19, validation error 174.350937, train error 167.034058  time spent 93.54
2016-11-15 06:32:36,987    DEBUG main.train_DNN: calculating validation loss
2016-11-15 06:32:40,504     INFO main.train_DNN: epoch 20, validation error 174.349579, train error 167.025360  time spent 95.08
2016-11-15 06:34:13,341    DEBUG main.train_DNN: calculating validation loss
2016-11-15 06:34:16,390     INFO main.train_DNN: epoch 21, validation error 174.348816, train error 167.021042  time spent 93.62
2016-11-15 06:35:48,306    DEBUG main.train_DNN: calculating validation loss
2016-11-15 06:35:51,434     INFO main.train_DNN: epoch 22, validation error 174.348419, train error 167.018845  time spent 93.06
2016-11-15 06:37:25,143    DEBUG main.train_DNN: calculating validation loss
2016-11-15 06:37:28,511     INFO main.train_DNN: epoch 23, validation error 174.348236, train error 167.017822  time spent 94.87
2016-11-15 06:39:00,643    DEBUG main.train_DNN: calculating validation loss
2016-11-15 06:39:03,703     INFO main.train_DNN: epoch 24, validation error 174.348129, train error 167.017319  time spent 93.20
2016-11-15 06:40:34,965    DEBUG main.train_DNN: calculating validation loss
2016-11-15 06:40:37,999     INFO main.train_DNN: epoch 25, validation error 174.348083, train error 167.017029  time spent 92.31
2016-11-15 06:40:39,994     INFO main.train_DNN: overall  training time: 39.52m validation error 174.348083
2016-11-15 06:40:40,410     INFO           main: generating from DNN
2016-11-15 06:40:40,447    DEBUG dnn_generation: Starting dnn_generation
2016-11-15 06:40:41,463     INFO dnn_generation: generating    1 of   10: /home/ashish/Text2Speech/TTSDNNRepo/egs/slt_arctic/s1/experiments/slt_arctic_demo/acoustic_model/data/nn_no_silence_lab_norm_425/arctic_a0051.lab
2016-11-15 06:40:42,876    DEBUG dnn_generation: saved to /home/ashish/Text2Speech/TTSDNNRepo/egs/slt_arctic/s1/experiments/slt_arctic_demo/acoustic_model/gen/DNN_TANH_TANH_TANH_TANH_LINEAR__mgc_lf0_vuv_bap_1_50_425_187_4_512_512/arctic_a0051.cmp
2016-11-15 06:40:42,876     INFO dnn_generation: generating    2 of   10: /home/ashish/Text2Speech/TTSDNNRepo/egs/slt_arctic/s1/experiments/slt_arctic_demo/acoustic_model/data/nn_no_silence_lab_norm_425/arctic_a0052.lab
2016-11-15 06:40:43,329    DEBUG dnn_generation: saved to /home/ashish/Text2Speech/TTSDNNRepo/egs/slt_arctic/s1/experiments/slt_arctic_demo/acoustic_model/gen/DNN_TANH_TANH_TANH_TANH_LINEAR__mgc_lf0_vuv_bap_1_50_425_187_4_512_512/arctic_a0052.cmp
2016-11-15 06:40:43,329     INFO dnn_generation: generating    3 of   10: /home/ashish/Text2Speech/TTSDNNRepo/egs/slt_arctic/s1/experiments/slt_arctic_demo/acoustic_model/data/nn_no_silence_lab_norm_425/arctic_a0053.lab
2016-11-15 06:40:44,026    DEBUG dnn_generation: saved to /home/ashish/Text2Speech/TTSDNNRepo/egs/slt_arctic/s1/experiments/slt_arctic_demo/acoustic_model/gen/DNN_TANH_TANH_TANH_TANH_LINEAR__mgc_lf0_vuv_bap_1_50_425_187_4_512_512/arctic_a0053.cmp
2016-11-15 06:40:44,026     INFO dnn_generation: generating    4 of   10: /home/ashish/Text2Speech/TTSDNNRepo/egs/slt_arctic/s1/experiments/slt_arctic_demo/acoustic_model/data/nn_no_silence_lab_norm_425/arctic_a0054.lab
2016-11-15 06:40:44,527    DEBUG dnn_generation: saved to /home/ashish/Text2Speech/TTSDNNRepo/egs/slt_arctic/s1/experiments/slt_arctic_demo/acoustic_model/gen/DNN_TANH_TANH_TANH_TANH_LINEAR__mgc_lf0_vuv_bap_1_50_425_187_4_512_512/arctic_a0054.cmp
2016-11-15 06:40:44,528     INFO dnn_generation: generating    5 of   10: /home/ashish/Text2Speech/TTSDNNRepo/egs/slt_arctic/s1/experiments/slt_arctic_demo/acoustic_model/data/nn_no_silence_lab_norm_425/arctic_a0055.lab
2016-11-15 06:40:45,444    DEBUG dnn_generation: saved to /home/ashish/Text2Speech/TTSDNNRepo/egs/slt_arctic/s1/experiments/slt_arctic_demo/acoustic_model/gen/DNN_TANH_TANH_TANH_TANH_LINEAR__mgc_lf0_vuv_bap_1_50_425_187_4_512_512/arctic_a0055.cmp
2016-11-15 06:40:45,445     INFO dnn_generation: generating    6 of   10: /home/ashish/Text2Speech/TTSDNNRepo/egs/slt_arctic/s1/experiments/slt_arctic_demo/acoustic_model/data/nn_no_silence_lab_norm_425/arctic_a0056.lab
2016-11-15 06:40:46,162    DEBUG dnn_generation: saved to /home/ashish/Text2Speech/TTSDNNRepo/egs/slt_arctic/s1/experiments/slt_arctic_demo/acoustic_model/gen/DNN_TANH_TANH_TANH_TANH_LINEAR__mgc_lf0_vuv_bap_1_50_425_187_4_512_512/arctic_a0056.cmp
2016-11-15 06:40:46,162     INFO dnn_generation: generating    7 of   10: /home/ashish/Text2Speech/TTSDNNRepo/egs/slt_arctic/s1/experiments/slt_arctic_demo/acoustic_model/data/nn_no_silence_lab_norm_425/arctic_a0057.lab
2016-11-15 06:40:46,721    DEBUG dnn_generation: saved to /home/ashish/Text2Speech/TTSDNNRepo/egs/slt_arctic/s1/experiments/slt_arctic_demo/acoustic_model/gen/DNN_TANH_TANH_TANH_TANH_LINEAR__mgc_lf0_vuv_bap_1_50_425_187_4_512_512/arctic_a0057.cmp
2016-11-15 06:40:46,721     INFO dnn_generation: generating    8 of   10: /home/ashish/Text2Speech/TTSDNNRepo/egs/slt_arctic/s1/experiments/slt_arctic_demo/acoustic_model/data/nn_no_silence_lab_norm_425/arctic_a0058.lab
2016-11-15 06:40:47,565    DEBUG dnn_generation: saved to /home/ashish/Text2Speech/TTSDNNRepo/egs/slt_arctic/s1/experiments/slt_arctic_demo/acoustic_model/gen/DNN_TANH_TANH_TANH_TANH_LINEAR__mgc_lf0_vuv_bap_1_50_425_187_4_512_512/arctic_a0058.cmp
2016-11-15 06:40:47,565     INFO dnn_generation: generating    9 of   10: /home/ashish/Text2Speech/TTSDNNRepo/egs/slt_arctic/s1/experiments/slt_arctic_demo/acoustic_model/data/nn_no_silence_lab_norm_425/arctic_a0059.lab
2016-11-15 06:40:48,137    DEBUG dnn_generation: saved to /home/ashish/Text2Speech/TTSDNNRepo/egs/slt_arctic/s1/experiments/slt_arctic_demo/acoustic_model/gen/DNN_TANH_TANH_TANH_TANH_LINEAR__mgc_lf0_vuv_bap_1_50_425_187_4_512_512/arctic_a0059.cmp
2016-11-15 06:40:48,137     INFO dnn_generation: generating   10 of   10: /home/ashish/Text2Speech/TTSDNNRepo/egs/slt_arctic/s1/experiments/slt_arctic_demo/acoustic_model/data/nn_no_silence_lab_norm_425/arctic_a0060.lab
2016-11-15 06:40:48,695    DEBUG dnn_generation: saved to /home/ashish/Text2Speech/TTSDNNRepo/egs/slt_arctic/s1/experiments/slt_arctic_demo/acoustic_model/gen/DNN_TANH_TANH_TANH_TANH_LINEAR__mgc_lf0_vuv_bap_1_50_425_187_4_512_512/arctic_a0060.cmp
2016-11-15 06:40:48,695    DEBUG           main: denormalising generated output using method MVN
2016-11-15 06:40:48,752    DEBUGparam_generation: acoustic_decomposition for 10 files
2016-11-15 06:40:48,759     INFOparam_generation: processing    1 of   10: /home/ashish/Text2Speech/TTSDNNRepo/egs/slt_arctic/s1/experiments/slt_arctic_demo/acoustic_model/gen/DNN_TANH_TANH_TANH_TANH_LINEAR__mgc_lf0_vuv_bap_1_50_425_187_4_512_512/arctic_a0051.cmp
2016-11-15 06:40:48,759    DEBUGparam_generation:  feature: mgc
2016-11-15 06:40:48,760    DEBUGparam_generation: starting MLParameterGeneration.generation
2016-11-15 06:40:48,882    DEBUGparam_generation:  feature dimensions: 763 by 60
2016-11-15 06:40:48,883    DEBUGparam_generation:  wrote to file /home/ashish/Text2Speech/TTSDNNRepo/egs/slt_arctic/s1/experiments/slt_arctic_demo/acoustic_model/gen/DNN_TANH_TANH_TANH_TANH_LINEAR__mgc_lf0_vuv_bap_1_50_425_187_4_512_512/arctic_a0051.mgc
2016-11-15 06:40:48,883    DEBUGparam_generation:  feature: lf0
2016-11-15 06:40:48,884    DEBUGparam_generation: starting MLParameterGeneration.generation
2016-11-15 06:40:48,885    DEBUGparam_generation:  feature dimensions: 763 by 1
2016-11-15 06:40:48,891    DEBUGparam_generation:  wrote to file /home/ashish/Text2Speech/TTSDNNRepo/egs/slt_arctic/s1/experiments/slt_arctic_demo/acoustic_model/gen/DNN_TANH_TANH_TANH_TANH_LINEAR__mgc_lf0_vuv_bap_1_50_425_187_4_512_512/arctic_a0051.lf0
2016-11-15 06:40:48,891    DEBUGparam_generation:  feature: bap
2016-11-15 06:40:48,892    DEBUGparam_generation: starting MLParameterGeneration.generation
2016-11-15 06:40:48,893    DEBUGparam_generation:  feature dimensions: 763 by 1
2016-11-15 06:40:48,893    DEBUGparam_generation:  wrote to file /home/ashish/Text2Speech/TTSDNNRepo/egs/slt_arctic/s1/experiments/slt_arctic_demo/acoustic_model/gen/DNN_TANH_TANH_TANH_TANH_LINEAR__mgc_lf0_vuv_bap_1_50_425_187_4_512_512/arctic_a0051.bap
2016-11-15 06:40:48,893     INFOparam_generation: processing    2 of   10: /home/ashish/Text2Speech/TTSDNNRepo/egs/slt_arctic/s1/experiments/slt_arctic_demo/acoustic_model/gen/DNN_TANH_TANH_TANH_TANH_LINEAR__mgc_lf0_vuv_bap_1_50_425_187_4_512_512/arctic_a0052.cmp
2016-11-15 06:40:48,893    DEBUGparam_generation:  feature: mgc
2016-11-15 06:40:48,894    DEBUGparam_generation: starting MLParameterGeneration.generation
2016-11-15 06:40:48,913    DEBUGparam_generation:  feature dimensions: 363 by 60
2016-11-15 06:40:48,913    DEBUGparam_generation:  wrote to file /home/ashish/Text2Speech/TTSDNNRepo/egs/slt_arctic/s1/experiments/slt_arctic_demo/acoustic_model/gen/DNN_TANH_TANH_TANH_TANH_LINEAR__mgc_lf0_vuv_bap_1_50_425_187_4_512_512/arctic_a0052.mgc
2016-11-15 06:40:48,913    DEBUGparam_generation:  feature: lf0
2016-11-15 06:40:48,913    DEBUGparam_generation: starting MLParameterGeneration.generation
2016-11-15 06:40:48,914    DEBUGparam_generation:  feature dimensions: 363 by 1
2016-11-15 06:40:48,917    DEBUGparam_generation:  wrote to file /home/ashish/Text2Speech/TTSDNNRepo/egs/slt_arctic/s1/experiments/slt_arctic_demo/acoustic_model/gen/DNN_TANH_TANH_TANH_TANH_LINEAR__mgc_lf0_vuv_bap_1_50_425_187_4_512_512/arctic_a0052.lf0
2016-11-15 06:40:48,917    DEBUGparam_generation:  feature: bap
2016-11-15 06:40:48,917    DEBUGparam_generation: starting MLParameterGeneration.generation
2016-11-15 06:40:48,918    DEBUGparam_generation:  feature dimensions: 363 by 1
2016-11-15 06:40:48,918    DEBUGparam_generation:  wrote to file /home/ashish/Text2Speech/TTSDNNRepo/egs/slt_arctic/s1/experiments/slt_arctic_demo/acoustic_model/gen/DNN_TANH_TANH_TANH_TANH_LINEAR__mgc_lf0_vuv_bap_1_50_425_187_4_512_512/arctic_a0052.bap
2016-11-15 06:40:48,919     INFOparam_generation: processing    3 of   10: /home/ashish/Text2Speech/TTSDNNRepo/egs/slt_arctic/s1/experiments/slt_arctic_demo/acoustic_model/gen/DNN_TANH_TANH_TANH_TANH_LINEAR__mgc_lf0_vuv_bap_1_50_425_187_4_512_512/arctic_a0053.cmp
2016-11-15 06:40:48,919    DEBUGparam_generation:  feature: mgc
2016-11-15 06:40:48,920    DEBUGparam_generation: starting MLParameterGeneration.generation
2016-11-15 06:40:48,939    DEBUGparam_generation:  feature dimensions: 592 by 60
2016-11-15 06:40:48,940    DEBUGparam_generation:  wrote to file /home/ashish/Text2Speech/TTSDNNRepo/egs/slt_arctic/s1/experiments/slt_arctic_demo/acoustic_model/gen/DNN_TANH_TANH_TANH_TANH_LINEAR__mgc_lf0_vuv_bap_1_50_425_187_4_512_512/arctic_a0053.mgc
2016-11-15 06:40:48,940    DEBUGparam_generation:  feature: lf0
2016-11-15 06:40:48,940    DEBUGparam_generation: starting MLParameterGeneration.generation
2016-11-15 06:40:48,941    DEBUGparam_generation:  feature dimensions: 592 by 1
2016-11-15 06:40:48,944    DEBUGparam_generation:  wrote to file /home/ashish/Text2Speech/TTSDNNRepo/egs/slt_arctic/s1/experiments/slt_arctic_demo/acoustic_model/gen/DNN_TANH_TANH_TANH_TANH_LINEAR__mgc_lf0_vuv_bap_1_50_425_187_4_512_512/arctic_a0053.lf0
2016-11-15 06:40:48,945    DEBUGparam_generation:  feature: bap
2016-11-15 06:40:48,945    DEBUGparam_generation: starting MLParameterGeneration.generation
2016-11-15 06:40:48,945    DEBUGparam_generation:  feature dimensions: 592 by 1
2016-11-15 06:40:48,946    DEBUGparam_generation:  wrote to file /home/ashish/Text2Speech/TTSDNNRepo/egs/slt_arctic/s1/experiments/slt_arctic_demo/acoustic_model/gen/DNN_TANH_TANH_TANH_TANH_LINEAR__mgc_lf0_vuv_bap_1_50_425_187_4_512_512/arctic_a0053.bap
2016-11-15 06:40:48,946     INFOparam_generation: processing    4 of   10: /home/ashish/Text2Speech/TTSDNNRepo/egs/slt_arctic/s1/experiments/slt_arctic_demo/acoustic_model/gen/DNN_TANH_TANH_TANH_TANH_LINEAR__mgc_lf0_vuv_bap_1_50_425_187_4_512_512/arctic_a0054.cmp
2016-11-15 06:40:48,946    DEBUGparam_generation:  feature: mgc
2016-11-15 06:40:48,947    DEBUGparam_generation: starting MLParameterGeneration.generation
2016-11-15 06:40:48,960    DEBUGparam_generation:  feature dimensions: 282 by 60
2016-11-15 06:40:48,960    DEBUGparam_generation:  wrote to file /home/ashish/Text2Speech/TTSDNNRepo/egs/slt_arctic/s1/experiments/slt_arctic_demo/acoustic_model/gen/DNN_TANH_TANH_TANH_TANH_LINEAR__mgc_lf0_vuv_bap_1_50_425_187_4_512_512/arctic_a0054.mgc
2016-11-15 06:40:48,960    DEBUGparam_generation:  feature: lf0
2016-11-15 06:40:48,961    DEBUGparam_generation: starting MLParameterGeneration.generation
2016-11-15 06:40:48,961    DEBUGparam_generation:  feature dimensions: 282 by 1
2016-11-15 06:40:48,963    DEBUGparam_generation:  wrote to file /home/ashish/Text2Speech/TTSDNNRepo/egs/slt_arctic/s1/experiments/slt_arctic_demo/acoustic_model/gen/DNN_TANH_TANH_TANH_TANH_LINEAR__mgc_lf0_vuv_bap_1_50_425_187_4_512_512/arctic_a0054.lf0
2016-11-15 06:40:48,963    DEBUGparam_generation:  feature: bap
2016-11-15 06:40:48,963    DEBUGparam_generation: starting MLParameterGeneration.generation
2016-11-15 06:40:48,964    DEBUGparam_generation:  feature dimensions: 282 by 1
2016-11-15 06:40:48,964    DEBUGparam_generation:  wrote to file /home/ashish/Text2Speech/TTSDNNRepo/egs/slt_arctic/s1/experiments/slt_arctic_demo/acoustic_model/gen/DNN_TANH_TANH_TANH_TANH_LINEAR__mgc_lf0_vuv_bap_1_50_425_187_4_512_512/arctic_a0054.bap
2016-11-15 06:40:48,964     INFOparam_generation: processing    5 of   10: /home/ashish/Text2Speech/TTSDNNRepo/egs/slt_arctic/s1/experiments/slt_arctic_demo/acoustic_model/gen/DNN_TANH_TANH_TANH_TANH_LINEAR__mgc_lf0_vuv_bap_1_50_425_187_4_512_512/arctic_a0055.cmp
2016-11-15 06:40:48,964    DEBUGparam_generation:  feature: mgc
2016-11-15 06:40:48,966    DEBUGparam_generation: starting MLParameterGeneration.generation
2016-11-15 06:40:48,984    DEBUGparam_generation:  feature dimensions: 780 by 60
2016-11-15 06:40:48,984    DEBUGparam_generation:  wrote to file /home/ashish/Text2Speech/TTSDNNRepo/egs/slt_arctic/s1/experiments/slt_arctic_demo/acoustic_model/gen/DNN_TANH_TANH_TANH_TANH_LINEAR__mgc_lf0_vuv_bap_1_50_425_187_4_512_512/arctic_a0055.mgc
2016-11-15 06:40:48,984    DEBUGparam_generation:  feature: lf0
2016-11-15 06:40:48,984    DEBUGparam_generation: starting MLParameterGeneration.generation
2016-11-15 06:40:48,985    DEBUGparam_generation:  feature dimensions: 780 by 1
2016-11-15 06:40:48,990    DEBUGparam_generation:  wrote to file /home/ashish/Text2Speech/TTSDNNRepo/egs/slt_arctic/s1/experiments/slt_arctic_demo/acoustic_model/gen/DNN_TANH_TANH_TANH_TANH_LINEAR__mgc_lf0_vuv_bap_1_50_425_187_4_512_512/arctic_a0055.lf0
2016-11-15 06:40:48,990    DEBUGparam_generation:  feature: bap
2016-11-15 06:40:48,990    DEBUGparam_generation: starting MLParameterGeneration.generation
2016-11-15 06:40:48,991    DEBUGparam_generation:  feature dimensions: 780 by 1
2016-11-15 06:40:48,991    DEBUGparam_generation:  wrote to file /home/ashish/Text2Speech/TTSDNNRepo/egs/slt_arctic/s1/experiments/slt_arctic_demo/acoustic_model/gen/DNN_TANH_TANH_TANH_TANH_LINEAR__mgc_lf0_vuv_bap_1_50_425_187_4_512_512/arctic_a0055.bap
2016-11-15 06:40:48,991     INFOparam_generation: processing    6 of   10: /home/ashish/Text2Speech/TTSDNNRepo/egs/slt_arctic/s1/experiments/slt_arctic_demo/acoustic_model/gen/DNN_TANH_TANH_TANH_TANH_LINEAR__mgc_lf0_vuv_bap_1_50_425_187_4_512_512/arctic_a0056.cmp
2016-11-15 06:40:48,991    DEBUGparam_generation:  feature: mgc
2016-11-15 06:40:48,992    DEBUGparam_generation: starting MLParameterGeneration.generation
2016-11-15 06:40:49,006    DEBUGparam_generation:  feature dimensions: 514 by 60
2016-11-15 06:40:49,006    DEBUGparam_generation:  wrote to file /home/ashish/Text2Speech/TTSDNNRepo/egs/slt_arctic/s1/experiments/slt_arctic_demo/acoustic_model/gen/DNN_TANH_TANH_TANH_TANH_LINEAR__mgc_lf0_vuv_bap_1_50_425_187_4_512_512/arctic_a0056.mgc
2016-11-15 06:40:49,006    DEBUGparam_generation:  feature: lf0
2016-11-15 06:40:49,007    DEBUGparam_generation: starting MLParameterGeneration.generation
2016-11-15 06:40:49,007    DEBUGparam_generation:  feature dimensions: 514 by 1
2016-11-15 06:40:49,010    DEBUGparam_generation:  wrote to file /home/ashish/Text2Speech/TTSDNNRepo/egs/slt_arctic/s1/experiments/slt_arctic_demo/acoustic_model/gen/DNN_TANH_TANH_TANH_TANH_LINEAR__mgc_lf0_vuv_bap_1_50_425_187_4_512_512/arctic_a0056.lf0
2016-11-15 06:40:49,010    DEBUGparam_generation:  feature: bap
2016-11-15 06:40:49,010    DEBUGparam_generation: starting MLParameterGeneration.generation
2016-11-15 06:40:49,010    DEBUGparam_generation:  feature dimensions: 514 by 1
2016-11-15 06:40:49,011    DEBUGparam_generation:  wrote to file /home/ashish/Text2Speech/TTSDNNRepo/egs/slt_arctic/s1/experiments/slt_arctic_demo/acoustic_model/gen/DNN_TANH_TANH_TANH_TANH_LINEAR__mgc_lf0_vuv_bap_1_50_425_187_4_512_512/arctic_a0056.bap
2016-11-15 06:40:49,011     INFOparam_generation: processing    7 of   10: /home/ashish/Text2Speech/TTSDNNRepo/egs/slt_arctic/s1/experiments/slt_arctic_demo/acoustic_model/gen/DNN_TANH_TANH_TANH_TANH_LINEAR__mgc_lf0_vuv_bap_1_50_425_187_4_512_512/arctic_a0057.cmp
2016-11-15 06:40:49,011    DEBUGparam_generation:  feature: mgc
2016-11-15 06:40:49,012    DEBUGparam_generation: starting MLParameterGeneration.generation
2016-11-15 06:40:49,023    DEBUGparam_generation:  feature dimensions: 358 by 60
2016-11-15 06:40:49,023    DEBUGparam_generation:  wrote to file /home/ashish/Text2Speech/TTSDNNRepo/egs/slt_arctic/s1/experiments/slt_arctic_demo/acoustic_model/gen/DNN_TANH_TANH_TANH_TANH_LINEAR__mgc_lf0_vuv_bap_1_50_425_187_4_512_512/arctic_a0057.mgc
2016-11-15 06:40:49,024    DEBUGparam_generation:  feature: lf0
2016-11-15 06:40:49,024    DEBUGparam_generation: starting MLParameterGeneration.generation
2016-11-15 06:40:49,024    DEBUGparam_generation:  feature dimensions: 358 by 1
2016-11-15 06:40:49,026    DEBUGparam_generation:  wrote to file /home/ashish/Text2Speech/TTSDNNRepo/egs/slt_arctic/s1/experiments/slt_arctic_demo/acoustic_model/gen/DNN_TANH_TANH_TANH_TANH_LINEAR__mgc_lf0_vuv_bap_1_50_425_187_4_512_512/arctic_a0057.lf0
2016-11-15 06:40:49,026    DEBUGparam_generation:  feature: bap
2016-11-15 06:40:49,026    DEBUGparam_generation: starting MLParameterGeneration.generation
2016-11-15 06:40:49,027    DEBUGparam_generation:  feature dimensions: 358 by 1
2016-11-15 06:40:49,027    DEBUGparam_generation:  wrote to file /home/ashish/Text2Speech/TTSDNNRepo/egs/slt_arctic/s1/experiments/slt_arctic_demo/acoustic_model/gen/DNN_TANH_TANH_TANH_TANH_LINEAR__mgc_lf0_vuv_bap_1_50_425_187_4_512_512/arctic_a0057.bap
2016-11-15 06:40:49,027     INFOparam_generation: processing    8 of   10: /home/ashish/Text2Speech/TTSDNNRepo/egs/slt_arctic/s1/experiments/slt_arctic_demo/acoustic_model/gen/DNN_TANH_TANH_TANH_TANH_LINEAR__mgc_lf0_vuv_bap_1_50_425_187_4_512_512/arctic_a0058.cmp
2016-11-15 06:40:49,027    DEBUGparam_generation:  feature: mgc
2016-11-15 06:40:49,028    DEBUGparam_generation: starting MLParameterGeneration.generation
2016-11-15 06:40:49,043    DEBUGparam_generation:  feature dimensions: 658 by 60
2016-11-15 06:40:49,043    DEBUGparam_generation:  wrote to file /home/ashish/Text2Speech/TTSDNNRepo/egs/slt_arctic/s1/experiments/slt_arctic_demo/acoustic_model/gen/DNN_TANH_TANH_TANH_TANH_LINEAR__mgc_lf0_vuv_bap_1_50_425_187_4_512_512/arctic_a0058.mgc
2016-11-15 06:40:49,044    DEBUGparam_generation:  feature: lf0
2016-11-15 06:40:49,044    DEBUGparam_generation: starting MLParameterGeneration.generation
2016-11-15 06:40:49,044    DEBUGparam_generation:  feature dimensions: 658 by 1
2016-11-15 06:40:49,048    DEBUGparam_generation:  wrote to file /home/ashish/Text2Speech/TTSDNNRepo/egs/slt_arctic/s1/experiments/slt_arctic_demo/acoustic_model/gen/DNN_TANH_TANH_TANH_TANH_LINEAR__mgc_lf0_vuv_bap_1_50_425_187_4_512_512/arctic_a0058.lf0
2016-11-15 06:40:49,048    DEBUGparam_generation:  feature: bap
2016-11-15 06:40:49,048    DEBUGparam_generation: starting MLParameterGeneration.generation
2016-11-15 06:40:49,048    DEBUGparam_generation:  feature dimensions: 658 by 1
2016-11-15 06:40:49,049    DEBUGparam_generation:  wrote to file /home/ashish/Text2Speech/TTSDNNRepo/egs/slt_arctic/s1/experiments/slt_arctic_demo/acoustic_model/gen/DNN_TANH_TANH_TANH_TANH_LINEAR__mgc_lf0_vuv_bap_1_50_425_187_4_512_512/arctic_a0058.bap
2016-11-15 06:40:49,049     INFOparam_generation: processing    9 of   10: /home/ashish/Text2Speech/TTSDNNRepo/egs/slt_arctic/s1/experiments/slt_arctic_demo/acoustic_model/gen/DNN_TANH_TANH_TANH_TANH_LINEAR__mgc_lf0_vuv_bap_1_50_425_187_4_512_512/arctic_a0059.cmp
2016-11-15 06:40:49,049    DEBUGparam_generation:  feature: mgc
2016-11-15 06:40:49,050    DEBUGparam_generation: starting MLParameterGeneration.generation
2016-11-15 06:40:49,062    DEBUGparam_generation:  feature dimensions: 394 by 60
2016-11-15 06:40:49,062    DEBUGparam_generation:  wrote to file /home/ashish/Text2Speech/TTSDNNRepo/egs/slt_arctic/s1/experiments/slt_arctic_demo/acoustic_model/gen/DNN_TANH_TANH_TANH_TANH_LINEAR__mgc_lf0_vuv_bap_1_50_425_187_4_512_512/arctic_a0059.mgc
2016-11-15 06:40:49,062    DEBUGparam_generation:  feature: lf0
2016-11-15 06:40:49,062    DEBUGparam_generation: starting MLParameterGeneration.generation
2016-11-15 06:40:49,063    DEBUGparam_generation:  feature dimensions: 394 by 1
2016-11-15 06:40:49,065    DEBUGparam_generation:  wrote to file /home/ashish/Text2Speech/TTSDNNRepo/egs/slt_arctic/s1/experiments/slt_arctic_demo/acoustic_model/gen/DNN_TANH_TANH_TANH_TANH_LINEAR__mgc_lf0_vuv_bap_1_50_425_187_4_512_512/arctic_a0059.lf0
2016-11-15 06:40:49,065    DEBUGparam_generation:  feature: bap
2016-11-15 06:40:49,065    DEBUGparam_generation: starting MLParameterGeneration.generation
2016-11-15 06:40:49,065    DEBUGparam_generation:  feature dimensions: 394 by 1
2016-11-15 06:40:49,066    DEBUGparam_generation:  wrote to file /home/ashish/Text2Speech/TTSDNNRepo/egs/slt_arctic/s1/experiments/slt_arctic_demo/acoustic_model/gen/DNN_TANH_TANH_TANH_TANH_LINEAR__mgc_lf0_vuv_bap_1_50_425_187_4_512_512/arctic_a0059.bap
2016-11-15 06:40:49,066     INFOparam_generation: processing   10 of   10: /home/ashish/Text2Speech/TTSDNNRepo/egs/slt_arctic/s1/experiments/slt_arctic_demo/acoustic_model/gen/DNN_TANH_TANH_TANH_TANH_LINEAR__mgc_lf0_vuv_bap_1_50_425_187_4_512_512/arctic_a0060.cmp
2016-11-15 06:40:49,066    DEBUGparam_generation:  feature: mgc
2016-11-15 06:40:49,067    DEBUGparam_generation: starting MLParameterGeneration.generation
2016-11-15 06:40:49,079    DEBUGparam_generation:  feature dimensions: 400 by 60
2016-11-15 06:40:49,079    DEBUGparam_generation:  wrote to file /home/ashish/Text2Speech/TTSDNNRepo/egs/slt_arctic/s1/experiments/slt_arctic_demo/acoustic_model/gen/DNN_TANH_TANH_TANH_TANH_LINEAR__mgc_lf0_vuv_bap_1_50_425_187_4_512_512/arctic_a0060.mgc
2016-11-15 06:40:49,079    DEBUGparam_generation:  feature: lf0
2016-11-15 06:40:49,079    DEBUGparam_generation: starting MLParameterGeneration.generation
2016-11-15 06:40:49,080    DEBUGparam_generation:  feature dimensions: 400 by 1
2016-11-15 06:40:49,082    DEBUGparam_generation:  wrote to file /home/ashish/Text2Speech/TTSDNNRepo/egs/slt_arctic/s1/experiments/slt_arctic_demo/acoustic_model/gen/DNN_TANH_TANH_TANH_TANH_LINEAR__mgc_lf0_vuv_bap_1_50_425_187_4_512_512/arctic_a0060.lf0
2016-11-15 06:40:49,082    DEBUGparam_generation:  feature: bap
2016-11-15 06:40:49,082    DEBUGparam_generation: starting MLParameterGeneration.generation
2016-11-15 06:40:49,083    DEBUGparam_generation:  feature dimensions: 400 by 1
2016-11-15 06:40:49,083    DEBUGparam_generation:  wrote to file /home/ashish/Text2Speech/TTSDNNRepo/egs/slt_arctic/s1/experiments/slt_arctic_demo/acoustic_model/gen/DNN_TANH_TANH_TANH_TANH_LINEAR__mgc_lf0_vuv_bap_1_50_425_187_4_512_512/arctic_a0060.bap
2016-11-15 06:40:49,083     INFO           main: reconstructing waveform(s)
2016-11-15 06:40:49,083     INFO wav_generation: creating waveform for    1 of   10: arctic_a0051
2016-11-15 06:40:51,086     INFO wav_generation: creating waveform for    2 of   10: arctic_a0052
2016-11-15 06:40:51,943     INFO wav_generation: creating waveform for    3 of   10: arctic_a0053
2016-11-15 06:40:53,270     INFO wav_generation: creating waveform for    4 of   10: arctic_a0054
2016-11-15 06:40:53,995     INFO wav_generation: creating waveform for    5 of   10: arctic_a0055
2016-11-15 06:40:55,704     INFO wav_generation: creating waveform for    6 of   10: arctic_a0056
2016-11-15 06:40:56,900     INFO wav_generation: creating waveform for    7 of   10: arctic_a0057
2016-11-15 06:40:57,760     INFO wav_generation: creating waveform for    8 of   10: arctic_a0058
2016-11-15 06:40:59,222     INFO wav_generation: creating waveform for    9 of   10: arctic_a0059
2016-11-15 06:41:00,136     INFO wav_generation: creating waveform for   10 of   10: arctic_a0060
2016-11-15 06:41:01,104     INFO           main: calculating MCD
2016-11-15 06:41:01,511     INFO           main: Develop: DNN -- MCD: 6.559 dB; BAP: 0.242 dB; F0:- RMSE: 19.573 Hz; CORR: 0.529; VUV: 11.655%
2016-11-15 06:41:01,511     INFO           main: Test   : DNN -- MCD: 6.586 dB; BAP: 0.259 dB; F0:- RMSE: 15.309 Hz; CORR: 0.701; VUV: 8.821%
