2016-11-14 20:00:30,621     INFO  configuration: logging is now fully configured
2016-11-14 20:00:30,621    DEBUG  configuration: setting up output features
2016-11-14 20:00:30,621    DEBUG  configuration:  mgc
2016-11-14 20:00:30,622     INFO  configuration:   in_dimension: 60
2016-11-14 20:00:30,622     INFO  configuration:   out_dimension : 180
2016-11-14 20:00:30,622     INFO  configuration:   in_directory : /home/ashish/Text2Speech/TTSDNNRepo/egs/slt_arctic/s1/experiments/slt_arctic_demo/acoustic_model/data/mgc
2016-11-14 20:00:30,622    DEBUG  configuration:  lf0
2016-11-14 20:00:30,622     INFO  configuration:   in_dimension: 1
2016-11-14 20:00:30,622     INFO  configuration:   out_dimension : 3
2016-11-14 20:00:30,622     INFO  configuration:   in_directory : /home/ashish/Text2Speech/TTSDNNRepo/egs/slt_arctic/s1/experiments/slt_arctic_demo/acoustic_model/data/lf0
2016-11-14 20:00:30,622    DEBUG  configuration:  vuv
2016-11-14 20:00:30,622     INFO  configuration:   in_dimension: 0
2016-11-14 20:00:30,622     INFO  configuration:   out_dimension : 1
2016-11-14 20:00:30,623     INFO  configuration:   in_directory : 
2016-11-14 20:00:30,623    DEBUG  configuration:  bap
2016-11-14 20:00:30,623     INFO  configuration:   in_dimension: 1
2016-11-14 20:00:30,623     INFO  configuration:   out_dimension : 3
2016-11-14 20:00:30,623     INFO  configuration:   in_directory : /home/ashish/Text2Speech/TTSDNNRepo/egs/slt_arctic/s1/experiments/slt_arctic_demo/acoustic_model/data/bap
2016-11-14 20:00:30,623     INFO  configuration: multistream dimensions: [187]
2016-11-14 20:00:30,623     INFO  configuration: use_rprop : 0
2016-11-14 20:00:30,623     INFO  configuration: dropout_rate : 0.0
2016-11-14 20:00:30,623     INFO  configuration: projection_outsize : 10
2016-11-14 20:00:30,623     INFO  configuration: early_stop_epochs : 5
2016-11-14 20:00:30,624     INFO  configuration: warmup_epoch : 10
2016-11-14 20:00:30,624     INFO  configuration: learning_rate : 0.002
2016-11-14 20:00:30,624     INFO  configuration: layers_with_projection_input : [0]
2016-11-14 20:00:30,624     INFO  configuration: batch_size : 256
2016-11-14 20:00:30,624     INFO  configuration: model_type : DNN
2016-11-14 20:00:30,624     INFO  configuration: hidden_layer_size : [512, 512, 512, 512]
2016-11-14 20:00:30,624     INFO  configuration: projection_learning_rate_scaling : 1.0
2016-11-14 20:00:30,624     INFO  configuration: pretraining_epochs : 10
2016-11-14 20:00:30,624     INFO  configuration: initial_projection_distrib : gaussian
2016-11-14 20:00:30,624     INFO  configuration: index_to_project : 0
2016-11-14 20:00:30,624     INFO  configuration: l2_reg : 1e-05
2016-11-14 20:00:30,625     INFO  configuration: warmup_momentum : 0.3
2016-11-14 20:00:30,625     INFO  configuration: training_epochs : 25
2016-11-14 20:00:30,625     INFO  configuration: hidden_activation : tanh
2016-11-14 20:00:30,625     INFO  configuration: hidden_layer_type : ['TANH', 'TANH', 'TANH', 'TANH']
2016-11-14 20:00:30,625     INFO  configuration: sequential_training : False
2016-11-14 20:00:30,625     INFO  configuration: do_pretraining : False
2016-11-14 20:00:30,625     INFO  configuration: projection_insize : 10000
2016-11-14 20:00:30,625     INFO  configuration: l1_reg : 0.0
2016-11-14 20:00:30,625     INFO  configuration: output_activation : linear
2016-11-14 20:00:30,625     INFO  configuration: pretraining_lr : 0.0001
2016-11-14 20:00:30,626     INFO  configuration: momentum : 0.9
2016-11-14 20:00:30,626    DEBUG  configuration: configuration completed
2016-11-14 20:00:30,626     INFO           main: Installation information:
2016-11-14 20:00:30,626     INFO           main:   Merlin directory: /home/ashish/Text2Speech/TTSDNNRepo
2016-11-14 20:00:30,626     INFO           main:   PATH:
2016-11-14 20:00:30,626     INFO           main:       /home/ashish/.rbenv/plugins/ruby-build/bin
2016-11-14 20:00:30,626     INFO           main:       /home/ashish/.rbenv/shims
2016-11-14 20:00:30,626     INFO           main:       /home/ashish/.rbenv/bin
2016-11-14 20:00:30,626     INFO           main:       /usr/local/sbin
2016-11-14 20:00:30,627     INFO           main:       /usr/local/bin
2016-11-14 20:00:30,627     INFO           main:       /usr/sbin
2016-11-14 20:00:30,627     INFO           main:       /usr/bin
2016-11-14 20:00:30,627     INFO           main:       /sbin
2016-11-14 20:00:30,627     INFO           main:       /bin
2016-11-14 20:00:30,627     INFO           main:       /usr/games
2016-11-14 20:00:30,627     INFO           main:       /usr/local/games
2016-11-14 20:00:30,627     INFO           main:       /opt/android-sdk/tools
2016-11-14 20:00:30,627     INFO           main:       /opt/android-sdk/platform-tools
2016-11-14 20:00:30,627     INFO           main:       /opt/node/bin
2016-11-14 20:00:30,627     INFO           main:       /opt/gradle/bin
2016-11-14 20:00:30,628     INFO           main:   LD_LIBRARY_PATH:
2016-11-14 20:00:30,628     INFO           main:   Python version: 2.7.6 (default, Jun 22 2015, 17:58:13) [GCC 4.8.2]
2016-11-14 20:00:30,628     INFO           main:     PYTHONPATH:
2016-11-14 20:00:30,628     INFO           main:   Numpy version: 1.8.2
2016-11-14 20:00:30,628     INFO           main:   Theano version: 0.8.1
2016-11-14 20:00:30,628     INFO           main:     THEANO_FLAGS: cuda.root=/opt/6.5.19,floatX=float32,on_unused_input=ignore
2016-11-14 20:00:30,628     INFO           main:     device: cpu
2016-11-14 20:00:30,635     INFO           main:   Git is available in the working directory:
2016-11-14 20:00:30,646     INFO           main:     Merlin version: 75d833a
2016-11-14 20:00:30,655     INFO           main:     branch: master
2016-11-14 20:00:30,661     INFO           main:     diff to Merlin version:
2016-11-14 20:00:30,661     INFO           main:       M test/test_install.sh
2016-11-14 20:00:30,661     INFO           main:       (all diffs logged in DNN_TANH_TANH_TANH_TANH_LINEAR__mgc_lf0_vuv_bap_50_259_4_512_0.002000_08_00PM_November_14_2016.log.gitdiff)
2016-11-14 20:00:30,667     INFO           main: Execution information:
2016-11-14 20:00:30,668     INFO           main:   HOSTNAME: ashish-HP
2016-11-14 20:00:30,668     INFO           main:   USER: ashish
2016-11-14 20:00:30,668     INFO           main:   PID: 27730
2016-11-14 20:00:30,678    DEBUG           main: Loaded file id list from /home/ashish/Text2Speech/TTSDNNRepo/egs/slt_arctic/s1/experiments/slt_arctic_demo/acoustic_model/data/file_id_list_demo.scp
2016-11-14 20:00:30,713    DEBUG         labels: HTS-derived input feature dimension is 416 + 9 = 425
2016-11-14 20:00:30,713     INFO           main: Input label dimension is 425
2016-11-14 20:00:30,714     INFO           main: preparing label data (input) using standard HTS style labels
2016-11-14 20:00:30,737     INFO         labels: loaded /home/ashish/Text2Speech/TTSDNNRepo/egs/slt_arctic/s1/experiments/slt_arctic_demo/acoustic_model/data/label_state_align/arctic_a0001.lab, 185 labels
2016-11-14 20:00:30,786    DEBUG         labels: made label matrix of 667 frames x 425 labels
2016-11-14 20:00:30,817     INFO         labels: loaded /home/ashish/Text2Speech/TTSDNNRepo/egs/slt_arctic/s1/experiments/slt_arctic_demo/acoustic_model/data/label_state_align/arctic_a0002.lab, 210 labels
2016-11-14 20:00:30,876    DEBUG         labels: made label matrix of 747 frames x 425 labels
2016-11-14 20:00:30,898     INFO         labels: loaded /home/ashish/Text2Speech/TTSDNNRepo/egs/slt_arctic/s1/experiments/slt_arctic_demo/acoustic_model/data/label_state_align/arctic_a0003.lab, 205 labels
2016-11-14 20:00:30,947    DEBUG         labels: made label matrix of 637 frames x 425 labels
2016-11-14 20:00:30,975     INFO         labels: loaded /home/ashish/Text2Speech/TTSDNNRepo/egs/slt_arctic/s1/experiments/slt_arctic_demo/acoustic_model/data/label_state_align/arctic_a0004.lab, 140 labels
2016-11-14 20:00:31,041    DEBUG         labels: made label matrix of 497 frames x 425 labels
2016-11-14 20:00:31,081     INFO         labels: loaded /home/ashish/Text2Speech/TTSDNNRepo/egs/slt_arctic/s1/experiments/slt_arctic_demo/acoustic_model/data/label_state_align/arctic_a0005.lab,  85 labels
2016-11-14 20:00:31,122    DEBUG         labels: made label matrix of 293 frames x 425 labels
2016-11-14 20:00:31,151     INFO         labels: loaded /home/ashish/Text2Speech/TTSDNNRepo/egs/slt_arctic/s1/experiments/slt_arctic_demo/acoustic_model/data/label_state_align/arctic_a0006.lab, 165 labels
2016-11-14 20:00:31,213    DEBUG         labels: made label matrix of 589 frames x 425 labels
2016-11-14 20:00:31,250     INFO         labels: loaded /home/ashish/Text2Speech/TTSDNNRepo/egs/slt_arctic/s1/experiments/slt_arctic_demo/acoustic_model/data/label_state_align/arctic_a0007.lab, 200 labels
2016-11-14 20:00:31,306    DEBUG         labels: made label matrix of 597 frames x 425 labels
2016-11-14 20:00:31,353     INFO         labels: loaded /home/ashish/Text2Speech/TTSDNNRepo/egs/slt_arctic/s1/experiments/slt_arctic_demo/acoustic_model/data/label_state_align/arctic_a0008.lab, 120 labels
2016-11-14 20:00:31,382    DEBUG         labels: made label matrix of 453 frames x 425 labels
2016-11-14 20:00:31,426     INFO         labels: loaded /home/ashish/Text2Speech/TTSDNNRepo/egs/slt_arctic/s1/experiments/slt_arctic_demo/acoustic_model/data/label_state_align/arctic_a0009.lab, 200 labels
2016-11-14 20:00:31,477    DEBUG         labels: made label matrix of 615 frames x 425 labels
2016-11-14 20:00:31,483     INFO         labels: loaded /home/ashish/Text2Speech/TTSDNNRepo/egs/slt_arctic/s1/experiments/slt_arctic_demo/acoustic_model/data/label_state_align/arctic_a0010.lab, 205 labels
2016-11-14 20:00:31,534    DEBUG         labels: made label matrix of 599 frames x 425 labels
2016-11-14 20:00:31,567     INFO         labels: loaded /home/ashish/Text2Speech/TTSDNNRepo/egs/slt_arctic/s1/experiments/slt_arctic_demo/acoustic_model/data/label_state_align/arctic_a0011.lab, 170 labels
2016-11-14 20:00:31,608    DEBUG         labels: made label matrix of 607 frames x 425 labels
2016-11-14 20:00:31,698     INFO         labels: loaded /home/ashish/Text2Speech/TTSDNNRepo/egs/slt_arctic/s1/experiments/slt_arctic_demo/acoustic_model/data/label_state_align/arctic_a0012.lab, 180 labels
2016-11-14 20:00:31,766    DEBUG         labels: made label matrix of 563 frames x 425 labels
2016-11-14 20:00:31,834     INFO         labels: loaded /home/ashish/Text2Speech/TTSDNNRepo/egs/slt_arctic/s1/experiments/slt_arctic_demo/acoustic_model/data/label_state_align/arctic_a0013.lab, 260 labels
2016-11-14 20:00:31,926    DEBUG         labels: made label matrix of 701 frames x 425 labels
2016-11-14 20:00:32,090     INFO         labels: loaded /home/ashish/Text2Speech/TTSDNNRepo/egs/slt_arctic/s1/experiments/slt_arctic_demo/acoustic_model/data/label_state_align/arctic_a0014.lab, 180 labels
2016-11-14 20:00:32,157    DEBUG         labels: made label matrix of 575 frames x 425 labels
2016-11-14 20:00:32,194     INFO         labels: loaded /home/ashish/Text2Speech/TTSDNNRepo/egs/slt_arctic/s1/experiments/slt_arctic_demo/acoustic_model/data/label_state_align/arctic_a0015.lab,  95 labels
2016-11-14 20:00:32,235    DEBUG         labels: made label matrix of 371 frames x 425 labels
2016-11-14 20:00:32,264     INFO         labels: loaded /home/ashish/Text2Speech/TTSDNNRepo/egs/slt_arctic/s1/experiments/slt_arctic_demo/acoustic_model/data/label_state_align/arctic_a0016.lab, 205 labels
2016-11-14 20:00:32,326    DEBUG         labels: made label matrix of 711 frames x 425 labels
2016-11-14 20:00:32,333     INFO         labels: loaded /home/ashish/Text2Speech/TTSDNNRepo/egs/slt_arctic/s1/experiments/slt_arctic_demo/acoustic_model/data/label_state_align/arctic_a0017.lab, 275 labels
2016-11-14 20:00:32,397    DEBUG         labels: made label matrix of 801 frames x 425 labels
2016-11-14 20:00:32,420     INFO         labels: loaded /home/ashish/Text2Speech/TTSDNNRepo/egs/slt_arctic/s1/experiments/slt_arctic_demo/acoustic_model/data/label_state_align/arctic_a0018.lab,  75 labels
2016-11-14 20:00:32,439    DEBUG         labels: made label matrix of 317 frames x 425 labels
2016-11-14 20:00:32,476     INFO         labels: loaded /home/ashish/Text2Speech/TTSDNNRepo/egs/slt_arctic/s1/experiments/slt_arctic_demo/acoustic_model/data/label_state_align/arctic_a0019.lab, 220 labels
2016-11-14 20:00:32,556    DEBUG         labels: made label matrix of 691 frames x 425 labels
2016-11-14 20:00:32,584     INFO         labels: loaded /home/ashish/Text2Speech/TTSDNNRepo/egs/slt_arctic/s1/experiments/slt_arctic_demo/acoustic_model/data/label_state_align/arctic_a0020.lab, 195 labels
2016-11-14 20:00:32,636    DEBUG         labels: made label matrix of 619 frames x 425 labels
2016-11-14 20:00:32,664     INFO         labels: loaded /home/ashish/Text2Speech/TTSDNNRepo/egs/slt_arctic/s1/experiments/slt_arctic_demo/acoustic_model/data/label_state_align/arctic_a0021.lab, 160 labels
2016-11-14 20:00:32,715    DEBUG         labels: made label matrix of 497 frames x 425 labels
2016-11-14 20:00:32,720     INFO         labels: loaded /home/ashish/Text2Speech/TTSDNNRepo/egs/slt_arctic/s1/experiments/slt_arctic_demo/acoustic_model/data/label_state_align/arctic_a0022.lab, 270 labels
2016-11-14 20:00:32,795    DEBUG         labels: made label matrix of 857 frames x 425 labels
2016-11-14 20:00:32,896     INFO         labels: loaded /home/ashish/Text2Speech/TTSDNNRepo/egs/slt_arctic/s1/experiments/slt_arctic_demo/acoustic_model/data/label_state_align/arctic_a0023.lab, 360 labels
2016-11-14 20:00:33,006    DEBUG         labels: made label matrix of 955 frames x 425 labels
2016-11-14 20:00:33,016     INFO         labels: loaded /home/ashish/Text2Speech/TTSDNNRepo/egs/slt_arctic/s1/experiments/slt_arctic_demo/acoustic_model/data/label_state_align/arctic_a0024.lab, 245 labels
2016-11-14 20:00:33,073    DEBUG         labels: made label matrix of 787 frames x 425 labels
2016-11-14 20:00:33,119     INFO         labels: loaded /home/ashish/Text2Speech/TTSDNNRepo/egs/slt_arctic/s1/experiments/slt_arctic_demo/acoustic_model/data/label_state_align/arctic_a0025.lab, 190 labels
2016-11-14 20:00:33,170    DEBUG         labels: made label matrix of 615 frames x 425 labels
2016-11-14 20:00:33,213     INFO         labels: loaded /home/ashish/Text2Speech/TTSDNNRepo/egs/slt_arctic/s1/experiments/slt_arctic_demo/acoustic_model/data/label_state_align/arctic_a0026.lab, 185 labels
2016-11-14 20:00:33,277    DEBUG         labels: made label matrix of 573 frames x 425 labels
2016-11-14 20:00:33,311     INFO         labels: loaded /home/ashish/Text2Speech/TTSDNNRepo/egs/slt_arctic/s1/experiments/slt_arctic_demo/acoustic_model/data/label_state_align/arctic_a0027.lab, 240 labels
2016-11-14 20:00:33,377    DEBUG         labels: made label matrix of 815 frames x 425 labels
2016-11-14 20:00:33,385     INFO         labels: loaded /home/ashish/Text2Speech/TTSDNNRepo/egs/slt_arctic/s1/experiments/slt_arctic_demo/acoustic_model/data/label_state_align/arctic_a0028.lab,  85 labels
2016-11-14 20:00:33,407    DEBUG         labels: made label matrix of 475 frames x 425 labels
2016-11-14 20:00:33,509     INFO         labels: loaded /home/ashish/Text2Speech/TTSDNNRepo/egs/slt_arctic/s1/experiments/slt_arctic_demo/acoustic_model/data/label_state_align/arctic_a0029.lab, 200 labels
2016-11-14 20:00:33,580    DEBUG         labels: made label matrix of 613 frames x 425 labels
2016-11-14 20:00:33,622     INFO         labels: loaded /home/ashish/Text2Speech/TTSDNNRepo/egs/slt_arctic/s1/experiments/slt_arctic_demo/acoustic_model/data/label_state_align/arctic_a0030.lab,  70 labels
2016-11-14 20:00:33,653    DEBUG         labels: made label matrix of 291 frames x 425 labels
2016-11-14 20:00:33,657     INFO         labels: loaded /home/ashish/Text2Speech/TTSDNNRepo/egs/slt_arctic/s1/experiments/slt_arctic_demo/acoustic_model/data/label_state_align/arctic_a0031.lab, 130 labels
2016-11-14 20:00:33,700    DEBUG         labels: made label matrix of 399 frames x 425 labels
2016-11-14 20:00:33,704     INFO         labels: loaded /home/ashish/Text2Speech/TTSDNNRepo/egs/slt_arctic/s1/experiments/slt_arctic_demo/acoustic_model/data/label_state_align/arctic_a0032.lab, 240 labels
2016-11-14 20:00:33,767    DEBUG         labels: made label matrix of 743 frames x 425 labels
2016-11-14 20:00:33,774     INFO         labels: loaded /home/ashish/Text2Speech/TTSDNNRepo/egs/slt_arctic/s1/experiments/slt_arctic_demo/acoustic_model/data/label_state_align/arctic_a0033.lab, 240 labels
2016-11-14 20:00:33,829    DEBUG         labels: made label matrix of 731 frames x 425 labels
2016-11-14 20:00:33,857     INFO         labels: loaded /home/ashish/Text2Speech/TTSDNNRepo/egs/slt_arctic/s1/experiments/slt_arctic_demo/acoustic_model/data/label_state_align/arctic_a0034.lab, 220 labels
2016-11-14 20:00:33,923    DEBUG         labels: made label matrix of 647 frames x 425 labels
2016-11-14 20:00:33,929     INFO         labels: loaded /home/ashish/Text2Speech/TTSDNNRepo/egs/slt_arctic/s1/experiments/slt_arctic_demo/acoustic_model/data/label_state_align/arctic_a0035.lab, 235 labels
2016-11-14 20:00:33,984    DEBUG         labels: made label matrix of 743 frames x 425 labels
2016-11-14 20:00:34,023     INFO         labels: loaded /home/ashish/Text2Speech/TTSDNNRepo/egs/slt_arctic/s1/experiments/slt_arctic_demo/acoustic_model/data/label_state_align/arctic_a0036.lab,  95 labels
2016-11-14 20:00:34,057    DEBUG         labels: made label matrix of 357 frames x 425 labels
2016-11-14 20:00:34,061     INFO         labels: loaded /home/ashish/Text2Speech/TTSDNNRepo/egs/slt_arctic/s1/experiments/slt_arctic_demo/acoustic_model/data/label_state_align/arctic_a0037.lab, 140 labels
2016-11-14 20:00:34,098    DEBUG         labels: made label matrix of 477 frames x 425 labels
2016-11-14 20:00:34,131     INFO         labels: loaded /home/ashish/Text2Speech/TTSDNNRepo/egs/slt_arctic/s1/experiments/slt_arctic_demo/acoustic_model/data/label_state_align/arctic_a0038.lab, 105 labels
2016-11-14 20:00:34,170    DEBUG         labels: made label matrix of 369 frames x 425 labels
2016-11-14 20:00:34,204     INFO         labels: loaded /home/ashish/Text2Speech/TTSDNNRepo/egs/slt_arctic/s1/experiments/slt_arctic_demo/acoustic_model/data/label_state_align/arctic_a0039.lab, 155 labels
2016-11-14 20:00:34,244    DEBUG         labels: made label matrix of 531 frames x 425 labels
2016-11-14 20:00:34,279     INFO         labels: loaded /home/ashish/Text2Speech/TTSDNNRepo/egs/slt_arctic/s1/experiments/slt_arctic_demo/acoustic_model/data/label_state_align/arctic_a0040.lab, 155 labels
2016-11-14 20:00:34,317    DEBUG         labels: made label matrix of 521 frames x 425 labels
2016-11-14 20:00:34,387     INFO         labels: loaded /home/ashish/Text2Speech/TTSDNNRepo/egs/slt_arctic/s1/experiments/slt_arctic_demo/acoustic_model/data/label_state_align/arctic_a0041.lab, 125 labels
2016-11-14 20:00:34,419    DEBUG         labels: made label matrix of 473 frames x 425 labels
2016-11-14 20:00:34,449     INFO         labels: loaded /home/ashish/Text2Speech/TTSDNNRepo/egs/slt_arctic/s1/experiments/slt_arctic_demo/acoustic_model/data/label_state_align/arctic_a0042.lab, 170 labels
2016-11-14 20:00:34,490    DEBUG         labels: made label matrix of 549 frames x 425 labels
2016-11-14 20:00:34,584     INFO         labels: loaded /home/ashish/Text2Speech/TTSDNNRepo/egs/slt_arctic/s1/experiments/slt_arctic_demo/acoustic_model/data/label_state_align/arctic_a0043.lab, 230 labels
2016-11-14 20:00:34,674    DEBUG         labels: made label matrix of 689 frames x 425 labels
2016-11-14 20:00:34,721     INFO         labels: loaded /home/ashish/Text2Speech/TTSDNNRepo/egs/slt_arctic/s1/experiments/slt_arctic_demo/acoustic_model/data/label_state_align/arctic_a0044.lab, 195 labels
2016-11-14 20:00:34,795    DEBUG         labels: made label matrix of 609 frames x 425 labels
2016-11-14 20:00:34,820     INFO         labels: loaded /home/ashish/Text2Speech/TTSDNNRepo/egs/slt_arctic/s1/experiments/slt_arctic_demo/acoustic_model/data/label_state_align/arctic_a0045.lab, 150 labels
2016-11-14 20:00:34,864    DEBUG         labels: made label matrix of 507 frames x 425 labels
2016-11-14 20:00:34,869     INFO         labels: loaded /home/ashish/Text2Speech/TTSDNNRepo/egs/slt_arctic/s1/experiments/slt_arctic_demo/acoustic_model/data/label_state_align/arctic_a0046.lab, 175 labels
2016-11-14 20:00:34,914    DEBUG         labels: made label matrix of 663 frames x 425 labels
2016-11-14 20:00:34,920     INFO         labels: loaded /home/ashish/Text2Speech/TTSDNNRepo/egs/slt_arctic/s1/experiments/slt_arctic_demo/acoustic_model/data/label_state_align/arctic_a0047.lab, 195 labels
2016-11-14 20:00:34,965    DEBUG         labels: made label matrix of 643 frames x 425 labels
2016-11-14 20:00:34,986     INFO         labels: loaded /home/ashish/Text2Speech/TTSDNNRepo/egs/slt_arctic/s1/experiments/slt_arctic_demo/acoustic_model/data/label_state_align/arctic_a0048.lab, 150 labels
2016-11-14 20:00:35,022    DEBUG         labels: made label matrix of 509 frames x 425 labels
2016-11-14 20:00:35,027     INFO         labels: loaded /home/ashish/Text2Speech/TTSDNNRepo/egs/slt_arctic/s1/experiments/slt_arctic_demo/acoustic_model/data/label_state_align/arctic_a0049.lab, 180 labels
2016-11-14 20:00:35,068    DEBUG         labels: made label matrix of 547 frames x 425 labels
2016-11-14 20:00:35,104     INFO         labels: loaded /home/ashish/Text2Speech/TTSDNNRepo/egs/slt_arctic/s1/experiments/slt_arctic_demo/acoustic_model/data/label_state_align/arctic_a0050.lab, 240 labels
2016-11-14 20:00:35,160    DEBUG         labels: made label matrix of 739 frames x 425 labels
2016-11-14 20:00:35,204     INFO         labels: loaded /home/ashish/Text2Speech/TTSDNNRepo/egs/slt_arctic/s1/experiments/slt_arctic_demo/acoustic_model/data/label_state_align/arctic_a0051.lab, 235 labels
2016-11-14 20:00:35,308    DEBUG         labels: made label matrix of 821 frames x 425 labels
2016-11-14 20:00:35,349     INFO         labels: loaded /home/ashish/Text2Speech/TTSDNNRepo/egs/slt_arctic/s1/experiments/slt_arctic_demo/acoustic_model/data/label_state_align/arctic_a0052.lab, 125 labels
2016-11-14 20:00:35,406    DEBUG         labels: made label matrix of 407 frames x 425 labels
2016-11-14 20:00:35,412     INFO         labels: loaded /home/ashish/Text2Speech/TTSDNNRepo/egs/slt_arctic/s1/experiments/slt_arctic_demo/acoustic_model/data/label_state_align/arctic_a0053.lab, 205 labels
2016-11-14 20:00:35,504    DEBUG         labels: made label matrix of 613 frames x 425 labels
2016-11-14 20:00:35,525     INFO         labels: loaded /home/ashish/Text2Speech/TTSDNNRepo/egs/slt_arctic/s1/experiments/slt_arctic_demo/acoustic_model/data/label_state_align/arctic_a0054.lab, 100 labels
2016-11-14 20:00:35,571    DEBUG         labels: made label matrix of 323 frames x 425 labels
2016-11-14 20:00:35,583     INFO         labels: loaded /home/ashish/Text2Speech/TTSDNNRepo/egs/slt_arctic/s1/experiments/slt_arctic_demo/acoustic_model/data/label_state_align/arctic_a0055.lab, 250 labels
2016-11-14 20:00:35,650    DEBUG         labels: made label matrix of 829 frames x 425 labels
2016-11-14 20:00:35,659     INFO         labels: loaded /home/ashish/Text2Speech/TTSDNNRepo/egs/slt_arctic/s1/experiments/slt_arctic_demo/acoustic_model/data/label_state_align/arctic_a0056.lab, 165 labels
2016-11-14 20:00:35,700    DEBUG         labels: made label matrix of 573 frames x 425 labels
2016-11-14 20:00:35,833     INFO         labels: loaded /home/ashish/Text2Speech/TTSDNNRepo/egs/slt_arctic/s1/experiments/slt_arctic_demo/acoustic_model/data/label_state_align/arctic_a0057.lab, 115 labels
2016-11-14 20:00:35,884    DEBUG         labels: made label matrix of 479 frames x 425 labels
2016-11-14 20:00:35,906     INFO         labels: loaded /home/ashish/Text2Speech/TTSDNNRepo/egs/slt_arctic/s1/experiments/slt_arctic_demo/acoustic_model/data/label_state_align/arctic_a0058.lab, 235 labels
2016-11-14 20:00:35,986    DEBUG         labels: made label matrix of 703 frames x 425 labels
2016-11-14 20:00:36,089     INFO         labels: loaded /home/ashish/Text2Speech/TTSDNNRepo/egs/slt_arctic/s1/experiments/slt_arctic_demo/acoustic_model/data/label_state_align/arctic_a0059.lab, 140 labels
2016-11-14 20:00:36,135    DEBUG         labels: made label matrix of 465 frames x 425 labels
2016-11-14 20:00:36,157     INFO         labels: loaded /home/ashish/Text2Speech/TTSDNNRepo/egs/slt_arctic/s1/experiments/slt_arctic_demo/acoustic_model/data/label_state_align/arctic_a0060.lab, 110 labels
2016-11-14 20:00:36,190    DEBUG         labels: made label matrix of 463 frames x 425 labels
2016-11-14 20:00:37,332    DEBUG  acoustic_norm: MinMaxNormalisation created for feature dimension of 425
2016-11-14 20:00:37,396     INFO  acoustic_norm: across 50 files found min/max values of length 425:
2016-11-14 20:00:37,408     INFO  acoustic_norm:   min: [[ 0.          0.          0.          0.          0.          0.          0.
   0.          0.          0.          0.          0.          0.          0.
   0.          0.          0.          0.          0.          0.          0.
   0.          0.          0.          0.          0.          0.          0.
   0.          0.          0.          0.          0.          0.          0.
   0.          0.          0.          0.          0.          0.          0.
   0.          0.          0.          0.          0.          0.          0.
   0.          0.          0.          0.          0.          0.          0.
   0.          0.          0.          0.          0.          0.          0.
   0.          0.          0.          0.          0.          0.          0.
   0.          0.          0.          0.          0.          0.          0.
   0.          0.          0.          0.          0.          0.          0.
   0.          0.          0.          0.          0.          0.          0.
   0.          0.          0.          0.          0.          0.          0.
   0.          0.          0.          0.          0.          0.          0.
   0.          0.          0.          0.          0.          0.          0.
   0.          0.          0.          0.          0.          0.          0.
   0.          0.          0.          0.          0.          0.          0.
   0.          0.          0.          0.          0.          0.          0.
   0.          0.          0.          0.          0.          0.          0.
   0.          0.          0.          0.          0.          0.          0.
   0.          0.          0.          0.          0.          0.          0.
   0.          0.          0.          0.          0.          0.          0.
   0.          0.          0.          0.          0.          0.          0.
   0.          0.          0.          0.          0.          0.          0.
   0.          0.          0.          0.          0.          0.          0.
   0.          0.          0.          0.          0.          0.          0.
   0.          0.          0.          0.          0.          0.          0.
   0.          0.          0.          0.          0.          0.          0.
   0.          0.          0.          0.          0.          0.          0.
   0.          0.          0.          0.          0.          0.          0.
   0.          0.          0.          0.          0.          0.          0.
   0.          0.          0.          0.          0.          0.          0.
   0.          0.          0.          0.          0.          0.          0.
   0.          0.          0.          0.          0.          0.          0.
   0.          0.          0.          0.          0.          0.          0.
   0.          0.          0.          0.          0.          0.          0.
   0.          0.          0.          0.          0.          0.          0.
   0.          0.          0.          0.          0.          0.          0.
   0.          0.          0.          0.          0.          0.          0.
   0.          0.          0.          0.          0.          0.          0.
   0.          0.          0.          0.          0.          0.          0.
   0.          0.          0.          0.          0.          0.          0.
   0.          0.          0.          0.          0.          0.          0.
   0.          0.          0.          0.          0.          0.          0.
   0.          0.          0.          0.          0.          0.          0.
   0.          0.          0.          0.          0.          0.          0.
   0.          0.          0.          0.          0.          0.          0.
   0.          0.          0.          0.          0.          0.          0.
   0.          0.          0.          0.          0.          0.          0.
   0.          0.          0.          0.          0.          0.          0.
   0.          0.          0.          0.          0.          0.          0.
   0.          0.          0.          0.          0.          0.          0.
   0.          0.         -1.         -1.          0.          0.          0.
  -1.         -1.         -1.         -1.         -1.         -1.         -1.
  -1.         -1.         -1.         -1.         -1.         -1.         -1.
  -1.          0.          0.          0.          0.         -1.         -1.
  -1.         -1.         -1.         -1.         -1.          0.          0.
   0.         -1.         -1.          1.         -1.          0.          0.
   5.          3.          0.          0.03225806  0.03225806  1.          1.
   1.          5.          0.01449275  0.01449275  0.01449275]]
2016-11-14 20:00:37,420     INFO  acoustic_norm:   max: [[  1.           1.           1.           1.           1.           1.
    1.           1.           1.           1.           1.           1.
    1.           1.           1.           1.           1.           1.
    1.           1.           1.           1.           1.           1.
    1.           1.           1.           1.           1.           1.
    1.           1.           1.           1.           1.           1.
    1.           1.           1.           1.           1.           1.
    1.           1.           1.           1.           1.           1.
    1.           1.           1.           1.           1.           1.
    1.           1.           1.           1.           1.           1.
    1.           1.           1.           1.           0.           1.
    1.           1.           1.           1.           0.           1.
    0.           0.           0.           1.           1.           1.
    1.           1.           0.           1.           1.           1.
    1.           1.           1.           1.           0.           1.
    1.           0.           1.           1.           1.           1.
    1.           1.           1.           1.           1.           1.
    1.           1.           0.           1.           1.           1.
    1.           1.           1.           1.           0.           1.
    1.           1.           1.           1.           0.           1.
    0.           0.           0.           1.           1.           1.
    1.           1.           0.           1.           1.           1.
    1.           1.           1.           1.           0.           1.
    1.           0.           1.           1.           1.           1.
    1.           1.           1.           1.           1.           1.
    1.           1.           0.           1.           1.           1.
    1.           1.           1.           1.           0.           1.
    1.           1.           1.           1.           0.           1.
    0.           0.           0.           1.           1.           1.
    1.           1.           0.           1.           1.           1.
    1.           1.           1.           1.           0.           1.
    1.           0.           1.           1.           1.           1.
    1.           1.           1.           1.           1.           1.
    1.           1.           0.           1.           1.           1.
    1.           1.           1.           1.           0.           1.
    1.           1.           1.           1.           0.           1.
    0.           0.           0.           1.           1.           1.
    1.           1.           0.           1.           1.           1.
    1.           1.           1.           1.           0.           1.
    1.           0.           1.           1.           1.           1.
    1.           1.           1.           1.           1.           1.
    1.           1.           0.           1.           1.           1.
    1.           1.           1.           1.           0.           1.
    1.           1.           1.           1.           0.           1.
    0.           0.           0.           1.           1.           1.
    1.           1.           0.           1.           1.           1.
    1.           1.           1.           1.           0.           1.
    1.           0.           1.           1.           1.           1.
    1.           1.           1.           1.           1.           1.
    1.           1.           0.           1.           1.           1.
    1.           1.           1.           1.           1.           1.
    1.           1.           1.           1.           1.           1.
    1.           1.           1.           1.           1.           1.
    1.           1.           1.           1.           1.           1.
    1.           1.           0.           1.           1.           0.
    0.           0.           1.           1.           1.           1.
    1.           0.           1.           1.           1.           1.
    1.           1.           1.           1.           1.           1.
    0.           1.           1.           1.           1.           1.
    1.           1.           1.           1.           1.           0.
    1.           1.           1.           1.           1.           1.
    1.           1.           1.           1.           0.           1.
    1.           6.           6.           1.           1.           6.
    1.           1.           6.           5.           5.          18.
   18.           9.          10.           5.           6.           4.
    4.          16.          16.           1.           1.           6.
    5.           5.          10.          10.           8.           7.
    4.           5.           5.          18.           9.          18.
   10.           3.          -1.          13.           8.          28.
   13.           3.           1.           1.          31.           5.
    5.          69.           0.87878788   1.           1.        ]]
2016-11-14 20:00:38,918     INFO           main: saved 425 vectors to /home/ashish/Text2Speech/TTSDNNRepo/egs/slt_arctic/s1/experiments/slt_arctic_demo/acoustic_model/data/label_norm_HTS_425.dat
2016-11-14 20:00:38,919     INFO           main: creating acoustic (output) features
2016-11-14 20:00:38,919     INFO  acoustic_comp: processing file    1 of   60 : /home/ashish/Text2Speech/TTSDNNRepo/egs/slt_arctic/s1/experiments/slt_arctic_demo/acoustic_model/data/nn_mgc_lf0_vuv_bap_187/arctic_a0001.cmp
2016-11-14 20:00:40,022    DEBUG  acoustic_comp:  wrote 672 frames of features
2016-11-14 20:00:40,022     INFO  acoustic_comp: processing file    2 of   60 : /home/ashish/Text2Speech/TTSDNNRepo/egs/slt_arctic/s1/experiments/slt_arctic_demo/acoustic_model/data/nn_mgc_lf0_vuv_bap_187/arctic_a0002.cmp
2016-11-14 20:00:41,045    DEBUG  acoustic_comp:  wrote 752 frames of features
2016-11-14 20:00:41,046     INFO  acoustic_comp: processing file    3 of   60 : /home/ashish/Text2Speech/TTSDNNRepo/egs/slt_arctic/s1/experiments/slt_arctic_demo/acoustic_model/data/nn_mgc_lf0_vuv_bap_187/arctic_a0003.cmp
2016-11-14 20:00:41,957    DEBUG  acoustic_comp:  wrote 642 frames of features
2016-11-14 20:00:41,957     INFO  acoustic_comp: processing file    4 of   60 : /home/ashish/Text2Speech/TTSDNNRepo/egs/slt_arctic/s1/experiments/slt_arctic_demo/acoustic_model/data/nn_mgc_lf0_vuv_bap_187/arctic_a0004.cmp
2016-11-14 20:00:42,635    DEBUG  acoustic_comp:  wrote 502 frames of features
2016-11-14 20:00:42,635     INFO  acoustic_comp: processing file    5 of   60 : /home/ashish/Text2Speech/TTSDNNRepo/egs/slt_arctic/s1/experiments/slt_arctic_demo/acoustic_model/data/nn_mgc_lf0_vuv_bap_187/arctic_a0005.cmp
2016-11-14 20:00:43,082    DEBUG  acoustic_comp:  wrote 298 frames of features
2016-11-14 20:00:43,082     INFO  acoustic_comp: processing file    6 of   60 : /home/ashish/Text2Speech/TTSDNNRepo/egs/slt_arctic/s1/experiments/slt_arctic_demo/acoustic_model/data/nn_mgc_lf0_vuv_bap_187/arctic_a0006.cmp
2016-11-14 20:00:43,914    DEBUG  acoustic_comp:  wrote 594 frames of features
2016-11-14 20:00:43,914     INFO  acoustic_comp: processing file    7 of   60 : /home/ashish/Text2Speech/TTSDNNRepo/egs/slt_arctic/s1/experiments/slt_arctic_demo/acoustic_model/data/nn_mgc_lf0_vuv_bap_187/arctic_a0007.cmp
2016-11-14 20:00:44,770    DEBUG  acoustic_comp:  wrote 602 frames of features
2016-11-14 20:00:44,770     INFO  acoustic_comp: processing file    8 of   60 : /home/ashish/Text2Speech/TTSDNNRepo/egs/slt_arctic/s1/experiments/slt_arctic_demo/acoustic_model/data/nn_mgc_lf0_vuv_bap_187/arctic_a0008.cmp
2016-11-14 20:00:45,389    DEBUG  acoustic_comp:  wrote 458 frames of features
2016-11-14 20:00:45,389     INFO  acoustic_comp: processing file    9 of   60 : /home/ashish/Text2Speech/TTSDNNRepo/egs/slt_arctic/s1/experiments/slt_arctic_demo/acoustic_model/data/nn_mgc_lf0_vuv_bap_187/arctic_a0009.cmp
2016-11-14 20:00:46,197    DEBUG  acoustic_comp:  wrote 620 frames of features
2016-11-14 20:00:46,198     INFO  acoustic_comp: processing file   10 of   60 : /home/ashish/Text2Speech/TTSDNNRepo/egs/slt_arctic/s1/experiments/slt_arctic_demo/acoustic_model/data/nn_mgc_lf0_vuv_bap_187/arctic_a0010.cmp
2016-11-14 20:00:46,986    DEBUG  acoustic_comp:  wrote 604 frames of features
2016-11-14 20:00:46,986     INFO  acoustic_comp: processing file   11 of   60 : /home/ashish/Text2Speech/TTSDNNRepo/egs/slt_arctic/s1/experiments/slt_arctic_demo/acoustic_model/data/nn_mgc_lf0_vuv_bap_187/arctic_a0011.cmp
2016-11-14 20:00:47,760    DEBUG  acoustic_comp:  wrote 612 frames of features
2016-11-14 20:00:47,760     INFO  acoustic_comp: processing file   12 of   60 : /home/ashish/Text2Speech/TTSDNNRepo/egs/slt_arctic/s1/experiments/slt_arctic_demo/acoustic_model/data/nn_mgc_lf0_vuv_bap_187/arctic_a0012.cmp
2016-11-14 20:00:48,489    DEBUG  acoustic_comp:  wrote 568 frames of features
2016-11-14 20:00:48,489     INFO  acoustic_comp: processing file   13 of   60 : /home/ashish/Text2Speech/TTSDNNRepo/egs/slt_arctic/s1/experiments/slt_arctic_demo/acoustic_model/data/nn_mgc_lf0_vuv_bap_187/arctic_a0013.cmp
2016-11-14 20:00:49,414    DEBUG  acoustic_comp:  wrote 706 frames of features
2016-11-14 20:00:49,415     INFO  acoustic_comp: processing file   14 of   60 : /home/ashish/Text2Speech/TTSDNNRepo/egs/slt_arctic/s1/experiments/slt_arctic_demo/acoustic_model/data/nn_mgc_lf0_vuv_bap_187/arctic_a0014.cmp
2016-11-14 20:00:50,173    DEBUG  acoustic_comp:  wrote 580 frames of features
2016-11-14 20:00:50,173     INFO  acoustic_comp: processing file   15 of   60 : /home/ashish/Text2Speech/TTSDNNRepo/egs/slt_arctic/s1/experiments/slt_arctic_demo/acoustic_model/data/nn_mgc_lf0_vuv_bap_187/arctic_a0015.cmp
2016-11-14 20:00:50,753    DEBUG  acoustic_comp:  wrote 376 frames of features
2016-11-14 20:00:50,754     INFO  acoustic_comp: processing file   16 of   60 : /home/ashish/Text2Speech/TTSDNNRepo/egs/slt_arctic/s1/experiments/slt_arctic_demo/acoustic_model/data/nn_mgc_lf0_vuv_bap_187/arctic_a0016.cmp
2016-11-14 20:00:51,645    DEBUG  acoustic_comp:  wrote 716 frames of features
2016-11-14 20:00:51,645     INFO  acoustic_comp: processing file   17 of   60 : /home/ashish/Text2Speech/TTSDNNRepo/egs/slt_arctic/s1/experiments/slt_arctic_demo/acoustic_model/data/nn_mgc_lf0_vuv_bap_187/arctic_a0017.cmp
2016-11-14 20:00:52,686    DEBUG  acoustic_comp:  wrote 806 frames of features
2016-11-14 20:00:52,687     INFO  acoustic_comp: processing file   18 of   60 : /home/ashish/Text2Speech/TTSDNNRepo/egs/slt_arctic/s1/experiments/slt_arctic_demo/acoustic_model/data/nn_mgc_lf0_vuv_bap_187/arctic_a0018.cmp
2016-11-14 20:00:53,156    DEBUG  acoustic_comp:  wrote 322 frames of features
2016-11-14 20:00:53,156     INFO  acoustic_comp: processing file   19 of   60 : /home/ashish/Text2Speech/TTSDNNRepo/egs/slt_arctic/s1/experiments/slt_arctic_demo/acoustic_model/data/nn_mgc_lf0_vuv_bap_187/arctic_a0019.cmp
2016-11-14 20:00:54,096    DEBUG  acoustic_comp:  wrote 696 frames of features
2016-11-14 20:00:54,096     INFO  acoustic_comp: processing file   20 of   60 : /home/ashish/Text2Speech/TTSDNNRepo/egs/slt_arctic/s1/experiments/slt_arctic_demo/acoustic_model/data/nn_mgc_lf0_vuv_bap_187/arctic_a0020.cmp
2016-11-14 20:00:54,853    DEBUG  acoustic_comp:  wrote 624 frames of features
2016-11-14 20:00:54,853     INFO  acoustic_comp: processing file   21 of   60 : /home/ashish/Text2Speech/TTSDNNRepo/egs/slt_arctic/s1/experiments/slt_arctic_demo/acoustic_model/data/nn_mgc_lf0_vuv_bap_187/arctic_a0021.cmp
2016-11-14 20:00:55,596    DEBUG  acoustic_comp:  wrote 502 frames of features
2016-11-14 20:00:55,596     INFO  acoustic_comp: processing file   22 of   60 : /home/ashish/Text2Speech/TTSDNNRepo/egs/slt_arctic/s1/experiments/slt_arctic_demo/acoustic_model/data/nn_mgc_lf0_vuv_bap_187/arctic_a0022.cmp
2016-11-14 20:00:56,796    DEBUG  acoustic_comp:  wrote 862 frames of features
2016-11-14 20:00:56,797     INFO  acoustic_comp: processing file   23 of   60 : /home/ashish/Text2Speech/TTSDNNRepo/egs/slt_arctic/s1/experiments/slt_arctic_demo/acoustic_model/data/nn_mgc_lf0_vuv_bap_187/arctic_a0023.cmp
2016-11-14 20:00:58,083    DEBUG  acoustic_comp:  wrote 960 frames of features
2016-11-14 20:00:58,083     INFO  acoustic_comp: processing file   24 of   60 : /home/ashish/Text2Speech/TTSDNNRepo/egs/slt_arctic/s1/experiments/slt_arctic_demo/acoustic_model/data/nn_mgc_lf0_vuv_bap_187/arctic_a0024.cmp
2016-11-14 20:00:59,049    DEBUG  acoustic_comp:  wrote 792 frames of features
2016-11-14 20:00:59,050     INFO  acoustic_comp: processing file   25 of   60 : /home/ashish/Text2Speech/TTSDNNRepo/egs/slt_arctic/s1/experiments/slt_arctic_demo/acoustic_model/data/nn_mgc_lf0_vuv_bap_187/arctic_a0025.cmp
2016-11-14 20:00:59,876    DEBUG  acoustic_comp:  wrote 620 frames of features
2016-11-14 20:00:59,877     INFO  acoustic_comp: processing file   26 of   60 : /home/ashish/Text2Speech/TTSDNNRepo/egs/slt_arctic/s1/experiments/slt_arctic_demo/acoustic_model/data/nn_mgc_lf0_vuv_bap_187/arctic_a0026.cmp
2016-11-14 20:01:00,768    DEBUG  acoustic_comp:  wrote 578 frames of features
2016-11-14 20:01:00,768     INFO  acoustic_comp: processing file   27 of   60 : /home/ashish/Text2Speech/TTSDNNRepo/egs/slt_arctic/s1/experiments/slt_arctic_demo/acoustic_model/data/nn_mgc_lf0_vuv_bap_187/arctic_a0027.cmp
2016-11-14 20:01:01,886    DEBUG  acoustic_comp:  wrote 820 frames of features
2016-11-14 20:01:01,887     INFO  acoustic_comp: processing file   28 of   60 : /home/ashish/Text2Speech/TTSDNNRepo/egs/slt_arctic/s1/experiments/slt_arctic_demo/acoustic_model/data/nn_mgc_lf0_vuv_bap_187/arctic_a0028.cmp
2016-11-14 20:01:02,586    DEBUG  acoustic_comp:  wrote 480 frames of features
2016-11-14 20:01:02,586     INFO  acoustic_comp: processing file   29 of   60 : /home/ashish/Text2Speech/TTSDNNRepo/egs/slt_arctic/s1/experiments/slt_arctic_demo/acoustic_model/data/nn_mgc_lf0_vuv_bap_187/arctic_a0029.cmp
2016-11-14 20:01:03,448    DEBUG  acoustic_comp:  wrote 618 frames of features
2016-11-14 20:01:03,448     INFO  acoustic_comp: processing file   30 of   60 : /home/ashish/Text2Speech/TTSDNNRepo/egs/slt_arctic/s1/experiments/slt_arctic_demo/acoustic_model/data/nn_mgc_lf0_vuv_bap_187/arctic_a0030.cmp
2016-11-14 20:01:03,872    DEBUG  acoustic_comp:  wrote 296 frames of features
2016-11-14 20:01:03,873     INFO  acoustic_comp: processing file   31 of   60 : /home/ashish/Text2Speech/TTSDNNRepo/egs/slt_arctic/s1/experiments/slt_arctic_demo/acoustic_model/data/nn_mgc_lf0_vuv_bap_187/arctic_a0031.cmp
2016-11-14 20:01:04,412    DEBUG  acoustic_comp:  wrote 404 frames of features
2016-11-14 20:01:04,413     INFO  acoustic_comp: processing file   32 of   60 : /home/ashish/Text2Speech/TTSDNNRepo/egs/slt_arctic/s1/experiments/slt_arctic_demo/acoustic_model/data/nn_mgc_lf0_vuv_bap_187/arctic_a0032.cmp
2016-11-14 20:01:05,322    DEBUG  acoustic_comp:  wrote 748 frames of features
2016-11-14 20:01:05,322     INFO  acoustic_comp: processing file   33 of   60 : /home/ashish/Text2Speech/TTSDNNRepo/egs/slt_arctic/s1/experiments/slt_arctic_demo/acoustic_model/data/nn_mgc_lf0_vuv_bap_187/arctic_a0033.cmp
2016-11-14 20:01:06,249    DEBUG  acoustic_comp:  wrote 736 frames of features
2016-11-14 20:01:06,249     INFO  acoustic_comp: processing file   34 of   60 : /home/ashish/Text2Speech/TTSDNNRepo/egs/slt_arctic/s1/experiments/slt_arctic_demo/acoustic_model/data/nn_mgc_lf0_vuv_bap_187/arctic_a0034.cmp
2016-11-14 20:01:07,053    DEBUG  acoustic_comp:  wrote 652 frames of features
2016-11-14 20:01:07,053     INFO  acoustic_comp: processing file   35 of   60 : /home/ashish/Text2Speech/TTSDNNRepo/egs/slt_arctic/s1/experiments/slt_arctic_demo/acoustic_model/data/nn_mgc_lf0_vuv_bap_187/arctic_a0035.cmp
2016-11-14 20:01:08,018    DEBUG  acoustic_comp:  wrote 748 frames of features
2016-11-14 20:01:08,018     INFO  acoustic_comp: processing file   36 of   60 : /home/ashish/Text2Speech/TTSDNNRepo/egs/slt_arctic/s1/experiments/slt_arctic_demo/acoustic_model/data/nn_mgc_lf0_vuv_bap_187/arctic_a0036.cmp
2016-11-14 20:01:08,467    DEBUG  acoustic_comp:  wrote 362 frames of features
2016-11-14 20:01:08,467     INFO  acoustic_comp: processing file   37 of   60 : /home/ashish/Text2Speech/TTSDNNRepo/egs/slt_arctic/s1/experiments/slt_arctic_demo/acoustic_model/data/nn_mgc_lf0_vuv_bap_187/arctic_a0037.cmp
2016-11-14 20:01:09,123    DEBUG  acoustic_comp:  wrote 482 frames of features
2016-11-14 20:01:09,124     INFO  acoustic_comp: processing file   38 of   60 : /home/ashish/Text2Speech/TTSDNNRepo/egs/slt_arctic/s1/experiments/slt_arctic_demo/acoustic_model/data/nn_mgc_lf0_vuv_bap_187/arctic_a0038.cmp
2016-11-14 20:01:09,634    DEBUG  acoustic_comp:  wrote 374 frames of features
2016-11-14 20:01:09,634     INFO  acoustic_comp: processing file   39 of   60 : /home/ashish/Text2Speech/TTSDNNRepo/egs/slt_arctic/s1/experiments/slt_arctic_demo/acoustic_model/data/nn_mgc_lf0_vuv_bap_187/arctic_a0039.cmp
2016-11-14 20:01:10,318    DEBUG  acoustic_comp:  wrote 536 frames of features
2016-11-14 20:01:10,318     INFO  acoustic_comp: processing file   40 of   60 : /home/ashish/Text2Speech/TTSDNNRepo/egs/slt_arctic/s1/experiments/slt_arctic_demo/acoustic_model/data/nn_mgc_lf0_vuv_bap_187/arctic_a0040.cmp
2016-11-14 20:01:11,010    DEBUG  acoustic_comp:  wrote 526 frames of features
2016-11-14 20:01:11,010     INFO  acoustic_comp: processing file   41 of   60 : /home/ashish/Text2Speech/TTSDNNRepo/egs/slt_arctic/s1/experiments/slt_arctic_demo/acoustic_model/data/nn_mgc_lf0_vuv_bap_187/arctic_a0041.cmp
2016-11-14 20:01:11,715    DEBUG  acoustic_comp:  wrote 478 frames of features
2016-11-14 20:01:11,715     INFO  acoustic_comp: processing file   42 of   60 : /home/ashish/Text2Speech/TTSDNNRepo/egs/slt_arctic/s1/experiments/slt_arctic_demo/acoustic_model/data/nn_mgc_lf0_vuv_bap_187/arctic_a0042.cmp
2016-11-14 20:01:12,441    DEBUG  acoustic_comp:  wrote 554 frames of features
2016-11-14 20:01:12,441     INFO  acoustic_comp: processing file   43 of   60 : /home/ashish/Text2Speech/TTSDNNRepo/egs/slt_arctic/s1/experiments/slt_arctic_demo/acoustic_model/data/nn_mgc_lf0_vuv_bap_187/arctic_a0043.cmp
2016-11-14 20:01:13,317    DEBUG  acoustic_comp:  wrote 694 frames of features
2016-11-14 20:01:13,317     INFO  acoustic_comp: processing file   44 of   60 : /home/ashish/Text2Speech/TTSDNNRepo/egs/slt_arctic/s1/experiments/slt_arctic_demo/acoustic_model/data/nn_mgc_lf0_vuv_bap_187/arctic_a0044.cmp
2016-11-14 20:01:14,070    DEBUG  acoustic_comp:  wrote 614 frames of features
2016-11-14 20:01:14,070     INFO  acoustic_comp: processing file   45 of   60 : /home/ashish/Text2Speech/TTSDNNRepo/egs/slt_arctic/s1/experiments/slt_arctic_demo/acoustic_model/data/nn_mgc_lf0_vuv_bap_187/arctic_a0045.cmp
2016-11-14 20:01:14,748    DEBUG  acoustic_comp:  wrote 512 frames of features
2016-11-14 20:01:14,748     INFO  acoustic_comp: processing file   46 of   60 : /home/ashish/Text2Speech/TTSDNNRepo/egs/slt_arctic/s1/experiments/slt_arctic_demo/acoustic_model/data/nn_mgc_lf0_vuv_bap_187/arctic_a0046.cmp
2016-11-14 20:01:15,626    DEBUG  acoustic_comp:  wrote 668 frames of features
2016-11-14 20:01:15,626     INFO  acoustic_comp: processing file   47 of   60 : /home/ashish/Text2Speech/TTSDNNRepo/egs/slt_arctic/s1/experiments/slt_arctic_demo/acoustic_model/data/nn_mgc_lf0_vuv_bap_187/arctic_a0047.cmp
2016-11-14 20:01:16,548    DEBUG  acoustic_comp:  wrote 648 frames of features
2016-11-14 20:01:16,548     INFO  acoustic_comp: processing file   48 of   60 : /home/ashish/Text2Speech/TTSDNNRepo/egs/slt_arctic/s1/experiments/slt_arctic_demo/acoustic_model/data/nn_mgc_lf0_vuv_bap_187/arctic_a0048.cmp
2016-11-14 20:01:17,203    DEBUG  acoustic_comp:  wrote 514 frames of features
2016-11-14 20:01:17,204     INFO  acoustic_comp: processing file   49 of   60 : /home/ashish/Text2Speech/TTSDNNRepo/egs/slt_arctic/s1/experiments/slt_arctic_demo/acoustic_model/data/nn_mgc_lf0_vuv_bap_187/arctic_a0049.cmp
2016-11-14 20:01:17,864    DEBUG  acoustic_comp:  wrote 552 frames of features
2016-11-14 20:01:17,865     INFO  acoustic_comp: processing file   50 of   60 : /home/ashish/Text2Speech/TTSDNNRepo/egs/slt_arctic/s1/experiments/slt_arctic_demo/acoustic_model/data/nn_mgc_lf0_vuv_bap_187/arctic_a0050.cmp
2016-11-14 20:01:18,886    DEBUG  acoustic_comp:  wrote 744 frames of features
2016-11-14 20:01:18,886     INFO  acoustic_comp: processing file   51 of   60 : /home/ashish/Text2Speech/TTSDNNRepo/egs/slt_arctic/s1/experiments/slt_arctic_demo/acoustic_model/data/nn_mgc_lf0_vuv_bap_187/arctic_a0051.cmp
2016-11-14 20:01:20,024    DEBUG  acoustic_comp:  wrote 826 frames of features
2016-11-14 20:01:20,025     INFO  acoustic_comp: processing file   52 of   60 : /home/ashish/Text2Speech/TTSDNNRepo/egs/slt_arctic/s1/experiments/slt_arctic_demo/acoustic_model/data/nn_mgc_lf0_vuv_bap_187/arctic_a0052.cmp
2016-11-14 20:01:20,597    DEBUG  acoustic_comp:  wrote 412 frames of features
2016-11-14 20:01:20,598     INFO  acoustic_comp: processing file   53 of   60 : /home/ashish/Text2Speech/TTSDNNRepo/egs/slt_arctic/s1/experiments/slt_arctic_demo/acoustic_model/data/nn_mgc_lf0_vuv_bap_187/arctic_a0053.cmp
2016-11-14 20:01:21,388    DEBUG  acoustic_comp:  wrote 618 frames of features
2016-11-14 20:01:21,388     INFO  acoustic_comp: processing file   54 of   60 : /home/ashish/Text2Speech/TTSDNNRepo/egs/slt_arctic/s1/experiments/slt_arctic_demo/acoustic_model/data/nn_mgc_lf0_vuv_bap_187/arctic_a0054.cmp
2016-11-14 20:01:21,856    DEBUG  acoustic_comp:  wrote 328 frames of features
2016-11-14 20:01:21,857     INFO  acoustic_comp: processing file   55 of   60 : /home/ashish/Text2Speech/TTSDNNRepo/egs/slt_arctic/s1/experiments/slt_arctic_demo/acoustic_model/data/nn_mgc_lf0_vuv_bap_187/arctic_a0055.cmp
2016-11-14 20:01:22,900    DEBUG  acoustic_comp:  wrote 834 frames of features
2016-11-14 20:01:22,901     INFO  acoustic_comp: processing file   56 of   60 : /home/ashish/Text2Speech/TTSDNNRepo/egs/slt_arctic/s1/experiments/slt_arctic_demo/acoustic_model/data/nn_mgc_lf0_vuv_bap_187/arctic_a0056.cmp
2016-11-14 20:01:23,591    DEBUG  acoustic_comp:  wrote 578 frames of features
2016-11-14 20:01:23,591     INFO  acoustic_comp: processing file   57 of   60 : /home/ashish/Text2Speech/TTSDNNRepo/egs/slt_arctic/s1/experiments/slt_arctic_demo/acoustic_model/data/nn_mgc_lf0_vuv_bap_187/arctic_a0057.cmp
2016-11-14 20:01:24,262    DEBUG  acoustic_comp:  wrote 484 frames of features
2016-11-14 20:01:24,262     INFO  acoustic_comp: processing file   58 of   60 : /home/ashish/Text2Speech/TTSDNNRepo/egs/slt_arctic/s1/experiments/slt_arctic_demo/acoustic_model/data/nn_mgc_lf0_vuv_bap_187/arctic_a0058.cmp
2016-11-14 20:01:25,216    DEBUG  acoustic_comp:  wrote 708 frames of features
2016-11-14 20:01:25,217     INFO  acoustic_comp: processing file   59 of   60 : /home/ashish/Text2Speech/TTSDNNRepo/egs/slt_arctic/s1/experiments/slt_arctic_demo/acoustic_model/data/nn_mgc_lf0_vuv_bap_187/arctic_a0059.cmp
2016-11-14 20:01:25,950    DEBUG  acoustic_comp:  wrote 470 frames of features
2016-11-14 20:01:25,950     INFO  acoustic_comp: processing file   60 of   60 : /home/ashish/Text2Speech/TTSDNNRepo/egs/slt_arctic/s1/experiments/slt_arctic_demo/acoustic_model/data/nn_mgc_lf0_vuv_bap_187/arctic_a0060.cmp
2016-11-14 20:01:26,592    DEBUG  acoustic_comp:  wrote 468 frames of features
2016-11-14 20:01:26,906     INFO           main: normalising acoustic (output) features using method MVN
2016-11-14 20:01:27,824     INFO           main: saved MVN vectors to /home/ashish/Text2Speech/TTSDNNRepo/egs/slt_arctic/s1/experiments/slt_arctic_demo/acoustic_model/data/norm_info_mgc_lf0_vuv_bap_187_MVN.dat
2016-11-14 20:01:27,867     INFO           main: saved mgc variance vector to /home/ashish/Text2Speech/TTSDNNRepo/egs/slt_arctic/s1/experiments/slt_arctic_demo/acoustic_model/data/var/mgc_180
2016-11-14 20:01:27,867     INFO           main: saved vuv variance vector to /home/ashish/Text2Speech/TTSDNNRepo/egs/slt_arctic/s1/experiments/slt_arctic_demo/acoustic_model/data/var/vuv_1
2016-11-14 20:01:27,868     INFO           main: saved lf0 variance vector to /home/ashish/Text2Speech/TTSDNNRepo/egs/slt_arctic/s1/experiments/slt_arctic_demo/acoustic_model/data/var/lf0_3
2016-11-14 20:01:27,868     INFO           main: saved bap variance vector to /home/ashish/Text2Speech/TTSDNNRepo/egs/slt_arctic/s1/experiments/slt_arctic_demo/acoustic_model/data/var/bap_3
2016-11-14 20:01:27,909    DEBUG         labels: HTS-derived input feature dimension is 416 + 9 = 425
2016-11-14 20:01:27,910     INFO           main: label dimension is 425
2016-11-14 20:01:27,910     INFO           main: training DNN
2016-11-14 20:01:27,910    DEBUG main.train_DNN: Starting train_DNN
2016-11-14 20:01:27,911    DEBUG main.train_DNN: Creating training   data provider
2016-11-14 20:01:27,911    DEBUG main.train_DNN: Creating validation data provider
2016-11-14 20:01:28,207     INFO main.train_DNN: building the model
2016-11-14 20:01:29,326     INFO main.train_DNN: fine-tuning the DNN model
2016-11-14 20:03:01,725    DEBUG main.train_DNN: calculating validation loss
2016-11-14 20:03:04,759     INFO main.train_DNN: epoch 1, validation error 181.222183, train error 182.346802  time spent 95.43
2016-11-14 20:04:34,701    DEBUG main.train_DNN: calculating validation loss
2016-11-14 20:04:38,420     INFO main.train_DNN: epoch 2, validation error 178.898849, train error 176.184540  time spent 93.66
2016-11-14 20:06:09,013    DEBUG main.train_DNN: calculating validation loss
2016-11-14 20:06:12,444     INFO main.train_DNN: epoch 3, validation error 177.940338, train error 174.229141  time spent 94.02
2016-11-14 20:07:45,637    DEBUG main.train_DNN: calculating validation loss
2016-11-14 20:07:48,762     INFO main.train_DNN: epoch 4, validation error 177.438766, train error 173.173141  time spent 96.32
2016-11-14 20:09:17,657    DEBUG main.train_DNN: calculating validation loss
2016-11-14 20:09:20,909     INFO main.train_DNN: epoch 5, validation error 177.118423, train error 172.455231  time spent 92.15
2016-11-14 20:10:53,715    DEBUG main.train_DNN: calculating validation loss
2016-11-14 20:10:56,808     INFO main.train_DNN: epoch 6, validation error 176.886368, train error 171.904510  time spent 95.90
2016-11-14 20:12:30,155    DEBUG main.train_DNN: calculating validation loss
2016-11-14 20:12:33,221     INFO main.train_DNN: epoch 7, validation error 176.695206, train error 171.448761  time spent 93.63
2016-11-14 20:14:04,448    DEBUG main.train_DNN: calculating validation loss
2016-11-14 20:14:07,509     INFO main.train_DNN: epoch 8, validation error 176.507187, train error 171.044861  time spent 92.32
2016-11-14 20:15:39,739    DEBUG main.train_DNN: calculating validation loss
2016-11-14 20:15:42,818     INFO main.train_DNN: epoch 9, validation error 176.291580, train error 170.659286  time spent 93.16
2016-11-14 20:17:15,758    DEBUG main.train_DNN: calculating validation loss
2016-11-14 20:17:18,833     INFO main.train_DNN: epoch 10, validation error 176.033279, train error 170.264786  time spent 93.66
2016-11-14 20:18:50,007    DEBUG main.train_DNN: calculating validation loss
2016-11-14 20:18:53,070     INFO main.train_DNN: epoch 11, validation error 175.961914, train error 170.315994  time spent 91.90
2016-11-14 20:20:24,620    DEBUG main.train_DNN: calculating validation loss
2016-11-14 20:20:27,900     INFO main.train_DNN: epoch 12, validation error 175.159561, train error 168.870529  time spent 92.87
2016-11-14 20:21:57,902    DEBUG main.train_DNN: calculating validation loss
2016-11-14 20:22:01,042     INFO main.train_DNN: epoch 13, validation error 174.652985, train error 167.983124  time spent 91.16
2016-11-14 20:23:33,157    DEBUG main.train_DNN: calculating validation loss
2016-11-14 20:23:36,225     INFO main.train_DNN: epoch 14, validation error 174.518661, train error 167.511169  time spent 93.04
2016-11-14 20:25:14,155    DEBUG main.train_DNN: calculating validation loss
2016-11-14 20:25:18,112     INFO main.train_DNN: epoch 15, validation error 174.408234, train error 167.273178  time spent 99.66
2016-11-14 20:27:06,012    DEBUG main.train_DNN: calculating validation loss
2016-11-14 20:27:09,918     INFO main.train_DNN: epoch 16, validation error 174.365356, train error 167.151093  time spent 109.55
2016-11-14 20:28:51,095    DEBUG main.train_DNN: calculating validation loss
2016-11-14 20:28:54,161     INFO main.train_DNN: epoch 17, validation error 174.357254, train error 167.086380  time spent 101.89
2016-11-14 20:30:29,312    DEBUG main.train_DNN: calculating validation loss
2016-11-14 20:30:32,389     INFO main.train_DNN: epoch 18, validation error 174.352554, train error 167.051941  time spent 95.62
2016-11-14 20:32:04,217    DEBUG main.train_DNN: calculating validation loss
2016-11-14 20:32:07,555     INFO main.train_DNN: epoch 19, validation error 174.350937, train error 167.034058  time spent 93.21
2016-11-14 20:33:40,279    DEBUG main.train_DNN: calculating validation loss
2016-11-14 20:33:43,411     INFO main.train_DNN: epoch 20, validation error 174.349579, train error 167.025360  time spent 93.67
2016-11-14 20:35:15,119    DEBUG main.train_DNN: calculating validation loss
2016-11-14 20:35:18,186     INFO main.train_DNN: epoch 21, validation error 174.348816, train error 167.021042  time spent 92.62
2016-11-14 20:36:48,366    DEBUG main.train_DNN: calculating validation loss
2016-11-14 20:36:51,474     INFO main.train_DNN: epoch 22, validation error 174.348419, train error 167.018845  time spent 91.19
2016-11-14 20:38:22,754    DEBUG main.train_DNN: calculating validation loss
2016-11-14 20:38:25,963     INFO main.train_DNN: epoch 23, validation error 174.348236, train error 167.017822  time spent 92.48
2016-11-14 20:40:01,664    DEBUG main.train_DNN: calculating validation loss
2016-11-14 20:40:04,839     INFO main.train_DNN: epoch 24, validation error 174.348129, train error 167.017319  time spent 96.77
2016-11-14 20:41:36,613    DEBUG main.train_DNN: calculating validation loss
2016-11-14 20:41:39,991     INFO main.train_DNN: epoch 25, validation error 174.348083, train error 167.017029  time spent 93.17
2016-11-14 20:41:42,408     INFO main.train_DNN: overall  training time: 40.22m validation error 174.348083
2016-11-14 20:41:42,963     INFO           main: generating from DNN
2016-11-14 20:41:42,985    DEBUG dnn_generation: Starting dnn_generation
2016-11-14 20:41:44,210     INFO dnn_generation: generating    1 of   10: /home/ashish/Text2Speech/TTSDNNRepo/egs/slt_arctic/s1/experiments/slt_arctic_demo/acoustic_model/data/nn_no_silence_lab_norm_425/arctic_a0051.lab
2016-11-14 20:41:46,141    DEBUG dnn_generation: saved to /home/ashish/Text2Speech/TTSDNNRepo/egs/slt_arctic/s1/experiments/slt_arctic_demo/acoustic_model/gen/DNN_TANH_TANH_TANH_TANH_LINEAR__mgc_lf0_vuv_bap_1_50_425_187_4_512_512/arctic_a0051.cmp
2016-11-14 20:41:46,141     INFO dnn_generation: generating    2 of   10: /home/ashish/Text2Speech/TTSDNNRepo/egs/slt_arctic/s1/experiments/slt_arctic_demo/acoustic_model/data/nn_no_silence_lab_norm_425/arctic_a0052.lab
2016-11-14 20:41:46,734    DEBUG dnn_generation: saved to /home/ashish/Text2Speech/TTSDNNRepo/egs/slt_arctic/s1/experiments/slt_arctic_demo/acoustic_model/gen/DNN_TANH_TANH_TANH_TANH_LINEAR__mgc_lf0_vuv_bap_1_50_425_187_4_512_512/arctic_a0052.cmp
2016-11-14 20:41:46,734     INFO dnn_generation: generating    3 of   10: /home/ashish/Text2Speech/TTSDNNRepo/egs/slt_arctic/s1/experiments/slt_arctic_demo/acoustic_model/data/nn_no_silence_lab_norm_425/arctic_a0053.lab
2016-11-14 20:41:47,466    DEBUG dnn_generation: saved to /home/ashish/Text2Speech/TTSDNNRepo/egs/slt_arctic/s1/experiments/slt_arctic_demo/acoustic_model/gen/DNN_TANH_TANH_TANH_TANH_LINEAR__mgc_lf0_vuv_bap_1_50_425_187_4_512_512/arctic_a0053.cmp
2016-11-14 20:41:47,466     INFO dnn_generation: generating    4 of   10: /home/ashish/Text2Speech/TTSDNNRepo/egs/slt_arctic/s1/experiments/slt_arctic_demo/acoustic_model/data/nn_no_silence_lab_norm_425/arctic_a0054.lab
2016-11-14 20:41:48,593    DEBUG dnn_generation: saved to /home/ashish/Text2Speech/TTSDNNRepo/egs/slt_arctic/s1/experiments/slt_arctic_demo/acoustic_model/gen/DNN_TANH_TANH_TANH_TANH_LINEAR__mgc_lf0_vuv_bap_1_50_425_187_4_512_512/arctic_a0054.cmp
2016-11-14 20:41:48,593     INFO dnn_generation: generating    5 of   10: /home/ashish/Text2Speech/TTSDNNRepo/egs/slt_arctic/s1/experiments/slt_arctic_demo/acoustic_model/data/nn_no_silence_lab_norm_425/arctic_a0055.lab
2016-11-14 20:41:49,508    DEBUG dnn_generation: saved to /home/ashish/Text2Speech/TTSDNNRepo/egs/slt_arctic/s1/experiments/slt_arctic_demo/acoustic_model/gen/DNN_TANH_TANH_TANH_TANH_LINEAR__mgc_lf0_vuv_bap_1_50_425_187_4_512_512/arctic_a0055.cmp
2016-11-14 20:41:49,508     INFO dnn_generation: generating    6 of   10: /home/ashish/Text2Speech/TTSDNNRepo/egs/slt_arctic/s1/experiments/slt_arctic_demo/acoustic_model/data/nn_no_silence_lab_norm_425/arctic_a0056.lab
2016-11-14 20:41:50,261    DEBUG dnn_generation: saved to /home/ashish/Text2Speech/TTSDNNRepo/egs/slt_arctic/s1/experiments/slt_arctic_demo/acoustic_model/gen/DNN_TANH_TANH_TANH_TANH_LINEAR__mgc_lf0_vuv_bap_1_50_425_187_4_512_512/arctic_a0056.cmp
2016-11-14 20:41:50,262     INFO dnn_generation: generating    7 of   10: /home/ashish/Text2Speech/TTSDNNRepo/egs/slt_arctic/s1/experiments/slt_arctic_demo/acoustic_model/data/nn_no_silence_lab_norm_425/arctic_a0057.lab
2016-11-14 20:41:50,809    DEBUG dnn_generation: saved to /home/ashish/Text2Speech/TTSDNNRepo/egs/slt_arctic/s1/experiments/slt_arctic_demo/acoustic_model/gen/DNN_TANH_TANH_TANH_TANH_LINEAR__mgc_lf0_vuv_bap_1_50_425_187_4_512_512/arctic_a0057.cmp
2016-11-14 20:41:50,809     INFO dnn_generation: generating    8 of   10: /home/ashish/Text2Speech/TTSDNNRepo/egs/slt_arctic/s1/experiments/slt_arctic_demo/acoustic_model/data/nn_no_silence_lab_norm_425/arctic_a0058.lab
2016-11-14 20:41:51,721    DEBUG dnn_generation: saved to /home/ashish/Text2Speech/TTSDNNRepo/egs/slt_arctic/s1/experiments/slt_arctic_demo/acoustic_model/gen/DNN_TANH_TANH_TANH_TANH_LINEAR__mgc_lf0_vuv_bap_1_50_425_187_4_512_512/arctic_a0058.cmp
2016-11-14 20:41:51,721     INFO dnn_generation: generating    9 of   10: /home/ashish/Text2Speech/TTSDNNRepo/egs/slt_arctic/s1/experiments/slt_arctic_demo/acoustic_model/data/nn_no_silence_lab_norm_425/arctic_a0059.lab
2016-11-14 20:41:52,305    DEBUG dnn_generation: saved to /home/ashish/Text2Speech/TTSDNNRepo/egs/slt_arctic/s1/experiments/slt_arctic_demo/acoustic_model/gen/DNN_TANH_TANH_TANH_TANH_LINEAR__mgc_lf0_vuv_bap_1_50_425_187_4_512_512/arctic_a0059.cmp
2016-11-14 20:41:52,305     INFO dnn_generation: generating   10 of   10: /home/ashish/Text2Speech/TTSDNNRepo/egs/slt_arctic/s1/experiments/slt_arctic_demo/acoustic_model/data/nn_no_silence_lab_norm_425/arctic_a0060.lab
2016-11-14 20:41:52,907    DEBUG dnn_generation: saved to /home/ashish/Text2Speech/TTSDNNRepo/egs/slt_arctic/s1/experiments/slt_arctic_demo/acoustic_model/gen/DNN_TANH_TANH_TANH_TANH_LINEAR__mgc_lf0_vuv_bap_1_50_425_187_4_512_512/arctic_a0060.cmp
2016-11-14 20:41:52,907    DEBUG           main: denormalising generated output using method MVN
2016-11-14 20:41:53,010    DEBUGparam_generation: acoustic_decomposition for 10 files
2016-11-14 20:41:53,051     INFOparam_generation: processing    1 of   10: /home/ashish/Text2Speech/TTSDNNRepo/egs/slt_arctic/s1/experiments/slt_arctic_demo/acoustic_model/gen/DNN_TANH_TANH_TANH_TANH_LINEAR__mgc_lf0_vuv_bap_1_50_425_187_4_512_512/arctic_a0051.cmp
2016-11-14 20:41:53,051    DEBUGparam_generation:  feature: mgc
2016-11-14 20:41:53,077    DEBUGparam_generation: starting MLParameterGeneration.generation
2016-11-14 20:41:53,170    DEBUGparam_generation:  feature dimensions: 763 by 60
2016-11-14 20:41:53,171    DEBUGparam_generation:  wrote to file /home/ashish/Text2Speech/TTSDNNRepo/egs/slt_arctic/s1/experiments/slt_arctic_demo/acoustic_model/gen/DNN_TANH_TANH_TANH_TANH_LINEAR__mgc_lf0_vuv_bap_1_50_425_187_4_512_512/arctic_a0051.mgc
2016-11-14 20:41:53,171    DEBUGparam_generation:  feature: lf0
2016-11-14 20:41:53,172    DEBUGparam_generation: starting MLParameterGeneration.generation
2016-11-14 20:41:53,172    DEBUGparam_generation:  feature dimensions: 763 by 1
2016-11-14 20:41:53,196    DEBUGparam_generation:  wrote to file /home/ashish/Text2Speech/TTSDNNRepo/egs/slt_arctic/s1/experiments/slt_arctic_demo/acoustic_model/gen/DNN_TANH_TANH_TANH_TANH_LINEAR__mgc_lf0_vuv_bap_1_50_425_187_4_512_512/arctic_a0051.lf0
2016-11-14 20:41:53,196    DEBUGparam_generation:  feature: bap
2016-11-14 20:41:53,197    DEBUGparam_generation: starting MLParameterGeneration.generation
2016-11-14 20:41:53,197    DEBUGparam_generation:  feature dimensions: 763 by 1
2016-11-14 20:41:53,198    DEBUGparam_generation:  wrote to file /home/ashish/Text2Speech/TTSDNNRepo/egs/slt_arctic/s1/experiments/slt_arctic_demo/acoustic_model/gen/DNN_TANH_TANH_TANH_TANH_LINEAR__mgc_lf0_vuv_bap_1_50_425_187_4_512_512/arctic_a0051.bap
2016-11-14 20:41:53,198     INFOparam_generation: processing    2 of   10: /home/ashish/Text2Speech/TTSDNNRepo/egs/slt_arctic/s1/experiments/slt_arctic_demo/acoustic_model/gen/DNN_TANH_TANH_TANH_TANH_LINEAR__mgc_lf0_vuv_bap_1_50_425_187_4_512_512/arctic_a0052.cmp
2016-11-14 20:41:53,198    DEBUGparam_generation:  feature: mgc
2016-11-14 20:41:53,199    DEBUGparam_generation: starting MLParameterGeneration.generation
2016-11-14 20:41:53,217    DEBUGparam_generation:  feature dimensions: 363 by 60
2016-11-14 20:41:53,218    DEBUGparam_generation:  wrote to file /home/ashish/Text2Speech/TTSDNNRepo/egs/slt_arctic/s1/experiments/slt_arctic_demo/acoustic_model/gen/DNN_TANH_TANH_TANH_TANH_LINEAR__mgc_lf0_vuv_bap_1_50_425_187_4_512_512/arctic_a0052.mgc
2016-11-14 20:41:53,218    DEBUGparam_generation:  feature: lf0
2016-11-14 20:41:53,218    DEBUGparam_generation: starting MLParameterGeneration.generation
2016-11-14 20:41:53,219    DEBUGparam_generation:  feature dimensions: 363 by 1
2016-11-14 20:41:53,222    DEBUGparam_generation:  wrote to file /home/ashish/Text2Speech/TTSDNNRepo/egs/slt_arctic/s1/experiments/slt_arctic_demo/acoustic_model/gen/DNN_TANH_TANH_TANH_TANH_LINEAR__mgc_lf0_vuv_bap_1_50_425_187_4_512_512/arctic_a0052.lf0
2016-11-14 20:41:53,222    DEBUGparam_generation:  feature: bap
2016-11-14 20:41:53,222    DEBUGparam_generation: starting MLParameterGeneration.generation
2016-11-14 20:41:53,223    DEBUGparam_generation:  feature dimensions: 363 by 1
2016-11-14 20:41:53,223    DEBUGparam_generation:  wrote to file /home/ashish/Text2Speech/TTSDNNRepo/egs/slt_arctic/s1/experiments/slt_arctic_demo/acoustic_model/gen/DNN_TANH_TANH_TANH_TANH_LINEAR__mgc_lf0_vuv_bap_1_50_425_187_4_512_512/arctic_a0052.bap
2016-11-14 20:41:53,224     INFOparam_generation: processing    3 of   10: /home/ashish/Text2Speech/TTSDNNRepo/egs/slt_arctic/s1/experiments/slt_arctic_demo/acoustic_model/gen/DNN_TANH_TANH_TANH_TANH_LINEAR__mgc_lf0_vuv_bap_1_50_425_187_4_512_512/arctic_a0053.cmp
2016-11-14 20:41:53,224    DEBUGparam_generation:  feature: mgc
2016-11-14 20:41:53,225    DEBUGparam_generation: starting MLParameterGeneration.generation
2016-11-14 20:41:53,244    DEBUGparam_generation:  feature dimensions: 592 by 60
2016-11-14 20:41:53,245    DEBUGparam_generation:  wrote to file /home/ashish/Text2Speech/TTSDNNRepo/egs/slt_arctic/s1/experiments/slt_arctic_demo/acoustic_model/gen/DNN_TANH_TANH_TANH_TANH_LINEAR__mgc_lf0_vuv_bap_1_50_425_187_4_512_512/arctic_a0053.mgc
2016-11-14 20:41:53,245    DEBUGparam_generation:  feature: lf0
2016-11-14 20:41:53,245    DEBUGparam_generation: starting MLParameterGeneration.generation
2016-11-14 20:41:53,246    DEBUGparam_generation:  feature dimensions: 592 by 1
2016-11-14 20:41:53,250    DEBUGparam_generation:  wrote to file /home/ashish/Text2Speech/TTSDNNRepo/egs/slt_arctic/s1/experiments/slt_arctic_demo/acoustic_model/gen/DNN_TANH_TANH_TANH_TANH_LINEAR__mgc_lf0_vuv_bap_1_50_425_187_4_512_512/arctic_a0053.lf0
2016-11-14 20:41:53,250    DEBUGparam_generation:  feature: bap
2016-11-14 20:41:53,251    DEBUGparam_generation: starting MLParameterGeneration.generation
2016-11-14 20:41:53,251    DEBUGparam_generation:  feature dimensions: 592 by 1
2016-11-14 20:41:53,251    DEBUGparam_generation:  wrote to file /home/ashish/Text2Speech/TTSDNNRepo/egs/slt_arctic/s1/experiments/slt_arctic_demo/acoustic_model/gen/DNN_TANH_TANH_TANH_TANH_LINEAR__mgc_lf0_vuv_bap_1_50_425_187_4_512_512/arctic_a0053.bap
2016-11-14 20:41:53,252     INFOparam_generation: processing    4 of   10: /home/ashish/Text2Speech/TTSDNNRepo/egs/slt_arctic/s1/experiments/slt_arctic_demo/acoustic_model/gen/DNN_TANH_TANH_TANH_TANH_LINEAR__mgc_lf0_vuv_bap_1_50_425_187_4_512_512/arctic_a0054.cmp
2016-11-14 20:41:53,252    DEBUGparam_generation:  feature: mgc
2016-11-14 20:41:53,252    DEBUGparam_generation: starting MLParameterGeneration.generation
2016-11-14 20:41:53,267    DEBUGparam_generation:  feature dimensions: 282 by 60
2016-11-14 20:41:53,267    DEBUGparam_generation:  wrote to file /home/ashish/Text2Speech/TTSDNNRepo/egs/slt_arctic/s1/experiments/slt_arctic_demo/acoustic_model/gen/DNN_TANH_TANH_TANH_TANH_LINEAR__mgc_lf0_vuv_bap_1_50_425_187_4_512_512/arctic_a0054.mgc
2016-11-14 20:41:53,267    DEBUGparam_generation:  feature: lf0
2016-11-14 20:41:53,268    DEBUGparam_generation: starting MLParameterGeneration.generation
2016-11-14 20:41:53,268    DEBUGparam_generation:  feature dimensions: 282 by 1
2016-11-14 20:41:53,270    DEBUGparam_generation:  wrote to file /home/ashish/Text2Speech/TTSDNNRepo/egs/slt_arctic/s1/experiments/slt_arctic_demo/acoustic_model/gen/DNN_TANH_TANH_TANH_TANH_LINEAR__mgc_lf0_vuv_bap_1_50_425_187_4_512_512/arctic_a0054.lf0
2016-11-14 20:41:53,270    DEBUGparam_generation:  feature: bap
2016-11-14 20:41:53,270    DEBUGparam_generation: starting MLParameterGeneration.generation
2016-11-14 20:41:53,271    DEBUGparam_generation:  feature dimensions: 282 by 1
2016-11-14 20:41:53,271    DEBUGparam_generation:  wrote to file /home/ashish/Text2Speech/TTSDNNRepo/egs/slt_arctic/s1/experiments/slt_arctic_demo/acoustic_model/gen/DNN_TANH_TANH_TANH_TANH_LINEAR__mgc_lf0_vuv_bap_1_50_425_187_4_512_512/arctic_a0054.bap
2016-11-14 20:41:53,272     INFOparam_generation: processing    5 of   10: /home/ashish/Text2Speech/TTSDNNRepo/egs/slt_arctic/s1/experiments/slt_arctic_demo/acoustic_model/gen/DNN_TANH_TANH_TANH_TANH_LINEAR__mgc_lf0_vuv_bap_1_50_425_187_4_512_512/arctic_a0055.cmp
2016-11-14 20:41:53,272    DEBUGparam_generation:  feature: mgc
2016-11-14 20:41:53,273    DEBUGparam_generation: starting MLParameterGeneration.generation
2016-11-14 20:41:53,292    DEBUGparam_generation:  feature dimensions: 780 by 60
2016-11-14 20:41:53,293    DEBUGparam_generation:  wrote to file /home/ashish/Text2Speech/TTSDNNRepo/egs/slt_arctic/s1/experiments/slt_arctic_demo/acoustic_model/gen/DNN_TANH_TANH_TANH_TANH_LINEAR__mgc_lf0_vuv_bap_1_50_425_187_4_512_512/arctic_a0055.mgc
2016-11-14 20:41:53,293    DEBUGparam_generation:  feature: lf0
2016-11-14 20:41:53,293    DEBUGparam_generation: starting MLParameterGeneration.generation
2016-11-14 20:41:53,293    DEBUGparam_generation:  feature dimensions: 780 by 1
2016-11-14 20:41:53,298    DEBUGparam_generation:  wrote to file /home/ashish/Text2Speech/TTSDNNRepo/egs/slt_arctic/s1/experiments/slt_arctic_demo/acoustic_model/gen/DNN_TANH_TANH_TANH_TANH_LINEAR__mgc_lf0_vuv_bap_1_50_425_187_4_512_512/arctic_a0055.lf0
2016-11-14 20:41:53,298    DEBUGparam_generation:  feature: bap
2016-11-14 20:41:53,298    DEBUGparam_generation: starting MLParameterGeneration.generation
2016-11-14 20:41:53,299    DEBUGparam_generation:  feature dimensions: 780 by 1
2016-11-14 20:41:53,299    DEBUGparam_generation:  wrote to file /home/ashish/Text2Speech/TTSDNNRepo/egs/slt_arctic/s1/experiments/slt_arctic_demo/acoustic_model/gen/DNN_TANH_TANH_TANH_TANH_LINEAR__mgc_lf0_vuv_bap_1_50_425_187_4_512_512/arctic_a0055.bap
2016-11-14 20:41:53,300     INFOparam_generation: processing    6 of   10: /home/ashish/Text2Speech/TTSDNNRepo/egs/slt_arctic/s1/experiments/slt_arctic_demo/acoustic_model/gen/DNN_TANH_TANH_TANH_TANH_LINEAR__mgc_lf0_vuv_bap_1_50_425_187_4_512_512/arctic_a0056.cmp
2016-11-14 20:41:53,300    DEBUGparam_generation:  feature: mgc
2016-11-14 20:41:53,301    DEBUGparam_generation: starting MLParameterGeneration.generation
2016-11-14 20:41:53,314    DEBUGparam_generation:  feature dimensions: 514 by 60
2016-11-14 20:41:53,314    DEBUGparam_generation:  wrote to file /home/ashish/Text2Speech/TTSDNNRepo/egs/slt_arctic/s1/experiments/slt_arctic_demo/acoustic_model/gen/DNN_TANH_TANH_TANH_TANH_LINEAR__mgc_lf0_vuv_bap_1_50_425_187_4_512_512/arctic_a0056.mgc
2016-11-14 20:41:53,314    DEBUGparam_generation:  feature: lf0
2016-11-14 20:41:53,315    DEBUGparam_generation: starting MLParameterGeneration.generation
2016-11-14 20:41:53,315    DEBUGparam_generation:  feature dimensions: 514 by 1
2016-11-14 20:41:53,319    DEBUGparam_generation:  wrote to file /home/ashish/Text2Speech/TTSDNNRepo/egs/slt_arctic/s1/experiments/slt_arctic_demo/acoustic_model/gen/DNN_TANH_TANH_TANH_TANH_LINEAR__mgc_lf0_vuv_bap_1_50_425_187_4_512_512/arctic_a0056.lf0
2016-11-14 20:41:53,319    DEBUGparam_generation:  feature: bap
2016-11-14 20:41:53,320    DEBUGparam_generation: starting MLParameterGeneration.generation
2016-11-14 20:41:53,320    DEBUGparam_generation:  feature dimensions: 514 by 1
2016-11-14 20:41:53,320    DEBUGparam_generation:  wrote to file /home/ashish/Text2Speech/TTSDNNRepo/egs/slt_arctic/s1/experiments/slt_arctic_demo/acoustic_model/gen/DNN_TANH_TANH_TANH_TANH_LINEAR__mgc_lf0_vuv_bap_1_50_425_187_4_512_512/arctic_a0056.bap
2016-11-14 20:41:53,321     INFOparam_generation: processing    7 of   10: /home/ashish/Text2Speech/TTSDNNRepo/egs/slt_arctic/s1/experiments/slt_arctic_demo/acoustic_model/gen/DNN_TANH_TANH_TANH_TANH_LINEAR__mgc_lf0_vuv_bap_1_50_425_187_4_512_512/arctic_a0057.cmp
2016-11-14 20:41:53,321    DEBUGparam_generation:  feature: mgc
2016-11-14 20:41:53,321    DEBUGparam_generation: starting MLParameterGeneration.generation
2016-11-14 20:41:53,334    DEBUGparam_generation:  feature dimensions: 358 by 60
2016-11-14 20:41:53,334    DEBUGparam_generation:  wrote to file /home/ashish/Text2Speech/TTSDNNRepo/egs/slt_arctic/s1/experiments/slt_arctic_demo/acoustic_model/gen/DNN_TANH_TANH_TANH_TANH_LINEAR__mgc_lf0_vuv_bap_1_50_425_187_4_512_512/arctic_a0057.mgc
2016-11-14 20:41:53,334    DEBUGparam_generation:  feature: lf0
2016-11-14 20:41:53,334    DEBUGparam_generation: starting MLParameterGeneration.generation
2016-11-14 20:41:53,335    DEBUGparam_generation:  feature dimensions: 358 by 1
2016-11-14 20:41:53,337    DEBUGparam_generation:  wrote to file /home/ashish/Text2Speech/TTSDNNRepo/egs/slt_arctic/s1/experiments/slt_arctic_demo/acoustic_model/gen/DNN_TANH_TANH_TANH_TANH_LINEAR__mgc_lf0_vuv_bap_1_50_425_187_4_512_512/arctic_a0057.lf0
2016-11-14 20:41:53,337    DEBUGparam_generation:  feature: bap
2016-11-14 20:41:53,337    DEBUGparam_generation: starting MLParameterGeneration.generation
2016-11-14 20:41:53,337    DEBUGparam_generation:  feature dimensions: 358 by 1
2016-11-14 20:41:53,338    DEBUGparam_generation:  wrote to file /home/ashish/Text2Speech/TTSDNNRepo/egs/slt_arctic/s1/experiments/slt_arctic_demo/acoustic_model/gen/DNN_TANH_TANH_TANH_TANH_LINEAR__mgc_lf0_vuv_bap_1_50_425_187_4_512_512/arctic_a0057.bap
2016-11-14 20:41:53,338     INFOparam_generation: processing    8 of   10: /home/ashish/Text2Speech/TTSDNNRepo/egs/slt_arctic/s1/experiments/slt_arctic_demo/acoustic_model/gen/DNN_TANH_TANH_TANH_TANH_LINEAR__mgc_lf0_vuv_bap_1_50_425_187_4_512_512/arctic_a0058.cmp
2016-11-14 20:41:53,338    DEBUGparam_generation:  feature: mgc
2016-11-14 20:41:53,339    DEBUGparam_generation: starting MLParameterGeneration.generation
2016-11-14 20:41:53,353    DEBUGparam_generation:  feature dimensions: 658 by 60
2016-11-14 20:41:53,354    DEBUGparam_generation:  wrote to file /home/ashish/Text2Speech/TTSDNNRepo/egs/slt_arctic/s1/experiments/slt_arctic_demo/acoustic_model/gen/DNN_TANH_TANH_TANH_TANH_LINEAR__mgc_lf0_vuv_bap_1_50_425_187_4_512_512/arctic_a0058.mgc
2016-11-14 20:41:53,354    DEBUGparam_generation:  feature: lf0
2016-11-14 20:41:53,354    DEBUGparam_generation: starting MLParameterGeneration.generation
2016-11-14 20:41:53,355    DEBUGparam_generation:  feature dimensions: 658 by 1
2016-11-14 20:41:53,358    DEBUGparam_generation:  wrote to file /home/ashish/Text2Speech/TTSDNNRepo/egs/slt_arctic/s1/experiments/slt_arctic_demo/acoustic_model/gen/DNN_TANH_TANH_TANH_TANH_LINEAR__mgc_lf0_vuv_bap_1_50_425_187_4_512_512/arctic_a0058.lf0
2016-11-14 20:41:53,358    DEBUGparam_generation:  feature: bap
2016-11-14 20:41:53,359    DEBUGparam_generation: starting MLParameterGeneration.generation
2016-11-14 20:41:53,359    DEBUGparam_generation:  feature dimensions: 658 by 1
2016-11-14 20:41:53,359    DEBUGparam_generation:  wrote to file /home/ashish/Text2Speech/TTSDNNRepo/egs/slt_arctic/s1/experiments/slt_arctic_demo/acoustic_model/gen/DNN_TANH_TANH_TANH_TANH_LINEAR__mgc_lf0_vuv_bap_1_50_425_187_4_512_512/arctic_a0058.bap
2016-11-14 20:41:53,360     INFOparam_generation: processing    9 of   10: /home/ashish/Text2Speech/TTSDNNRepo/egs/slt_arctic/s1/experiments/slt_arctic_demo/acoustic_model/gen/DNN_TANH_TANH_TANH_TANH_LINEAR__mgc_lf0_vuv_bap_1_50_425_187_4_512_512/arctic_a0059.cmp
2016-11-14 20:41:53,360    DEBUGparam_generation:  feature: mgc
2016-11-14 20:41:53,360    DEBUGparam_generation: starting MLParameterGeneration.generation
2016-11-14 20:41:53,372    DEBUGparam_generation:  feature dimensions: 394 by 60
2016-11-14 20:41:53,373    DEBUGparam_generation:  wrote to file /home/ashish/Text2Speech/TTSDNNRepo/egs/slt_arctic/s1/experiments/slt_arctic_demo/acoustic_model/gen/DNN_TANH_TANH_TANH_TANH_LINEAR__mgc_lf0_vuv_bap_1_50_425_187_4_512_512/arctic_a0059.mgc
2016-11-14 20:41:53,373    DEBUGparam_generation:  feature: lf0
2016-11-14 20:41:53,373    DEBUGparam_generation: starting MLParameterGeneration.generation
2016-11-14 20:41:53,373    DEBUGparam_generation:  feature dimensions: 394 by 1
2016-11-14 20:41:53,376    DEBUGparam_generation:  wrote to file /home/ashish/Text2Speech/TTSDNNRepo/egs/slt_arctic/s1/experiments/slt_arctic_demo/acoustic_model/gen/DNN_TANH_TANH_TANH_TANH_LINEAR__mgc_lf0_vuv_bap_1_50_425_187_4_512_512/arctic_a0059.lf0
2016-11-14 20:41:53,376    DEBUGparam_generation:  feature: bap
2016-11-14 20:41:53,376    DEBUGparam_generation: starting MLParameterGeneration.generation
2016-11-14 20:41:53,377    DEBUGparam_generation:  feature dimensions: 394 by 1
2016-11-14 20:41:53,377    DEBUGparam_generation:  wrote to file /home/ashish/Text2Speech/TTSDNNRepo/egs/slt_arctic/s1/experiments/slt_arctic_demo/acoustic_model/gen/DNN_TANH_TANH_TANH_TANH_LINEAR__mgc_lf0_vuv_bap_1_50_425_187_4_512_512/arctic_a0059.bap
2016-11-14 20:41:53,377     INFOparam_generation: processing   10 of   10: /home/ashish/Text2Speech/TTSDNNRepo/egs/slt_arctic/s1/experiments/slt_arctic_demo/acoustic_model/gen/DNN_TANH_TANH_TANH_TANH_LINEAR__mgc_lf0_vuv_bap_1_50_425_187_4_512_512/arctic_a0060.cmp
2016-11-14 20:41:53,377    DEBUGparam_generation:  feature: mgc
2016-11-14 20:41:53,378    DEBUGparam_generation: starting MLParameterGeneration.generation
2016-11-14 20:41:53,391    DEBUGparam_generation:  feature dimensions: 400 by 60
2016-11-14 20:41:53,391    DEBUGparam_generation:  wrote to file /home/ashish/Text2Speech/TTSDNNRepo/egs/slt_arctic/s1/experiments/slt_arctic_demo/acoustic_model/gen/DNN_TANH_TANH_TANH_TANH_LINEAR__mgc_lf0_vuv_bap_1_50_425_187_4_512_512/arctic_a0060.mgc
2016-11-14 20:41:53,391    DEBUGparam_generation:  feature: lf0
2016-11-14 20:41:53,392    DEBUGparam_generation: starting MLParameterGeneration.generation
2016-11-14 20:41:53,392    DEBUGparam_generation:  feature dimensions: 400 by 1
2016-11-14 20:41:53,394    DEBUGparam_generation:  wrote to file /home/ashish/Text2Speech/TTSDNNRepo/egs/slt_arctic/s1/experiments/slt_arctic_demo/acoustic_model/gen/DNN_TANH_TANH_TANH_TANH_LINEAR__mgc_lf0_vuv_bap_1_50_425_187_4_512_512/arctic_a0060.lf0
2016-11-14 20:41:53,394    DEBUGparam_generation:  feature: bap
2016-11-14 20:41:53,395    DEBUGparam_generation: starting MLParameterGeneration.generation
2016-11-14 20:41:53,395    DEBUGparam_generation:  feature dimensions: 400 by 1
2016-11-14 20:41:53,395    DEBUGparam_generation:  wrote to file /home/ashish/Text2Speech/TTSDNNRepo/egs/slt_arctic/s1/experiments/slt_arctic_demo/acoustic_model/gen/DNN_TANH_TANH_TANH_TANH_LINEAR__mgc_lf0_vuv_bap_1_50_425_187_4_512_512/arctic_a0060.bap
2016-11-14 20:41:53,395     INFO           main: reconstructing waveform(s)
2016-11-14 20:41:53,396     INFO wav_generation: creating waveform for    1 of   10: arctic_a0051
2016-11-14 20:41:55,561     INFO wav_generation: creating waveform for    2 of   10: arctic_a0052
2016-11-14 20:41:56,454     INFO wav_generation: creating waveform for    3 of   10: arctic_a0053
2016-11-14 20:41:57,843     INFO wav_generation: creating waveform for    4 of   10: arctic_a0054
2016-11-14 20:41:58,573     INFO wav_generation: creating waveform for    5 of   10: arctic_a0055
2016-11-14 20:42:00,389     INFO wav_generation: creating waveform for    6 of   10: arctic_a0056
2016-11-14 20:42:01,579     INFO wav_generation: creating waveform for    7 of   10: arctic_a0057
2016-11-14 20:42:02,473     INFO wav_generation: creating waveform for    8 of   10: arctic_a0058
2016-11-14 20:42:03,945     INFO wav_generation: creating waveform for    9 of   10: arctic_a0059
2016-11-14 20:42:04,885     INFO wav_generation: creating waveform for   10 of   10: arctic_a0060
2016-11-14 20:42:05,890     INFO           main: calculating MCD
2016-11-14 20:42:06,364     INFO           main: Develop: DNN -- MCD: 6.559 dB; BAP: 0.242 dB; F0:- RMSE: 19.573 Hz; CORR: 0.529; VUV: 11.655%
2016-11-14 20:42:06,365     INFO           main: Test   : DNN -- MCD: 6.586 dB; BAP: 0.259 dB; F0:- RMSE: 15.309 Hz; CORR: 0.701; VUV: 8.821%
