2016-11-14 20:42:15,914     INFO  configuration: logging is now fully configured
2016-11-14 20:42:15,915    DEBUG  configuration: setting up output features
2016-11-14 20:42:15,915    DEBUG  configuration:  dur
2016-11-14 20:42:15,915     INFO  configuration:   in_dimension: 5
2016-11-14 20:42:15,915     INFO  configuration:   out_dimension : 5
2016-11-14 20:42:15,915     INFO  configuration:   in_directory : /home/ashish/Text2Speech/TTSDNNRepo/egs/slt_arctic/s1/experiments/slt_arctic_demo/duration_model/data/dur
2016-11-14 20:42:15,915     INFO  configuration: multistream dimensions: [5]
2016-11-14 20:42:15,915     INFO  configuration: use_rprop : 0
2016-11-14 20:42:15,915     INFO  configuration: dropout_rate : 0.0
2016-11-14 20:42:15,916     INFO  configuration: projection_outsize : 10
2016-11-14 20:42:15,916     INFO  configuration: early_stop_epochs : 5
2016-11-14 20:42:15,916     INFO  configuration: warmup_epoch : 10
2016-11-14 20:42:15,916     INFO  configuration: learning_rate : 0.002
2016-11-14 20:42:15,916     INFO  configuration: layers_with_projection_input : [0]
2016-11-14 20:42:15,916     INFO  configuration: batch_size : 64
2016-11-14 20:42:15,916     INFO  configuration: model_type : DNN
2016-11-14 20:42:15,916     INFO  configuration: hidden_layer_size : [512, 512, 512, 512]
2016-11-14 20:42:15,917     INFO  configuration: projection_learning_rate_scaling : 1.0
2016-11-14 20:42:15,917     INFO  configuration: pretraining_epochs : 10
2016-11-14 20:42:15,917     INFO  configuration: initial_projection_distrib : gaussian
2016-11-14 20:42:15,917     INFO  configuration: index_to_project : 0
2016-11-14 20:42:15,917     INFO  configuration: l2_reg : 1e-05
2016-11-14 20:42:15,917     INFO  configuration: warmup_momentum : 0.3
2016-11-14 20:42:15,917     INFO  configuration: training_epochs : 25
2016-11-14 20:42:15,917     INFO  configuration: hidden_activation : tanh
2016-11-14 20:42:15,917     INFO  configuration: hidden_layer_type : ['TANH', 'TANH', 'TANH', 'TANH']
2016-11-14 20:42:15,918     INFO  configuration: sequential_training : False
2016-11-14 20:42:15,918     INFO  configuration: do_pretraining : False
2016-11-14 20:42:15,918     INFO  configuration: projection_insize : 10000
2016-11-14 20:42:15,918     INFO  configuration: l1_reg : 0.0
2016-11-14 20:42:15,918     INFO  configuration: output_activation : linear
2016-11-14 20:42:15,918     INFO  configuration: pretraining_lr : 0.0001
2016-11-14 20:42:15,918     INFO  configuration: momentum : 0.9
2016-11-14 20:42:15,918    DEBUG  configuration: configuration completed
2016-11-14 20:42:15,918     INFO           main: Installation information:
2016-11-14 20:42:15,919     INFO           main:   Merlin directory: /home/ashish/Text2Speech/TTSDNNRepo
2016-11-14 20:42:15,919     INFO           main:   PATH:
2016-11-14 20:42:15,919     INFO           main:       /home/ashish/.rbenv/plugins/ruby-build/bin
2016-11-14 20:42:15,919     INFO           main:       /home/ashish/.rbenv/shims
2016-11-14 20:42:15,919     INFO           main:       /home/ashish/.rbenv/bin
2016-11-14 20:42:15,919     INFO           main:       /usr/local/sbin
2016-11-14 20:42:15,919     INFO           main:       /usr/local/bin
2016-11-14 20:42:15,919     INFO           main:       /usr/sbin
2016-11-14 20:42:15,919     INFO           main:       /usr/bin
2016-11-14 20:42:15,920     INFO           main:       /sbin
2016-11-14 20:42:15,920     INFO           main:       /bin
2016-11-14 20:42:15,920     INFO           main:       /usr/games
2016-11-14 20:42:15,920     INFO           main:       /usr/local/games
2016-11-14 20:42:15,920     INFO           main:       /opt/android-sdk/tools
2016-11-14 20:42:15,920     INFO           main:       /opt/android-sdk/platform-tools
2016-11-14 20:42:15,920     INFO           main:       /opt/node/bin
2016-11-14 20:42:15,920     INFO           main:       /opt/gradle/bin
2016-11-14 20:42:15,920     INFO           main:   LD_LIBRARY_PATH:
2016-11-14 20:42:15,920     INFO           main:   Python version: 2.7.6 (default, Jun 22 2015, 17:58:13) [GCC 4.8.2]
2016-11-14 20:42:15,921     INFO           main:     PYTHONPATH:
2016-11-14 20:42:15,921     INFO           main:   Numpy version: 1.8.2
2016-11-14 20:42:15,921     INFO           main:   Theano version: 0.8.1
2016-11-14 20:42:15,921     INFO           main:     THEANO_FLAGS: cuda.root=/opt/6.5.19,floatX=float32,on_unused_input=ignore
2016-11-14 20:42:15,921     INFO           main:     device: cpu
2016-11-14 20:42:16,312     INFO           main:   Git is available in the working directory:
2016-11-14 20:42:16,333     INFO           main:     Merlin version: 75d833a
2016-11-14 20:42:16,341     INFO           main:     branch: master
2016-11-14 20:42:16,349     INFO           main:     diff to Merlin version:
2016-11-14 20:42:16,349     INFO           main:       M test/test_install.sh
2016-11-14 20:42:16,350     INFO           main:       (all diffs logged in DNN_TANH_TANH_TANH_TANH_LINEAR__dur_50_259_4_512_0.002000_08_42PM_November_14_2016.log.gitdiff)
2016-11-14 20:42:16,363     INFO           main: Execution information:
2016-11-14 20:42:16,388     INFO           main:   HOSTNAME: ashish-HP
2016-11-14 20:42:16,388     INFO           main:   USER: ashish
2016-11-14 20:42:16,389     INFO           main:   PID: 29710
2016-11-14 20:42:16,395    DEBUG           main: Loaded file id list from /home/ashish/Text2Speech/TTSDNNRepo/egs/slt_arctic/s1/experiments/slt_arctic_demo/duration_model/data/file_id_list_demo.scp
2016-11-14 20:42:16,430    DEBUG         labels: HTS-derived input feature dimension is 416 + 0 = 416
2016-11-14 20:42:16,431     INFO           main: Input label dimension is 416
2016-11-14 20:42:16,442    DEBUG           main: Loaded file id list from /home/ashish/Text2Speech/TTSDNNRepo/egs/slt_arctic/s1/experiments/slt_arctic_demo/test_synthesis/test_id_list.scp
2016-11-14 20:42:16,442     INFO           main: preparing label data (input) using standard HTS style labels
2016-11-14 20:42:16,452     INFO         labels: loaded /home/ashish/Text2Speech/TTSDNNRepo/egs/slt_arctic/s1/experiments/slt_arctic_demo/test_synthesis/prompt-lab/arctic_a0001.lab, 185 labels
2016-11-14 20:42:16,494    DEBUG         labels: made label matrix of 37 frames x 416 labels
2016-11-14 20:42:16,514     INFO         labels: loaded /home/ashish/Text2Speech/TTSDNNRepo/egs/slt_arctic/s1/experiments/slt_arctic_demo/test_synthesis/prompt-lab/arctic_a0002.lab, 210 labels
2016-11-14 20:42:16,559    DEBUG         labels: made label matrix of 42 frames x 416 labels
2016-11-14 20:42:16,560     INFO         labels: loaded /home/ashish/Text2Speech/TTSDNNRepo/egs/slt_arctic/s1/experiments/slt_arctic_demo/test_synthesis/prompt-lab/arctic_a0003.lab, 205 labels
2016-11-14 20:42:16,602    DEBUG         labels: made label matrix of 41 frames x 416 labels
2016-11-14 20:42:16,604     INFO         labels: loaded /home/ashish/Text2Speech/TTSDNNRepo/egs/slt_arctic/s1/experiments/slt_arctic_demo/test_synthesis/prompt-lab/arctic_a0004.lab, 140 labels
2016-11-14 20:42:16,632    DEBUG         labels: made label matrix of 28 frames x 416 labels
2016-11-14 20:42:16,633     INFO         labels: loaded /home/ashish/Text2Speech/TTSDNNRepo/egs/slt_arctic/s1/experiments/slt_arctic_demo/test_synthesis/prompt-lab/arctic_a0005.lab,  85 labels
2016-11-14 20:42:16,650    DEBUG         labels: made label matrix of 17 frames x 416 labels
2016-11-14 20:42:16,652     INFO         labels: loaded /home/ashish/Text2Speech/TTSDNNRepo/egs/slt_arctic/s1/experiments/slt_arctic_demo/test_synthesis/prompt-lab/arctic_a0056.lab, 165 labels
2016-11-14 20:42:16,686    DEBUG         labels: made label matrix of 33 frames x 416 labels
2016-11-14 20:42:16,712     INFO         labels: loaded /home/ashish/Text2Speech/TTSDNNRepo/egs/slt_arctic/s1/experiments/slt_arctic_demo/test_synthesis/prompt-lab/arctic_a0057.lab, 115 labels
2016-11-14 20:42:16,736    DEBUG         labels: made label matrix of 23 frames x 416 labels
2016-11-14 20:42:16,738     INFO         labels: loaded /home/ashish/Text2Speech/TTSDNNRepo/egs/slt_arctic/s1/experiments/slt_arctic_demo/test_synthesis/prompt-lab/arctic_a0058.lab, 235 labels
2016-11-14 20:42:16,785    DEBUG         labels: made label matrix of 47 frames x 416 labels
2016-11-14 20:42:16,786     INFO         labels: loaded /home/ashish/Text2Speech/TTSDNNRepo/egs/slt_arctic/s1/experiments/slt_arctic_demo/test_synthesis/prompt-lab/arctic_a0059.lab, 140 labels
2016-11-14 20:42:16,815    DEBUG         labels: made label matrix of 28 frames x 416 labels
2016-11-14 20:42:16,833     INFO         labels: loaded /home/ashish/Text2Speech/TTSDNNRepo/egs/slt_arctic/s1/experiments/slt_arctic_demo/test_synthesis/prompt-lab/arctic_a0060.lab, 110 labels
2016-11-14 20:42:16,856    DEBUG         labels: made label matrix of 22 frames x 416 labels
2016-11-14 20:42:16,880    DEBUG  acoustic_norm: MinMaxNormalisation created for feature dimension of 416
2016-11-14 20:42:16,948     INFO  acoustic_norm: Loaded min max values from the trained data for feature dimension of 416
2016-11-14 20:42:17,006    DEBUG         labels: HTS-derived input feature dimension is 416 + 0 = 416
2016-11-14 20:42:17,007     INFO           main: label dimension is 416
2016-11-14 20:42:17,007     INFO           main: generating from DNN
2016-11-14 20:42:17,007    DEBUG dnn_generation: Starting dnn_generation
2016-11-14 20:42:19,400     INFO dnn_generation: generating    1 of   10: /home/ashish/Text2Speech/TTSDNNRepo/egs/slt_arctic/s1/experiments/slt_arctic_demo/duration_model/data/nn_no_silence_lab_norm_416/arctic_a0001.lab
2016-11-14 20:42:21,712    DEBUG dnn_generation: saved to /home/ashish/Text2Speech/TTSDNNRepo/egs/slt_arctic/s1/experiments/slt_arctic_demo/test_synthesis/gen-lab/arctic_a0001.cmp
2016-11-14 20:42:21,713     INFO dnn_generation: generating    2 of   10: /home/ashish/Text2Speech/TTSDNNRepo/egs/slt_arctic/s1/experiments/slt_arctic_demo/duration_model/data/nn_no_silence_lab_norm_416/arctic_a0002.lab
2016-11-14 20:42:21,819    DEBUG dnn_generation: saved to /home/ashish/Text2Speech/TTSDNNRepo/egs/slt_arctic/s1/experiments/slt_arctic_demo/test_synthesis/gen-lab/arctic_a0002.cmp
2016-11-14 20:42:21,820     INFO dnn_generation: generating    3 of   10: /home/ashish/Text2Speech/TTSDNNRepo/egs/slt_arctic/s1/experiments/slt_arctic_demo/duration_model/data/nn_no_silence_lab_norm_416/arctic_a0003.lab
2016-11-14 20:42:21,935    DEBUG dnn_generation: saved to /home/ashish/Text2Speech/TTSDNNRepo/egs/slt_arctic/s1/experiments/slt_arctic_demo/test_synthesis/gen-lab/arctic_a0003.cmp
2016-11-14 20:42:21,936     INFO dnn_generation: generating    4 of   10: /home/ashish/Text2Speech/TTSDNNRepo/egs/slt_arctic/s1/experiments/slt_arctic_demo/duration_model/data/nn_no_silence_lab_norm_416/arctic_a0004.lab
2016-11-14 20:42:22,056    DEBUG dnn_generation: saved to /home/ashish/Text2Speech/TTSDNNRepo/egs/slt_arctic/s1/experiments/slt_arctic_demo/test_synthesis/gen-lab/arctic_a0004.cmp
2016-11-14 20:42:22,056     INFO dnn_generation: generating    5 of   10: /home/ashish/Text2Speech/TTSDNNRepo/egs/slt_arctic/s1/experiments/slt_arctic_demo/duration_model/data/nn_no_silence_lab_norm_416/arctic_a0005.lab
2016-11-14 20:42:22,171    DEBUG dnn_generation: saved to /home/ashish/Text2Speech/TTSDNNRepo/egs/slt_arctic/s1/experiments/slt_arctic_demo/test_synthesis/gen-lab/arctic_a0005.cmp
2016-11-14 20:42:22,172     INFO dnn_generation: generating    6 of   10: /home/ashish/Text2Speech/TTSDNNRepo/egs/slt_arctic/s1/experiments/slt_arctic_demo/duration_model/data/nn_no_silence_lab_norm_416/arctic_a0056.lab
2016-11-14 20:42:22,286    DEBUG dnn_generation: saved to /home/ashish/Text2Speech/TTSDNNRepo/egs/slt_arctic/s1/experiments/slt_arctic_demo/test_synthesis/gen-lab/arctic_a0056.cmp
2016-11-14 20:42:22,286     INFO dnn_generation: generating    7 of   10: /home/ashish/Text2Speech/TTSDNNRepo/egs/slt_arctic/s1/experiments/slt_arctic_demo/duration_model/data/nn_no_silence_lab_norm_416/arctic_a0057.lab
2016-11-14 20:42:22,370    DEBUG dnn_generation: saved to /home/ashish/Text2Speech/TTSDNNRepo/egs/slt_arctic/s1/experiments/slt_arctic_demo/test_synthesis/gen-lab/arctic_a0057.cmp
2016-11-14 20:42:22,371     INFO dnn_generation: generating    8 of   10: /home/ashish/Text2Speech/TTSDNNRepo/egs/slt_arctic/s1/experiments/slt_arctic_demo/duration_model/data/nn_no_silence_lab_norm_416/arctic_a0058.lab
2016-11-14 20:42:22,479    DEBUG dnn_generation: saved to /home/ashish/Text2Speech/TTSDNNRepo/egs/slt_arctic/s1/experiments/slt_arctic_demo/test_synthesis/gen-lab/arctic_a0058.cmp
2016-11-14 20:42:22,479     INFO dnn_generation: generating    9 of   10: /home/ashish/Text2Speech/TTSDNNRepo/egs/slt_arctic/s1/experiments/slt_arctic_demo/duration_model/data/nn_no_silence_lab_norm_416/arctic_a0059.lab
2016-11-14 20:42:22,568    DEBUG dnn_generation: saved to /home/ashish/Text2Speech/TTSDNNRepo/egs/slt_arctic/s1/experiments/slt_arctic_demo/test_synthesis/gen-lab/arctic_a0059.cmp
2016-11-14 20:42:22,568     INFO dnn_generation: generating   10 of   10: /home/ashish/Text2Speech/TTSDNNRepo/egs/slt_arctic/s1/experiments/slt_arctic_demo/duration_model/data/nn_no_silence_lab_norm_416/arctic_a0060.lab
2016-11-14 20:42:22,651    DEBUG dnn_generation: saved to /home/ashish/Text2Speech/TTSDNNRepo/egs/slt_arctic/s1/experiments/slt_arctic_demo/test_synthesis/gen-lab/arctic_a0060.cmp
2016-11-14 20:42:22,652    DEBUG           main: denormalising generated output using method MVN
2016-11-14 20:42:22,692    DEBUGparam_generation: duration_decomposition for 10 files
2016-11-14 20:42:22,693     INFOparam_generation: processing    1 of   10: /home/ashish/Text2Speech/TTSDNNRepo/egs/slt_arctic/s1/experiments/slt_arctic_demo/test_synthesis/gen-lab/arctic_a0001.cmp
2016-11-14 20:42:22,693    DEBUGparam_generation: wrote to file /home/ashish/Text2Speech/TTSDNNRepo/egs/slt_arctic/s1/experiments/slt_arctic_demo/test_synthesis/gen-lab/arctic_a0001.dur
2016-11-14 20:42:22,694     INFOparam_generation: processing    2 of   10: /home/ashish/Text2Speech/TTSDNNRepo/egs/slt_arctic/s1/experiments/slt_arctic_demo/test_synthesis/gen-lab/arctic_a0002.cmp
2016-11-14 20:42:22,694    DEBUGparam_generation: wrote to file /home/ashish/Text2Speech/TTSDNNRepo/egs/slt_arctic/s1/experiments/slt_arctic_demo/test_synthesis/gen-lab/arctic_a0002.dur
2016-11-14 20:42:22,694     INFOparam_generation: processing    3 of   10: /home/ashish/Text2Speech/TTSDNNRepo/egs/slt_arctic/s1/experiments/slt_arctic_demo/test_synthesis/gen-lab/arctic_a0003.cmp
2016-11-14 20:42:22,695    DEBUGparam_generation: wrote to file /home/ashish/Text2Speech/TTSDNNRepo/egs/slt_arctic/s1/experiments/slt_arctic_demo/test_synthesis/gen-lab/arctic_a0003.dur
2016-11-14 20:42:22,695     INFOparam_generation: processing    4 of   10: /home/ashish/Text2Speech/TTSDNNRepo/egs/slt_arctic/s1/experiments/slt_arctic_demo/test_synthesis/gen-lab/arctic_a0004.cmp
2016-11-14 20:42:22,695    DEBUGparam_generation: wrote to file /home/ashish/Text2Speech/TTSDNNRepo/egs/slt_arctic/s1/experiments/slt_arctic_demo/test_synthesis/gen-lab/arctic_a0004.dur
2016-11-14 20:42:22,696     INFOparam_generation: processing    5 of   10: /home/ashish/Text2Speech/TTSDNNRepo/egs/slt_arctic/s1/experiments/slt_arctic_demo/test_synthesis/gen-lab/arctic_a0005.cmp
2016-11-14 20:42:22,696    DEBUGparam_generation: wrote to file /home/ashish/Text2Speech/TTSDNNRepo/egs/slt_arctic/s1/experiments/slt_arctic_demo/test_synthesis/gen-lab/arctic_a0005.dur
2016-11-14 20:42:22,696     INFOparam_generation: processing    6 of   10: /home/ashish/Text2Speech/TTSDNNRepo/egs/slt_arctic/s1/experiments/slt_arctic_demo/test_synthesis/gen-lab/arctic_a0056.cmp
2016-11-14 20:42:22,697    DEBUGparam_generation: wrote to file /home/ashish/Text2Speech/TTSDNNRepo/egs/slt_arctic/s1/experiments/slt_arctic_demo/test_synthesis/gen-lab/arctic_a0056.dur
2016-11-14 20:42:22,697     INFOparam_generation: processing    7 of   10: /home/ashish/Text2Speech/TTSDNNRepo/egs/slt_arctic/s1/experiments/slt_arctic_demo/test_synthesis/gen-lab/arctic_a0057.cmp
2016-11-14 20:42:22,697    DEBUGparam_generation: wrote to file /home/ashish/Text2Speech/TTSDNNRepo/egs/slt_arctic/s1/experiments/slt_arctic_demo/test_synthesis/gen-lab/arctic_a0057.dur
2016-11-14 20:42:22,698     INFOparam_generation: processing    8 of   10: /home/ashish/Text2Speech/TTSDNNRepo/egs/slt_arctic/s1/experiments/slt_arctic_demo/test_synthesis/gen-lab/arctic_a0058.cmp
2016-11-14 20:42:22,698    DEBUGparam_generation: wrote to file /home/ashish/Text2Speech/TTSDNNRepo/egs/slt_arctic/s1/experiments/slt_arctic_demo/test_synthesis/gen-lab/arctic_a0058.dur
2016-11-14 20:42:22,698     INFOparam_generation: processing    9 of   10: /home/ashish/Text2Speech/TTSDNNRepo/egs/slt_arctic/s1/experiments/slt_arctic_demo/test_synthesis/gen-lab/arctic_a0059.cmp
2016-11-14 20:42:22,699    DEBUGparam_generation: wrote to file /home/ashish/Text2Speech/TTSDNNRepo/egs/slt_arctic/s1/experiments/slt_arctic_demo/test_synthesis/gen-lab/arctic_a0059.dur
2016-11-14 20:42:22,699     INFOparam_generation: processing   10 of   10: /home/ashish/Text2Speech/TTSDNNRepo/egs/slt_arctic/s1/experiments/slt_arctic_demo/test_synthesis/gen-lab/arctic_a0060.cmp
2016-11-14 20:42:22,699    DEBUGparam_generation: wrote to file /home/ashish/Text2Speech/TTSDNNRepo/egs/slt_arctic/s1/experiments/slt_arctic_demo/test_synthesis/gen-lab/arctic_a0060.dur
2016-11-14 20:42:22,700     INFO            dur: loaded /home/ashish/Text2Speech/TTSDNNRepo/egs/slt_arctic/s1/experiments/slt_arctic_demo/test_synthesis/prompt-lab/arctic_a0001.lab, 185 labels
2016-11-14 20:42:22,705    DEBUG            dur: modifed label with predicted duration of 35 frames x 5 features
2016-11-14 20:42:22,706     INFO            dur: loaded /home/ashish/Text2Speech/TTSDNNRepo/egs/slt_arctic/s1/experiments/slt_arctic_demo/test_synthesis/prompt-lab/arctic_a0002.lab, 210 labels
2016-11-14 20:42:22,711    DEBUG            dur: modifed label with predicted duration of 40 frames x 5 features
2016-11-14 20:42:22,712     INFO            dur: loaded /home/ashish/Text2Speech/TTSDNNRepo/egs/slt_arctic/s1/experiments/slt_arctic_demo/test_synthesis/prompt-lab/arctic_a0003.lab, 205 labels
2016-11-14 20:42:22,717    DEBUG            dur: modifed label with predicted duration of 39 frames x 5 features
2016-11-14 20:42:22,717     INFO            dur: loaded /home/ashish/Text2Speech/TTSDNNRepo/egs/slt_arctic/s1/experiments/slt_arctic_demo/test_synthesis/prompt-lab/arctic_a0004.lab, 140 labels
2016-11-14 20:42:22,721    DEBUG            dur: modifed label with predicted duration of 26 frames x 5 features
2016-11-14 20:42:22,721     INFO            dur: loaded /home/ashish/Text2Speech/TTSDNNRepo/egs/slt_arctic/s1/experiments/slt_arctic_demo/test_synthesis/prompt-lab/arctic_a0005.lab,  85 labels
2016-11-14 20:42:22,723    DEBUG            dur: modifed label with predicted duration of 15 frames x 5 features
2016-11-14 20:42:22,724     INFO            dur: loaded /home/ashish/Text2Speech/TTSDNNRepo/egs/slt_arctic/s1/experiments/slt_arctic_demo/test_synthesis/prompt-lab/arctic_a0056.lab, 165 labels
2016-11-14 20:42:22,728    DEBUG            dur: modifed label with predicted duration of 31 frames x 5 features
2016-11-14 20:42:22,728     INFO            dur: loaded /home/ashish/Text2Speech/TTSDNNRepo/egs/slt_arctic/s1/experiments/slt_arctic_demo/test_synthesis/prompt-lab/arctic_a0057.lab, 115 labels
2016-11-14 20:42:22,731    DEBUG            dur: modifed label with predicted duration of 21 frames x 5 features
2016-11-14 20:42:22,731     INFO            dur: loaded /home/ashish/Text2Speech/TTSDNNRepo/egs/slt_arctic/s1/experiments/slt_arctic_demo/test_synthesis/prompt-lab/arctic_a0058.lab, 235 labels
2016-11-14 20:42:22,736    DEBUG            dur: modifed label with predicted duration of 45 frames x 5 features
2016-11-14 20:42:22,737     INFO            dur: loaded /home/ashish/Text2Speech/TTSDNNRepo/egs/slt_arctic/s1/experiments/slt_arctic_demo/test_synthesis/prompt-lab/arctic_a0059.lab, 140 labels
2016-11-14 20:42:22,740    DEBUG            dur: modifed label with predicted duration of 26 frames x 5 features
2016-11-14 20:42:22,740     INFO            dur: loaded /home/ashish/Text2Speech/TTSDNNRepo/egs/slt_arctic/s1/experiments/slt_arctic_demo/test_synthesis/prompt-lab/arctic_a0060.lab, 110 labels
2016-11-14 20:42:22,743    DEBUG            dur: modifed label with predicted duration of 20 frames x 5 features
