2016-11-14 19:57:26,669     INFO  configuration: logging is now fully configured
2016-11-14 19:57:26,670    DEBUG  configuration: setting up output features
2016-11-14 19:57:26,670    DEBUG  configuration:  dur
2016-11-14 19:57:26,670     INFO  configuration:   in_dimension: 5
2016-11-14 19:57:26,670     INFO  configuration:   out_dimension : 5
2016-11-14 19:57:26,670     INFO  configuration:   in_directory : /home/ashish/Text2Speech/TTSDNNRepo/egs/slt_arctic/s1/experiments/slt_arctic_demo/duration_model/data/dur
2016-11-14 19:57:26,670     INFO  configuration: multistream dimensions: [5]
2016-11-14 19:57:26,670     INFO  configuration: use_rprop : 0
2016-11-14 19:57:26,670     INFO  configuration: dropout_rate : 0.0
2016-11-14 19:57:26,671     INFO  configuration: projection_outsize : 10
2016-11-14 19:57:26,671     INFO  configuration: early_stop_epochs : 5
2016-11-14 19:57:26,671     INFO  configuration: warmup_epoch : 10
2016-11-14 19:57:26,671     INFO  configuration: learning_rate : 0.002
2016-11-14 19:57:26,671     INFO  configuration: layers_with_projection_input : [0]
2016-11-14 19:57:26,671     INFO  configuration: batch_size : 64
2016-11-14 19:57:26,671     INFO  configuration: model_type : DNN
2016-11-14 19:57:26,671     INFO  configuration: hidden_layer_size : [512, 512, 512, 512]
2016-11-14 19:57:26,671     INFO  configuration: projection_learning_rate_scaling : 1.0
2016-11-14 19:57:26,672     INFO  configuration: pretraining_epochs : 10
2016-11-14 19:57:26,672     INFO  configuration: initial_projection_distrib : gaussian
2016-11-14 19:57:26,672     INFO  configuration: index_to_project : 0
2016-11-14 19:57:26,672     INFO  configuration: l2_reg : 1e-05
2016-11-14 19:57:26,672     INFO  configuration: warmup_momentum : 0.3
2016-11-14 19:57:26,672     INFO  configuration: training_epochs : 25
2016-11-14 19:57:26,672     INFO  configuration: hidden_activation : tanh
2016-11-14 19:57:26,672     INFO  configuration: hidden_layer_type : ['TANH', 'TANH', 'TANH', 'TANH']
2016-11-14 19:57:26,673     INFO  configuration: sequential_training : False
2016-11-14 19:57:26,673     INFO  configuration: do_pretraining : False
2016-11-14 19:57:26,673     INFO  configuration: projection_insize : 10000
2016-11-14 19:57:26,673     INFO  configuration: l1_reg : 0.0
2016-11-14 19:57:26,673     INFO  configuration: output_activation : linear
2016-11-14 19:57:26,673     INFO  configuration: pretraining_lr : 0.0001
2016-11-14 19:57:26,673     INFO  configuration: momentum : 0.9
2016-11-14 19:57:26,673    DEBUG  configuration: configuration completed
2016-11-14 19:57:26,673     INFO           main: Installation information:
2016-11-14 19:57:26,674     INFO           main:   Merlin directory: /home/ashish/Text2Speech/TTSDNNRepo
2016-11-14 19:57:26,674     INFO           main:   PATH:
2016-11-14 19:57:26,674     INFO           main:       /home/ashish/.rbenv/plugins/ruby-build/bin
2016-11-14 19:57:26,674     INFO           main:       /home/ashish/.rbenv/shims
2016-11-14 19:57:26,674     INFO           main:       /home/ashish/.rbenv/bin
2016-11-14 19:57:26,674     INFO           main:       /usr/local/sbin
2016-11-14 19:57:26,674     INFO           main:       /usr/local/bin
2016-11-14 19:57:26,674     INFO           main:       /usr/sbin
2016-11-14 19:57:26,675     INFO           main:       /usr/bin
2016-11-14 19:57:26,675     INFO           main:       /sbin
2016-11-14 19:57:26,675     INFO           main:       /bin
2016-11-14 19:57:26,675     INFO           main:       /usr/games
2016-11-14 19:57:26,675     INFO           main:       /usr/local/games
2016-11-14 19:57:26,675     INFO           main:       /opt/android-sdk/tools
2016-11-14 19:57:26,675     INFO           main:       /opt/android-sdk/platform-tools
2016-11-14 19:57:26,675     INFO           main:       /opt/node/bin
2016-11-14 19:57:26,675     INFO           main:       /opt/gradle/bin
2016-11-14 19:57:26,676     INFO           main:   LD_LIBRARY_PATH:
2016-11-14 19:57:26,676     INFO           main:   Python version: 2.7.6 (default, Jun 22 2015, 17:58:13) [GCC 4.8.2]
2016-11-14 19:57:26,676     INFO           main:     PYTHONPATH:
2016-11-14 19:57:26,676     INFO           main:   Numpy version: 1.8.2
2016-11-14 19:57:26,676     INFO           main:   Theano version: 0.8.1
2016-11-14 19:57:26,676     INFO           main:     THEANO_FLAGS: cuda.root=/opt/6.5.19,floatX=float32,on_unused_input=ignore
2016-11-14 19:57:26,676     INFO           main:     device: cpu
2016-11-14 19:57:27,122     INFO           main:   Git is available in the working directory:
2016-11-14 19:57:27,143     INFO           main:     Merlin version: 75d833a
2016-11-14 19:57:27,150     INFO           main:     branch: master
2016-11-14 19:57:27,159     INFO           main:     diff to Merlin version:
2016-11-14 19:57:27,160     INFO           main:       M test/test_install.sh
2016-11-14 19:57:27,160     INFO           main:       (all diffs logged in DNN_TANH_TANH_TANH_TANH_LINEAR__dur_50_259_4_512_0.002000_07_57PM_November_14_2016.log.gitdiff)
2016-11-14 19:57:27,173     INFO           main: Execution information:
2016-11-14 19:57:27,188     INFO           main:   HOSTNAME: ashish-HP
2016-11-14 19:57:27,189     INFO           main:   USER: ashish
2016-11-14 19:57:27,189     INFO           main:   PID: 27426
2016-11-14 19:57:27,205    DEBUG           main: Loaded file id list from /home/ashish/Text2Speech/TTSDNNRepo/egs/slt_arctic/s1/experiments/slt_arctic_demo/duration_model/data/file_id_list_demo.scp
2016-11-14 19:57:27,248    DEBUG         labels: HTS-derived input feature dimension is 416 + 0 = 416
2016-11-14 19:57:27,248     INFO           main: Input label dimension is 416
2016-11-14 19:57:27,249     INFO           main: preparing label data (input) using standard HTS style labels
2016-11-14 19:57:27,270     INFO         labels: loaded /home/ashish/Text2Speech/TTSDNNRepo/egs/slt_arctic/s1/experiments/slt_arctic_demo/duration_model/data/label_state_align/arctic_a0001.lab, 185 labels
2016-11-14 19:57:27,307    DEBUG         labels: made label matrix of 37 frames x 416 labels
2016-11-14 19:57:27,319     INFO         labels: loaded /home/ashish/Text2Speech/TTSDNNRepo/egs/slt_arctic/s1/experiments/slt_arctic_demo/duration_model/data/label_state_align/arctic_a0002.lab, 210 labels
2016-11-14 19:57:27,359    DEBUG         labels: made label matrix of 42 frames x 416 labels
2016-11-14 19:57:27,360     INFO         labels: loaded /home/ashish/Text2Speech/TTSDNNRepo/egs/slt_arctic/s1/experiments/slt_arctic_demo/duration_model/data/label_state_align/arctic_a0003.lab, 205 labels
2016-11-14 19:57:27,399    DEBUG         labels: made label matrix of 41 frames x 416 labels
2016-11-14 19:57:27,425     INFO         labels: loaded /home/ashish/Text2Speech/TTSDNNRepo/egs/slt_arctic/s1/experiments/slt_arctic_demo/duration_model/data/label_state_align/arctic_a0004.lab, 140 labels
2016-11-14 19:57:27,451    DEBUG         labels: made label matrix of 28 frames x 416 labels
2016-11-14 19:57:27,481     INFO         labels: loaded /home/ashish/Text2Speech/TTSDNNRepo/egs/slt_arctic/s1/experiments/slt_arctic_demo/duration_model/data/label_state_align/arctic_a0005.lab,  85 labels
2016-11-14 19:57:27,503    DEBUG         labels: made label matrix of 17 frames x 416 labels
2016-11-14 19:57:27,504     INFO         labels: loaded /home/ashish/Text2Speech/TTSDNNRepo/egs/slt_arctic/s1/experiments/slt_arctic_demo/duration_model/data/label_state_align/arctic_a0006.lab, 165 labels
2016-11-14 19:57:27,541    DEBUG         labels: made label matrix of 33 frames x 416 labels
2016-11-14 19:57:27,542     INFO         labels: loaded /home/ashish/Text2Speech/TTSDNNRepo/egs/slt_arctic/s1/experiments/slt_arctic_demo/duration_model/data/label_state_align/arctic_a0007.lab, 200 labels
2016-11-14 19:57:27,581    DEBUG         labels: made label matrix of 40 frames x 416 labels
2016-11-14 19:57:27,582     INFO         labels: loaded /home/ashish/Text2Speech/TTSDNNRepo/egs/slt_arctic/s1/experiments/slt_arctic_demo/duration_model/data/label_state_align/arctic_a0008.lab, 120 labels
2016-11-14 19:57:27,618    DEBUG         labels: made label matrix of 24 frames x 416 labels
2016-11-14 19:57:27,620     INFO         labels: loaded /home/ashish/Text2Speech/TTSDNNRepo/egs/slt_arctic/s1/experiments/slt_arctic_demo/duration_model/data/label_state_align/arctic_a0009.lab, 200 labels
2016-11-14 19:57:27,668    DEBUG         labels: made label matrix of 40 frames x 416 labels
2016-11-14 19:57:27,669     INFO         labels: loaded /home/ashish/Text2Speech/TTSDNNRepo/egs/slt_arctic/s1/experiments/slt_arctic_demo/duration_model/data/label_state_align/arctic_a0010.lab, 205 labels
2016-11-14 19:57:27,728    DEBUG         labels: made label matrix of 41 frames x 416 labels
2016-11-14 19:57:27,757     INFO         labels: loaded /home/ashish/Text2Speech/TTSDNNRepo/egs/slt_arctic/s1/experiments/slt_arctic_demo/duration_model/data/label_state_align/arctic_a0011.lab, 170 labels
2016-11-14 19:57:27,795    DEBUG         labels: made label matrix of 34 frames x 416 labels
2016-11-14 19:57:27,797     INFO         labels: loaded /home/ashish/Text2Speech/TTSDNNRepo/egs/slt_arctic/s1/experiments/slt_arctic_demo/duration_model/data/label_state_align/arctic_a0012.lab, 180 labels
2016-11-14 19:57:27,832    DEBUG         labels: made label matrix of 36 frames x 416 labels
2016-11-14 19:57:27,833     INFO         labels: loaded /home/ashish/Text2Speech/TTSDNNRepo/egs/slt_arctic/s1/experiments/slt_arctic_demo/duration_model/data/label_state_align/arctic_a0013.lab, 260 labels
2016-11-14 19:57:27,888    DEBUG         labels: made label matrix of 52 frames x 416 labels
2016-11-14 19:57:27,889     INFO         labels: loaded /home/ashish/Text2Speech/TTSDNNRepo/egs/slt_arctic/s1/experiments/slt_arctic_demo/duration_model/data/label_state_align/arctic_a0014.lab, 180 labels
2016-11-14 19:57:27,922    DEBUG         labels: made label matrix of 36 frames x 416 labels
2016-11-14 19:57:27,923     INFO         labels: loaded /home/ashish/Text2Speech/TTSDNNRepo/egs/slt_arctic/s1/experiments/slt_arctic_demo/duration_model/data/label_state_align/arctic_a0015.lab,  95 labels
2016-11-14 19:57:27,941    DEBUG         labels: made label matrix of 19 frames x 416 labels
2016-11-14 19:57:27,942     INFO         labels: loaded /home/ashish/Text2Speech/TTSDNNRepo/egs/slt_arctic/s1/experiments/slt_arctic_demo/duration_model/data/label_state_align/arctic_a0016.lab, 205 labels
2016-11-14 19:57:27,980    DEBUG         labels: made label matrix of 41 frames x 416 labels
2016-11-14 19:57:27,981     INFO         labels: loaded /home/ashish/Text2Speech/TTSDNNRepo/egs/slt_arctic/s1/experiments/slt_arctic_demo/duration_model/data/label_state_align/arctic_a0017.lab, 275 labels
2016-11-14 19:57:28,032    DEBUG         labels: made label matrix of 55 frames x 416 labels
2016-11-14 19:57:28,033     INFO         labels: loaded /home/ashish/Text2Speech/TTSDNNRepo/egs/slt_arctic/s1/experiments/slt_arctic_demo/duration_model/data/label_state_align/arctic_a0018.lab,  75 labels
2016-11-14 19:57:28,047    DEBUG         labels: made label matrix of 15 frames x 416 labels
2016-11-14 19:57:28,048     INFO         labels: loaded /home/ashish/Text2Speech/TTSDNNRepo/egs/slt_arctic/s1/experiments/slt_arctic_demo/duration_model/data/label_state_align/arctic_a0019.lab, 220 labels
2016-11-14 19:57:28,088    DEBUG         labels: made label matrix of 44 frames x 416 labels
2016-11-14 19:57:28,090     INFO         labels: loaded /home/ashish/Text2Speech/TTSDNNRepo/egs/slt_arctic/s1/experiments/slt_arctic_demo/duration_model/data/label_state_align/arctic_a0020.lab, 195 labels
2016-11-14 19:57:28,125    DEBUG         labels: made label matrix of 39 frames x 416 labels
2016-11-14 19:57:28,146     INFO         labels: loaded /home/ashish/Text2Speech/TTSDNNRepo/egs/slt_arctic/s1/experiments/slt_arctic_demo/duration_model/data/label_state_align/arctic_a0021.lab, 160 labels
2016-11-14 19:57:28,178    DEBUG         labels: made label matrix of 32 frames x 416 labels
2016-11-14 19:57:28,179     INFO         labels: loaded /home/ashish/Text2Speech/TTSDNNRepo/egs/slt_arctic/s1/experiments/slt_arctic_demo/duration_model/data/label_state_align/arctic_a0022.lab, 270 labels
2016-11-14 19:57:28,261    DEBUG         labels: made label matrix of 54 frames x 416 labels
2016-11-14 19:57:28,263     INFO         labels: loaded /home/ashish/Text2Speech/TTSDNNRepo/egs/slt_arctic/s1/experiments/slt_arctic_demo/duration_model/data/label_state_align/arctic_a0023.lab, 360 labels
2016-11-14 19:57:28,339    DEBUG         labels: made label matrix of 72 frames x 416 labels
2016-11-14 19:57:28,340     INFO         labels: loaded /home/ashish/Text2Speech/TTSDNNRepo/egs/slt_arctic/s1/experiments/slt_arctic_demo/duration_model/data/label_state_align/arctic_a0024.lab, 245 labels
2016-11-14 19:57:28,386    DEBUG         labels: made label matrix of 49 frames x 416 labels
2016-11-14 19:57:28,388     INFO         labels: loaded /home/ashish/Text2Speech/TTSDNNRepo/egs/slt_arctic/s1/experiments/slt_arctic_demo/duration_model/data/label_state_align/arctic_a0025.lab, 190 labels
2016-11-14 19:57:28,423    DEBUG         labels: made label matrix of 38 frames x 416 labels
2016-11-14 19:57:28,424     INFO         labels: loaded /home/ashish/Text2Speech/TTSDNNRepo/egs/slt_arctic/s1/experiments/slt_arctic_demo/duration_model/data/label_state_align/arctic_a0026.lab, 185 labels
2016-11-14 19:57:28,467    DEBUG         labels: made label matrix of 37 frames x 416 labels
2016-11-14 19:57:28,468     INFO         labels: loaded /home/ashish/Text2Speech/TTSDNNRepo/egs/slt_arctic/s1/experiments/slt_arctic_demo/duration_model/data/label_state_align/arctic_a0027.lab, 240 labels
2016-11-14 19:57:28,513    DEBUG         labels: made label matrix of 48 frames x 416 labels
2016-11-14 19:57:28,514     INFO         labels: loaded /home/ashish/Text2Speech/TTSDNNRepo/egs/slt_arctic/s1/experiments/slt_arctic_demo/duration_model/data/label_state_align/arctic_a0028.lab,  85 labels
2016-11-14 19:57:28,530    DEBUG         labels: made label matrix of 17 frames x 416 labels
2016-11-14 19:57:28,531     INFO         labels: loaded /home/ashish/Text2Speech/TTSDNNRepo/egs/slt_arctic/s1/experiments/slt_arctic_demo/duration_model/data/label_state_align/arctic_a0029.lab, 200 labels
2016-11-14 19:57:28,568    DEBUG         labels: made label matrix of 40 frames x 416 labels
2016-11-14 19:57:28,569     INFO         labels: loaded /home/ashish/Text2Speech/TTSDNNRepo/egs/slt_arctic/s1/experiments/slt_arctic_demo/duration_model/data/label_state_align/arctic_a0030.lab,  70 labels
2016-11-14 19:57:28,582    DEBUG         labels: made label matrix of 14 frames x 416 labels
2016-11-14 19:57:28,608     INFO         labels: loaded /home/ashish/Text2Speech/TTSDNNRepo/egs/slt_arctic/s1/experiments/slt_arctic_demo/duration_model/data/label_state_align/arctic_a0031.lab, 130 labels
2016-11-14 19:57:28,642    DEBUG         labels: made label matrix of 26 frames x 416 labels
2016-11-14 19:57:28,644     INFO         labels: loaded /home/ashish/Text2Speech/TTSDNNRepo/egs/slt_arctic/s1/experiments/slt_arctic_demo/duration_model/data/label_state_align/arctic_a0032.lab, 240 labels
2016-11-14 19:57:28,696    DEBUG         labels: made label matrix of 48 frames x 416 labels
2016-11-14 19:57:28,698     INFO         labels: loaded /home/ashish/Text2Speech/TTSDNNRepo/egs/slt_arctic/s1/experiments/slt_arctic_demo/duration_model/data/label_state_align/arctic_a0033.lab, 240 labels
2016-11-14 19:57:28,742    DEBUG         labels: made label matrix of 48 frames x 416 labels
2016-11-14 19:57:28,743     INFO         labels: loaded /home/ashish/Text2Speech/TTSDNNRepo/egs/slt_arctic/s1/experiments/slt_arctic_demo/duration_model/data/label_state_align/arctic_a0034.lab, 220 labels
2016-11-14 19:57:28,784    DEBUG         labels: made label matrix of 44 frames x 416 labels
2016-11-14 19:57:28,786     INFO         labels: loaded /home/ashish/Text2Speech/TTSDNNRepo/egs/slt_arctic/s1/experiments/slt_arctic_demo/duration_model/data/label_state_align/arctic_a0035.lab, 235 labels
2016-11-14 19:57:28,829    DEBUG         labels: made label matrix of 47 frames x 416 labels
2016-11-14 19:57:28,830     INFO         labels: loaded /home/ashish/Text2Speech/TTSDNNRepo/egs/slt_arctic/s1/experiments/slt_arctic_demo/duration_model/data/label_state_align/arctic_a0036.lab,  95 labels
2016-11-14 19:57:28,848    DEBUG         labels: made label matrix of 19 frames x 416 labels
2016-11-14 19:57:28,849     INFO         labels: loaded /home/ashish/Text2Speech/TTSDNNRepo/egs/slt_arctic/s1/experiments/slt_arctic_demo/duration_model/data/label_state_align/arctic_a0037.lab, 140 labels
2016-11-14 19:57:28,875    DEBUG         labels: made label matrix of 28 frames x 416 labels
2016-11-14 19:57:28,899     INFO         labels: loaded /home/ashish/Text2Speech/TTSDNNRepo/egs/slt_arctic/s1/experiments/slt_arctic_demo/duration_model/data/label_state_align/arctic_a0038.lab, 105 labels
2016-11-14 19:57:28,921    DEBUG         labels: made label matrix of 21 frames x 416 labels
2016-11-14 19:57:28,954     INFO         labels: loaded /home/ashish/Text2Speech/TTSDNNRepo/egs/slt_arctic/s1/experiments/slt_arctic_demo/duration_model/data/label_state_align/arctic_a0039.lab, 155 labels
2016-11-14 19:57:29,004    DEBUG         labels: made label matrix of 31 frames x 416 labels
2016-11-14 19:57:29,006     INFO         labels: loaded /home/ashish/Text2Speech/TTSDNNRepo/egs/slt_arctic/s1/experiments/slt_arctic_demo/duration_model/data/label_state_align/arctic_a0040.lab, 155 labels
2016-11-14 19:57:29,039    DEBUG         labels: made label matrix of 31 frames x 416 labels
2016-11-14 19:57:29,061     INFO         labels: loaded /home/ashish/Text2Speech/TTSDNNRepo/egs/slt_arctic/s1/experiments/slt_arctic_demo/duration_model/data/label_state_align/arctic_a0041.lab, 125 labels
2016-11-14 19:57:29,085    DEBUG         labels: made label matrix of 25 frames x 416 labels
2016-11-14 19:57:29,086     INFO         labels: loaded /home/ashish/Text2Speech/TTSDNNRepo/egs/slt_arctic/s1/experiments/slt_arctic_demo/duration_model/data/label_state_align/arctic_a0042.lab, 170 labels
2016-11-14 19:57:29,118    DEBUG         labels: made label matrix of 34 frames x 416 labels
2016-11-14 19:57:29,119     INFO         labels: loaded /home/ashish/Text2Speech/TTSDNNRepo/egs/slt_arctic/s1/experiments/slt_arctic_demo/duration_model/data/label_state_align/arctic_a0043.lab, 230 labels
2016-11-14 19:57:29,161    DEBUG         labels: made label matrix of 46 frames x 416 labels
2016-11-14 19:57:29,195     INFO         labels: loaded /home/ashish/Text2Speech/TTSDNNRepo/egs/slt_arctic/s1/experiments/slt_arctic_demo/duration_model/data/label_state_align/arctic_a0044.lab, 195 labels
2016-11-14 19:57:29,231    DEBUG         labels: made label matrix of 39 frames x 416 labels
2016-11-14 19:57:29,233     INFO         labels: loaded /home/ashish/Text2Speech/TTSDNNRepo/egs/slt_arctic/s1/experiments/slt_arctic_demo/duration_model/data/label_state_align/arctic_a0045.lab, 150 labels
2016-11-14 19:57:29,260    DEBUG         labels: made label matrix of 30 frames x 416 labels
2016-11-14 19:57:29,262     INFO         labels: loaded /home/ashish/Text2Speech/TTSDNNRepo/egs/slt_arctic/s1/experiments/slt_arctic_demo/duration_model/data/label_state_align/arctic_a0046.lab, 175 labels
2016-11-14 19:57:29,294    DEBUG         labels: made label matrix of 35 frames x 416 labels
2016-11-14 19:57:29,296     INFO         labels: loaded /home/ashish/Text2Speech/TTSDNNRepo/egs/slt_arctic/s1/experiments/slt_arctic_demo/duration_model/data/label_state_align/arctic_a0047.lab, 195 labels
2016-11-14 19:57:29,332    DEBUG         labels: made label matrix of 39 frames x 416 labels
2016-11-14 19:57:29,333     INFO         labels: loaded /home/ashish/Text2Speech/TTSDNNRepo/egs/slt_arctic/s1/experiments/slt_arctic_demo/duration_model/data/label_state_align/arctic_a0048.lab, 150 labels
2016-11-14 19:57:29,361    DEBUG         labels: made label matrix of 30 frames x 416 labels
2016-11-14 19:57:29,362     INFO         labels: loaded /home/ashish/Text2Speech/TTSDNNRepo/egs/slt_arctic/s1/experiments/slt_arctic_demo/duration_model/data/label_state_align/arctic_a0049.lab, 180 labels
2016-11-14 19:57:29,395    DEBUG         labels: made label matrix of 36 frames x 416 labels
2016-11-14 19:57:29,397     INFO         labels: loaded /home/ashish/Text2Speech/TTSDNNRepo/egs/slt_arctic/s1/experiments/slt_arctic_demo/duration_model/data/label_state_align/arctic_a0050.lab, 240 labels
2016-11-14 19:57:29,443    DEBUG         labels: made label matrix of 48 frames x 416 labels
2016-11-14 19:57:29,444     INFO         labels: loaded /home/ashish/Text2Speech/TTSDNNRepo/egs/slt_arctic/s1/experiments/slt_arctic_demo/duration_model/data/label_state_align/arctic_a0051.lab, 235 labels
2016-11-14 19:57:29,489    DEBUG         labels: made label matrix of 47 frames x 416 labels
2016-11-14 19:57:29,490     INFO         labels: loaded /home/ashish/Text2Speech/TTSDNNRepo/egs/slt_arctic/s1/experiments/slt_arctic_demo/duration_model/data/label_state_align/arctic_a0052.lab, 125 labels
2016-11-14 19:57:29,514    DEBUG         labels: made label matrix of 25 frames x 416 labels
2016-11-14 19:57:29,515     INFO         labels: loaded /home/ashish/Text2Speech/TTSDNNRepo/egs/slt_arctic/s1/experiments/slt_arctic_demo/duration_model/data/label_state_align/arctic_a0053.lab, 205 labels
2016-11-14 19:57:29,553    DEBUG         labels: made label matrix of 41 frames x 416 labels
2016-11-14 19:57:29,554     INFO         labels: loaded /home/ashish/Text2Speech/TTSDNNRepo/egs/slt_arctic/s1/experiments/slt_arctic_demo/duration_model/data/label_state_align/arctic_a0054.lab, 100 labels
2016-11-14 19:57:29,580    DEBUG         labels: made label matrix of 20 frames x 416 labels
2016-11-14 19:57:29,581     INFO         labels: loaded /home/ashish/Text2Speech/TTSDNNRepo/egs/slt_arctic/s1/experiments/slt_arctic_demo/duration_model/data/label_state_align/arctic_a0055.lab, 250 labels
2016-11-14 19:57:29,629    DEBUG         labels: made label matrix of 50 frames x 416 labels
2016-11-14 19:57:29,631     INFO         labels: loaded /home/ashish/Text2Speech/TTSDNNRepo/egs/slt_arctic/s1/experiments/slt_arctic_demo/duration_model/data/label_state_align/arctic_a0056.lab, 165 labels
2016-11-14 19:57:29,661    DEBUG         labels: made label matrix of 33 frames x 416 labels
2016-11-14 19:57:29,695     INFO         labels: loaded /home/ashish/Text2Speech/TTSDNNRepo/egs/slt_arctic/s1/experiments/slt_arctic_demo/duration_model/data/label_state_align/arctic_a0057.lab, 115 labels
2016-11-14 19:57:29,734    DEBUG         labels: made label matrix of 23 frames x 416 labels
2016-11-14 19:57:29,736     INFO         labels: loaded /home/ashish/Text2Speech/TTSDNNRepo/egs/slt_arctic/s1/experiments/slt_arctic_demo/duration_model/data/label_state_align/arctic_a0058.lab, 235 labels
2016-11-14 19:57:29,796    DEBUG         labels: made label matrix of 47 frames x 416 labels
2016-11-14 19:57:29,798     INFO         labels: loaded /home/ashish/Text2Speech/TTSDNNRepo/egs/slt_arctic/s1/experiments/slt_arctic_demo/duration_model/data/label_state_align/arctic_a0059.lab, 140 labels
2016-11-14 19:57:29,827    DEBUG         labels: made label matrix of 28 frames x 416 labels
2016-11-14 19:57:29,828     INFO         labels: loaded /home/ashish/Text2Speech/TTSDNNRepo/egs/slt_arctic/s1/experiments/slt_arctic_demo/duration_model/data/label_state_align/arctic_a0060.lab, 110 labels
2016-11-14 19:57:29,849    DEBUG         labels: made label matrix of 22 frames x 416 labels
2016-11-14 19:57:30,009    DEBUG  acoustic_norm: MinMaxNormalisation created for feature dimension of 416
2016-11-14 19:57:30,015     INFO  acoustic_norm: across 50 files found min/max values of length 416:
2016-11-14 19:57:30,025     INFO  acoustic_norm:   min: [[ 0.  0.  0.  0.  0.  0.  0.  0.  0.  0.  0.  0.  0.  0.  0.  0.  0.  0.
   0.  0.  0.  0.  0.  0.  0.  0.  0.  0.  0.  0.  0.  0.  0.  0.  0.  0.
   0.  0.  0.  0.  0.  0.  0.  0.  0.  0.  0.  0.  0.  0.  0.  0.  0.  0.
   0.  0.  0.  0.  0.  0.  0.  0.  0.  0.  0.  0.  0.  0.  0.  0.  0.  0.
   0.  0.  0.  0.  0.  0.  0.  0.  0.  0.  0.  0.  0.  0.  0.  0.  0.  0.
   0.  0.  0.  0.  0.  0.  0.  0.  0.  0.  0.  0.  0.  0.  0.  0.  0.  0.
   0.  0.  0.  0.  0.  0.  0.  0.  0.  0.  0.  0.  0.  0.  0.  0.  0.  0.
   0.  0.  0.  0.  0.  0.  0.  0.  0.  0.  0.  0.  0.  0.  0.  0.  0.  0.
   0.  0.  0.  0.  0.  0.  0.  0.  0.  0.  0.  0.  0.  0.  0.  0.  0.  0.
   0.  0.  0.  0.  0.  0.  0.  0.  0.  0.  0.  0.  0.  0.  0.  0.  0.  0.
   0.  0.  0.  0.  0.  0.  0.  0.  0.  0.  0.  0.  0.  0.  0.  0.  0.  0.
   0.  0.  0.  0.  0.  0.  0.  0.  0.  0.  0.  0.  0.  0.  0.  0.  0.  0.
   0.  0.  0.  0.  0.  0.  0.  0.  0.  0.  0.  0.  0.  0.  0.  0.  0.  0.
   0.  0.  0.  0.  0.  0.  0.  0.  0.  0.  0.  0.  0.  0.  0.  0.  0.  0.
   0.  0.  0.  0.  0.  0.  0.  0.  0.  0.  0.  0.  0.  0.  0.  0.  0.  0.
   0.  0.  0.  0.  0.  0.  0.  0.  0.  0.  0.  0.  0.  0.  0.  0.  0.  0.
   0.  0.  0.  0.  0.  0.  0.  0.  0.  0.  0.  0.  0.  0.  0.  0.  0.  0.
   0.  0.  0.  0.  0.  0.  0.  0.  0.  0.  0.  0.  0.  0.  0.  0.  0.  0.
   0.  0.  0.  0.  0.  0.  0.  0.  0.  0.  0.  0.  0.  0.  0.  0.  0.  0.
   0.  0.  0.  0.  0.  0.  0.  0.  0.  0.  0.  0.  0.  0.  0.  0.  0.  0.
   0.  0.  0.  0.  0.  0.  0.  0.  0.  0.  0.  0.  0. -1. -1.  0.  0.  0.
  -1. -1. -1. -1. -1. -1. -1. -1. -1. -1. -1. -1. -1. -1. -1.  0.  0.  0.
   0. -1. -1. -1. -1. -1. -1. -1.  0.  0.  0. -1. -1.  1. -1.  0.  0.  5.
   3.  0.]]
2016-11-14 19:57:30,035     INFO  acoustic_norm:   max: [[  1.   1.   1.   1.   1.   1.   1.   1.   1.   1.   1.   1.   1.   1.
    1.   1.   1.   1.   1.   1.   1.   1.   1.   1.   1.   1.   1.   1.
    1.   1.   1.   1.   1.   1.   1.   1.   1.   1.   1.   1.   1.   1.
    1.   1.   1.   1.   1.   1.   1.   1.   1.   1.   1.   1.   1.   1.
    1.   1.   1.   1.   1.   1.   1.   1.   0.   1.   1.   1.   1.   1.
    0.   1.   0.   0.   0.   1.   1.   1.   1.   1.   0.   1.   1.   1.
    1.   1.   1.   1.   0.   1.   1.   0.   1.   1.   1.   1.   1.   1.
    1.   1.   1.   1.   1.   1.   0.   1.   1.   1.   1.   1.   1.   1.
    0.   1.   1.   1.   1.   1.   0.   1.   0.   0.   0.   1.   1.   1.
    1.   1.   0.   1.   1.   1.   1.   1.   1.   1.   0.   1.   1.   0.
    1.   1.   1.   1.   1.   1.   1.   1.   1.   1.   1.   1.   0.   1.
    1.   1.   1.   1.   1.   1.   0.   1.   1.   1.   1.   1.   0.   1.
    0.   0.   0.   1.   1.   1.   1.   1.   0.   1.   1.   1.   1.   1.
    1.   1.   0.   1.   1.   0.   1.   1.   1.   1.   1.   1.   1.   1.
    1.   1.   1.   1.   0.   1.   1.   1.   1.   1.   1.   1.   0.   1.
    1.   1.   1.   1.   0.   1.   0.   0.   0.   1.   1.   1.   1.   1.
    0.   1.   1.   1.   1.   1.   1.   1.   0.   1.   1.   0.   1.   1.
    1.   1.   1.   1.   1.   1.   1.   1.   1.   1.   0.   1.   1.   1.
    1.   1.   1.   1.   0.   1.   1.   1.   1.   1.   0.   1.   0.   0.
    0.   1.   1.   1.   1.   1.   0.   1.   1.   1.   1.   1.   1.   1.
    0.   1.   1.   0.   1.   1.   1.   1.   1.   1.   1.   1.   1.   1.
    1.   1.   0.   1.   1.   1.   1.   1.   1.   1.   1.   1.   1.   1.
    1.   1.   1.   1.   1.   1.   1.   1.   1.   1.   1.   1.   1.   1.
    1.   1.   1.   1.   0.   1.   1.   0.   0.   0.   1.   1.   1.   1.
    1.   0.   1.   1.   1.   1.   1.   1.   1.   1.   1.   1.   0.   1.
    1.   1.   1.   1.   1.   1.   1.   1.   1.   0.   1.   1.   1.   1.
    1.   1.   1.   1.   1.   1.   0.   1.   1.   6.   6.   1.   1.   6.
    1.   1.   6.   5.   5.  18.  18.   9.  10.   5.   6.   4.   4.  16.
   16.   1.   1.   6.   5.   5.  10.  10.   8.   7.   4.   5.   5.  18.
    9.  18.  10.   3.  -1.  13.   8.  28.  13.   3.]]
2016-11-14 19:57:30,121     INFO           main: saved 416 vectors to /home/ashish/Text2Speech/TTSDNNRepo/egs/slt_arctic/s1/experiments/slt_arctic_demo/duration_model/data/label_norm_HTS_416.dat
2016-11-14 19:57:30,121     INFO           main: creating duration (output) features
2016-11-14 19:57:30,122     INFO            dur: loaded /home/ashish/Text2Speech/TTSDNNRepo/egs/slt_arctic/s1/experiments/slt_arctic_demo/duration_model/data/label_state_align/arctic_a0001.lab, 185 labels
2016-11-14 19:57:30,126    DEBUG            dur: made duration matrix of 37 frames x 5 features
2016-11-14 19:57:30,128     INFO            dur: loaded /home/ashish/Text2Speech/TTSDNNRepo/egs/slt_arctic/s1/experiments/slt_arctic_demo/duration_model/data/label_state_align/arctic_a0002.lab, 210 labels
2016-11-14 19:57:30,132    DEBUG            dur: made duration matrix of 42 frames x 5 features
2016-11-14 19:57:30,132     INFO            dur: loaded /home/ashish/Text2Speech/TTSDNNRepo/egs/slt_arctic/s1/experiments/slt_arctic_demo/duration_model/data/label_state_align/arctic_a0003.lab, 205 labels
2016-11-14 19:57:30,136    DEBUG            dur: made duration matrix of 41 frames x 5 features
2016-11-14 19:57:30,138     INFO            dur: loaded /home/ashish/Text2Speech/TTSDNNRepo/egs/slt_arctic/s1/experiments/slt_arctic_demo/duration_model/data/label_state_align/arctic_a0004.lab, 140 labels
2016-11-14 19:57:30,141    DEBUG            dur: made duration matrix of 28 frames x 5 features
2016-11-14 19:57:30,143     INFO            dur: loaded /home/ashish/Text2Speech/TTSDNNRepo/egs/slt_arctic/s1/experiments/slt_arctic_demo/duration_model/data/label_state_align/arctic_a0005.lab,  85 labels
2016-11-14 19:57:30,145    DEBUG            dur: made duration matrix of 17 frames x 5 features
2016-11-14 19:57:30,145     INFO            dur: loaded /home/ashish/Text2Speech/TTSDNNRepo/egs/slt_arctic/s1/experiments/slt_arctic_demo/duration_model/data/label_state_align/arctic_a0006.lab, 165 labels
2016-11-14 19:57:30,148    DEBUG            dur: made duration matrix of 33 frames x 5 features
2016-11-14 19:57:30,149     INFO            dur: loaded /home/ashish/Text2Speech/TTSDNNRepo/egs/slt_arctic/s1/experiments/slt_arctic_demo/duration_model/data/label_state_align/arctic_a0007.lab, 200 labels
2016-11-14 19:57:30,153    DEBUG            dur: made duration matrix of 40 frames x 5 features
2016-11-14 19:57:30,179     INFO            dur: loaded /home/ashish/Text2Speech/TTSDNNRepo/egs/slt_arctic/s1/experiments/slt_arctic_demo/duration_model/data/label_state_align/arctic_a0008.lab, 120 labels
2016-11-14 19:57:30,183    DEBUG            dur: made duration matrix of 24 frames x 5 features
2016-11-14 19:57:30,183     INFO            dur: loaded /home/ashish/Text2Speech/TTSDNNRepo/egs/slt_arctic/s1/experiments/slt_arctic_demo/duration_model/data/label_state_align/arctic_a0009.lab, 200 labels
2016-11-14 19:57:30,188    DEBUG            dur: made duration matrix of 40 frames x 5 features
2016-11-14 19:57:30,188     INFO            dur: loaded /home/ashish/Text2Speech/TTSDNNRepo/egs/slt_arctic/s1/experiments/slt_arctic_demo/duration_model/data/label_state_align/arctic_a0010.lab, 205 labels
2016-11-14 19:57:30,193    DEBUG            dur: made duration matrix of 41 frames x 5 features
2016-11-14 19:57:30,193     INFO            dur: loaded /home/ashish/Text2Speech/TTSDNNRepo/egs/slt_arctic/s1/experiments/slt_arctic_demo/duration_model/data/label_state_align/arctic_a0011.lab, 170 labels
2016-11-14 19:57:30,197    DEBUG            dur: made duration matrix of 34 frames x 5 features
2016-11-14 19:57:30,198     INFO            dur: loaded /home/ashish/Text2Speech/TTSDNNRepo/egs/slt_arctic/s1/experiments/slt_arctic_demo/duration_model/data/label_state_align/arctic_a0012.lab, 180 labels
2016-11-14 19:57:30,202    DEBUG            dur: made duration matrix of 36 frames x 5 features
2016-11-14 19:57:30,202     INFO            dur: loaded /home/ashish/Text2Speech/TTSDNNRepo/egs/slt_arctic/s1/experiments/slt_arctic_demo/duration_model/data/label_state_align/arctic_a0013.lab, 260 labels
2016-11-14 19:57:30,208    DEBUG            dur: made duration matrix of 52 frames x 5 features
2016-11-14 19:57:30,208     INFO            dur: loaded /home/ashish/Text2Speech/TTSDNNRepo/egs/slt_arctic/s1/experiments/slt_arctic_demo/duration_model/data/label_state_align/arctic_a0014.lab, 180 labels
2016-11-14 19:57:30,212    DEBUG            dur: made duration matrix of 36 frames x 5 features
2016-11-14 19:57:30,213     INFO            dur: loaded /home/ashish/Text2Speech/TTSDNNRepo/egs/slt_arctic/s1/experiments/slt_arctic_demo/duration_model/data/label_state_align/arctic_a0015.lab,  95 labels
2016-11-14 19:57:30,215    DEBUG            dur: made duration matrix of 19 frames x 5 features
2016-11-14 19:57:30,215     INFO            dur: loaded /home/ashish/Text2Speech/TTSDNNRepo/egs/slt_arctic/s1/experiments/slt_arctic_demo/duration_model/data/label_state_align/arctic_a0016.lab, 205 labels
2016-11-14 19:57:30,220    DEBUG            dur: made duration matrix of 41 frames x 5 features
2016-11-14 19:57:30,220     INFO            dur: loaded /home/ashish/Text2Speech/TTSDNNRepo/egs/slt_arctic/s1/experiments/slt_arctic_demo/duration_model/data/label_state_align/arctic_a0017.lab, 275 labels
2016-11-14 19:57:30,226    DEBUG            dur: made duration matrix of 55 frames x 5 features
2016-11-14 19:57:30,226     INFO            dur: loaded /home/ashish/Text2Speech/TTSDNNRepo/egs/slt_arctic/s1/experiments/slt_arctic_demo/duration_model/data/label_state_align/arctic_a0018.lab,  75 labels
2016-11-14 19:57:30,227    DEBUG            dur: made duration matrix of 15 frames x 5 features
2016-11-14 19:57:30,228     INFO            dur: loaded /home/ashish/Text2Speech/TTSDNNRepo/egs/slt_arctic/s1/experiments/slt_arctic_demo/duration_model/data/label_state_align/arctic_a0019.lab, 220 labels
2016-11-14 19:57:30,232    DEBUG            dur: made duration matrix of 44 frames x 5 features
2016-11-14 19:57:30,233     INFO            dur: loaded /home/ashish/Text2Speech/TTSDNNRepo/egs/slt_arctic/s1/experiments/slt_arctic_demo/duration_model/data/label_state_align/arctic_a0020.lab, 195 labels
2016-11-14 19:57:30,237    DEBUG            dur: made duration matrix of 39 frames x 5 features
2016-11-14 19:57:30,237     INFO            dur: loaded /home/ashish/Text2Speech/TTSDNNRepo/egs/slt_arctic/s1/experiments/slt_arctic_demo/duration_model/data/label_state_align/arctic_a0021.lab, 160 labels
2016-11-14 19:57:30,240    DEBUG            dur: made duration matrix of 32 frames x 5 features
2016-11-14 19:57:30,241     INFO            dur: loaded /home/ashish/Text2Speech/TTSDNNRepo/egs/slt_arctic/s1/experiments/slt_arctic_demo/duration_model/data/label_state_align/arctic_a0022.lab, 270 labels
2016-11-14 19:57:30,246    DEBUG            dur: made duration matrix of 54 frames x 5 features
2016-11-14 19:57:30,246     INFO            dur: loaded /home/ashish/Text2Speech/TTSDNNRepo/egs/slt_arctic/s1/experiments/slt_arctic_demo/duration_model/data/label_state_align/arctic_a0023.lab, 360 labels
2016-11-14 19:57:30,253    DEBUG            dur: made duration matrix of 72 frames x 5 features
2016-11-14 19:57:30,254     INFO            dur: loaded /home/ashish/Text2Speech/TTSDNNRepo/egs/slt_arctic/s1/experiments/slt_arctic_demo/duration_model/data/label_state_align/arctic_a0024.lab, 245 labels
2016-11-14 19:57:30,259    DEBUG            dur: made duration matrix of 49 frames x 5 features
2016-11-14 19:57:30,260     INFO            dur: loaded /home/ashish/Text2Speech/TTSDNNRepo/egs/slt_arctic/s1/experiments/slt_arctic_demo/duration_model/data/label_state_align/arctic_a0025.lab, 190 labels
2016-11-14 19:57:30,264    DEBUG            dur: made duration matrix of 38 frames x 5 features
2016-11-14 19:57:30,264     INFO            dur: loaded /home/ashish/Text2Speech/TTSDNNRepo/egs/slt_arctic/s1/experiments/slt_arctic_demo/duration_model/data/label_state_align/arctic_a0026.lab, 185 labels
2016-11-14 19:57:30,268    DEBUG            dur: made duration matrix of 37 frames x 5 features
2016-11-14 19:57:30,268     INFO            dur: loaded /home/ashish/Text2Speech/TTSDNNRepo/egs/slt_arctic/s1/experiments/slt_arctic_demo/duration_model/data/label_state_align/arctic_a0027.lab, 240 labels
2016-11-14 19:57:30,273    DEBUG            dur: made duration matrix of 48 frames x 5 features
2016-11-14 19:57:30,274     INFO            dur: loaded /home/ashish/Text2Speech/TTSDNNRepo/egs/slt_arctic/s1/experiments/slt_arctic_demo/duration_model/data/label_state_align/arctic_a0028.lab,  85 labels
2016-11-14 19:57:30,275    DEBUG            dur: made duration matrix of 17 frames x 5 features
2016-11-14 19:57:30,276     INFO            dur: loaded /home/ashish/Text2Speech/TTSDNNRepo/egs/slt_arctic/s1/experiments/slt_arctic_demo/duration_model/data/label_state_align/arctic_a0029.lab, 200 labels
2016-11-14 19:57:30,280    DEBUG            dur: made duration matrix of 40 frames x 5 features
2016-11-14 19:57:30,280     INFO            dur: loaded /home/ashish/Text2Speech/TTSDNNRepo/egs/slt_arctic/s1/experiments/slt_arctic_demo/duration_model/data/label_state_align/arctic_a0030.lab,  70 labels
2016-11-14 19:57:30,282    DEBUG            dur: made duration matrix of 14 frames x 5 features
2016-11-14 19:57:30,284     INFO            dur: loaded /home/ashish/Text2Speech/TTSDNNRepo/egs/slt_arctic/s1/experiments/slt_arctic_demo/duration_model/data/label_state_align/arctic_a0031.lab, 130 labels
2016-11-14 19:57:30,287    DEBUG            dur: made duration matrix of 26 frames x 5 features
2016-11-14 19:57:30,287     INFO            dur: loaded /home/ashish/Text2Speech/TTSDNNRepo/egs/slt_arctic/s1/experiments/slt_arctic_demo/duration_model/data/label_state_align/arctic_a0032.lab, 240 labels
2016-11-14 19:57:30,292    DEBUG            dur: made duration matrix of 48 frames x 5 features
2016-11-14 19:57:30,292     INFO            dur: loaded /home/ashish/Text2Speech/TTSDNNRepo/egs/slt_arctic/s1/experiments/slt_arctic_demo/duration_model/data/label_state_align/arctic_a0033.lab, 240 labels
2016-11-14 19:57:30,297    DEBUG            dur: made duration matrix of 48 frames x 5 features
2016-11-14 19:57:30,297     INFO            dur: loaded /home/ashish/Text2Speech/TTSDNNRepo/egs/slt_arctic/s1/experiments/slt_arctic_demo/duration_model/data/label_state_align/arctic_a0034.lab, 220 labels
2016-11-14 19:57:30,302    DEBUG            dur: made duration matrix of 44 frames x 5 features
2016-11-14 19:57:30,302     INFO            dur: loaded /home/ashish/Text2Speech/TTSDNNRepo/egs/slt_arctic/s1/experiments/slt_arctic_demo/duration_model/data/label_state_align/arctic_a0035.lab, 235 labels
2016-11-14 19:57:30,307    DEBUG            dur: made duration matrix of 47 frames x 5 features
2016-11-14 19:57:30,307     INFO            dur: loaded /home/ashish/Text2Speech/TTSDNNRepo/egs/slt_arctic/s1/experiments/slt_arctic_demo/duration_model/data/label_state_align/arctic_a0036.lab,  95 labels
2016-11-14 19:57:30,309    DEBUG            dur: made duration matrix of 19 frames x 5 features
2016-11-14 19:57:30,309     INFO            dur: loaded /home/ashish/Text2Speech/TTSDNNRepo/egs/slt_arctic/s1/experiments/slt_arctic_demo/duration_model/data/label_state_align/arctic_a0037.lab, 140 labels
2016-11-14 19:57:30,312    DEBUG            dur: made duration matrix of 28 frames x 5 features
2016-11-14 19:57:30,313     INFO            dur: loaded /home/ashish/Text2Speech/TTSDNNRepo/egs/slt_arctic/s1/experiments/slt_arctic_demo/duration_model/data/label_state_align/arctic_a0038.lab, 105 labels
2016-11-14 19:57:30,315    DEBUG            dur: made duration matrix of 21 frames x 5 features
2016-11-14 19:57:30,315     INFO            dur: loaded /home/ashish/Text2Speech/TTSDNNRepo/egs/slt_arctic/s1/experiments/slt_arctic_demo/duration_model/data/label_state_align/arctic_a0039.lab, 155 labels
2016-11-14 19:57:30,318    DEBUG            dur: made duration matrix of 31 frames x 5 features
2016-11-14 19:57:30,319     INFO            dur: loaded /home/ashish/Text2Speech/TTSDNNRepo/egs/slt_arctic/s1/experiments/slt_arctic_demo/duration_model/data/label_state_align/arctic_a0040.lab, 155 labels
2016-11-14 19:57:30,322    DEBUG            dur: made duration matrix of 31 frames x 5 features
2016-11-14 19:57:30,322     INFO            dur: loaded /home/ashish/Text2Speech/TTSDNNRepo/egs/slt_arctic/s1/experiments/slt_arctic_demo/duration_model/data/label_state_align/arctic_a0041.lab, 125 labels
2016-11-14 19:57:30,325    DEBUG            dur: made duration matrix of 25 frames x 5 features
2016-11-14 19:57:30,325     INFO            dur: loaded /home/ashish/Text2Speech/TTSDNNRepo/egs/slt_arctic/s1/experiments/slt_arctic_demo/duration_model/data/label_state_align/arctic_a0042.lab, 170 labels
2016-11-14 19:57:30,329    DEBUG            dur: made duration matrix of 34 frames x 5 features
2016-11-14 19:57:30,329     INFO            dur: loaded /home/ashish/Text2Speech/TTSDNNRepo/egs/slt_arctic/s1/experiments/slt_arctic_demo/duration_model/data/label_state_align/arctic_a0043.lab, 230 labels
2016-11-14 19:57:30,334    DEBUG            dur: made duration matrix of 46 frames x 5 features
2016-11-14 19:57:30,334     INFO            dur: loaded /home/ashish/Text2Speech/TTSDNNRepo/egs/slt_arctic/s1/experiments/slt_arctic_demo/duration_model/data/label_state_align/arctic_a0044.lab, 195 labels
2016-11-14 19:57:30,338    DEBUG            dur: made duration matrix of 39 frames x 5 features
2016-11-14 19:57:30,338     INFO            dur: loaded /home/ashish/Text2Speech/TTSDNNRepo/egs/slt_arctic/s1/experiments/slt_arctic_demo/duration_model/data/label_state_align/arctic_a0045.lab, 150 labels
2016-11-14 19:57:30,341    DEBUG            dur: made duration matrix of 30 frames x 5 features
2016-11-14 19:57:30,342     INFO            dur: loaded /home/ashish/Text2Speech/TTSDNNRepo/egs/slt_arctic/s1/experiments/slt_arctic_demo/duration_model/data/label_state_align/arctic_a0046.lab, 175 labels
2016-11-14 19:57:30,345    DEBUG            dur: made duration matrix of 35 frames x 5 features
2016-11-14 19:57:30,346     INFO            dur: loaded /home/ashish/Text2Speech/TTSDNNRepo/egs/slt_arctic/s1/experiments/slt_arctic_demo/duration_model/data/label_state_align/arctic_a0047.lab, 195 labels
2016-11-14 19:57:30,350    DEBUG            dur: made duration matrix of 39 frames x 5 features
2016-11-14 19:57:30,350     INFO            dur: loaded /home/ashish/Text2Speech/TTSDNNRepo/egs/slt_arctic/s1/experiments/slt_arctic_demo/duration_model/data/label_state_align/arctic_a0048.lab, 150 labels
2016-11-14 19:57:30,353    DEBUG            dur: made duration matrix of 30 frames x 5 features
2016-11-14 19:57:30,353     INFO            dur: loaded /home/ashish/Text2Speech/TTSDNNRepo/egs/slt_arctic/s1/experiments/slt_arctic_demo/duration_model/data/label_state_align/arctic_a0049.lab, 180 labels
2016-11-14 19:57:30,358    DEBUG            dur: made duration matrix of 36 frames x 5 features
2016-11-14 19:57:30,358     INFO            dur: loaded /home/ashish/Text2Speech/TTSDNNRepo/egs/slt_arctic/s1/experiments/slt_arctic_demo/duration_model/data/label_state_align/arctic_a0050.lab, 240 labels
2016-11-14 19:57:30,363    DEBUG            dur: made duration matrix of 48 frames x 5 features
2016-11-14 19:57:30,363     INFO            dur: loaded /home/ashish/Text2Speech/TTSDNNRepo/egs/slt_arctic/s1/experiments/slt_arctic_demo/duration_model/data/label_state_align/arctic_a0051.lab, 235 labels
2016-11-14 19:57:30,368    DEBUG            dur: made duration matrix of 47 frames x 5 features
2016-11-14 19:57:30,369     INFO            dur: loaded /home/ashish/Text2Speech/TTSDNNRepo/egs/slt_arctic/s1/experiments/slt_arctic_demo/duration_model/data/label_state_align/arctic_a0052.lab, 125 labels
2016-11-14 19:57:30,371    DEBUG            dur: made duration matrix of 25 frames x 5 features
2016-11-14 19:57:30,372     INFO            dur: loaded /home/ashish/Text2Speech/TTSDNNRepo/egs/slt_arctic/s1/experiments/slt_arctic_demo/duration_model/data/label_state_align/arctic_a0053.lab, 205 labels
2016-11-14 19:57:30,376    DEBUG            dur: made duration matrix of 41 frames x 5 features
2016-11-14 19:57:30,376     INFO            dur: loaded /home/ashish/Text2Speech/TTSDNNRepo/egs/slt_arctic/s1/experiments/slt_arctic_demo/duration_model/data/label_state_align/arctic_a0054.lab, 100 labels
2016-11-14 19:57:30,378    DEBUG            dur: made duration matrix of 20 frames x 5 features
2016-11-14 19:57:30,378     INFO            dur: loaded /home/ashish/Text2Speech/TTSDNNRepo/egs/slt_arctic/s1/experiments/slt_arctic_demo/duration_model/data/label_state_align/arctic_a0055.lab, 250 labels
2016-11-14 19:57:30,383    DEBUG            dur: made duration matrix of 50 frames x 5 features
2016-11-14 19:57:30,384     INFO            dur: loaded /home/ashish/Text2Speech/TTSDNNRepo/egs/slt_arctic/s1/experiments/slt_arctic_demo/duration_model/data/label_state_align/arctic_a0056.lab, 165 labels
2016-11-14 19:57:30,387    DEBUG            dur: made duration matrix of 33 frames x 5 features
2016-11-14 19:57:30,387     INFO            dur: loaded /home/ashish/Text2Speech/TTSDNNRepo/egs/slt_arctic/s1/experiments/slt_arctic_demo/duration_model/data/label_state_align/arctic_a0057.lab, 115 labels
2016-11-14 19:57:30,390    DEBUG            dur: made duration matrix of 23 frames x 5 features
2016-11-14 19:57:30,390     INFO            dur: loaded /home/ashish/Text2Speech/TTSDNNRepo/egs/slt_arctic/s1/experiments/slt_arctic_demo/duration_model/data/label_state_align/arctic_a0058.lab, 235 labels
2016-11-14 19:57:30,395    DEBUG            dur: made duration matrix of 47 frames x 5 features
2016-11-14 19:57:30,395     INFO            dur: loaded /home/ashish/Text2Speech/TTSDNNRepo/egs/slt_arctic/s1/experiments/slt_arctic_demo/duration_model/data/label_state_align/arctic_a0059.lab, 140 labels
2016-11-14 19:57:30,401    DEBUG            dur: made duration matrix of 28 frames x 5 features
2016-11-14 19:57:30,402     INFO            dur: loaded /home/ashish/Text2Speech/TTSDNNRepo/egs/slt_arctic/s1/experiments/slt_arctic_demo/duration_model/data/label_state_align/arctic_a0060.lab, 110 labels
2016-11-14 19:57:30,406    DEBUG            dur: made duration matrix of 22 frames x 5 features
2016-11-14 19:57:30,407     INFO           main: creating acoustic (output) features
2016-11-14 19:57:30,407     INFO  acoustic_comp: processing file    1 of   60 : /home/ashish/Text2Speech/TTSDNNRepo/egs/slt_arctic/s1/experiments/slt_arctic_demo/duration_model/data/nn_dur_5/arctic_a0001.cmp
2016-11-14 19:57:30,433    DEBUG  acoustic_comp:  wrote 37 frames of features
2016-11-14 19:57:30,433     INFO  acoustic_comp: processing file    2 of   60 : /home/ashish/Text2Speech/TTSDNNRepo/egs/slt_arctic/s1/experiments/slt_arctic_demo/duration_model/data/nn_dur_5/arctic_a0002.cmp
2016-11-14 19:57:30,433    DEBUG  acoustic_comp:  wrote 42 frames of features
2016-11-14 19:57:30,433     INFO  acoustic_comp: processing file    3 of   60 : /home/ashish/Text2Speech/TTSDNNRepo/egs/slt_arctic/s1/experiments/slt_arctic_demo/duration_model/data/nn_dur_5/arctic_a0003.cmp
2016-11-14 19:57:30,434    DEBUG  acoustic_comp:  wrote 41 frames of features
2016-11-14 19:57:30,434     INFO  acoustic_comp: processing file    4 of   60 : /home/ashish/Text2Speech/TTSDNNRepo/egs/slt_arctic/s1/experiments/slt_arctic_demo/duration_model/data/nn_dur_5/arctic_a0004.cmp
2016-11-14 19:57:30,434    DEBUG  acoustic_comp:  wrote 28 frames of features
2016-11-14 19:57:30,434     INFO  acoustic_comp: processing file    5 of   60 : /home/ashish/Text2Speech/TTSDNNRepo/egs/slt_arctic/s1/experiments/slt_arctic_demo/duration_model/data/nn_dur_5/arctic_a0005.cmp
2016-11-14 19:57:30,435    DEBUG  acoustic_comp:  wrote 17 frames of features
2016-11-14 19:57:30,435     INFO  acoustic_comp: processing file    6 of   60 : /home/ashish/Text2Speech/TTSDNNRepo/egs/slt_arctic/s1/experiments/slt_arctic_demo/duration_model/data/nn_dur_5/arctic_a0006.cmp
2016-11-14 19:57:30,435    DEBUG  acoustic_comp:  wrote 33 frames of features
2016-11-14 19:57:30,435     INFO  acoustic_comp: processing file    7 of   60 : /home/ashish/Text2Speech/TTSDNNRepo/egs/slt_arctic/s1/experiments/slt_arctic_demo/duration_model/data/nn_dur_5/arctic_a0007.cmp
2016-11-14 19:57:30,436    DEBUG  acoustic_comp:  wrote 40 frames of features
2016-11-14 19:57:30,436     INFO  acoustic_comp: processing file    8 of   60 : /home/ashish/Text2Speech/TTSDNNRepo/egs/slt_arctic/s1/experiments/slt_arctic_demo/duration_model/data/nn_dur_5/arctic_a0008.cmp
2016-11-14 19:57:30,439    DEBUG  acoustic_comp:  wrote 24 frames of features
2016-11-14 19:57:30,439     INFO  acoustic_comp: processing file    9 of   60 : /home/ashish/Text2Speech/TTSDNNRepo/egs/slt_arctic/s1/experiments/slt_arctic_demo/duration_model/data/nn_dur_5/arctic_a0009.cmp
2016-11-14 19:57:30,440    DEBUG  acoustic_comp:  wrote 40 frames of features
2016-11-14 19:57:30,440     INFO  acoustic_comp: processing file   10 of   60 : /home/ashish/Text2Speech/TTSDNNRepo/egs/slt_arctic/s1/experiments/slt_arctic_demo/duration_model/data/nn_dur_5/arctic_a0010.cmp
2016-11-14 19:57:30,440    DEBUG  acoustic_comp:  wrote 41 frames of features
2016-11-14 19:57:30,440     INFO  acoustic_comp: processing file   11 of   60 : /home/ashish/Text2Speech/TTSDNNRepo/egs/slt_arctic/s1/experiments/slt_arctic_demo/duration_model/data/nn_dur_5/arctic_a0011.cmp
2016-11-14 19:57:30,441    DEBUG  acoustic_comp:  wrote 34 frames of features
2016-11-14 19:57:30,441     INFO  acoustic_comp: processing file   12 of   60 : /home/ashish/Text2Speech/TTSDNNRepo/egs/slt_arctic/s1/experiments/slt_arctic_demo/duration_model/data/nn_dur_5/arctic_a0012.cmp
2016-11-14 19:57:30,441    DEBUG  acoustic_comp:  wrote 36 frames of features
2016-11-14 19:57:30,441     INFO  acoustic_comp: processing file   13 of   60 : /home/ashish/Text2Speech/TTSDNNRepo/egs/slt_arctic/s1/experiments/slt_arctic_demo/duration_model/data/nn_dur_5/arctic_a0013.cmp
2016-11-14 19:57:30,442    DEBUG  acoustic_comp:  wrote 52 frames of features
2016-11-14 19:57:30,442     INFO  acoustic_comp: processing file   14 of   60 : /home/ashish/Text2Speech/TTSDNNRepo/egs/slt_arctic/s1/experiments/slt_arctic_demo/duration_model/data/nn_dur_5/arctic_a0014.cmp
2016-11-14 19:57:30,442    DEBUG  acoustic_comp:  wrote 36 frames of features
2016-11-14 19:57:30,442     INFO  acoustic_comp: processing file   15 of   60 : /home/ashish/Text2Speech/TTSDNNRepo/egs/slt_arctic/s1/experiments/slt_arctic_demo/duration_model/data/nn_dur_5/arctic_a0015.cmp
2016-11-14 19:57:30,443    DEBUG  acoustic_comp:  wrote 19 frames of features
2016-11-14 19:57:30,443     INFO  acoustic_comp: processing file   16 of   60 : /home/ashish/Text2Speech/TTSDNNRepo/egs/slt_arctic/s1/experiments/slt_arctic_demo/duration_model/data/nn_dur_5/arctic_a0016.cmp
2016-11-14 19:57:30,443    DEBUG  acoustic_comp:  wrote 41 frames of features
2016-11-14 19:57:30,443     INFO  acoustic_comp: processing file   17 of   60 : /home/ashish/Text2Speech/TTSDNNRepo/egs/slt_arctic/s1/experiments/slt_arctic_demo/duration_model/data/nn_dur_5/arctic_a0017.cmp
2016-11-14 19:57:30,444    DEBUG  acoustic_comp:  wrote 55 frames of features
2016-11-14 19:57:30,444     INFO  acoustic_comp: processing file   18 of   60 : /home/ashish/Text2Speech/TTSDNNRepo/egs/slt_arctic/s1/experiments/slt_arctic_demo/duration_model/data/nn_dur_5/arctic_a0018.cmp
2016-11-14 19:57:30,444    DEBUG  acoustic_comp:  wrote 15 frames of features
2016-11-14 19:57:30,444     INFO  acoustic_comp: processing file   19 of   60 : /home/ashish/Text2Speech/TTSDNNRepo/egs/slt_arctic/s1/experiments/slt_arctic_demo/duration_model/data/nn_dur_5/arctic_a0019.cmp
2016-11-14 19:57:30,445    DEBUG  acoustic_comp:  wrote 44 frames of features
2016-11-14 19:57:30,445     INFO  acoustic_comp: processing file   20 of   60 : /home/ashish/Text2Speech/TTSDNNRepo/egs/slt_arctic/s1/experiments/slt_arctic_demo/duration_model/data/nn_dur_5/arctic_a0020.cmp
2016-11-14 19:57:30,445    DEBUG  acoustic_comp:  wrote 39 frames of features
2016-11-14 19:57:30,445     INFO  acoustic_comp: processing file   21 of   60 : /home/ashish/Text2Speech/TTSDNNRepo/egs/slt_arctic/s1/experiments/slt_arctic_demo/duration_model/data/nn_dur_5/arctic_a0021.cmp
2016-11-14 19:57:30,446    DEBUG  acoustic_comp:  wrote 32 frames of features
2016-11-14 19:57:30,446     INFO  acoustic_comp: processing file   22 of   60 : /home/ashish/Text2Speech/TTSDNNRepo/egs/slt_arctic/s1/experiments/slt_arctic_demo/duration_model/data/nn_dur_5/arctic_a0022.cmp
2016-11-14 19:57:30,446    DEBUG  acoustic_comp:  wrote 54 frames of features
2016-11-14 19:57:30,446     INFO  acoustic_comp: processing file   23 of   60 : /home/ashish/Text2Speech/TTSDNNRepo/egs/slt_arctic/s1/experiments/slt_arctic_demo/duration_model/data/nn_dur_5/arctic_a0023.cmp
2016-11-14 19:57:30,447    DEBUG  acoustic_comp:  wrote 72 frames of features
2016-11-14 19:57:30,447     INFO  acoustic_comp: processing file   24 of   60 : /home/ashish/Text2Speech/TTSDNNRepo/egs/slt_arctic/s1/experiments/slt_arctic_demo/duration_model/data/nn_dur_5/arctic_a0024.cmp
2016-11-14 19:57:30,447    DEBUG  acoustic_comp:  wrote 49 frames of features
2016-11-14 19:57:30,447     INFO  acoustic_comp: processing file   25 of   60 : /home/ashish/Text2Speech/TTSDNNRepo/egs/slt_arctic/s1/experiments/slt_arctic_demo/duration_model/data/nn_dur_5/arctic_a0025.cmp
2016-11-14 19:57:30,448    DEBUG  acoustic_comp:  wrote 38 frames of features
2016-11-14 19:57:30,448     INFO  acoustic_comp: processing file   26 of   60 : /home/ashish/Text2Speech/TTSDNNRepo/egs/slt_arctic/s1/experiments/slt_arctic_demo/duration_model/data/nn_dur_5/arctic_a0026.cmp
2016-11-14 19:57:30,448    DEBUG  acoustic_comp:  wrote 37 frames of features
2016-11-14 19:57:30,448     INFO  acoustic_comp: processing file   27 of   60 : /home/ashish/Text2Speech/TTSDNNRepo/egs/slt_arctic/s1/experiments/slt_arctic_demo/duration_model/data/nn_dur_5/arctic_a0027.cmp
2016-11-14 19:57:30,448    DEBUG  acoustic_comp:  wrote 48 frames of features
2016-11-14 19:57:30,448     INFO  acoustic_comp: processing file   28 of   60 : /home/ashish/Text2Speech/TTSDNNRepo/egs/slt_arctic/s1/experiments/slt_arctic_demo/duration_model/data/nn_dur_5/arctic_a0028.cmp
2016-11-14 19:57:30,449    DEBUG  acoustic_comp:  wrote 17 frames of features
2016-11-14 19:57:30,449     INFO  acoustic_comp: processing file   29 of   60 : /home/ashish/Text2Speech/TTSDNNRepo/egs/slt_arctic/s1/experiments/slt_arctic_demo/duration_model/data/nn_dur_5/arctic_a0029.cmp
2016-11-14 19:57:30,449    DEBUG  acoustic_comp:  wrote 40 frames of features
2016-11-14 19:57:30,449     INFO  acoustic_comp: processing file   30 of   60 : /home/ashish/Text2Speech/TTSDNNRepo/egs/slt_arctic/s1/experiments/slt_arctic_demo/duration_model/data/nn_dur_5/arctic_a0030.cmp
2016-11-14 19:57:30,449    DEBUG  acoustic_comp:  wrote 14 frames of features
2016-11-14 19:57:30,449     INFO  acoustic_comp: processing file   31 of   60 : /home/ashish/Text2Speech/TTSDNNRepo/egs/slt_arctic/s1/experiments/slt_arctic_demo/duration_model/data/nn_dur_5/arctic_a0031.cmp
2016-11-14 19:57:30,450    DEBUG  acoustic_comp:  wrote 26 frames of features
2016-11-14 19:57:30,450     INFO  acoustic_comp: processing file   32 of   60 : /home/ashish/Text2Speech/TTSDNNRepo/egs/slt_arctic/s1/experiments/slt_arctic_demo/duration_model/data/nn_dur_5/arctic_a0032.cmp
2016-11-14 19:57:30,450    DEBUG  acoustic_comp:  wrote 48 frames of features
2016-11-14 19:57:30,450     INFO  acoustic_comp: processing file   33 of   60 : /home/ashish/Text2Speech/TTSDNNRepo/egs/slt_arctic/s1/experiments/slt_arctic_demo/duration_model/data/nn_dur_5/arctic_a0033.cmp
2016-11-14 19:57:30,450    DEBUG  acoustic_comp:  wrote 48 frames of features
2016-11-14 19:57:30,450     INFO  acoustic_comp: processing file   34 of   60 : /home/ashish/Text2Speech/TTSDNNRepo/egs/slt_arctic/s1/experiments/slt_arctic_demo/duration_model/data/nn_dur_5/arctic_a0034.cmp
2016-11-14 19:57:30,451    DEBUG  acoustic_comp:  wrote 44 frames of features
2016-11-14 19:57:30,451     INFO  acoustic_comp: processing file   35 of   60 : /home/ashish/Text2Speech/TTSDNNRepo/egs/slt_arctic/s1/experiments/slt_arctic_demo/duration_model/data/nn_dur_5/arctic_a0035.cmp
2016-11-14 19:57:30,451    DEBUG  acoustic_comp:  wrote 47 frames of features
2016-11-14 19:57:30,451     INFO  acoustic_comp: processing file   36 of   60 : /home/ashish/Text2Speech/TTSDNNRepo/egs/slt_arctic/s1/experiments/slt_arctic_demo/duration_model/data/nn_dur_5/arctic_a0036.cmp
2016-11-14 19:57:30,451    DEBUG  acoustic_comp:  wrote 19 frames of features
2016-11-14 19:57:30,451     INFO  acoustic_comp: processing file   37 of   60 : /home/ashish/Text2Speech/TTSDNNRepo/egs/slt_arctic/s1/experiments/slt_arctic_demo/duration_model/data/nn_dur_5/arctic_a0037.cmp
2016-11-14 19:57:30,452    DEBUG  acoustic_comp:  wrote 28 frames of features
2016-11-14 19:57:30,452     INFO  acoustic_comp: processing file   38 of   60 : /home/ashish/Text2Speech/TTSDNNRepo/egs/slt_arctic/s1/experiments/slt_arctic_demo/duration_model/data/nn_dur_5/arctic_a0038.cmp
2016-11-14 19:57:30,452    DEBUG  acoustic_comp:  wrote 21 frames of features
2016-11-14 19:57:30,452     INFO  acoustic_comp: processing file   39 of   60 : /home/ashish/Text2Speech/TTSDNNRepo/egs/slt_arctic/s1/experiments/slt_arctic_demo/duration_model/data/nn_dur_5/arctic_a0039.cmp
2016-11-14 19:57:30,452    DEBUG  acoustic_comp:  wrote 31 frames of features
2016-11-14 19:57:30,452     INFO  acoustic_comp: processing file   40 of   60 : /home/ashish/Text2Speech/TTSDNNRepo/egs/slt_arctic/s1/experiments/slt_arctic_demo/duration_model/data/nn_dur_5/arctic_a0040.cmp
2016-11-14 19:57:30,453    DEBUG  acoustic_comp:  wrote 31 frames of features
2016-11-14 19:57:30,453     INFO  acoustic_comp: processing file   41 of   60 : /home/ashish/Text2Speech/TTSDNNRepo/egs/slt_arctic/s1/experiments/slt_arctic_demo/duration_model/data/nn_dur_5/arctic_a0041.cmp
2016-11-14 19:57:30,453    DEBUG  acoustic_comp:  wrote 25 frames of features
2016-11-14 19:57:30,453     INFO  acoustic_comp: processing file   42 of   60 : /home/ashish/Text2Speech/TTSDNNRepo/egs/slt_arctic/s1/experiments/slt_arctic_demo/duration_model/data/nn_dur_5/arctic_a0042.cmp
2016-11-14 19:57:30,453    DEBUG  acoustic_comp:  wrote 34 frames of features
2016-11-14 19:57:30,453     INFO  acoustic_comp: processing file   43 of   60 : /home/ashish/Text2Speech/TTSDNNRepo/egs/slt_arctic/s1/experiments/slt_arctic_demo/duration_model/data/nn_dur_5/arctic_a0043.cmp
2016-11-14 19:57:30,454    DEBUG  acoustic_comp:  wrote 46 frames of features
2016-11-14 19:57:30,454     INFO  acoustic_comp: processing file   44 of   60 : /home/ashish/Text2Speech/TTSDNNRepo/egs/slt_arctic/s1/experiments/slt_arctic_demo/duration_model/data/nn_dur_5/arctic_a0044.cmp
2016-11-14 19:57:30,454    DEBUG  acoustic_comp:  wrote 39 frames of features
2016-11-14 19:57:30,454     INFO  acoustic_comp: processing file   45 of   60 : /home/ashish/Text2Speech/TTSDNNRepo/egs/slt_arctic/s1/experiments/slt_arctic_demo/duration_model/data/nn_dur_5/arctic_a0045.cmp
2016-11-14 19:57:30,454    DEBUG  acoustic_comp:  wrote 30 frames of features
2016-11-14 19:57:30,454     INFO  acoustic_comp: processing file   46 of   60 : /home/ashish/Text2Speech/TTSDNNRepo/egs/slt_arctic/s1/experiments/slt_arctic_demo/duration_model/data/nn_dur_5/arctic_a0046.cmp
2016-11-14 19:57:30,455    DEBUG  acoustic_comp:  wrote 35 frames of features
2016-11-14 19:57:30,455     INFO  acoustic_comp: processing file   47 of   60 : /home/ashish/Text2Speech/TTSDNNRepo/egs/slt_arctic/s1/experiments/slt_arctic_demo/duration_model/data/nn_dur_5/arctic_a0047.cmp
2016-11-14 19:57:30,455    DEBUG  acoustic_comp:  wrote 39 frames of features
2016-11-14 19:57:30,455     INFO  acoustic_comp: processing file   48 of   60 : /home/ashish/Text2Speech/TTSDNNRepo/egs/slt_arctic/s1/experiments/slt_arctic_demo/duration_model/data/nn_dur_5/arctic_a0048.cmp
2016-11-14 19:57:30,455    DEBUG  acoustic_comp:  wrote 30 frames of features
2016-11-14 19:57:30,455     INFO  acoustic_comp: processing file   49 of   60 : /home/ashish/Text2Speech/TTSDNNRepo/egs/slt_arctic/s1/experiments/slt_arctic_demo/duration_model/data/nn_dur_5/arctic_a0049.cmp
2016-11-14 19:57:30,456    DEBUG  acoustic_comp:  wrote 36 frames of features
2016-11-14 19:57:30,456     INFO  acoustic_comp: processing file   50 of   60 : /home/ashish/Text2Speech/TTSDNNRepo/egs/slt_arctic/s1/experiments/slt_arctic_demo/duration_model/data/nn_dur_5/arctic_a0050.cmp
2016-11-14 19:57:30,456    DEBUG  acoustic_comp:  wrote 48 frames of features
2016-11-14 19:57:30,456     INFO  acoustic_comp: processing file   51 of   60 : /home/ashish/Text2Speech/TTSDNNRepo/egs/slt_arctic/s1/experiments/slt_arctic_demo/duration_model/data/nn_dur_5/arctic_a0051.cmp
2016-11-14 19:57:30,456    DEBUG  acoustic_comp:  wrote 47 frames of features
2016-11-14 19:57:30,456     INFO  acoustic_comp: processing file   52 of   60 : /home/ashish/Text2Speech/TTSDNNRepo/egs/slt_arctic/s1/experiments/slt_arctic_demo/duration_model/data/nn_dur_5/arctic_a0052.cmp
2016-11-14 19:57:30,457    DEBUG  acoustic_comp:  wrote 25 frames of features
2016-11-14 19:57:30,457     INFO  acoustic_comp: processing file   53 of   60 : /home/ashish/Text2Speech/TTSDNNRepo/egs/slt_arctic/s1/experiments/slt_arctic_demo/duration_model/data/nn_dur_5/arctic_a0053.cmp
2016-11-14 19:57:30,457    DEBUG  acoustic_comp:  wrote 41 frames of features
2016-11-14 19:57:30,457     INFO  acoustic_comp: processing file   54 of   60 : /home/ashish/Text2Speech/TTSDNNRepo/egs/slt_arctic/s1/experiments/slt_arctic_demo/duration_model/data/nn_dur_5/arctic_a0054.cmp
2016-11-14 19:57:30,457    DEBUG  acoustic_comp:  wrote 20 frames of features
2016-11-14 19:57:30,457     INFO  acoustic_comp: processing file   55 of   60 : /home/ashish/Text2Speech/TTSDNNRepo/egs/slt_arctic/s1/experiments/slt_arctic_demo/duration_model/data/nn_dur_5/arctic_a0055.cmp
2016-11-14 19:57:30,458    DEBUG  acoustic_comp:  wrote 50 frames of features
2016-11-14 19:57:30,458     INFO  acoustic_comp: processing file   56 of   60 : /home/ashish/Text2Speech/TTSDNNRepo/egs/slt_arctic/s1/experiments/slt_arctic_demo/duration_model/data/nn_dur_5/arctic_a0056.cmp
2016-11-14 19:57:30,458    DEBUG  acoustic_comp:  wrote 33 frames of features
2016-11-14 19:57:30,458     INFO  acoustic_comp: processing file   57 of   60 : /home/ashish/Text2Speech/TTSDNNRepo/egs/slt_arctic/s1/experiments/slt_arctic_demo/duration_model/data/nn_dur_5/arctic_a0057.cmp
2016-11-14 19:57:30,458    DEBUG  acoustic_comp:  wrote 23 frames of features
2016-11-14 19:57:30,458     INFO  acoustic_comp: processing file   58 of   60 : /home/ashish/Text2Speech/TTSDNNRepo/egs/slt_arctic/s1/experiments/slt_arctic_demo/duration_model/data/nn_dur_5/arctic_a0058.cmp
2016-11-14 19:57:30,459    DEBUG  acoustic_comp:  wrote 47 frames of features
2016-11-14 19:57:30,459     INFO  acoustic_comp: processing file   59 of   60 : /home/ashish/Text2Speech/TTSDNNRepo/egs/slt_arctic/s1/experiments/slt_arctic_demo/duration_model/data/nn_dur_5/arctic_a0059.cmp
2016-11-14 19:57:30,459    DEBUG  acoustic_comp:  wrote 28 frames of features
2016-11-14 19:57:30,459     INFO  acoustic_comp: processing file   60 of   60 : /home/ashish/Text2Speech/TTSDNNRepo/egs/slt_arctic/s1/experiments/slt_arctic_demo/duration_model/data/nn_dur_5/arctic_a0060.cmp
2016-11-14 19:57:30,459    DEBUG  acoustic_comp:  wrote 22 frames of features
2016-11-14 19:57:30,580     INFO           main: normalising acoustic (output) features using method MVN
2016-11-14 19:57:30,628     INFO           main: saved MVN vectors to /home/ashish/Text2Speech/TTSDNNRepo/egs/slt_arctic/s1/experiments/slt_arctic_demo/duration_model/data/norm_info_dur_5_MVN.dat
2016-11-14 19:57:30,629     INFO           main: saved dur variance vector to /home/ashish/Text2Speech/TTSDNNRepo/egs/slt_arctic/s1/experiments/slt_arctic_demo/duration_model/data/var/dur_5
2016-11-14 19:57:30,653    DEBUG         labels: HTS-derived input feature dimension is 416 + 0 = 416
2016-11-14 19:57:30,653     INFO           main: label dimension is 416
2016-11-14 19:57:30,654     INFO           main: training DNN
2016-11-14 19:57:30,654    DEBUG main.train_DNN: Starting train_DNN
2016-11-14 19:57:30,654    DEBUG main.train_DNN: Creating training   data provider
2016-11-14 19:57:30,654    DEBUG main.train_DNN: Creating validation data provider
2016-11-14 19:57:30,697     INFO main.train_DNN: building the model
2016-11-14 19:57:32,485     INFO main.train_DNN: fine-tuning the DNN model
2016-11-14 19:57:37,907    DEBUG main.train_DNN: calculating validation loss
2016-11-14 19:57:38,084     INFO main.train_DNN: epoch 1, validation error 4.644241, train error 4.870829  time spent 5.60
2016-11-14 19:57:43,615    DEBUG main.train_DNN: calculating validation loss
2016-11-14 19:57:43,797     INFO main.train_DNN: epoch 2, validation error 4.487165, train error 4.607444  time spent 5.71
2016-11-14 19:57:49,509    DEBUG main.train_DNN: calculating validation loss
2016-11-14 19:57:49,692     INFO main.train_DNN: epoch 3, validation error 4.392767, train error 4.459305  time spent 5.89
2016-11-14 19:57:55,001    DEBUG main.train_DNN: calculating validation loss
2016-11-14 19:57:55,175     INFO main.train_DNN: epoch 4, validation error 4.329392, train error 4.356348  time spent 5.48
2016-11-14 19:58:00,490    DEBUG main.train_DNN: calculating validation loss
2016-11-14 19:58:00,670     INFO main.train_DNN: epoch 5, validation error 4.284837, train error 4.277966  time spent 5.49
2016-11-14 19:58:06,051    DEBUG main.train_DNN: calculating validation loss
2016-11-14 19:58:06,233     INFO main.train_DNN: epoch 6, validation error 4.252743, train error 4.215003  time spent 5.56
2016-11-14 19:58:13,642    DEBUG main.train_DNN: calculating validation loss
2016-11-14 19:58:13,817     INFO main.train_DNN: epoch 7, validation error 4.229135, train error 4.162509  time spent 5.58
2016-11-14 19:58:21,211    DEBUG main.train_DNN: calculating validation loss
2016-11-14 19:58:21,388     INFO main.train_DNN: epoch 8, validation error 4.211323, train error 4.117513  time spent 5.51
2016-11-14 19:58:28,952    DEBUG main.train_DNN: calculating validation loss
2016-11-14 19:58:29,126     INFO main.train_DNN: epoch 9, validation error 4.197459, train error 4.078102  time spent 5.59
2016-11-14 19:58:36,423    DEBUG main.train_DNN: calculating validation loss
2016-11-14 19:58:36,611     INFO main.train_DNN: epoch 10, validation error 4.186284, train error 4.042981  time spent 5.63
2016-11-14 19:58:43,959    DEBUG main.train_DNN: calculating validation loss
2016-11-14 19:58:44,134     INFO main.train_DNN: epoch 11, validation error 4.189965, train error 4.044055  time spent 5.69
2016-11-14 19:58:44,134    DEBUG main.train_DNN: validation loss increased
2016-11-14 19:58:49,681    DEBUG main.train_DNN: calculating validation loss
2016-11-14 19:58:49,856     INFO main.train_DNN: epoch 12, validation error 4.173001, train error 3.921315  time spent 5.72
2016-11-14 19:58:57,755    DEBUG main.train_DNN: calculating validation loss
2016-11-14 19:58:57,954     INFO main.train_DNN: epoch 13, validation error 4.179362, train error 3.873761  time spent 5.59
2016-11-14 19:58:57,954    DEBUG main.train_DNN: validation loss increased
2016-11-14 19:59:03,578    DEBUG main.train_DNN: calculating validation loss
2016-11-14 19:59:03,754     INFO main.train_DNN: epoch 14, validation error 4.156760, train error 3.836890  time spent 5.80
2016-11-14 19:59:11,051    DEBUG main.train_DNN: calculating validation loss
2016-11-14 19:59:11,225     INFO main.train_DNN: epoch 15, validation error 4.144701, train error 3.816035  time spent 5.65
2016-11-14 19:59:18,518    DEBUG main.train_DNN: calculating validation loss
2016-11-14 19:59:18,698     INFO main.train_DNN: epoch 16, validation error 4.143400, train error 3.808428  time spent 5.63
2016-11-14 19:59:25,996    DEBUG main.train_DNN: calculating validation loss
2016-11-14 19:59:26,174     INFO main.train_DNN: epoch 17, validation error 4.143185, train error 3.804963  time spent 5.66
2016-11-14 19:59:33,342    DEBUG main.train_DNN: calculating validation loss
2016-11-14 19:59:33,516     INFO main.train_DNN: epoch 18, validation error 4.142815, train error 3.803295  time spent 5.49
2016-11-14 19:59:40,551    DEBUG main.train_DNN: calculating validation loss
2016-11-14 19:59:40,725     INFO main.train_DNN: epoch 19, validation error 4.142603, train error 3.802466  time spent 5.43
2016-11-14 19:59:48,022    DEBUG main.train_DNN: calculating validation loss
2016-11-14 19:59:48,211     INFO main.train_DNN: epoch 20, validation error 4.142498, train error 3.802053  time spent 5.70
2016-11-14 19:59:55,612    DEBUG main.train_DNN: calculating validation loss
2016-11-14 19:59:55,797     INFO main.train_DNN: epoch 21, validation error 4.142447, train error 3.801847  time spent 5.73
2016-11-14 20:00:02,874    DEBUG main.train_DNN: calculating validation loss
2016-11-14 20:00:03,049     INFO main.train_DNN: epoch 22, validation error 4.142421, train error 3.801744  time spent 5.46
2016-11-14 20:00:10,332    DEBUG main.train_DNN: calculating validation loss
2016-11-14 20:00:10,509     INFO main.train_DNN: epoch 23, validation error 4.142409, train error 3.801692  time spent 5.51
2016-11-14 20:00:17,645    DEBUG main.train_DNN: calculating validation loss
2016-11-14 20:00:17,836     INFO main.train_DNN: epoch 24, validation error 4.142403, train error 3.801667  time spent 5.50
2016-11-14 20:00:25,019    DEBUG main.train_DNN: calculating validation loss
2016-11-14 20:00:25,194     INFO main.train_DNN: epoch 25, validation error 4.142400, train error 3.801656  time spent 5.54
2016-11-14 20:00:26,979     INFO main.train_DNN: overall  training time: 2.91m validation error 4.142400
2016-11-14 20:00:26,980     INFO           main: generating from DNN
2016-11-14 20:00:27,531    DEBUG dnn_generation: Starting dnn_generation
2016-11-14 20:00:28,531     INFO dnn_generation: generating    1 of   10: /home/ashish/Text2Speech/TTSDNNRepo/egs/slt_arctic/s1/experiments/slt_arctic_demo/duration_model/data/nn_no_silence_lab_norm_416/arctic_a0051.lab
2016-11-14 20:00:28,712    DEBUG dnn_generation: saved to /home/ashish/Text2Speech/TTSDNNRepo/egs/slt_arctic/s1/experiments/slt_arctic_demo/duration_model/gen/DNN_TANH_TANH_TANH_TANH_LINEAR__dur_1_50_416_5_4_512_512/arctic_a0051.cmp
2016-11-14 20:00:28,712     INFO dnn_generation: generating    2 of   10: /home/ashish/Text2Speech/TTSDNNRepo/egs/slt_arctic/s1/experiments/slt_arctic_demo/duration_model/data/nn_no_silence_lab_norm_416/arctic_a0052.lab
2016-11-14 20:00:28,799    DEBUG dnn_generation: saved to /home/ashish/Text2Speech/TTSDNNRepo/egs/slt_arctic/s1/experiments/slt_arctic_demo/duration_model/gen/DNN_TANH_TANH_TANH_TANH_LINEAR__dur_1_50_416_5_4_512_512/arctic_a0052.cmp
2016-11-14 20:00:28,799     INFO dnn_generation: generating    3 of   10: /home/ashish/Text2Speech/TTSDNNRepo/egs/slt_arctic/s1/experiments/slt_arctic_demo/duration_model/data/nn_no_silence_lab_norm_416/arctic_a0053.lab
2016-11-14 20:00:28,901    DEBUG dnn_generation: saved to /home/ashish/Text2Speech/TTSDNNRepo/egs/slt_arctic/s1/experiments/slt_arctic_demo/duration_model/gen/DNN_TANH_TANH_TANH_TANH_LINEAR__dur_1_50_416_5_4_512_512/arctic_a0053.cmp
2016-11-14 20:00:28,902     INFO dnn_generation: generating    4 of   10: /home/ashish/Text2Speech/TTSDNNRepo/egs/slt_arctic/s1/experiments/slt_arctic_demo/duration_model/data/nn_no_silence_lab_norm_416/arctic_a0054.lab
2016-11-14 20:00:29,021    DEBUG dnn_generation: saved to /home/ashish/Text2Speech/TTSDNNRepo/egs/slt_arctic/s1/experiments/slt_arctic_demo/duration_model/gen/DNN_TANH_TANH_TANH_TANH_LINEAR__dur_1_50_416_5_4_512_512/arctic_a0054.cmp
2016-11-14 20:00:29,021     INFO dnn_generation: generating    5 of   10: /home/ashish/Text2Speech/TTSDNNRepo/egs/slt_arctic/s1/experiments/slt_arctic_demo/duration_model/data/nn_no_silence_lab_norm_416/arctic_a0055.lab
2016-11-14 20:00:29,131    DEBUG dnn_generation: saved to /home/ashish/Text2Speech/TTSDNNRepo/egs/slt_arctic/s1/experiments/slt_arctic_demo/duration_model/gen/DNN_TANH_TANH_TANH_TANH_LINEAR__dur_1_50_416_5_4_512_512/arctic_a0055.cmp
2016-11-14 20:00:29,131     INFO dnn_generation: generating    6 of   10: /home/ashish/Text2Speech/TTSDNNRepo/egs/slt_arctic/s1/experiments/slt_arctic_demo/duration_model/data/nn_no_silence_lab_norm_416/arctic_a0056.lab
2016-11-14 20:00:29,230    DEBUG dnn_generation: saved to /home/ashish/Text2Speech/TTSDNNRepo/egs/slt_arctic/s1/experiments/slt_arctic_demo/duration_model/gen/DNN_TANH_TANH_TANH_TANH_LINEAR__dur_1_50_416_5_4_512_512/arctic_a0056.cmp
2016-11-14 20:00:29,230     INFO dnn_generation: generating    7 of   10: /home/ashish/Text2Speech/TTSDNNRepo/egs/slt_arctic/s1/experiments/slt_arctic_demo/duration_model/data/nn_no_silence_lab_norm_416/arctic_a0057.lab
2016-11-14 20:00:29,315    DEBUG dnn_generation: saved to /home/ashish/Text2Speech/TTSDNNRepo/egs/slt_arctic/s1/experiments/slt_arctic_demo/duration_model/gen/DNN_TANH_TANH_TANH_TANH_LINEAR__dur_1_50_416_5_4_512_512/arctic_a0057.cmp
2016-11-14 20:00:29,315     INFO dnn_generation: generating    8 of   10: /home/ashish/Text2Speech/TTSDNNRepo/egs/slt_arctic/s1/experiments/slt_arctic_demo/duration_model/data/nn_no_silence_lab_norm_416/arctic_a0058.lab
2016-11-14 20:00:29,440    DEBUG dnn_generation: saved to /home/ashish/Text2Speech/TTSDNNRepo/egs/slt_arctic/s1/experiments/slt_arctic_demo/duration_model/gen/DNN_TANH_TANH_TANH_TANH_LINEAR__dur_1_50_416_5_4_512_512/arctic_a0058.cmp
2016-11-14 20:00:29,440     INFO dnn_generation: generating    9 of   10: /home/ashish/Text2Speech/TTSDNNRepo/egs/slt_arctic/s1/experiments/slt_arctic_demo/duration_model/data/nn_no_silence_lab_norm_416/arctic_a0059.lab
2016-11-14 20:00:29,539    DEBUG dnn_generation: saved to /home/ashish/Text2Speech/TTSDNNRepo/egs/slt_arctic/s1/experiments/slt_arctic_demo/duration_model/gen/DNN_TANH_TANH_TANH_TANH_LINEAR__dur_1_50_416_5_4_512_512/arctic_a0059.cmp
2016-11-14 20:00:29,539     INFO dnn_generation: generating   10 of   10: /home/ashish/Text2Speech/TTSDNNRepo/egs/slt_arctic/s1/experiments/slt_arctic_demo/duration_model/data/nn_no_silence_lab_norm_416/arctic_a0060.lab
2016-11-14 20:00:29,652    DEBUG dnn_generation: saved to /home/ashish/Text2Speech/TTSDNNRepo/egs/slt_arctic/s1/experiments/slt_arctic_demo/duration_model/gen/DNN_TANH_TANH_TANH_TANH_LINEAR__dur_1_50_416_5_4_512_512/arctic_a0060.cmp
2016-11-14 20:00:29,653    DEBUG           main: denormalising generated output using method MVN
2016-11-14 20:00:29,654    DEBUGparam_generation: duration_decomposition for 10 files
2016-11-14 20:00:29,655     INFOparam_generation: processing    1 of   10: /home/ashish/Text2Speech/TTSDNNRepo/egs/slt_arctic/s1/experiments/slt_arctic_demo/duration_model/gen/DNN_TANH_TANH_TANH_TANH_LINEAR__dur_1_50_416_5_4_512_512/arctic_a0051.cmp
2016-11-14 20:00:29,655    DEBUGparam_generation: wrote to file /home/ashish/Text2Speech/TTSDNNRepo/egs/slt_arctic/s1/experiments/slt_arctic_demo/duration_model/gen/DNN_TANH_TANH_TANH_TANH_LINEAR__dur_1_50_416_5_4_512_512/arctic_a0051.dur
2016-11-14 20:00:29,655     INFOparam_generation: processing    2 of   10: /home/ashish/Text2Speech/TTSDNNRepo/egs/slt_arctic/s1/experiments/slt_arctic_demo/duration_model/gen/DNN_TANH_TANH_TANH_TANH_LINEAR__dur_1_50_416_5_4_512_512/arctic_a0052.cmp
2016-11-14 20:00:29,655    DEBUGparam_generation: wrote to file /home/ashish/Text2Speech/TTSDNNRepo/egs/slt_arctic/s1/experiments/slt_arctic_demo/duration_model/gen/DNN_TANH_TANH_TANH_TANH_LINEAR__dur_1_50_416_5_4_512_512/arctic_a0052.dur
2016-11-14 20:00:29,655     INFOparam_generation: processing    3 of   10: /home/ashish/Text2Speech/TTSDNNRepo/egs/slt_arctic/s1/experiments/slt_arctic_demo/duration_model/gen/DNN_TANH_TANH_TANH_TANH_LINEAR__dur_1_50_416_5_4_512_512/arctic_a0053.cmp
2016-11-14 20:00:29,656    DEBUGparam_generation: wrote to file /home/ashish/Text2Speech/TTSDNNRepo/egs/slt_arctic/s1/experiments/slt_arctic_demo/duration_model/gen/DNN_TANH_TANH_TANH_TANH_LINEAR__dur_1_50_416_5_4_512_512/arctic_a0053.dur
2016-11-14 20:00:29,656     INFOparam_generation: processing    4 of   10: /home/ashish/Text2Speech/TTSDNNRepo/egs/slt_arctic/s1/experiments/slt_arctic_demo/duration_model/gen/DNN_TANH_TANH_TANH_TANH_LINEAR__dur_1_50_416_5_4_512_512/arctic_a0054.cmp
2016-11-14 20:00:29,656    DEBUGparam_generation: wrote to file /home/ashish/Text2Speech/TTSDNNRepo/egs/slt_arctic/s1/experiments/slt_arctic_demo/duration_model/gen/DNN_TANH_TANH_TANH_TANH_LINEAR__dur_1_50_416_5_4_512_512/arctic_a0054.dur
2016-11-14 20:00:29,656     INFOparam_generation: processing    5 of   10: /home/ashish/Text2Speech/TTSDNNRepo/egs/slt_arctic/s1/experiments/slt_arctic_demo/duration_model/gen/DNN_TANH_TANH_TANH_TANH_LINEAR__dur_1_50_416_5_4_512_512/arctic_a0055.cmp
2016-11-14 20:00:29,656    DEBUGparam_generation: wrote to file /home/ashish/Text2Speech/TTSDNNRepo/egs/slt_arctic/s1/experiments/slt_arctic_demo/duration_model/gen/DNN_TANH_TANH_TANH_TANH_LINEAR__dur_1_50_416_5_4_512_512/arctic_a0055.dur
2016-11-14 20:00:29,657     INFOparam_generation: processing    6 of   10: /home/ashish/Text2Speech/TTSDNNRepo/egs/slt_arctic/s1/experiments/slt_arctic_demo/duration_model/gen/DNN_TANH_TANH_TANH_TANH_LINEAR__dur_1_50_416_5_4_512_512/arctic_a0056.cmp
2016-11-14 20:00:29,657    DEBUGparam_generation: wrote to file /home/ashish/Text2Speech/TTSDNNRepo/egs/slt_arctic/s1/experiments/slt_arctic_demo/duration_model/gen/DNN_TANH_TANH_TANH_TANH_LINEAR__dur_1_50_416_5_4_512_512/arctic_a0056.dur
2016-11-14 20:00:29,657     INFOparam_generation: processing    7 of   10: /home/ashish/Text2Speech/TTSDNNRepo/egs/slt_arctic/s1/experiments/slt_arctic_demo/duration_model/gen/DNN_TANH_TANH_TANH_TANH_LINEAR__dur_1_50_416_5_4_512_512/arctic_a0057.cmp
2016-11-14 20:00:29,657    DEBUGparam_generation: wrote to file /home/ashish/Text2Speech/TTSDNNRepo/egs/slt_arctic/s1/experiments/slt_arctic_demo/duration_model/gen/DNN_TANH_TANH_TANH_TANH_LINEAR__dur_1_50_416_5_4_512_512/arctic_a0057.dur
2016-11-14 20:00:29,657     INFOparam_generation: processing    8 of   10: /home/ashish/Text2Speech/TTSDNNRepo/egs/slt_arctic/s1/experiments/slt_arctic_demo/duration_model/gen/DNN_TANH_TANH_TANH_TANH_LINEAR__dur_1_50_416_5_4_512_512/arctic_a0058.cmp
2016-11-14 20:00:29,658    DEBUGparam_generation: wrote to file /home/ashish/Text2Speech/TTSDNNRepo/egs/slt_arctic/s1/experiments/slt_arctic_demo/duration_model/gen/DNN_TANH_TANH_TANH_TANH_LINEAR__dur_1_50_416_5_4_512_512/arctic_a0058.dur
2016-11-14 20:00:29,658     INFOparam_generation: processing    9 of   10: /home/ashish/Text2Speech/TTSDNNRepo/egs/slt_arctic/s1/experiments/slt_arctic_demo/duration_model/gen/DNN_TANH_TANH_TANH_TANH_LINEAR__dur_1_50_416_5_4_512_512/arctic_a0059.cmp
2016-11-14 20:00:29,658    DEBUGparam_generation: wrote to file /home/ashish/Text2Speech/TTSDNNRepo/egs/slt_arctic/s1/experiments/slt_arctic_demo/duration_model/gen/DNN_TANH_TANH_TANH_TANH_LINEAR__dur_1_50_416_5_4_512_512/arctic_a0059.dur
2016-11-14 20:00:29,658     INFOparam_generation: processing   10 of   10: /home/ashish/Text2Speech/TTSDNNRepo/egs/slt_arctic/s1/experiments/slt_arctic_demo/duration_model/gen/DNN_TANH_TANH_TANH_TANH_LINEAR__dur_1_50_416_5_4_512_512/arctic_a0060.cmp
2016-11-14 20:00:29,658    DEBUGparam_generation: wrote to file /home/ashish/Text2Speech/TTSDNNRepo/egs/slt_arctic/s1/experiments/slt_arctic_demo/duration_model/gen/DNN_TANH_TANH_TANH_TANH_LINEAR__dur_1_50_416_5_4_512_512/arctic_a0060.dur
2016-11-14 20:00:29,658     INFO            dur: loaded /home/ashish/Text2Speech/TTSDNNRepo/egs/slt_arctic/s1/experiments/slt_arctic_demo/duration_model/data/label_state_align/arctic_a0051.lab, 235 labels
2016-11-14 20:00:29,662    DEBUG            dur: modifed label with predicted duration of 45 frames x 5 features
2016-11-14 20:00:29,662     INFO            dur: loaded /home/ashish/Text2Speech/TTSDNNRepo/egs/slt_arctic/s1/experiments/slt_arctic_demo/duration_model/data/label_state_align/arctic_a0052.lab, 125 labels
2016-11-14 20:00:29,664    DEBUG            dur: modifed label with predicted duration of 23 frames x 5 features
2016-11-14 20:00:29,664     INFO            dur: loaded /home/ashish/Text2Speech/TTSDNNRepo/egs/slt_arctic/s1/experiments/slt_arctic_demo/duration_model/data/label_state_align/arctic_a0053.lab, 205 labels
2016-11-14 20:00:29,667    DEBUG            dur: modifed label with predicted duration of 39 frames x 5 features
2016-11-14 20:00:29,668     INFO            dur: loaded /home/ashish/Text2Speech/TTSDNNRepo/egs/slt_arctic/s1/experiments/slt_arctic_demo/duration_model/data/label_state_align/arctic_a0054.lab, 100 labels
2016-11-14 20:00:29,669    DEBUG            dur: modifed label with predicted duration of 18 frames x 5 features
2016-11-14 20:00:29,670     INFO            dur: loaded /home/ashish/Text2Speech/TTSDNNRepo/egs/slt_arctic/s1/experiments/slt_arctic_demo/duration_model/data/label_state_align/arctic_a0055.lab, 250 labels
2016-11-14 20:00:29,673    DEBUG            dur: modifed label with predicted duration of 48 frames x 5 features
2016-11-14 20:00:29,673     INFO            dur: loaded /home/ashish/Text2Speech/TTSDNNRepo/egs/slt_arctic/s1/experiments/slt_arctic_demo/duration_model/data/label_state_align/arctic_a0056.lab, 165 labels
2016-11-14 20:00:29,676    DEBUG            dur: modifed label with predicted duration of 31 frames x 5 features
2016-11-14 20:00:29,676     INFO            dur: loaded /home/ashish/Text2Speech/TTSDNNRepo/egs/slt_arctic/s1/experiments/slt_arctic_demo/duration_model/data/label_state_align/arctic_a0057.lab, 115 labels
2016-11-14 20:00:29,678    DEBUG            dur: modifed label with predicted duration of 21 frames x 5 features
2016-11-14 20:00:29,678     INFO            dur: loaded /home/ashish/Text2Speech/TTSDNNRepo/egs/slt_arctic/s1/experiments/slt_arctic_demo/duration_model/data/label_state_align/arctic_a0058.lab, 235 labels
2016-11-14 20:00:29,681    DEBUG            dur: modifed label with predicted duration of 45 frames x 5 features
2016-11-14 20:00:29,682     INFO            dur: loaded /home/ashish/Text2Speech/TTSDNNRepo/egs/slt_arctic/s1/experiments/slt_arctic_demo/duration_model/data/label_state_align/arctic_a0059.lab, 140 labels
2016-11-14 20:00:29,684    DEBUG            dur: modifed label with predicted duration of 26 frames x 5 features
2016-11-14 20:00:29,684     INFO            dur: loaded /home/ashish/Text2Speech/TTSDNNRepo/egs/slt_arctic/s1/experiments/slt_arctic_demo/duration_model/data/label_state_align/arctic_a0060.lab, 110 labels
2016-11-14 20:00:29,686    DEBUG            dur: modifed label with predicted duration of 20 frames x 5 features
2016-11-14 20:00:29,686     INFO           main: calculating MCD
2016-11-14 20:00:29,740     INFO           main: Develop: DNN -- RMSE: 6.826 frames/phoneme; CORR: 0.624; 
2016-11-14 20:00:29,741     INFO           main: Test: DNN -- RMSE: 7.840 frames/phoneme; CORR: 0.562; 
