2016-11-14 19:00:16,792     INFO  configuration: logging is now fully configured
2016-11-14 19:00:16,793    DEBUG  configuration: setting up output features
2016-11-14 19:00:16,793    DEBUG  configuration:  dur
2016-11-14 19:00:16,793     INFO  configuration:   in_dimension: 5
2016-11-14 19:00:16,793     INFO  configuration:   out_dimension : 5
2016-11-14 19:00:16,793     INFO  configuration:   in_directory : /home/ashish/Text2Speech/TTSDNNRepo/egs/slt_arctic/s1/experiments/slt_arctic_demo/duration_model/data/dur
2016-11-14 19:00:16,793     INFO  configuration: multistream dimensions: [5]
2016-11-14 19:00:16,794     INFO  configuration: use_rprop : 0
2016-11-14 19:00:16,794     INFO  configuration: dropout_rate : 0.0
2016-11-14 19:00:16,794     INFO  configuration: projection_outsize : 10
2016-11-14 19:00:16,794     INFO  configuration: early_stop_epochs : 5
2016-11-14 19:00:16,794     INFO  configuration: warmup_epoch : 10
2016-11-14 19:00:16,795     INFO  configuration: learning_rate : 0.002
2016-11-14 19:00:16,795     INFO  configuration: layers_with_projection_input : [0]
2016-11-14 19:00:16,795     INFO  configuration: batch_size : 64
2016-11-14 19:00:16,795     INFO  configuration: model_type : DNN
2016-11-14 19:00:16,795     INFO  configuration: hidden_layer_size : [512, 512, 512, 512]
2016-11-14 19:00:16,795     INFO  configuration: projection_learning_rate_scaling : 1.0
2016-11-14 19:00:16,795     INFO  configuration: pretraining_epochs : 10
2016-11-14 19:00:16,795     INFO  configuration: initial_projection_distrib : gaussian
2016-11-14 19:00:16,796     INFO  configuration: index_to_project : 0
2016-11-14 19:00:16,796     INFO  configuration: l2_reg : 1e-05
2016-11-14 19:00:16,796     INFO  configuration: warmup_momentum : 0.3
2016-11-14 19:00:16,796     INFO  configuration: training_epochs : 25
2016-11-14 19:00:16,796     INFO  configuration: hidden_activation : tanh
2016-11-14 19:00:16,796     INFO  configuration: hidden_layer_type : ['TANH', 'TANH', 'TANH', 'TANH']
2016-11-14 19:00:16,796     INFO  configuration: sequential_training : False
2016-11-14 19:00:16,796     INFO  configuration: do_pretraining : False
2016-11-14 19:00:16,796     INFO  configuration: projection_insize : 10000
2016-11-14 19:00:16,797     INFO  configuration: l1_reg : 0.0
2016-11-14 19:00:16,797     INFO  configuration: output_activation : linear
2016-11-14 19:00:16,797     INFO  configuration: pretraining_lr : 0.0001
2016-11-14 19:00:16,797     INFO  configuration: momentum : 0.9
2016-11-14 19:00:16,797    DEBUG  configuration: configuration completed
2016-11-14 19:00:16,797     INFO           main: Installation information:
2016-11-14 19:00:16,797     INFO           main:   Merlin directory: /home/ashish/Text2Speech/TTSDNNRepo
2016-11-14 19:00:16,797     INFO           main:   PATH:
2016-11-14 19:00:16,798     INFO           main:       /home/ashish/.rbenv/plugins/ruby-build/bin
2016-11-14 19:00:16,798     INFO           main:       /home/ashish/.rbenv/shims
2016-11-14 19:00:16,798     INFO           main:       /home/ashish/.rbenv/bin
2016-11-14 19:00:16,798     INFO           main:       /usr/local/sbin
2016-11-14 19:00:16,798     INFO           main:       /usr/local/bin
2016-11-14 19:00:16,798     INFO           main:       /usr/sbin
2016-11-14 19:00:16,798     INFO           main:       /usr/bin
2016-11-14 19:00:16,798     INFO           main:       /sbin
2016-11-14 19:00:16,798     INFO           main:       /bin
2016-11-14 19:00:16,799     INFO           main:       /usr/games
2016-11-14 19:00:16,799     INFO           main:       /usr/local/games
2016-11-14 19:00:16,799     INFO           main:       /opt/android-sdk/tools
2016-11-14 19:00:16,799     INFO           main:       /opt/android-sdk/platform-tools
2016-11-14 19:00:16,799     INFO           main:       /opt/node/bin
2016-11-14 19:00:16,799     INFO           main:       /opt/gradle/bin
2016-11-14 19:00:16,799     INFO           main:   LD_LIBRARY_PATH:
2016-11-14 19:00:16,799     INFO           main:   Python version: 2.7.6 (default, Jun 22 2015, 17:58:13) [GCC 4.8.2]
2016-11-14 19:00:16,799     INFO           main:     PYTHONPATH:
2016-11-14 19:00:16,799     INFO           main:   Numpy version: 1.8.2
2016-11-14 19:00:16,800     INFO           main:   Theano version: 0.8.1
2016-11-14 19:00:16,800     INFO           main:     THEANO_FLAGS: cuda.root=/opt/6.5.19,floatX=float32,on_unused_input=ignore
2016-11-14 19:00:16,800     INFO           main:     device: cpu
2016-11-14 19:00:16,861     INFO           main:   Git is available in the working directory:
2016-11-14 19:00:16,867     INFO           main:     Merlin version: 75d833a
2016-11-14 19:00:16,882     INFO           main:     branch: master
2016-11-14 19:00:16,888     INFO           main:     diff to Merlin version:
2016-11-14 19:00:16,888     INFO           main:       M test/test_install.sh
2016-11-14 19:00:16,888     INFO           main:       (all diffs logged in DNN_TANH_TANH_TANH_TANH_LINEAR__dur_50_259_4_512_0.002000_07_00PM_November_14_2016.log.gitdiff)
2016-11-14 19:00:16,896     INFO           main: Execution information:
2016-11-14 19:00:16,896     INFO           main:   HOSTNAME: ashish-HP
2016-11-14 19:00:16,896     INFO           main:   USER: ashish
2016-11-14 19:00:16,896     INFO           main:   PID: 14703
2016-11-14 19:00:16,897 CRITICAL           main: Could not load file id list from /home/ashish/Text2Speech/TTSDNNRepo/egs/slt_arctic/s1/experiments/slt_arctic_demo/duration_model/data/file_id_list_demo.scp
