2016-11-14 19:04:12,646     INFO  configuration: logging is now fully configured
2016-11-14 19:04:12,646    DEBUG  configuration: setting up output features
2016-11-14 19:04:12,646    DEBUG  configuration:  dur
2016-11-14 19:04:12,646     INFO  configuration:   in_dimension: 5
2016-11-14 19:04:12,646     INFO  configuration:   out_dimension : 5
2016-11-14 19:04:12,646     INFO  configuration:   in_directory : /home/ashish/Text2Speech/TTSDNNRepo/egs/slt_arctic/s1/experiments/slt_arctic_demo/duration_model/data/dur
2016-11-14 19:04:12,646     INFO  configuration: multistream dimensions: [5]
2016-11-14 19:04:12,646     INFO  configuration: use_rprop : 0
2016-11-14 19:04:12,647     INFO  configuration: dropout_rate : 0.0
2016-11-14 19:04:12,647     INFO  configuration: projection_outsize : 10
2016-11-14 19:04:12,647     INFO  configuration: early_stop_epochs : 5
2016-11-14 19:04:12,647     INFO  configuration: warmup_epoch : 10
2016-11-14 19:04:12,647     INFO  configuration: learning_rate : 0.002
2016-11-14 19:04:12,647     INFO  configuration: layers_with_projection_input : [0]
2016-11-14 19:04:12,647     INFO  configuration: batch_size : 64
2016-11-14 19:04:12,647     INFO  configuration: model_type : DNN
2016-11-14 19:04:12,647     INFO  configuration: hidden_layer_size : [512, 512, 512, 512]
2016-11-14 19:04:12,647     INFO  configuration: projection_learning_rate_scaling : 1.0
2016-11-14 19:04:12,648     INFO  configuration: pretraining_epochs : 10
2016-11-14 19:04:12,648     INFO  configuration: initial_projection_distrib : gaussian
2016-11-14 19:04:12,648     INFO  configuration: index_to_project : 0
2016-11-14 19:04:12,648     INFO  configuration: l2_reg : 1e-05
2016-11-14 19:04:12,648     INFO  configuration: warmup_momentum : 0.3
2016-11-14 19:04:12,648     INFO  configuration: training_epochs : 25
2016-11-14 19:04:12,648     INFO  configuration: hidden_activation : tanh
2016-11-14 19:04:12,648     INFO  configuration: hidden_layer_type : ['TANH', 'TANH', 'TANH', 'TANH']
2016-11-14 19:04:12,648     INFO  configuration: sequential_training : False
2016-11-14 19:04:12,648     INFO  configuration: do_pretraining : False
2016-11-14 19:04:12,648     INFO  configuration: projection_insize : 10000
2016-11-14 19:04:12,649     INFO  configuration: l1_reg : 0.0
2016-11-14 19:04:12,649     INFO  configuration: output_activation : linear
2016-11-14 19:04:12,649     INFO  configuration: pretraining_lr : 0.0001
2016-11-14 19:04:12,649     INFO  configuration: momentum : 0.9
2016-11-14 19:04:12,649    DEBUG  configuration: configuration completed
2016-11-14 19:04:12,649     INFO           main: Installation information:
2016-11-14 19:04:12,649     INFO           main:   Merlin directory: /home/ashish/Text2Speech/TTSDNNRepo
2016-11-14 19:04:12,649     INFO           main:   PATH:
2016-11-14 19:04:12,649     INFO           main:       /home/ashish/.rbenv/plugins/ruby-build/bin
2016-11-14 19:04:12,650     INFO           main:       /home/ashish/.rbenv/shims
2016-11-14 19:04:12,650     INFO           main:       /home/ashish/.rbenv/bin
2016-11-14 19:04:12,650     INFO           main:       /usr/local/sbin
2016-11-14 19:04:12,650     INFO           main:       /usr/local/bin
2016-11-14 19:04:12,650     INFO           main:       /usr/sbin
2016-11-14 19:04:12,650     INFO           main:       /usr/bin
2016-11-14 19:04:12,650     INFO           main:       /sbin
2016-11-14 19:04:12,650     INFO           main:       /bin
2016-11-14 19:04:12,650     INFO           main:       /usr/games
2016-11-14 19:04:12,650     INFO           main:       /usr/local/games
2016-11-14 19:04:12,650     INFO           main:       /opt/android-sdk/tools
2016-11-14 19:04:12,651     INFO           main:       /opt/android-sdk/platform-tools
2016-11-14 19:04:12,651     INFO           main:       /opt/node/bin
2016-11-14 19:04:12,651     INFO           main:       /opt/gradle/bin
2016-11-14 19:04:12,651     INFO           main:   LD_LIBRARY_PATH:
2016-11-14 19:04:12,651     INFO           main:   Python version: 2.7.6 (default, Jun 22 2015, 17:58:13) [GCC 4.8.2]
2016-11-14 19:04:12,651     INFO           main:     PYTHONPATH:
2016-11-14 19:04:12,651     INFO           main:   Numpy version: 1.8.2
2016-11-14 19:04:12,651     INFO           main:   Theano version: 0.8.1
2016-11-14 19:04:12,651     INFO           main:     THEANO_FLAGS: cuda.root=/opt/6.5.19,floatX=float32,on_unused_input=ignore
2016-11-14 19:04:12,651     INFO           main:     device: cpu
2016-11-14 19:04:12,720     INFO           main:   Git is available in the working directory:
2016-11-14 19:04:12,729     INFO           main:     Merlin version: 75d833a
2016-11-14 19:04:12,738     INFO           main:     branch: master
2016-11-14 19:04:12,746     INFO           main:     diff to Merlin version:
2016-11-14 19:04:12,746     INFO           main:       M test/test_install.sh
2016-11-14 19:04:12,747     INFO           main:       (all diffs logged in DNN_TANH_TANH_TANH_TANH_LINEAR__dur_50_259_4_512_0.002000_07_04PM_November_14_2016.log.gitdiff)
2016-11-14 19:04:12,754     INFO           main: Execution information:
2016-11-14 19:04:12,755     INFO           main:   HOSTNAME: ashish-HP
2016-11-14 19:04:12,756     INFO           main:   USER: ashish
2016-11-14 19:04:12,756     INFO           main:   PID: 14958
2016-11-14 19:04:12,756    DEBUG           main: Loaded file id list from /home/ashish/Text2Speech/TTSDNNRepo/egs/slt_arctic/s1/experiments/slt_arctic_demo/duration_model/data/file_id_list_demo.scp
2016-11-14 19:04:12,792    DEBUG         labels: HTS-derived input feature dimension is 416 + 0 = 416
2016-11-14 19:04:12,792     INFO           main: Input label dimension is 416
2016-11-14 19:04:12,792     INFO           main: preparing label data (input) using standard HTS style labels
2016-11-14 19:04:12,793     INFO         labels: loaded /home/ashish/Text2Speech/TTSDNNRepo/egs/slt_arctic/s1/experiments/slt_arctic_demo/duration_model/data/label_state_align/arctic_a0001.lab, 185 labels
2016-11-14 19:04:12,835    DEBUG         labels: made label matrix of 37 frames x 416 labels
2016-11-14 19:04:12,836     INFO         labels: loaded /home/ashish/Text2Speech/TTSDNNRepo/egs/slt_arctic/s1/experiments/slt_arctic_demo/duration_model/data/label_state_align/arctic_a0002.lab, 210 labels
2016-11-14 19:04:12,877    DEBUG         labels: made label matrix of 42 frames x 416 labels
2016-11-14 19:04:12,878     INFO         labels: loaded /home/ashish/Text2Speech/TTSDNNRepo/egs/slt_arctic/s1/experiments/slt_arctic_demo/duration_model/data/label_state_align/arctic_a0003.lab, 205 labels
2016-11-14 19:04:12,917    DEBUG         labels: made label matrix of 41 frames x 416 labels
2016-11-14 19:04:12,917     INFO         labels: loaded /home/ashish/Text2Speech/TTSDNNRepo/egs/slt_arctic/s1/experiments/slt_arctic_demo/duration_model/data/label_state_align/arctic_a0004.lab, 140 labels
2016-11-14 19:04:12,944    DEBUG         labels: made label matrix of 28 frames x 416 labels
2016-11-14 19:04:12,944     INFO         labels: loaded /home/ashish/Text2Speech/TTSDNNRepo/egs/slt_arctic/s1/experiments/slt_arctic_demo/duration_model/data/label_state_align/arctic_a0005.lab,  85 labels
2016-11-14 19:04:12,961    DEBUG         labels: made label matrix of 17 frames x 416 labels
2016-11-14 19:04:12,961     INFO         labels: loaded /home/ashish/Text2Speech/TTSDNNRepo/egs/slt_arctic/s1/experiments/slt_arctic_demo/duration_model/data/label_state_align/arctic_a0006.lab, 165 labels
2016-11-14 19:04:12,993    DEBUG         labels: made label matrix of 33 frames x 416 labels
2016-11-14 19:04:12,993     INFO         labels: loaded /home/ashish/Text2Speech/TTSDNNRepo/egs/slt_arctic/s1/experiments/slt_arctic_demo/duration_model/data/label_state_align/arctic_a0007.lab, 200 labels
2016-11-14 19:04:13,031    DEBUG         labels: made label matrix of 40 frames x 416 labels
2016-11-14 19:04:13,032     INFO         labels: loaded /home/ashish/Text2Speech/TTSDNNRepo/egs/slt_arctic/s1/experiments/slt_arctic_demo/duration_model/data/label_state_align/arctic_a0008.lab, 120 labels
2016-11-14 19:04:13,055    DEBUG         labels: made label matrix of 24 frames x 416 labels
2016-11-14 19:04:13,055     INFO         labels: loaded /home/ashish/Text2Speech/TTSDNNRepo/egs/slt_arctic/s1/experiments/slt_arctic_demo/duration_model/data/label_state_align/arctic_a0009.lab, 200 labels
2016-11-14 19:04:13,093    DEBUG         labels: made label matrix of 40 frames x 416 labels
2016-11-14 19:04:13,093     INFO         labels: loaded /home/ashish/Text2Speech/TTSDNNRepo/egs/slt_arctic/s1/experiments/slt_arctic_demo/duration_model/data/label_state_align/arctic_a0010.lab, 205 labels
2016-11-14 19:04:13,133    DEBUG         labels: made label matrix of 41 frames x 416 labels
2016-11-14 19:04:13,133     INFO         labels: loaded /home/ashish/Text2Speech/TTSDNNRepo/egs/slt_arctic/s1/experiments/slt_arctic_demo/duration_model/data/label_state_align/arctic_a0011.lab, 170 labels
2016-11-14 19:04:13,165    DEBUG         labels: made label matrix of 34 frames x 416 labels
2016-11-14 19:04:13,166     INFO         labels: loaded /home/ashish/Text2Speech/TTSDNNRepo/egs/slt_arctic/s1/experiments/slt_arctic_demo/duration_model/data/label_state_align/arctic_a0012.lab, 180 labels
2016-11-14 19:04:13,200    DEBUG         labels: made label matrix of 36 frames x 416 labels
2016-11-14 19:04:13,200     INFO         labels: loaded /home/ashish/Text2Speech/TTSDNNRepo/egs/slt_arctic/s1/experiments/slt_arctic_demo/duration_model/data/label_state_align/arctic_a0013.lab, 260 labels
2016-11-14 19:04:13,250    DEBUG         labels: made label matrix of 52 frames x 416 labels
2016-11-14 19:04:13,250     INFO         labels: loaded /home/ashish/Text2Speech/TTSDNNRepo/egs/slt_arctic/s1/experiments/slt_arctic_demo/duration_model/data/label_state_align/arctic_a0014.lab, 180 labels
2016-11-14 19:04:13,285    DEBUG         labels: made label matrix of 36 frames x 416 labels
2016-11-14 19:04:13,285     INFO         labels: loaded /home/ashish/Text2Speech/TTSDNNRepo/egs/slt_arctic/s1/experiments/slt_arctic_demo/duration_model/data/label_state_align/arctic_a0015.lab,  95 labels
2016-11-14 19:04:13,303    DEBUG         labels: made label matrix of 19 frames x 416 labels
2016-11-14 19:04:13,304     INFO         labels: loaded /home/ashish/Text2Speech/TTSDNNRepo/egs/slt_arctic/s1/experiments/slt_arctic_demo/duration_model/data/label_state_align/arctic_a0016.lab, 205 labels
2016-11-14 19:04:13,343    DEBUG         labels: made label matrix of 41 frames x 416 labels
2016-11-14 19:04:13,344     INFO         labels: loaded /home/ashish/Text2Speech/TTSDNNRepo/egs/slt_arctic/s1/experiments/slt_arctic_demo/duration_model/data/label_state_align/arctic_a0017.lab, 275 labels
2016-11-14 19:04:13,396    DEBUG         labels: made label matrix of 55 frames x 416 labels
2016-11-14 19:04:13,397     INFO         labels: loaded /home/ashish/Text2Speech/TTSDNNRepo/egs/slt_arctic/s1/experiments/slt_arctic_demo/duration_model/data/label_state_align/arctic_a0018.lab,  75 labels
2016-11-14 19:04:13,411    DEBUG         labels: made label matrix of 15 frames x 416 labels
2016-11-14 19:04:13,411     INFO         labels: loaded /home/ashish/Text2Speech/TTSDNNRepo/egs/slt_arctic/s1/experiments/slt_arctic_demo/duration_model/data/label_state_align/arctic_a0019.lab, 220 labels
2016-11-14 19:04:13,453    DEBUG         labels: made label matrix of 44 frames x 416 labels
2016-11-14 19:04:13,454     INFO         labels: loaded /home/ashish/Text2Speech/TTSDNNRepo/egs/slt_arctic/s1/experiments/slt_arctic_demo/duration_model/data/label_state_align/arctic_a0020.lab, 195 labels
2016-11-14 19:04:13,491    DEBUG         labels: made label matrix of 39 frames x 416 labels
2016-11-14 19:04:13,491     INFO         labels: loaded /home/ashish/Text2Speech/TTSDNNRepo/egs/slt_arctic/s1/experiments/slt_arctic_demo/duration_model/data/label_state_align/arctic_a0021.lab, 160 labels
2016-11-14 19:04:13,522    DEBUG         labels: made label matrix of 32 frames x 416 labels
2016-11-14 19:04:13,522     INFO         labels: loaded /home/ashish/Text2Speech/TTSDNNRepo/egs/slt_arctic/s1/experiments/slt_arctic_demo/duration_model/data/label_state_align/arctic_a0022.lab, 270 labels
2016-11-14 19:04:13,574    DEBUG         labels: made label matrix of 54 frames x 416 labels
2016-11-14 19:04:13,574     INFO         labels: loaded /home/ashish/Text2Speech/TTSDNNRepo/egs/slt_arctic/s1/experiments/slt_arctic_demo/duration_model/data/label_state_align/arctic_a0023.lab, 360 labels
2016-11-14 19:04:13,643    DEBUG         labels: made label matrix of 72 frames x 416 labels
2016-11-14 19:04:13,644     INFO         labels: loaded /home/ashish/Text2Speech/TTSDNNRepo/egs/slt_arctic/s1/experiments/slt_arctic_demo/duration_model/data/label_state_align/arctic_a0024.lab, 245 labels
2016-11-14 19:04:13,691    DEBUG         labels: made label matrix of 49 frames x 416 labels
2016-11-14 19:04:13,691     INFO         labels: loaded /home/ashish/Text2Speech/TTSDNNRepo/egs/slt_arctic/s1/experiments/slt_arctic_demo/duration_model/data/label_state_align/arctic_a0025.lab, 190 labels
2016-11-14 19:04:13,727    DEBUG         labels: made label matrix of 38 frames x 416 labels
2016-11-14 19:04:13,728     INFO         labels: loaded /home/ashish/Text2Speech/TTSDNNRepo/egs/slt_arctic/s1/experiments/slt_arctic_demo/duration_model/data/label_state_align/arctic_a0026.lab, 185 labels
2016-11-14 19:04:13,769    DEBUG         labels: made label matrix of 37 frames x 416 labels
2016-11-14 19:04:13,769     INFO         labels: loaded /home/ashish/Text2Speech/TTSDNNRepo/egs/slt_arctic/s1/experiments/slt_arctic_demo/duration_model/data/label_state_align/arctic_a0027.lab, 240 labels
2016-11-14 19:04:13,816    DEBUG         labels: made label matrix of 48 frames x 416 labels
2016-11-14 19:04:13,816     INFO         labels: loaded /home/ashish/Text2Speech/TTSDNNRepo/egs/slt_arctic/s1/experiments/slt_arctic_demo/duration_model/data/label_state_align/arctic_a0028.lab,  85 labels
2016-11-14 19:04:13,832    DEBUG         labels: made label matrix of 17 frames x 416 labels
2016-11-14 19:04:13,833     INFO         labels: loaded /home/ashish/Text2Speech/TTSDNNRepo/egs/slt_arctic/s1/experiments/slt_arctic_demo/duration_model/data/label_state_align/arctic_a0029.lab, 200 labels
2016-11-14 19:04:13,871    DEBUG         labels: made label matrix of 40 frames x 416 labels
2016-11-14 19:04:13,871     INFO         labels: loaded /home/ashish/Text2Speech/TTSDNNRepo/egs/slt_arctic/s1/experiments/slt_arctic_demo/duration_model/data/label_state_align/arctic_a0030.lab,  70 labels
2016-11-14 19:04:13,885    DEBUG         labels: made label matrix of 14 frames x 416 labels
2016-11-14 19:04:13,885     INFO         labels: loaded /home/ashish/Text2Speech/TTSDNNRepo/egs/slt_arctic/s1/experiments/slt_arctic_demo/duration_model/data/label_state_align/arctic_a0031.lab, 130 labels
2016-11-14 19:04:13,910    DEBUG         labels: made label matrix of 26 frames x 416 labels
2016-11-14 19:04:13,910     INFO         labels: loaded /home/ashish/Text2Speech/TTSDNNRepo/egs/slt_arctic/s1/experiments/slt_arctic_demo/duration_model/data/label_state_align/arctic_a0032.lab, 240 labels
2016-11-14 19:04:13,958    DEBUG         labels: made label matrix of 48 frames x 416 labels
2016-11-14 19:04:13,959     INFO         labels: loaded /home/ashish/Text2Speech/TTSDNNRepo/egs/slt_arctic/s1/experiments/slt_arctic_demo/duration_model/data/label_state_align/arctic_a0033.lab, 240 labels
2016-11-14 19:04:14,006    DEBUG         labels: made label matrix of 48 frames x 416 labels
2016-11-14 19:04:14,006     INFO         labels: loaded /home/ashish/Text2Speech/TTSDNNRepo/egs/slt_arctic/s1/experiments/slt_arctic_demo/duration_model/data/label_state_align/arctic_a0034.lab, 220 labels
2016-11-14 19:04:14,059    DEBUG         labels: made label matrix of 44 frames x 416 labels
2016-11-14 19:04:14,059     INFO         labels: loaded /home/ashish/Text2Speech/TTSDNNRepo/egs/slt_arctic/s1/experiments/slt_arctic_demo/duration_model/data/label_state_align/arctic_a0035.lab, 235 labels
2016-11-14 19:04:14,109    DEBUG         labels: made label matrix of 47 frames x 416 labels
2016-11-14 19:04:14,109     INFO         labels: loaded /home/ashish/Text2Speech/TTSDNNRepo/egs/slt_arctic/s1/experiments/slt_arctic_demo/duration_model/data/label_state_align/arctic_a0036.lab,  95 labels
2016-11-14 19:04:14,129    DEBUG         labels: made label matrix of 19 frames x 416 labels
2016-11-14 19:04:14,130     INFO         labels: loaded /home/ashish/Text2Speech/TTSDNNRepo/egs/slt_arctic/s1/experiments/slt_arctic_demo/duration_model/data/label_state_align/arctic_a0037.lab, 140 labels
2016-11-14 19:04:14,159    DEBUG         labels: made label matrix of 28 frames x 416 labels
2016-11-14 19:04:14,160     INFO         labels: loaded /home/ashish/Text2Speech/TTSDNNRepo/egs/slt_arctic/s1/experiments/slt_arctic_demo/duration_model/data/label_state_align/arctic_a0038.lab, 105 labels
2016-11-14 19:04:14,179    DEBUG         labels: made label matrix of 21 frames x 416 labels
2016-11-14 19:04:14,180     INFO         labels: loaded /home/ashish/Text2Speech/TTSDNNRepo/egs/slt_arctic/s1/experiments/slt_arctic_demo/duration_model/data/label_state_align/arctic_a0039.lab, 155 labels
2016-11-14 19:04:14,210    DEBUG         labels: made label matrix of 31 frames x 416 labels
2016-11-14 19:04:14,210     INFO         labels: loaded /home/ashish/Text2Speech/TTSDNNRepo/egs/slt_arctic/s1/experiments/slt_arctic_demo/duration_model/data/label_state_align/arctic_a0040.lab, 155 labels
2016-11-14 19:04:14,240    DEBUG         labels: made label matrix of 31 frames x 416 labels
2016-11-14 19:04:14,240     INFO         labels: loaded /home/ashish/Text2Speech/TTSDNNRepo/egs/slt_arctic/s1/experiments/slt_arctic_demo/duration_model/data/label_state_align/arctic_a0041.lab, 125 labels
2016-11-14 19:04:14,264    DEBUG         labels: made label matrix of 25 frames x 416 labels
2016-11-14 19:04:14,265     INFO         labels: loaded /home/ashish/Text2Speech/TTSDNNRepo/egs/slt_arctic/s1/experiments/slt_arctic_demo/duration_model/data/label_state_align/arctic_a0042.lab, 170 labels
2016-11-14 19:04:14,297    DEBUG         labels: made label matrix of 34 frames x 416 labels
2016-11-14 19:04:14,297     INFO         labels: loaded /home/ashish/Text2Speech/TTSDNNRepo/egs/slt_arctic/s1/experiments/slt_arctic_demo/duration_model/data/label_state_align/arctic_a0043.lab, 230 labels
2016-11-14 19:04:14,341    DEBUG         labels: made label matrix of 46 frames x 416 labels
2016-11-14 19:04:14,342     INFO         labels: loaded /home/ashish/Text2Speech/TTSDNNRepo/egs/slt_arctic/s1/experiments/slt_arctic_demo/duration_model/data/label_state_align/arctic_a0044.lab, 195 labels
2016-11-14 19:04:14,379    DEBUG         labels: made label matrix of 39 frames x 416 labels
2016-11-14 19:04:14,379     INFO         labels: loaded /home/ashish/Text2Speech/TTSDNNRepo/egs/slt_arctic/s1/experiments/slt_arctic_demo/duration_model/data/label_state_align/arctic_a0045.lab, 150 labels
2016-11-14 19:04:14,408    DEBUG         labels: made label matrix of 30 frames x 416 labels
2016-11-14 19:04:14,409     INFO         labels: loaded /home/ashish/Text2Speech/TTSDNNRepo/egs/slt_arctic/s1/experiments/slt_arctic_demo/duration_model/data/label_state_align/arctic_a0046.lab, 175 labels
2016-11-14 19:04:14,442    DEBUG         labels: made label matrix of 35 frames x 416 labels
2016-11-14 19:04:14,443     INFO         labels: loaded /home/ashish/Text2Speech/TTSDNNRepo/egs/slt_arctic/s1/experiments/slt_arctic_demo/duration_model/data/label_state_align/arctic_a0047.lab, 195 labels
2016-11-14 19:04:14,480    DEBUG         labels: made label matrix of 39 frames x 416 labels
2016-11-14 19:04:14,480     INFO         labels: loaded /home/ashish/Text2Speech/TTSDNNRepo/egs/slt_arctic/s1/experiments/slt_arctic_demo/duration_model/data/label_state_align/arctic_a0048.lab, 150 labels
2016-11-14 19:04:14,509    DEBUG         labels: made label matrix of 30 frames x 416 labels
2016-11-14 19:04:14,510     INFO         labels: loaded /home/ashish/Text2Speech/TTSDNNRepo/egs/slt_arctic/s1/experiments/slt_arctic_demo/duration_model/data/label_state_align/arctic_a0049.lab, 180 labels
2016-11-14 19:04:14,544    DEBUG         labels: made label matrix of 36 frames x 416 labels
2016-11-14 19:04:14,544     INFO         labels: loaded /home/ashish/Text2Speech/TTSDNNRepo/egs/slt_arctic/s1/experiments/slt_arctic_demo/duration_model/data/label_state_align/arctic_a0050.lab, 240 labels
2016-11-14 19:04:14,590    DEBUG         labels: made label matrix of 48 frames x 416 labels
2016-11-14 19:04:14,591     INFO         labels: loaded /home/ashish/Text2Speech/TTSDNNRepo/egs/slt_arctic/s1/experiments/slt_arctic_demo/duration_model/data/label_state_align/arctic_a0051.lab, 235 labels
2016-11-14 19:04:14,636    DEBUG         labels: made label matrix of 47 frames x 416 labels
2016-11-14 19:04:14,636     INFO         labels: loaded /home/ashish/Text2Speech/TTSDNNRepo/egs/slt_arctic/s1/experiments/slt_arctic_demo/duration_model/data/label_state_align/arctic_a0052.lab, 125 labels
2016-11-14 19:04:14,660    DEBUG         labels: made label matrix of 25 frames x 416 labels
2016-11-14 19:04:14,661     INFO         labels: loaded /home/ashish/Text2Speech/TTSDNNRepo/egs/slt_arctic/s1/experiments/slt_arctic_demo/duration_model/data/label_state_align/arctic_a0053.lab, 205 labels
2016-11-14 19:04:14,700    DEBUG         labels: made label matrix of 41 frames x 416 labels
2016-11-14 19:04:14,700     INFO         labels: loaded /home/ashish/Text2Speech/TTSDNNRepo/egs/slt_arctic/s1/experiments/slt_arctic_demo/duration_model/data/label_state_align/arctic_a0054.lab, 100 labels
2016-11-14 19:04:14,719    DEBUG         labels: made label matrix of 20 frames x 416 labels
2016-11-14 19:04:14,719     INFO         labels: loaded /home/ashish/Text2Speech/TTSDNNRepo/egs/slt_arctic/s1/experiments/slt_arctic_demo/duration_model/data/label_state_align/arctic_a0055.lab, 250 labels
2016-11-14 19:04:14,767    DEBUG         labels: made label matrix of 50 frames x 416 labels
2016-11-14 19:04:14,767     INFO         labels: loaded /home/ashish/Text2Speech/TTSDNNRepo/egs/slt_arctic/s1/experiments/slt_arctic_demo/duration_model/data/label_state_align/arctic_a0056.lab, 165 labels
2016-11-14 19:04:14,799    DEBUG         labels: made label matrix of 33 frames x 416 labels
2016-11-14 19:04:14,799     INFO         labels: loaded /home/ashish/Text2Speech/TTSDNNRepo/egs/slt_arctic/s1/experiments/slt_arctic_demo/duration_model/data/label_state_align/arctic_a0057.lab, 115 labels
2016-11-14 19:04:14,821    DEBUG         labels: made label matrix of 23 frames x 416 labels
2016-11-14 19:04:14,822     INFO         labels: loaded /home/ashish/Text2Speech/TTSDNNRepo/egs/slt_arctic/s1/experiments/slt_arctic_demo/duration_model/data/label_state_align/arctic_a0058.lab, 235 labels
2016-11-14 19:04:14,867    DEBUG         labels: made label matrix of 47 frames x 416 labels
2016-11-14 19:04:14,867     INFO         labels: loaded /home/ashish/Text2Speech/TTSDNNRepo/egs/slt_arctic/s1/experiments/slt_arctic_demo/duration_model/data/label_state_align/arctic_a0059.lab, 140 labels
2016-11-14 19:04:14,894    DEBUG         labels: made label matrix of 28 frames x 416 labels
2016-11-14 19:04:14,895     INFO         labels: loaded /home/ashish/Text2Speech/TTSDNNRepo/egs/slt_arctic/s1/experiments/slt_arctic_demo/duration_model/data/label_state_align/arctic_a0060.lab, 110 labels
2016-11-14 19:04:14,916    DEBUG         labels: made label matrix of 22 frames x 416 labels
2016-11-14 19:04:15,059    DEBUG  acoustic_norm: MinMaxNormalisation created for feature dimension of 416
2016-11-14 19:04:15,065     INFO  acoustic_norm: across 50 files found min/max values of length 416:
2016-11-14 19:04:15,075     INFO  acoustic_norm:   min: [[ 0.  0.  0.  0.  0.  0.  0.  0.  0.  0.  0.  0.  0.  0.  0.  0.  0.  0.
   0.  0.  0.  0.  0.  0.  0.  0.  0.  0.  0.  0.  0.  0.  0.  0.  0.  0.
   0.  0.  0.  0.  0.  0.  0.  0.  0.  0.  0.  0.  0.  0.  0.  0.  0.  0.
   0.  0.  0.  0.  0.  0.  0.  0.  0.  0.  0.  0.  0.  0.  0.  0.  0.  0.
   0.  0.  0.  0.  0.  0.  0.  0.  0.  0.  0.  0.  0.  0.  0.  0.  0.  0.
   0.  0.  0.  0.  0.  0.  0.  0.  0.  0.  0.  0.  0.  0.  0.  0.  0.  0.
   0.  0.  0.  0.  0.  0.  0.  0.  0.  0.  0.  0.  0.  0.  0.  0.  0.  0.
   0.  0.  0.  0.  0.  0.  0.  0.  0.  0.  0.  0.  0.  0.  0.  0.  0.  0.
   0.  0.  0.  0.  0.  0.  0.  0.  0.  0.  0.  0.  0.  0.  0.  0.  0.  0.
   0.  0.  0.  0.  0.  0.  0.  0.  0.  0.  0.  0.  0.  0.  0.  0.  0.  0.
   0.  0.  0.  0.  0.  0.  0.  0.  0.  0.  0.  0.  0.  0.  0.  0.  0.  0.
   0.  0.  0.  0.  0.  0.  0.  0.  0.  0.  0.  0.  0.  0.  0.  0.  0.  0.
   0.  0.  0.  0.  0.  0.  0.  0.  0.  0.  0.  0.  0.  0.  0.  0.  0.  0.
   0.  0.  0.  0.  0.  0.  0.  0.  0.  0.  0.  0.  0.  0.  0.  0.  0.  0.
   0.  0.  0.  0.  0.  0.  0.  0.  0.  0.  0.  0.  0.  0.  0.  0.  0.  0.
   0.  0.  0.  0.  0.  0.  0.  0.  0.  0.  0.  0.  0.  0.  0.  0.  0.  0.
   0.  0.  0.  0.  0.  0.  0.  0.  0.  0.  0.  0.  0.  0.  0.  0.  0.  0.
   0.  0.  0.  0.  0.  0.  0.  0.  0.  0.  0.  0.  0.  0.  0.  0.  0.  0.
   0.  0.  0.  0.  0.  0.  0.  0.  0.  0.  0.  0.  0.  0.  0.  0.  0.  0.
   0.  0.  0.  0.  0.  0.  0.  0.  0.  0.  0.  0.  0.  0.  0.  0.  0.  0.
   0.  0.  0.  0.  0.  0.  0.  0.  0.  0.  0.  0.  0. -1. -1.  0.  0.  0.
  -1. -1. -1. -1. -1. -1. -1. -1. -1. -1. -1. -1. -1. -1. -1.  0.  0.  0.
   0. -1. -1. -1. -1. -1. -1. -1.  0.  0.  0. -1. -1.  1. -1.  0.  0.  5.
   3.  0.]]
2016-11-14 19:04:15,085     INFO  acoustic_norm:   max: [[  1.   1.   1.   1.   1.   1.   1.   1.   1.   1.   1.   1.   1.   1.
    1.   1.   1.   1.   1.   1.   1.   1.   1.   1.   1.   1.   1.   1.
    1.   1.   1.   1.   1.   1.   1.   1.   1.   1.   1.   1.   1.   1.
    1.   1.   1.   1.   1.   1.   1.   1.   1.   1.   1.   1.   1.   1.
    1.   1.   1.   1.   1.   1.   1.   1.   0.   1.   1.   1.   1.   1.
    0.   1.   0.   0.   0.   1.   1.   1.   1.   1.   0.   1.   1.   1.
    1.   1.   1.   1.   0.   1.   1.   0.   1.   1.   1.   1.   1.   1.
    1.   1.   1.   1.   1.   1.   0.   1.   1.   1.   1.   1.   1.   1.
    0.   1.   1.   1.   1.   1.   0.   1.   0.   0.   0.   1.   1.   1.
    1.   1.   0.   1.   1.   1.   1.   1.   1.   1.   0.   1.   1.   0.
    1.   1.   1.   1.   1.   1.   1.   1.   1.   1.   1.   1.   0.   1.
    1.   1.   1.   1.   1.   1.   0.   1.   1.   1.   1.   1.   0.   1.
    0.   0.   0.   1.   1.   1.   1.   1.   0.   1.   1.   1.   1.   1.
    1.   1.   0.   1.   1.   0.   1.   1.   1.   1.   1.   1.   1.   1.
    1.   1.   1.   1.   0.   1.   1.   1.   1.   1.   1.   1.   0.   1.
    1.   1.   1.   1.   0.   1.   0.   0.   0.   1.   1.   1.   1.   1.
    0.   1.   1.   1.   1.   1.   1.   1.   0.   1.   1.   0.   1.   1.
    1.   1.   1.   1.   1.   1.   1.   1.   1.   1.   0.   1.   1.   1.
    1.   1.   1.   1.   0.   1.   1.   1.   1.   1.   0.   1.   0.   0.
    0.   1.   1.   1.   1.   1.   0.   1.   1.   1.   1.   1.   1.   1.
    0.   1.   1.   0.   1.   1.   1.   1.   1.   1.   1.   1.   1.   1.
    1.   1.   0.   1.   1.   1.   1.   1.   1.   1.   1.   1.   1.   1.
    1.   1.   1.   1.   1.   1.   1.   1.   1.   1.   1.   1.   1.   1.
    1.   1.   1.   1.   0.   1.   1.   0.   0.   0.   1.   1.   1.   1.
    1.   0.   1.   1.   1.   1.   1.   1.   1.   1.   1.   1.   0.   1.
    1.   1.   1.   1.   1.   1.   1.   1.   1.   0.   1.   1.   1.   1.
    1.   1.   1.   1.   1.   1.   0.   1.   1.   6.   6.   1.   1.   6.
    1.   1.   6.   5.   5.  18.  18.   9.  10.   5.   6.   4.   4.  16.
   16.   1.   1.   6.   5.   5.  10.  10.   8.   7.   4.   5.   5.  18.
    9.  18.  10.   3.  -1.  13.   8.  28.  13.   3.]]
2016-11-14 19:04:15,163     INFO           main: saved 416 vectors to /home/ashish/Text2Speech/TTSDNNRepo/egs/slt_arctic/s1/experiments/slt_arctic_demo/duration_model/data/label_norm_HTS_416.dat
2016-11-14 19:04:15,164     INFO           main: creating duration (output) features
2016-11-14 19:04:15,164     INFO            dur: loaded /home/ashish/Text2Speech/TTSDNNRepo/egs/slt_arctic/s1/experiments/slt_arctic_demo/duration_model/data/label_state_align/arctic_a0001.lab, 185 labels
2016-11-14 19:04:15,169    DEBUG            dur: made duration matrix of 37 frames x 5 features
2016-11-14 19:04:15,170     INFO            dur: loaded /home/ashish/Text2Speech/TTSDNNRepo/egs/slt_arctic/s1/experiments/slt_arctic_demo/duration_model/data/label_state_align/arctic_a0002.lab, 210 labels
2016-11-14 19:04:15,176    DEBUG            dur: made duration matrix of 42 frames x 5 features
2016-11-14 19:04:15,176     INFO            dur: loaded /home/ashish/Text2Speech/TTSDNNRepo/egs/slt_arctic/s1/experiments/slt_arctic_demo/duration_model/data/label_state_align/arctic_a0003.lab, 205 labels
2016-11-14 19:04:15,181    DEBUG            dur: made duration matrix of 41 frames x 5 features
2016-11-14 19:04:15,183     INFO            dur: loaded /home/ashish/Text2Speech/TTSDNNRepo/egs/slt_arctic/s1/experiments/slt_arctic_demo/duration_model/data/label_state_align/arctic_a0004.lab, 140 labels
2016-11-14 19:04:15,187    DEBUG            dur: made duration matrix of 28 frames x 5 features
2016-11-14 19:04:15,207     INFO            dur: loaded /home/ashish/Text2Speech/TTSDNNRepo/egs/slt_arctic/s1/experiments/slt_arctic_demo/duration_model/data/label_state_align/arctic_a0005.lab,  85 labels
2016-11-14 19:04:15,209    DEBUG            dur: made duration matrix of 17 frames x 5 features
2016-11-14 19:04:15,210     INFO            dur: loaded /home/ashish/Text2Speech/TTSDNNRepo/egs/slt_arctic/s1/experiments/slt_arctic_demo/duration_model/data/label_state_align/arctic_a0006.lab, 165 labels
2016-11-14 19:04:15,213    DEBUG            dur: made duration matrix of 33 frames x 5 features
2016-11-14 19:04:15,214     INFO            dur: loaded /home/ashish/Text2Speech/TTSDNNRepo/egs/slt_arctic/s1/experiments/slt_arctic_demo/duration_model/data/label_state_align/arctic_a0007.lab, 200 labels
2016-11-14 19:04:15,218    DEBUG            dur: made duration matrix of 40 frames x 5 features
2016-11-14 19:04:15,221     INFO            dur: loaded /home/ashish/Text2Speech/TTSDNNRepo/egs/slt_arctic/s1/experiments/slt_arctic_demo/duration_model/data/label_state_align/arctic_a0008.lab, 120 labels
2016-11-14 19:04:15,224    DEBUG            dur: made duration matrix of 24 frames x 5 features
2016-11-14 19:04:15,224     INFO            dur: loaded /home/ashish/Text2Speech/TTSDNNRepo/egs/slt_arctic/s1/experiments/slt_arctic_demo/duration_model/data/label_state_align/arctic_a0009.lab, 200 labels
2016-11-14 19:04:15,228    DEBUG            dur: made duration matrix of 40 frames x 5 features
2016-11-14 19:04:15,228     INFO            dur: loaded /home/ashish/Text2Speech/TTSDNNRepo/egs/slt_arctic/s1/experiments/slt_arctic_demo/duration_model/data/label_state_align/arctic_a0010.lab, 205 labels
2016-11-14 19:04:15,233    DEBUG            dur: made duration matrix of 41 frames x 5 features
2016-11-14 19:04:15,233     INFO            dur: loaded /home/ashish/Text2Speech/TTSDNNRepo/egs/slt_arctic/s1/experiments/slt_arctic_demo/duration_model/data/label_state_align/arctic_a0011.lab, 170 labels
2016-11-14 19:04:15,236    DEBUG            dur: made duration matrix of 34 frames x 5 features
2016-11-14 19:04:15,237     INFO            dur: loaded /home/ashish/Text2Speech/TTSDNNRepo/egs/slt_arctic/s1/experiments/slt_arctic_demo/duration_model/data/label_state_align/arctic_a0012.lab, 180 labels
2016-11-14 19:04:15,240    DEBUG            dur: made duration matrix of 36 frames x 5 features
2016-11-14 19:04:15,241     INFO            dur: loaded /home/ashish/Text2Speech/TTSDNNRepo/egs/slt_arctic/s1/experiments/slt_arctic_demo/duration_model/data/label_state_align/arctic_a0013.lab, 260 labels
2016-11-14 19:04:15,246    DEBUG            dur: made duration matrix of 52 frames x 5 features
2016-11-14 19:04:15,246     INFO            dur: loaded /home/ashish/Text2Speech/TTSDNNRepo/egs/slt_arctic/s1/experiments/slt_arctic_demo/duration_model/data/label_state_align/arctic_a0014.lab, 180 labels
2016-11-14 19:04:15,250    DEBUG            dur: made duration matrix of 36 frames x 5 features
2016-11-14 19:04:15,250     INFO            dur: loaded /home/ashish/Text2Speech/TTSDNNRepo/egs/slt_arctic/s1/experiments/slt_arctic_demo/duration_model/data/label_state_align/arctic_a0015.lab,  95 labels
2016-11-14 19:04:15,252    DEBUG            dur: made duration matrix of 19 frames x 5 features
2016-11-14 19:04:15,252     INFO            dur: loaded /home/ashish/Text2Speech/TTSDNNRepo/egs/slt_arctic/s1/experiments/slt_arctic_demo/duration_model/data/label_state_align/arctic_a0016.lab, 205 labels
2016-11-14 19:04:15,256    DEBUG            dur: made duration matrix of 41 frames x 5 features
2016-11-14 19:04:15,256     INFO            dur: loaded /home/ashish/Text2Speech/TTSDNNRepo/egs/slt_arctic/s1/experiments/slt_arctic_demo/duration_model/data/label_state_align/arctic_a0017.lab, 275 labels
2016-11-14 19:04:15,262    DEBUG            dur: made duration matrix of 55 frames x 5 features
2016-11-14 19:04:15,262     INFO            dur: loaded /home/ashish/Text2Speech/TTSDNNRepo/egs/slt_arctic/s1/experiments/slt_arctic_demo/duration_model/data/label_state_align/arctic_a0018.lab,  75 labels
2016-11-14 19:04:15,264    DEBUG            dur: made duration matrix of 15 frames x 5 features
2016-11-14 19:04:15,264     INFO            dur: loaded /home/ashish/Text2Speech/TTSDNNRepo/egs/slt_arctic/s1/experiments/slt_arctic_demo/duration_model/data/label_state_align/arctic_a0019.lab, 220 labels
2016-11-14 19:04:15,268    DEBUG            dur: made duration matrix of 44 frames x 5 features
2016-11-14 19:04:15,269     INFO            dur: loaded /home/ashish/Text2Speech/TTSDNNRepo/egs/slt_arctic/s1/experiments/slt_arctic_demo/duration_model/data/label_state_align/arctic_a0020.lab, 195 labels
2016-11-14 19:04:15,272    DEBUG            dur: made duration matrix of 39 frames x 5 features
2016-11-14 19:04:15,273     INFO            dur: loaded /home/ashish/Text2Speech/TTSDNNRepo/egs/slt_arctic/s1/experiments/slt_arctic_demo/duration_model/data/label_state_align/arctic_a0021.lab, 160 labels
2016-11-14 19:04:15,276    DEBUG            dur: made duration matrix of 32 frames x 5 features
2016-11-14 19:04:15,276     INFO            dur: loaded /home/ashish/Text2Speech/TTSDNNRepo/egs/slt_arctic/s1/experiments/slt_arctic_demo/duration_model/data/label_state_align/arctic_a0022.lab, 270 labels
2016-11-14 19:04:15,282    DEBUG            dur: made duration matrix of 54 frames x 5 features
2016-11-14 19:04:15,282     INFO            dur: loaded /home/ashish/Text2Speech/TTSDNNRepo/egs/slt_arctic/s1/experiments/slt_arctic_demo/duration_model/data/label_state_align/arctic_a0023.lab, 360 labels
2016-11-14 19:04:15,289    DEBUG            dur: made duration matrix of 72 frames x 5 features
2016-11-14 19:04:15,289     INFO            dur: loaded /home/ashish/Text2Speech/TTSDNNRepo/egs/slt_arctic/s1/experiments/slt_arctic_demo/duration_model/data/label_state_align/arctic_a0024.lab, 245 labels
2016-11-14 19:04:15,296    DEBUG            dur: made duration matrix of 49 frames x 5 features
2016-11-14 19:04:15,297     INFO            dur: loaded /home/ashish/Text2Speech/TTSDNNRepo/egs/slt_arctic/s1/experiments/slt_arctic_demo/duration_model/data/label_state_align/arctic_a0025.lab, 190 labels
2016-11-14 19:04:15,304    DEBUG            dur: made duration matrix of 38 frames x 5 features
2016-11-14 19:04:15,305     INFO            dur: loaded /home/ashish/Text2Speech/TTSDNNRepo/egs/slt_arctic/s1/experiments/slt_arctic_demo/duration_model/data/label_state_align/arctic_a0026.lab, 185 labels
2016-11-14 19:04:15,309    DEBUG            dur: made duration matrix of 37 frames x 5 features
2016-11-14 19:04:15,310     INFO            dur: loaded /home/ashish/Text2Speech/TTSDNNRepo/egs/slt_arctic/s1/experiments/slt_arctic_demo/duration_model/data/label_state_align/arctic_a0027.lab, 240 labels
2016-11-14 19:04:15,315    DEBUG            dur: made duration matrix of 48 frames x 5 features
2016-11-14 19:04:15,316     INFO            dur: loaded /home/ashish/Text2Speech/TTSDNNRepo/egs/slt_arctic/s1/experiments/slt_arctic_demo/duration_model/data/label_state_align/arctic_a0028.lab,  85 labels
2016-11-14 19:04:15,318    DEBUG            dur: made duration matrix of 17 frames x 5 features
2016-11-14 19:04:15,318     INFO            dur: loaded /home/ashish/Text2Speech/TTSDNNRepo/egs/slt_arctic/s1/experiments/slt_arctic_demo/duration_model/data/label_state_align/arctic_a0029.lab, 200 labels
2016-11-14 19:04:15,323    DEBUG            dur: made duration matrix of 40 frames x 5 features
2016-11-14 19:04:15,323     INFO            dur: loaded /home/ashish/Text2Speech/TTSDNNRepo/egs/slt_arctic/s1/experiments/slt_arctic_demo/duration_model/data/label_state_align/arctic_a0030.lab,  70 labels
2016-11-14 19:04:15,325    DEBUG            dur: made duration matrix of 14 frames x 5 features
2016-11-14 19:04:15,326     INFO            dur: loaded /home/ashish/Text2Speech/TTSDNNRepo/egs/slt_arctic/s1/experiments/slt_arctic_demo/duration_model/data/label_state_align/arctic_a0031.lab, 130 labels
2016-11-14 19:04:15,328    DEBUG            dur: made duration matrix of 26 frames x 5 features
2016-11-14 19:04:15,329     INFO            dur: loaded /home/ashish/Text2Speech/TTSDNNRepo/egs/slt_arctic/s1/experiments/slt_arctic_demo/duration_model/data/label_state_align/arctic_a0032.lab, 240 labels
2016-11-14 19:04:15,334    DEBUG            dur: made duration matrix of 48 frames x 5 features
2016-11-14 19:04:15,334     INFO            dur: loaded /home/ashish/Text2Speech/TTSDNNRepo/egs/slt_arctic/s1/experiments/slt_arctic_demo/duration_model/data/label_state_align/arctic_a0033.lab, 240 labels
2016-11-14 19:04:15,339    DEBUG            dur: made duration matrix of 48 frames x 5 features
2016-11-14 19:04:15,340     INFO            dur: loaded /home/ashish/Text2Speech/TTSDNNRepo/egs/slt_arctic/s1/experiments/slt_arctic_demo/duration_model/data/label_state_align/arctic_a0034.lab, 220 labels
2016-11-14 19:04:15,344    DEBUG            dur: made duration matrix of 44 frames x 5 features
2016-11-14 19:04:15,344     INFO            dur: loaded /home/ashish/Text2Speech/TTSDNNRepo/egs/slt_arctic/s1/experiments/slt_arctic_demo/duration_model/data/label_state_align/arctic_a0035.lab, 235 labels
2016-11-14 19:04:15,349    DEBUG            dur: made duration matrix of 47 frames x 5 features
2016-11-14 19:04:15,349     INFO            dur: loaded /home/ashish/Text2Speech/TTSDNNRepo/egs/slt_arctic/s1/experiments/slt_arctic_demo/duration_model/data/label_state_align/arctic_a0036.lab,  95 labels
2016-11-14 19:04:15,351    DEBUG            dur: made duration matrix of 19 frames x 5 features
2016-11-14 19:04:15,352     INFO            dur: loaded /home/ashish/Text2Speech/TTSDNNRepo/egs/slt_arctic/s1/experiments/slt_arctic_demo/duration_model/data/label_state_align/arctic_a0037.lab, 140 labels
2016-11-14 19:04:15,356    DEBUG            dur: made duration matrix of 28 frames x 5 features
2016-11-14 19:04:15,356     INFO            dur: loaded /home/ashish/Text2Speech/TTSDNNRepo/egs/slt_arctic/s1/experiments/slt_arctic_demo/duration_model/data/label_state_align/arctic_a0038.lab, 105 labels
2016-11-14 19:04:15,358    DEBUG            dur: made duration matrix of 21 frames x 5 features
2016-11-14 19:04:15,358     INFO            dur: loaded /home/ashish/Text2Speech/TTSDNNRepo/egs/slt_arctic/s1/experiments/slt_arctic_demo/duration_model/data/label_state_align/arctic_a0039.lab, 155 labels
2016-11-14 19:04:15,361    DEBUG            dur: made duration matrix of 31 frames x 5 features
2016-11-14 19:04:15,362     INFO            dur: loaded /home/ashish/Text2Speech/TTSDNNRepo/egs/slt_arctic/s1/experiments/slt_arctic_demo/duration_model/data/label_state_align/arctic_a0040.lab, 155 labels
2016-11-14 19:04:15,365    DEBUG            dur: made duration matrix of 31 frames x 5 features
2016-11-14 19:04:15,365     INFO            dur: loaded /home/ashish/Text2Speech/TTSDNNRepo/egs/slt_arctic/s1/experiments/slt_arctic_demo/duration_model/data/label_state_align/arctic_a0041.lab, 125 labels
2016-11-14 19:04:15,368    DEBUG            dur: made duration matrix of 25 frames x 5 features
2016-11-14 19:04:15,371     INFO            dur: loaded /home/ashish/Text2Speech/TTSDNNRepo/egs/slt_arctic/s1/experiments/slt_arctic_demo/duration_model/data/label_state_align/arctic_a0042.lab, 170 labels
2016-11-14 19:04:15,375    DEBUG            dur: made duration matrix of 34 frames x 5 features
2016-11-14 19:04:15,375     INFO            dur: loaded /home/ashish/Text2Speech/TTSDNNRepo/egs/slt_arctic/s1/experiments/slt_arctic_demo/duration_model/data/label_state_align/arctic_a0043.lab, 230 labels
2016-11-14 19:04:15,379    DEBUG            dur: made duration matrix of 46 frames x 5 features
2016-11-14 19:04:15,380     INFO            dur: loaded /home/ashish/Text2Speech/TTSDNNRepo/egs/slt_arctic/s1/experiments/slt_arctic_demo/duration_model/data/label_state_align/arctic_a0044.lab, 195 labels
2016-11-14 19:04:15,384    DEBUG            dur: made duration matrix of 39 frames x 5 features
2016-11-14 19:04:15,384     INFO            dur: loaded /home/ashish/Text2Speech/TTSDNNRepo/egs/slt_arctic/s1/experiments/slt_arctic_demo/duration_model/data/label_state_align/arctic_a0045.lab, 150 labels
2016-11-14 19:04:15,388    DEBUG            dur: made duration matrix of 30 frames x 5 features
2016-11-14 19:04:15,389     INFO            dur: loaded /home/ashish/Text2Speech/TTSDNNRepo/egs/slt_arctic/s1/experiments/slt_arctic_demo/duration_model/data/label_state_align/arctic_a0046.lab, 175 labels
2016-11-14 19:04:15,395    DEBUG            dur: made duration matrix of 35 frames x 5 features
2016-11-14 19:04:15,395     INFO            dur: loaded /home/ashish/Text2Speech/TTSDNNRepo/egs/slt_arctic/s1/experiments/slt_arctic_demo/duration_model/data/label_state_align/arctic_a0047.lab, 195 labels
2016-11-14 19:04:15,400    DEBUG            dur: made duration matrix of 39 frames x 5 features
2016-11-14 19:04:15,402     INFO            dur: loaded /home/ashish/Text2Speech/TTSDNNRepo/egs/slt_arctic/s1/experiments/slt_arctic_demo/duration_model/data/label_state_align/arctic_a0048.lab, 150 labels
2016-11-14 19:04:15,406    DEBUG            dur: made duration matrix of 30 frames x 5 features
2016-11-14 19:04:15,407     INFO            dur: loaded /home/ashish/Text2Speech/TTSDNNRepo/egs/slt_arctic/s1/experiments/slt_arctic_demo/duration_model/data/label_state_align/arctic_a0049.lab, 180 labels
2016-11-14 19:04:15,412    DEBUG            dur: made duration matrix of 36 frames x 5 features
2016-11-14 19:04:15,413     INFO            dur: loaded /home/ashish/Text2Speech/TTSDNNRepo/egs/slt_arctic/s1/experiments/slt_arctic_demo/duration_model/data/label_state_align/arctic_a0050.lab, 240 labels
2016-11-14 19:04:15,417    DEBUG            dur: made duration matrix of 48 frames x 5 features
2016-11-14 19:04:15,418     INFO            dur: loaded /home/ashish/Text2Speech/TTSDNNRepo/egs/slt_arctic/s1/experiments/slt_arctic_demo/duration_model/data/label_state_align/arctic_a0051.lab, 235 labels
2016-11-14 19:04:15,422    DEBUG            dur: made duration matrix of 47 frames x 5 features
2016-11-14 19:04:15,423     INFO            dur: loaded /home/ashish/Text2Speech/TTSDNNRepo/egs/slt_arctic/s1/experiments/slt_arctic_demo/duration_model/data/label_state_align/arctic_a0052.lab, 125 labels
2016-11-14 19:04:15,426    DEBUG            dur: made duration matrix of 25 frames x 5 features
2016-11-14 19:04:15,426     INFO            dur: loaded /home/ashish/Text2Speech/TTSDNNRepo/egs/slt_arctic/s1/experiments/slt_arctic_demo/duration_model/data/label_state_align/arctic_a0053.lab, 205 labels
2016-11-14 19:04:15,430    DEBUG            dur: made duration matrix of 41 frames x 5 features
2016-11-14 19:04:15,430     INFO            dur: loaded /home/ashish/Text2Speech/TTSDNNRepo/egs/slt_arctic/s1/experiments/slt_arctic_demo/duration_model/data/label_state_align/arctic_a0054.lab, 100 labels
2016-11-14 19:04:15,432    DEBUG            dur: made duration matrix of 20 frames x 5 features
2016-11-14 19:04:15,433     INFO            dur: loaded /home/ashish/Text2Speech/TTSDNNRepo/egs/slt_arctic/s1/experiments/slt_arctic_demo/duration_model/data/label_state_align/arctic_a0055.lab, 250 labels
2016-11-14 19:04:15,438    DEBUG            dur: made duration matrix of 50 frames x 5 features
2016-11-14 19:04:15,438     INFO            dur: loaded /home/ashish/Text2Speech/TTSDNNRepo/egs/slt_arctic/s1/experiments/slt_arctic_demo/duration_model/data/label_state_align/arctic_a0056.lab, 165 labels
2016-11-14 19:04:15,441    DEBUG            dur: made duration matrix of 33 frames x 5 features
2016-11-14 19:04:15,442     INFO            dur: loaded /home/ashish/Text2Speech/TTSDNNRepo/egs/slt_arctic/s1/experiments/slt_arctic_demo/duration_model/data/label_state_align/arctic_a0057.lab, 115 labels
2016-11-14 19:04:15,444    DEBUG            dur: made duration matrix of 23 frames x 5 features
2016-11-14 19:04:15,444     INFO            dur: loaded /home/ashish/Text2Speech/TTSDNNRepo/egs/slt_arctic/s1/experiments/slt_arctic_demo/duration_model/data/label_state_align/arctic_a0058.lab, 235 labels
2016-11-14 19:04:15,449    DEBUG            dur: made duration matrix of 47 frames x 5 features
2016-11-14 19:04:15,449     INFO            dur: loaded /home/ashish/Text2Speech/TTSDNNRepo/egs/slt_arctic/s1/experiments/slt_arctic_demo/duration_model/data/label_state_align/arctic_a0059.lab, 140 labels
2016-11-14 19:04:15,452    DEBUG            dur: made duration matrix of 28 frames x 5 features
2016-11-14 19:04:15,452     INFO            dur: loaded /home/ashish/Text2Speech/TTSDNNRepo/egs/slt_arctic/s1/experiments/slt_arctic_demo/duration_model/data/label_state_align/arctic_a0060.lab, 110 labels
2016-11-14 19:04:15,455    DEBUG            dur: made duration matrix of 22 frames x 5 features
2016-11-14 19:04:15,455     INFO           main: creating acoustic (output) features
2016-11-14 19:04:15,455     INFO  acoustic_comp: processing file    1 of   60 : /home/ashish/Text2Speech/TTSDNNRepo/egs/slt_arctic/s1/experiments/slt_arctic_demo/duration_model/data/nn_dur_5/arctic_a0001.cmp
2016-11-14 19:04:15,455    DEBUG  acoustic_comp:  wrote 37 frames of features
2016-11-14 19:04:15,455     INFO  acoustic_comp: processing file    2 of   60 : /home/ashish/Text2Speech/TTSDNNRepo/egs/slt_arctic/s1/experiments/slt_arctic_demo/duration_model/data/nn_dur_5/arctic_a0002.cmp
2016-11-14 19:04:15,456    DEBUG  acoustic_comp:  wrote 42 frames of features
2016-11-14 19:04:15,456     INFO  acoustic_comp: processing file    3 of   60 : /home/ashish/Text2Speech/TTSDNNRepo/egs/slt_arctic/s1/experiments/slt_arctic_demo/duration_model/data/nn_dur_5/arctic_a0003.cmp
2016-11-14 19:04:15,458    DEBUG  acoustic_comp:  wrote 41 frames of features
2016-11-14 19:04:15,458     INFO  acoustic_comp: processing file    4 of   60 : /home/ashish/Text2Speech/TTSDNNRepo/egs/slt_arctic/s1/experiments/slt_arctic_demo/duration_model/data/nn_dur_5/arctic_a0004.cmp
2016-11-14 19:04:15,458    DEBUG  acoustic_comp:  wrote 28 frames of features
2016-11-14 19:04:15,458     INFO  acoustic_comp: processing file    5 of   60 : /home/ashish/Text2Speech/TTSDNNRepo/egs/slt_arctic/s1/experiments/slt_arctic_demo/duration_model/data/nn_dur_5/arctic_a0005.cmp
2016-11-14 19:04:15,459    DEBUG  acoustic_comp:  wrote 17 frames of features
2016-11-14 19:04:15,459     INFO  acoustic_comp: processing file    6 of   60 : /home/ashish/Text2Speech/TTSDNNRepo/egs/slt_arctic/s1/experiments/slt_arctic_demo/duration_model/data/nn_dur_5/arctic_a0006.cmp
2016-11-14 19:04:15,459    DEBUG  acoustic_comp:  wrote 33 frames of features
2016-11-14 19:04:15,459     INFO  acoustic_comp: processing file    7 of   60 : /home/ashish/Text2Speech/TTSDNNRepo/egs/slt_arctic/s1/experiments/slt_arctic_demo/duration_model/data/nn_dur_5/arctic_a0007.cmp
2016-11-14 19:04:15,459    DEBUG  acoustic_comp:  wrote 40 frames of features
2016-11-14 19:04:15,459     INFO  acoustic_comp: processing file    8 of   60 : /home/ashish/Text2Speech/TTSDNNRepo/egs/slt_arctic/s1/experiments/slt_arctic_demo/duration_model/data/nn_dur_5/arctic_a0008.cmp
2016-11-14 19:04:15,460    DEBUG  acoustic_comp:  wrote 24 frames of features
2016-11-14 19:04:15,460     INFO  acoustic_comp: processing file    9 of   60 : /home/ashish/Text2Speech/TTSDNNRepo/egs/slt_arctic/s1/experiments/slt_arctic_demo/duration_model/data/nn_dur_5/arctic_a0009.cmp
2016-11-14 19:04:15,460    DEBUG  acoustic_comp:  wrote 40 frames of features
2016-11-14 19:04:15,460     INFO  acoustic_comp: processing file   10 of   60 : /home/ashish/Text2Speech/TTSDNNRepo/egs/slt_arctic/s1/experiments/slt_arctic_demo/duration_model/data/nn_dur_5/arctic_a0010.cmp
2016-11-14 19:04:15,460    DEBUG  acoustic_comp:  wrote 41 frames of features
2016-11-14 19:04:15,460     INFO  acoustic_comp: processing file   11 of   60 : /home/ashish/Text2Speech/TTSDNNRepo/egs/slt_arctic/s1/experiments/slt_arctic_demo/duration_model/data/nn_dur_5/arctic_a0011.cmp
2016-11-14 19:04:15,461    DEBUG  acoustic_comp:  wrote 34 frames of features
2016-11-14 19:04:15,461     INFO  acoustic_comp: processing file   12 of   60 : /home/ashish/Text2Speech/TTSDNNRepo/egs/slt_arctic/s1/experiments/slt_arctic_demo/duration_model/data/nn_dur_5/arctic_a0012.cmp
2016-11-14 19:04:15,461    DEBUG  acoustic_comp:  wrote 36 frames of features
2016-11-14 19:04:15,461     INFO  acoustic_comp: processing file   13 of   60 : /home/ashish/Text2Speech/TTSDNNRepo/egs/slt_arctic/s1/experiments/slt_arctic_demo/duration_model/data/nn_dur_5/arctic_a0013.cmp
2016-11-14 19:04:15,461    DEBUG  acoustic_comp:  wrote 52 frames of features
2016-11-14 19:04:15,461     INFO  acoustic_comp: processing file   14 of   60 : /home/ashish/Text2Speech/TTSDNNRepo/egs/slt_arctic/s1/experiments/slt_arctic_demo/duration_model/data/nn_dur_5/arctic_a0014.cmp
2016-11-14 19:04:15,461    DEBUG  acoustic_comp:  wrote 36 frames of features
2016-11-14 19:04:15,462     INFO  acoustic_comp: processing file   15 of   60 : /home/ashish/Text2Speech/TTSDNNRepo/egs/slt_arctic/s1/experiments/slt_arctic_demo/duration_model/data/nn_dur_5/arctic_a0015.cmp
2016-11-14 19:04:15,462    DEBUG  acoustic_comp:  wrote 19 frames of features
2016-11-14 19:04:15,462     INFO  acoustic_comp: processing file   16 of   60 : /home/ashish/Text2Speech/TTSDNNRepo/egs/slt_arctic/s1/experiments/slt_arctic_demo/duration_model/data/nn_dur_5/arctic_a0016.cmp
2016-11-14 19:04:15,462    DEBUG  acoustic_comp:  wrote 41 frames of features
2016-11-14 19:04:15,462     INFO  acoustic_comp: processing file   17 of   60 : /home/ashish/Text2Speech/TTSDNNRepo/egs/slt_arctic/s1/experiments/slt_arctic_demo/duration_model/data/nn_dur_5/arctic_a0017.cmp
2016-11-14 19:04:15,462    DEBUG  acoustic_comp:  wrote 55 frames of features
2016-11-14 19:04:15,463     INFO  acoustic_comp: processing file   18 of   60 : /home/ashish/Text2Speech/TTSDNNRepo/egs/slt_arctic/s1/experiments/slt_arctic_demo/duration_model/data/nn_dur_5/arctic_a0018.cmp
2016-11-14 19:04:15,463    DEBUG  acoustic_comp:  wrote 15 frames of features
2016-11-14 19:04:15,463     INFO  acoustic_comp: processing file   19 of   60 : /home/ashish/Text2Speech/TTSDNNRepo/egs/slt_arctic/s1/experiments/slt_arctic_demo/duration_model/data/nn_dur_5/arctic_a0019.cmp
2016-11-14 19:04:15,463    DEBUG  acoustic_comp:  wrote 44 frames of features
2016-11-14 19:04:15,463     INFO  acoustic_comp: processing file   20 of   60 : /home/ashish/Text2Speech/TTSDNNRepo/egs/slt_arctic/s1/experiments/slt_arctic_demo/duration_model/data/nn_dur_5/arctic_a0020.cmp
2016-11-14 19:04:15,463    DEBUG  acoustic_comp:  wrote 39 frames of features
2016-11-14 19:04:15,463     INFO  acoustic_comp: processing file   21 of   60 : /home/ashish/Text2Speech/TTSDNNRepo/egs/slt_arctic/s1/experiments/slt_arctic_demo/duration_model/data/nn_dur_5/arctic_a0021.cmp
2016-11-14 19:04:15,464    DEBUG  acoustic_comp:  wrote 32 frames of features
2016-11-14 19:04:15,464     INFO  acoustic_comp: processing file   22 of   60 : /home/ashish/Text2Speech/TTSDNNRepo/egs/slt_arctic/s1/experiments/slt_arctic_demo/duration_model/data/nn_dur_5/arctic_a0022.cmp
2016-11-14 19:04:15,464    DEBUG  acoustic_comp:  wrote 54 frames of features
2016-11-14 19:04:15,464     INFO  acoustic_comp: processing file   23 of   60 : /home/ashish/Text2Speech/TTSDNNRepo/egs/slt_arctic/s1/experiments/slt_arctic_demo/duration_model/data/nn_dur_5/arctic_a0023.cmp
2016-11-14 19:04:15,464    DEBUG  acoustic_comp:  wrote 72 frames of features
2016-11-14 19:04:15,464     INFO  acoustic_comp: processing file   24 of   60 : /home/ashish/Text2Speech/TTSDNNRepo/egs/slt_arctic/s1/experiments/slt_arctic_demo/duration_model/data/nn_dur_5/arctic_a0024.cmp
2016-11-14 19:04:15,464    DEBUG  acoustic_comp:  wrote 49 frames of features
2016-11-14 19:04:15,465     INFO  acoustic_comp: processing file   25 of   60 : /home/ashish/Text2Speech/TTSDNNRepo/egs/slt_arctic/s1/experiments/slt_arctic_demo/duration_model/data/nn_dur_5/arctic_a0025.cmp
2016-11-14 19:04:15,465    DEBUG  acoustic_comp:  wrote 38 frames of features
2016-11-14 19:04:15,465     INFO  acoustic_comp: processing file   26 of   60 : /home/ashish/Text2Speech/TTSDNNRepo/egs/slt_arctic/s1/experiments/slt_arctic_demo/duration_model/data/nn_dur_5/arctic_a0026.cmp
2016-11-14 19:04:15,465    DEBUG  acoustic_comp:  wrote 37 frames of features
2016-11-14 19:04:15,465     INFO  acoustic_comp: processing file   27 of   60 : /home/ashish/Text2Speech/TTSDNNRepo/egs/slt_arctic/s1/experiments/slt_arctic_demo/duration_model/data/nn_dur_5/arctic_a0027.cmp
2016-11-14 19:04:15,465    DEBUG  acoustic_comp:  wrote 48 frames of features
2016-11-14 19:04:15,465     INFO  acoustic_comp: processing file   28 of   60 : /home/ashish/Text2Speech/TTSDNNRepo/egs/slt_arctic/s1/experiments/slt_arctic_demo/duration_model/data/nn_dur_5/arctic_a0028.cmp
2016-11-14 19:04:15,466    DEBUG  acoustic_comp:  wrote 17 frames of features
2016-11-14 19:04:15,466     INFO  acoustic_comp: processing file   29 of   60 : /home/ashish/Text2Speech/TTSDNNRepo/egs/slt_arctic/s1/experiments/slt_arctic_demo/duration_model/data/nn_dur_5/arctic_a0029.cmp
2016-11-14 19:04:15,466    DEBUG  acoustic_comp:  wrote 40 frames of features
2016-11-14 19:04:15,466     INFO  acoustic_comp: processing file   30 of   60 : /home/ashish/Text2Speech/TTSDNNRepo/egs/slt_arctic/s1/experiments/slt_arctic_demo/duration_model/data/nn_dur_5/arctic_a0030.cmp
2016-11-14 19:04:15,466    DEBUG  acoustic_comp:  wrote 14 frames of features
2016-11-14 19:04:15,466     INFO  acoustic_comp: processing file   31 of   60 : /home/ashish/Text2Speech/TTSDNNRepo/egs/slt_arctic/s1/experiments/slt_arctic_demo/duration_model/data/nn_dur_5/arctic_a0031.cmp
2016-11-14 19:04:15,467    DEBUG  acoustic_comp:  wrote 26 frames of features
2016-11-14 19:04:15,467     INFO  acoustic_comp: processing file   32 of   60 : /home/ashish/Text2Speech/TTSDNNRepo/egs/slt_arctic/s1/experiments/slt_arctic_demo/duration_model/data/nn_dur_5/arctic_a0032.cmp
2016-11-14 19:04:15,467    DEBUG  acoustic_comp:  wrote 48 frames of features
2016-11-14 19:04:15,467     INFO  acoustic_comp: processing file   33 of   60 : /home/ashish/Text2Speech/TTSDNNRepo/egs/slt_arctic/s1/experiments/slt_arctic_demo/duration_model/data/nn_dur_5/arctic_a0033.cmp
2016-11-14 19:04:15,467    DEBUG  acoustic_comp:  wrote 48 frames of features
2016-11-14 19:04:15,467     INFO  acoustic_comp: processing file   34 of   60 : /home/ashish/Text2Speech/TTSDNNRepo/egs/slt_arctic/s1/experiments/slt_arctic_demo/duration_model/data/nn_dur_5/arctic_a0034.cmp
2016-11-14 19:04:15,468    DEBUG  acoustic_comp:  wrote 44 frames of features
2016-11-14 19:04:15,468     INFO  acoustic_comp: processing file   35 of   60 : /home/ashish/Text2Speech/TTSDNNRepo/egs/slt_arctic/s1/experiments/slt_arctic_demo/duration_model/data/nn_dur_5/arctic_a0035.cmp
2016-11-14 19:04:15,468    DEBUG  acoustic_comp:  wrote 47 frames of features
2016-11-14 19:04:15,468     INFO  acoustic_comp: processing file   36 of   60 : /home/ashish/Text2Speech/TTSDNNRepo/egs/slt_arctic/s1/experiments/slt_arctic_demo/duration_model/data/nn_dur_5/arctic_a0036.cmp
2016-11-14 19:04:15,469    DEBUG  acoustic_comp:  wrote 19 frames of features
2016-11-14 19:04:15,469     INFO  acoustic_comp: processing file   37 of   60 : /home/ashish/Text2Speech/TTSDNNRepo/egs/slt_arctic/s1/experiments/slt_arctic_demo/duration_model/data/nn_dur_5/arctic_a0037.cmp
2016-11-14 19:04:15,469    DEBUG  acoustic_comp:  wrote 28 frames of features
2016-11-14 19:04:15,469     INFO  acoustic_comp: processing file   38 of   60 : /home/ashish/Text2Speech/TTSDNNRepo/egs/slt_arctic/s1/experiments/slt_arctic_demo/duration_model/data/nn_dur_5/arctic_a0038.cmp
2016-11-14 19:04:15,469    DEBUG  acoustic_comp:  wrote 21 frames of features
2016-11-14 19:04:15,469     INFO  acoustic_comp: processing file   39 of   60 : /home/ashish/Text2Speech/TTSDNNRepo/egs/slt_arctic/s1/experiments/slt_arctic_demo/duration_model/data/nn_dur_5/arctic_a0039.cmp
2016-11-14 19:04:15,470    DEBUG  acoustic_comp:  wrote 31 frames of features
2016-11-14 19:04:15,470     INFO  acoustic_comp: processing file   40 of   60 : /home/ashish/Text2Speech/TTSDNNRepo/egs/slt_arctic/s1/experiments/slt_arctic_demo/duration_model/data/nn_dur_5/arctic_a0040.cmp
2016-11-14 19:04:15,470    DEBUG  acoustic_comp:  wrote 31 frames of features
2016-11-14 19:04:15,470     INFO  acoustic_comp: processing file   41 of   60 : /home/ashish/Text2Speech/TTSDNNRepo/egs/slt_arctic/s1/experiments/slt_arctic_demo/duration_model/data/nn_dur_5/arctic_a0041.cmp
2016-11-14 19:04:15,470    DEBUG  acoustic_comp:  wrote 25 frames of features
2016-11-14 19:04:15,470     INFO  acoustic_comp: processing file   42 of   60 : /home/ashish/Text2Speech/TTSDNNRepo/egs/slt_arctic/s1/experiments/slt_arctic_demo/duration_model/data/nn_dur_5/arctic_a0042.cmp
2016-11-14 19:04:15,471    DEBUG  acoustic_comp:  wrote 34 frames of features
2016-11-14 19:04:15,471     INFO  acoustic_comp: processing file   43 of   60 : /home/ashish/Text2Speech/TTSDNNRepo/egs/slt_arctic/s1/experiments/slt_arctic_demo/duration_model/data/nn_dur_5/arctic_a0043.cmp
2016-11-14 19:04:15,471    DEBUG  acoustic_comp:  wrote 46 frames of features
2016-11-14 19:04:15,471     INFO  acoustic_comp: processing file   44 of   60 : /home/ashish/Text2Speech/TTSDNNRepo/egs/slt_arctic/s1/experiments/slt_arctic_demo/duration_model/data/nn_dur_5/arctic_a0044.cmp
2016-11-14 19:04:15,471    DEBUG  acoustic_comp:  wrote 39 frames of features
2016-11-14 19:04:15,471     INFO  acoustic_comp: processing file   45 of   60 : /home/ashish/Text2Speech/TTSDNNRepo/egs/slt_arctic/s1/experiments/slt_arctic_demo/duration_model/data/nn_dur_5/arctic_a0045.cmp
2016-11-14 19:04:15,471    DEBUG  acoustic_comp:  wrote 30 frames of features
2016-11-14 19:04:15,472     INFO  acoustic_comp: processing file   46 of   60 : /home/ashish/Text2Speech/TTSDNNRepo/egs/slt_arctic/s1/experiments/slt_arctic_demo/duration_model/data/nn_dur_5/arctic_a0046.cmp
2016-11-14 19:04:15,472    DEBUG  acoustic_comp:  wrote 35 frames of features
2016-11-14 19:04:15,472     INFO  acoustic_comp: processing file   47 of   60 : /home/ashish/Text2Speech/TTSDNNRepo/egs/slt_arctic/s1/experiments/slt_arctic_demo/duration_model/data/nn_dur_5/arctic_a0047.cmp
2016-11-14 19:04:15,472    DEBUG  acoustic_comp:  wrote 39 frames of features
2016-11-14 19:04:15,472     INFO  acoustic_comp: processing file   48 of   60 : /home/ashish/Text2Speech/TTSDNNRepo/egs/slt_arctic/s1/experiments/slt_arctic_demo/duration_model/data/nn_dur_5/arctic_a0048.cmp
2016-11-14 19:04:15,472    DEBUG  acoustic_comp:  wrote 30 frames of features
2016-11-14 19:04:15,472     INFO  acoustic_comp: processing file   49 of   60 : /home/ashish/Text2Speech/TTSDNNRepo/egs/slt_arctic/s1/experiments/slt_arctic_demo/duration_model/data/nn_dur_5/arctic_a0049.cmp
2016-11-14 19:04:15,473    DEBUG  acoustic_comp:  wrote 36 frames of features
2016-11-14 19:04:15,473     INFO  acoustic_comp: processing file   50 of   60 : /home/ashish/Text2Speech/TTSDNNRepo/egs/slt_arctic/s1/experiments/slt_arctic_demo/duration_model/data/nn_dur_5/arctic_a0050.cmp
2016-11-14 19:04:15,473    DEBUG  acoustic_comp:  wrote 48 frames of features
2016-11-14 19:04:15,473     INFO  acoustic_comp: processing file   51 of   60 : /home/ashish/Text2Speech/TTSDNNRepo/egs/slt_arctic/s1/experiments/slt_arctic_demo/duration_model/data/nn_dur_5/arctic_a0051.cmp
2016-11-14 19:04:15,473    DEBUG  acoustic_comp:  wrote 47 frames of features
2016-11-14 19:04:15,473     INFO  acoustic_comp: processing file   52 of   60 : /home/ashish/Text2Speech/TTSDNNRepo/egs/slt_arctic/s1/experiments/slt_arctic_demo/duration_model/data/nn_dur_5/arctic_a0052.cmp
2016-11-14 19:04:15,474    DEBUG  acoustic_comp:  wrote 25 frames of features
2016-11-14 19:04:15,474     INFO  acoustic_comp: processing file   53 of   60 : /home/ashish/Text2Speech/TTSDNNRepo/egs/slt_arctic/s1/experiments/slt_arctic_demo/duration_model/data/nn_dur_5/arctic_a0053.cmp
2016-11-14 19:04:15,474    DEBUG  acoustic_comp:  wrote 41 frames of features
2016-11-14 19:04:15,474     INFO  acoustic_comp: processing file   54 of   60 : /home/ashish/Text2Speech/TTSDNNRepo/egs/slt_arctic/s1/experiments/slt_arctic_demo/duration_model/data/nn_dur_5/arctic_a0054.cmp
2016-11-14 19:04:15,474    DEBUG  acoustic_comp:  wrote 20 frames of features
2016-11-14 19:04:15,474     INFO  acoustic_comp: processing file   55 of   60 : /home/ashish/Text2Speech/TTSDNNRepo/egs/slt_arctic/s1/experiments/slt_arctic_demo/duration_model/data/nn_dur_5/arctic_a0055.cmp
2016-11-14 19:04:15,474    DEBUG  acoustic_comp:  wrote 50 frames of features
2016-11-14 19:04:15,475     INFO  acoustic_comp: processing file   56 of   60 : /home/ashish/Text2Speech/TTSDNNRepo/egs/slt_arctic/s1/experiments/slt_arctic_demo/duration_model/data/nn_dur_5/arctic_a0056.cmp
2016-11-14 19:04:15,475    DEBUG  acoustic_comp:  wrote 33 frames of features
2016-11-14 19:04:15,475     INFO  acoustic_comp: processing file   57 of   60 : /home/ashish/Text2Speech/TTSDNNRepo/egs/slt_arctic/s1/experiments/slt_arctic_demo/duration_model/data/nn_dur_5/arctic_a0057.cmp
2016-11-14 19:04:15,475    DEBUG  acoustic_comp:  wrote 23 frames of features
2016-11-14 19:04:15,475     INFO  acoustic_comp: processing file   58 of   60 : /home/ashish/Text2Speech/TTSDNNRepo/egs/slt_arctic/s1/experiments/slt_arctic_demo/duration_model/data/nn_dur_5/arctic_a0058.cmp
2016-11-14 19:04:15,475    DEBUG  acoustic_comp:  wrote 47 frames of features
2016-11-14 19:04:15,475     INFO  acoustic_comp: processing file   59 of   60 : /home/ashish/Text2Speech/TTSDNNRepo/egs/slt_arctic/s1/experiments/slt_arctic_demo/duration_model/data/nn_dur_5/arctic_a0059.cmp
2016-11-14 19:04:15,476    DEBUG  acoustic_comp:  wrote 28 frames of features
2016-11-14 19:04:15,476     INFO  acoustic_comp: processing file   60 of   60 : /home/ashish/Text2Speech/TTSDNNRepo/egs/slt_arctic/s1/experiments/slt_arctic_demo/duration_model/data/nn_dur_5/arctic_a0060.cmp
2016-11-14 19:04:15,476    DEBUG  acoustic_comp:  wrote 22 frames of features
2016-11-14 19:04:15,597     INFO           main: normalising acoustic (output) features using method MVN
2016-11-14 19:04:15,612     INFO           main: saved MVN vectors to /home/ashish/Text2Speech/TTSDNNRepo/egs/slt_arctic/s1/experiments/slt_arctic_demo/duration_model/data/norm_info_dur_5_MVN.dat
2016-11-14 19:04:15,612     INFO           main: saved dur variance vector to /home/ashish/Text2Speech/TTSDNNRepo/egs/slt_arctic/s1/experiments/slt_arctic_demo/duration_model/data/var/dur_5
2016-11-14 19:04:15,636    DEBUG         labels: HTS-derived input feature dimension is 416 + 0 = 416
2016-11-14 19:04:15,636     INFO           main: label dimension is 416
2016-11-14 19:04:15,637     INFO           main: training DNN
2016-11-14 19:04:15,637    DEBUG main.train_DNN: Starting train_DNN
2016-11-14 19:04:15,637    DEBUG main.train_DNN: Creating training   data provider
2016-11-14 19:04:15,638    DEBUG main.train_DNN: Creating validation data provider
2016-11-14 19:04:15,674     INFO main.train_DNN: building the model
2016-11-14 19:04:35,019     INFO main.train_DNN: fine-tuning the DNN model
2016-11-14 19:04:40,327    DEBUG main.train_DNN: calculating validation loss
2016-11-14 19:04:40,503     INFO main.train_DNN: epoch 1, validation error 4.644241, train error 4.870829  time spent 5.48
2016-11-14 19:04:45,842    DEBUG main.train_DNN: calculating validation loss
2016-11-14 19:04:46,018     INFO main.train_DNN: epoch 2, validation error 4.487165, train error 4.607444  time spent 5.51
2016-11-14 19:04:51,329    DEBUG main.train_DNN: calculating validation loss
2016-11-14 19:04:51,505     INFO main.train_DNN: epoch 3, validation error 4.392767, train error 4.459305  time spent 5.49
2016-11-14 19:04:56,820    DEBUG main.train_DNN: calculating validation loss
2016-11-14 19:04:56,997     INFO main.train_DNN: epoch 4, validation error 4.329392, train error 4.356348  time spent 5.49
2016-11-14 19:05:02,310    DEBUG main.train_DNN: calculating validation loss
2016-11-14 19:05:02,486     INFO main.train_DNN: epoch 5, validation error 4.284837, train error 4.277966  time spent 5.49
2016-11-14 19:05:07,732    DEBUG main.train_DNN: calculating validation loss
2016-11-14 19:05:07,908     INFO main.train_DNN: epoch 6, validation error 4.252743, train error 4.215003  time spent 5.42
2016-11-14 19:05:15,040    DEBUG main.train_DNN: calculating validation loss
2016-11-14 19:05:15,226     INFO main.train_DNN: epoch 7, validation error 4.229135, train error 4.162509  time spent 5.48
2016-11-14 19:05:22,685    DEBUG main.train_DNN: calculating validation loss
2016-11-14 19:05:22,858     INFO main.train_DNN: epoch 8, validation error 4.211323, train error 4.117513  time spent 5.61
2016-11-14 19:05:30,044    DEBUG main.train_DNN: calculating validation loss
2016-11-14 19:05:30,221     INFO main.train_DNN: epoch 9, validation error 4.197459, train error 4.078102  time spent 5.48
2016-11-14 19:05:37,276    DEBUG main.train_DNN: calculating validation loss
2016-11-14 19:05:37,449     INFO main.train_DNN: epoch 10, validation error 4.186284, train error 4.042981  time spent 5.44
2016-11-14 19:05:44,692    DEBUG main.train_DNN: calculating validation loss
2016-11-14 19:05:44,866     INFO main.train_DNN: epoch 11, validation error 4.189965, train error 4.044055  time spent 5.62
2016-11-14 19:05:44,866    DEBUG main.train_DNN: validation loss increased
2016-11-14 19:05:50,211    DEBUG main.train_DNN: calculating validation loss
2016-11-14 19:05:50,383     INFO main.train_DNN: epoch 12, validation error 4.173001, train error 3.921315  time spent 5.52
2016-11-14 19:05:57,501    DEBUG main.train_DNN: calculating validation loss
2016-11-14 19:05:57,675     INFO main.train_DNN: epoch 13, validation error 4.179362, train error 3.873761  time spent 5.43
2016-11-14 19:05:57,675    DEBUG main.train_DNN: validation loss increased
2016-11-14 19:06:02,970    DEBUG main.train_DNN: calculating validation loss
2016-11-14 19:06:03,143     INFO main.train_DNN: epoch 14, validation error 4.156760, train error 3.836890  time spent 5.47
2016-11-14 19:06:10,169    DEBUG main.train_DNN: calculating validation loss
2016-11-14 19:06:10,342     INFO main.train_DNN: epoch 15, validation error 4.144701, train error 3.816035  time spent 5.41
2016-11-14 19:06:17,619    DEBUG main.train_DNN: calculating validation loss
2016-11-14 19:06:17,792     INFO main.train_DNN: epoch 16, validation error 4.143400, train error 3.808428  time spent 5.63
2016-11-14 19:06:24,772    DEBUG main.train_DNN: calculating validation loss
2016-11-14 19:06:24,945     INFO main.train_DNN: epoch 17, validation error 4.143185, train error 3.804963  time spent 5.37
2016-11-14 19:06:32,417    DEBUG main.train_DNN: calculating validation loss
2016-11-14 19:06:32,590     INFO main.train_DNN: epoch 18, validation error 4.142815, train error 3.803295  time spent 5.42
2016-11-14 19:06:39,610    DEBUG main.train_DNN: calculating validation loss
2016-11-14 19:06:39,782     INFO main.train_DNN: epoch 19, validation error 4.142603, train error 3.802466  time spent 5.40
2016-11-14 19:06:46,779    DEBUG main.train_DNN: calculating validation loss
2016-11-14 19:06:46,951     INFO main.train_DNN: epoch 20, validation error 4.142498, train error 3.802053  time spent 5.38
2016-11-14 19:06:53,942    DEBUG main.train_DNN: calculating validation loss
2016-11-14 19:06:54,115     INFO main.train_DNN: epoch 21, validation error 4.142447, train error 3.801847  time spent 5.38
2016-11-14 19:07:01,148    DEBUG main.train_DNN: calculating validation loss
2016-11-14 19:07:01,393     INFO main.train_DNN: epoch 22, validation error 4.142421, train error 3.801744  time spent 5.48
2016-11-14 19:07:08,431    DEBUG main.train_DNN: calculating validation loss
2016-11-14 19:07:08,603     INFO main.train_DNN: epoch 23, validation error 4.142409, train error 3.801692  time spent 5.40
2016-11-14 19:07:15,619    DEBUG main.train_DNN: calculating validation loss
2016-11-14 19:07:15,791     INFO main.train_DNN: epoch 24, validation error 4.142403, train error 3.801667  time spent 5.40
2016-11-14 19:07:22,759    DEBUG main.train_DNN: calculating validation loss
2016-11-14 19:07:22,937     INFO main.train_DNN: epoch 25, validation error 4.142400, train error 3.801656  time spent 5.36
2016-11-14 19:07:24,719     INFO main.train_DNN: overall  training time: 2.83m validation error 4.142400
2016-11-14 19:07:24,721     INFO           main: generating from DNN
2016-11-14 19:07:24,721    DEBUG dnn_generation: Starting dnn_generation
2016-11-14 19:07:25,610     INFO dnn_generation: generating    1 of   10: /home/ashish/Text2Speech/TTSDNNRepo/egs/slt_arctic/s1/experiments/slt_arctic_demo/duration_model/data/nn_no_silence_lab_norm_416/arctic_a0051.lab
2016-11-14 19:07:26,450    DEBUG dnn_generation: saved to /home/ashish/Text2Speech/TTSDNNRepo/egs/slt_arctic/s1/experiments/slt_arctic_demo/duration_model/gen/DNN_TANH_TANH_TANH_TANH_LINEAR__dur_1_50_416_5_4_512_512/arctic_a0051.cmp
2016-11-14 19:07:26,451     INFO dnn_generation: generating    2 of   10: /home/ashish/Text2Speech/TTSDNNRepo/egs/slt_arctic/s1/experiments/slt_arctic_demo/duration_model/data/nn_no_silence_lab_norm_416/arctic_a0052.lab
2016-11-14 19:07:26,537    DEBUG dnn_generation: saved to /home/ashish/Text2Speech/TTSDNNRepo/egs/slt_arctic/s1/experiments/slt_arctic_demo/duration_model/gen/DNN_TANH_TANH_TANH_TANH_LINEAR__dur_1_50_416_5_4_512_512/arctic_a0052.cmp
2016-11-14 19:07:26,538     INFO dnn_generation: generating    3 of   10: /home/ashish/Text2Speech/TTSDNNRepo/egs/slt_arctic/s1/experiments/slt_arctic_demo/duration_model/data/nn_no_silence_lab_norm_416/arctic_a0053.lab
2016-11-14 19:07:26,643    DEBUG dnn_generation: saved to /home/ashish/Text2Speech/TTSDNNRepo/egs/slt_arctic/s1/experiments/slt_arctic_demo/duration_model/gen/DNN_TANH_TANH_TANH_TANH_LINEAR__dur_1_50_416_5_4_512_512/arctic_a0053.cmp
2016-11-14 19:07:26,643     INFO dnn_generation: generating    4 of   10: /home/ashish/Text2Speech/TTSDNNRepo/egs/slt_arctic/s1/experiments/slt_arctic_demo/duration_model/data/nn_no_silence_lab_norm_416/arctic_a0054.lab
2016-11-14 19:07:26,765    DEBUG dnn_generation: saved to /home/ashish/Text2Speech/TTSDNNRepo/egs/slt_arctic/s1/experiments/slt_arctic_demo/duration_model/gen/DNN_TANH_TANH_TANH_TANH_LINEAR__dur_1_50_416_5_4_512_512/arctic_a0054.cmp
2016-11-14 19:07:26,765     INFO dnn_generation: generating    5 of   10: /home/ashish/Text2Speech/TTSDNNRepo/egs/slt_arctic/s1/experiments/slt_arctic_demo/duration_model/data/nn_no_silence_lab_norm_416/arctic_a0055.lab
2016-11-14 19:07:26,876    DEBUG dnn_generation: saved to /home/ashish/Text2Speech/TTSDNNRepo/egs/slt_arctic/s1/experiments/slt_arctic_demo/duration_model/gen/DNN_TANH_TANH_TANH_TANH_LINEAR__dur_1_50_416_5_4_512_512/arctic_a0055.cmp
2016-11-14 19:07:26,876     INFO dnn_generation: generating    6 of   10: /home/ashish/Text2Speech/TTSDNNRepo/egs/slt_arctic/s1/experiments/slt_arctic_demo/duration_model/data/nn_no_silence_lab_norm_416/arctic_a0056.lab
2016-11-14 19:07:26,971    DEBUG dnn_generation: saved to /home/ashish/Text2Speech/TTSDNNRepo/egs/slt_arctic/s1/experiments/slt_arctic_demo/duration_model/gen/DNN_TANH_TANH_TANH_TANH_LINEAR__dur_1_50_416_5_4_512_512/arctic_a0056.cmp
2016-11-14 19:07:26,971     INFO dnn_generation: generating    7 of   10: /home/ashish/Text2Speech/TTSDNNRepo/egs/slt_arctic/s1/experiments/slt_arctic_demo/duration_model/data/nn_no_silence_lab_norm_416/arctic_a0057.lab
2016-11-14 19:07:27,055    DEBUG dnn_generation: saved to /home/ashish/Text2Speech/TTSDNNRepo/egs/slt_arctic/s1/experiments/slt_arctic_demo/duration_model/gen/DNN_TANH_TANH_TANH_TANH_LINEAR__dur_1_50_416_5_4_512_512/arctic_a0057.cmp
2016-11-14 19:07:27,056     INFO dnn_generation: generating    8 of   10: /home/ashish/Text2Speech/TTSDNNRepo/egs/slt_arctic/s1/experiments/slt_arctic_demo/duration_model/data/nn_no_silence_lab_norm_416/arctic_a0058.lab
2016-11-14 19:07:27,165    DEBUG dnn_generation: saved to /home/ashish/Text2Speech/TTSDNNRepo/egs/slt_arctic/s1/experiments/slt_arctic_demo/duration_model/gen/DNN_TANH_TANH_TANH_TANH_LINEAR__dur_1_50_416_5_4_512_512/arctic_a0058.cmp
2016-11-14 19:07:27,165     INFO dnn_generation: generating    9 of   10: /home/ashish/Text2Speech/TTSDNNRepo/egs/slt_arctic/s1/experiments/slt_arctic_demo/duration_model/data/nn_no_silence_lab_norm_416/arctic_a0059.lab
2016-11-14 19:07:27,254    DEBUG dnn_generation: saved to /home/ashish/Text2Speech/TTSDNNRepo/egs/slt_arctic/s1/experiments/slt_arctic_demo/duration_model/gen/DNN_TANH_TANH_TANH_TANH_LINEAR__dur_1_50_416_5_4_512_512/arctic_a0059.cmp
2016-11-14 19:07:27,254     INFO dnn_generation: generating   10 of   10: /home/ashish/Text2Speech/TTSDNNRepo/egs/slt_arctic/s1/experiments/slt_arctic_demo/duration_model/data/nn_no_silence_lab_norm_416/arctic_a0060.lab
2016-11-14 19:07:27,339    DEBUG dnn_generation: saved to /home/ashish/Text2Speech/TTSDNNRepo/egs/slt_arctic/s1/experiments/slt_arctic_demo/duration_model/gen/DNN_TANH_TANH_TANH_TANH_LINEAR__dur_1_50_416_5_4_512_512/arctic_a0060.cmp
2016-11-14 19:07:27,340    DEBUG           main: denormalising generated output using method MVN
2016-11-14 19:07:27,342    DEBUGparam_generation: duration_decomposition for 10 files
2016-11-14 19:07:27,342     INFOparam_generation: processing    1 of   10: /home/ashish/Text2Speech/TTSDNNRepo/egs/slt_arctic/s1/experiments/slt_arctic_demo/duration_model/gen/DNN_TANH_TANH_TANH_TANH_LINEAR__dur_1_50_416_5_4_512_512/arctic_a0051.cmp
2016-11-14 19:07:27,342    DEBUGparam_generation: wrote to file /home/ashish/Text2Speech/TTSDNNRepo/egs/slt_arctic/s1/experiments/slt_arctic_demo/duration_model/gen/DNN_TANH_TANH_TANH_TANH_LINEAR__dur_1_50_416_5_4_512_512/arctic_a0051.dur
2016-11-14 19:07:27,342     INFOparam_generation: processing    2 of   10: /home/ashish/Text2Speech/TTSDNNRepo/egs/slt_arctic/s1/experiments/slt_arctic_demo/duration_model/gen/DNN_TANH_TANH_TANH_TANH_LINEAR__dur_1_50_416_5_4_512_512/arctic_a0052.cmp
2016-11-14 19:07:27,343    DEBUGparam_generation: wrote to file /home/ashish/Text2Speech/TTSDNNRepo/egs/slt_arctic/s1/experiments/slt_arctic_demo/duration_model/gen/DNN_TANH_TANH_TANH_TANH_LINEAR__dur_1_50_416_5_4_512_512/arctic_a0052.dur
2016-11-14 19:07:27,343     INFOparam_generation: processing    3 of   10: /home/ashish/Text2Speech/TTSDNNRepo/egs/slt_arctic/s1/experiments/slt_arctic_demo/duration_model/gen/DNN_TANH_TANH_TANH_TANH_LINEAR__dur_1_50_416_5_4_512_512/arctic_a0053.cmp
2016-11-14 19:07:27,343    DEBUGparam_generation: wrote to file /home/ashish/Text2Speech/TTSDNNRepo/egs/slt_arctic/s1/experiments/slt_arctic_demo/duration_model/gen/DNN_TANH_TANH_TANH_TANH_LINEAR__dur_1_50_416_5_4_512_512/arctic_a0053.dur
2016-11-14 19:07:27,343     INFOparam_generation: processing    4 of   10: /home/ashish/Text2Speech/TTSDNNRepo/egs/slt_arctic/s1/experiments/slt_arctic_demo/duration_model/gen/DNN_TANH_TANH_TANH_TANH_LINEAR__dur_1_50_416_5_4_512_512/arctic_a0054.cmp
2016-11-14 19:07:27,343    DEBUGparam_generation: wrote to file /home/ashish/Text2Speech/TTSDNNRepo/egs/slt_arctic/s1/experiments/slt_arctic_demo/duration_model/gen/DNN_TANH_TANH_TANH_TANH_LINEAR__dur_1_50_416_5_4_512_512/arctic_a0054.dur
2016-11-14 19:07:27,344     INFOparam_generation: processing    5 of   10: /home/ashish/Text2Speech/TTSDNNRepo/egs/slt_arctic/s1/experiments/slt_arctic_demo/duration_model/gen/DNN_TANH_TANH_TANH_TANH_LINEAR__dur_1_50_416_5_4_512_512/arctic_a0055.cmp
2016-11-14 19:07:27,344    DEBUGparam_generation: wrote to file /home/ashish/Text2Speech/TTSDNNRepo/egs/slt_arctic/s1/experiments/slt_arctic_demo/duration_model/gen/DNN_TANH_TANH_TANH_TANH_LINEAR__dur_1_50_416_5_4_512_512/arctic_a0055.dur
2016-11-14 19:07:27,344     INFOparam_generation: processing    6 of   10: /home/ashish/Text2Speech/TTSDNNRepo/egs/slt_arctic/s1/experiments/slt_arctic_demo/duration_model/gen/DNN_TANH_TANH_TANH_TANH_LINEAR__dur_1_50_416_5_4_512_512/arctic_a0056.cmp
2016-11-14 19:07:27,344    DEBUGparam_generation: wrote to file /home/ashish/Text2Speech/TTSDNNRepo/egs/slt_arctic/s1/experiments/slt_arctic_demo/duration_model/gen/DNN_TANH_TANH_TANH_TANH_LINEAR__dur_1_50_416_5_4_512_512/arctic_a0056.dur
2016-11-14 19:07:27,345     INFOparam_generation: processing    7 of   10: /home/ashish/Text2Speech/TTSDNNRepo/egs/slt_arctic/s1/experiments/slt_arctic_demo/duration_model/gen/DNN_TANH_TANH_TANH_TANH_LINEAR__dur_1_50_416_5_4_512_512/arctic_a0057.cmp
2016-11-14 19:07:27,345    DEBUGparam_generation: wrote to file /home/ashish/Text2Speech/TTSDNNRepo/egs/slt_arctic/s1/experiments/slt_arctic_demo/duration_model/gen/DNN_TANH_TANH_TANH_TANH_LINEAR__dur_1_50_416_5_4_512_512/arctic_a0057.dur
2016-11-14 19:07:27,345     INFOparam_generation: processing    8 of   10: /home/ashish/Text2Speech/TTSDNNRepo/egs/slt_arctic/s1/experiments/slt_arctic_demo/duration_model/gen/DNN_TANH_TANH_TANH_TANH_LINEAR__dur_1_50_416_5_4_512_512/arctic_a0058.cmp
2016-11-14 19:07:27,345    DEBUGparam_generation: wrote to file /home/ashish/Text2Speech/TTSDNNRepo/egs/slt_arctic/s1/experiments/slt_arctic_demo/duration_model/gen/DNN_TANH_TANH_TANH_TANH_LINEAR__dur_1_50_416_5_4_512_512/arctic_a0058.dur
2016-11-14 19:07:27,345     INFOparam_generation: processing    9 of   10: /home/ashish/Text2Speech/TTSDNNRepo/egs/slt_arctic/s1/experiments/slt_arctic_demo/duration_model/gen/DNN_TANH_TANH_TANH_TANH_LINEAR__dur_1_50_416_5_4_512_512/arctic_a0059.cmp
2016-11-14 19:07:27,346    DEBUGparam_generation: wrote to file /home/ashish/Text2Speech/TTSDNNRepo/egs/slt_arctic/s1/experiments/slt_arctic_demo/duration_model/gen/DNN_TANH_TANH_TANH_TANH_LINEAR__dur_1_50_416_5_4_512_512/arctic_a0059.dur
2016-11-14 19:07:27,346     INFOparam_generation: processing   10 of   10: /home/ashish/Text2Speech/TTSDNNRepo/egs/slt_arctic/s1/experiments/slt_arctic_demo/duration_model/gen/DNN_TANH_TANH_TANH_TANH_LINEAR__dur_1_50_416_5_4_512_512/arctic_a0060.cmp
2016-11-14 19:07:27,346    DEBUGparam_generation: wrote to file /home/ashish/Text2Speech/TTSDNNRepo/egs/slt_arctic/s1/experiments/slt_arctic_demo/duration_model/gen/DNN_TANH_TANH_TANH_TANH_LINEAR__dur_1_50_416_5_4_512_512/arctic_a0060.dur
2016-11-14 19:07:27,346     INFO            dur: loaded /home/ashish/Text2Speech/TTSDNNRepo/egs/slt_arctic/s1/experiments/slt_arctic_demo/duration_model/data/label_state_align/arctic_a0051.lab, 235 labels
2016-11-14 19:07:27,350    DEBUG            dur: modifed label with predicted duration of 45 frames x 5 features
2016-11-14 19:07:27,350     INFO            dur: loaded /home/ashish/Text2Speech/TTSDNNRepo/egs/slt_arctic/s1/experiments/slt_arctic_demo/duration_model/data/label_state_align/arctic_a0052.lab, 125 labels
2016-11-14 19:07:27,352    DEBUG            dur: modifed label with predicted duration of 23 frames x 5 features
2016-11-14 19:07:27,353     INFO            dur: loaded /home/ashish/Text2Speech/TTSDNNRepo/egs/slt_arctic/s1/experiments/slt_arctic_demo/duration_model/data/label_state_align/arctic_a0053.lab, 205 labels
2016-11-14 19:07:27,356    DEBUG            dur: modifed label with predicted duration of 39 frames x 5 features
2016-11-14 19:07:27,356     INFO            dur: loaded /home/ashish/Text2Speech/TTSDNNRepo/egs/slt_arctic/s1/experiments/slt_arctic_demo/duration_model/data/label_state_align/arctic_a0054.lab, 100 labels
2016-11-14 19:07:27,358    DEBUG            dur: modifed label with predicted duration of 18 frames x 5 features
2016-11-14 19:07:27,358     INFO            dur: loaded /home/ashish/Text2Speech/TTSDNNRepo/egs/slt_arctic/s1/experiments/slt_arctic_demo/duration_model/data/label_state_align/arctic_a0055.lab, 250 labels
2016-11-14 19:07:27,362    DEBUG            dur: modifed label with predicted duration of 48 frames x 5 features
2016-11-14 19:07:27,362     INFO            dur: loaded /home/ashish/Text2Speech/TTSDNNRepo/egs/slt_arctic/s1/experiments/slt_arctic_demo/duration_model/data/label_state_align/arctic_a0056.lab, 165 labels
2016-11-14 19:07:27,364    DEBUG            dur: modifed label with predicted duration of 31 frames x 5 features
2016-11-14 19:07:27,365     INFO            dur: loaded /home/ashish/Text2Speech/TTSDNNRepo/egs/slt_arctic/s1/experiments/slt_arctic_demo/duration_model/data/label_state_align/arctic_a0057.lab, 115 labels
2016-11-14 19:07:27,367    DEBUG            dur: modifed label with predicted duration of 21 frames x 5 features
2016-11-14 19:07:27,367     INFO            dur: loaded /home/ashish/Text2Speech/TTSDNNRepo/egs/slt_arctic/s1/experiments/slt_arctic_demo/duration_model/data/label_state_align/arctic_a0058.lab, 235 labels
2016-11-14 19:07:27,370    DEBUG            dur: modifed label with predicted duration of 45 frames x 5 features
2016-11-14 19:07:27,371     INFO            dur: loaded /home/ashish/Text2Speech/TTSDNNRepo/egs/slt_arctic/s1/experiments/slt_arctic_demo/duration_model/data/label_state_align/arctic_a0059.lab, 140 labels
2016-11-14 19:07:27,373    DEBUG            dur: modifed label with predicted duration of 26 frames x 5 features
2016-11-14 19:07:27,373     INFO            dur: loaded /home/ashish/Text2Speech/TTSDNNRepo/egs/slt_arctic/s1/experiments/slt_arctic_demo/duration_model/data/label_state_align/arctic_a0060.lab, 110 labels
2016-11-14 19:07:27,375    DEBUG            dur: modifed label with predicted duration of 20 frames x 5 features
2016-11-14 19:07:27,375     INFO           main: calculating MCD
2016-11-14 19:07:27,407     INFO           main: Develop: DNN -- RMSE: 6.826 frames/phoneme; CORR: 0.624; 
2016-11-14 19:07:27,407     INFO           main: Test: DNN -- RMSE: 7.840 frames/phoneme; CORR: 0.562; 
